#
# There is insufficient memory for the Java Runtime Environment to continue.
# Native memory allocation (mmap) failed to map 93323264 bytes. Error detail: G1 virtual space
# Possible reasons:
#   The system is out of physical RAM or swap space
#   This process is running with CompressedOops enabled, and the Java Heap may be blocking the growth of the native heap
# Possible solutions:
#   Reduce memory load on the system
#   Increase physical memory or swap space
#   Check if swap backing store is full
#   Decrease Java heap size (-Xmx/-Xms)
#   Decrease number of Java threads
#   Decrease Java thread stack sizes (-Xss)
#   Set larger code cache with -XX:ReservedCodeCacheSize=
#   JVM is running with Unscaled Compressed Oops mode in which the Java heap is
#     placed in the first 4GB address space. The Java Heap base address is the
#     maximum limit for the native heap growth. Please use -XX:HeapBaseMinAddress
#     to set the Java Heap base and to place the Java Heap above 4GB virtual address.
# This output file may be truncated or incomplete.
#
#  Out of Memory Error (os_windows.cpp:3713), pid=5840, tid=24400
#
# JRE version: OpenJDK Runtime Environment Temurin-21.0.8+9 (21.0.8+9) (build 21.0.8+9-LTS)
# Java VM: OpenJDK 64-Bit Server VM Temurin-21.0.8+9 (21.0.8+9-LTS, mixed mode, sharing, tiered, compressed oops, compressed class ptrs, g1 gc, windows-amd64)
# No core dump will be written. Minidumps are not enabled by default on client versions of Windows
#

---------------  S U M M A R Y ------------

Command Line: -ea -Dfile.encoding=UTF-8 -Dstdout.encoding=UTF-8 -Dstderr.encoding=UTF-8 -XX:+ShowCodeDetailsInExceptionMessages org.eclipse.jdt.internal.junit.runner.RemoteTestRunner -version 3 -port 57572 -testLoaderClass org.eclipse.jdt.internal.junit5.runner.JUnit5TestLoader -loaderpluginname org.eclipse.jdt.junit5.runtime -classNames com.GestaoRotas.GestaoRotas.Controllers.ControllerMaintenanceTest

Host: AMD Ryzen 5 PRO 4650U with Radeon Graphics, 12 cores, 7G,  Windows 11 , 64 bit Build 22621 (10.0.22621.5415)
Time: Sat May  9 21:36:47 2026 GMT Summer Time elapsed time: 15.941365 seconds (0d 0h 0m 15s)

---------------  T H R E A D  ---------------

Current thread (0x000001e57ba26b40):  VMThread "VM Thread"          [id=24400, stack(0x000000589b100000,0x000000589b200000) (1024K)]

Stack: [0x000000589b100000,0x000000589b200000]
Native frames: (J=compiled Java code, j=interpreted, Vv=VM code, C=native code)
V  [jvm.dll+0x6d2449]
V  [jvm.dll+0x8ae341]
V  [jvm.dll+0x8b08be]
V  [jvm.dll+0x8b0fa3]
V  [jvm.dll+0x280c96]
V  [jvm.dll+0x6cec15]
V  [jvm.dll+0x6c2c3a]
V  [jvm.dll+0x35867a]
V  [jvm.dll+0x360246]
V  [jvm.dll+0x3b1f9e]
V  [jvm.dll+0x3b2248]
V  [jvm.dll+0x32c8fc]
V  [jvm.dll+0x32c987]
V  [jvm.dll+0x3706fc]
V  [jvm.dll+0x36ef48]
V  [jvm.dll+0x32c0c1]
V  [jvm.dll+0x36e5ba]
V  [jvm.dll+0x8b6cbf]
V  [jvm.dll+0x8b8044]
V  [jvm.dll+0x8b8580]
V  [jvm.dll+0x8b8823]
V  [jvm.dll+0x857e6b]
V  [jvm.dll+0x6d0b0d]
C  [ucrtbase.dll+0x29333]
C  [KERNEL32.DLL+0x1259d]
C  [ntdll.dll+0x5af78]

VM_Operation (0x000000589aafae20): G1CollectForAllocation, mode: safepoint, requested by thread 0x000001e57dd77740


---------------  P R O C E S S  ---------------

Threads class SMR info:
_java_thread_list=0x000001e55ea76480, length=15, elements={
0x000001e57dd77740, 0x000001e57f7048e0, 0x000001e57f7075e0, 0x000001e57f70aa20,
0x000001e57f70b470, 0x000001e57f70bff0, 0x000001e57f710070, 0x000001e57f718f30,
0x000001e57f71d720, 0x000001e51671a010, 0x000001e51671eff0, 0x000001e5168988b0,
0x000001e55ec50cc0, 0x000001e55f51cae0, 0x000001e5167da110
}

Java Threads: ( => current thread )
  0x000001e57dd77740 JavaThread "main"                              [_thread_blocked, id=5240, stack(0x000000589aa00000,0x000000589ab00000) (1024K)]
  0x000001e57f7048e0 JavaThread "Reference Handler"          daemon [_thread_blocked, id=18008, stack(0x000000589b200000,0x000000589b300000) (1024K)]
  0x000001e57f7075e0 JavaThread "Finalizer"                  daemon [_thread_blocked, id=27344, stack(0x000000589b300000,0x000000589b400000) (1024K)]
  0x000001e57f70aa20 JavaThread "Signal Dispatcher"          daemon [_thread_blocked, id=19676, stack(0x000000589b400000,0x000000589b500000) (1024K)]
  0x000001e57f70b470 JavaThread "Attach Listener"            daemon [_thread_blocked, id=9996, stack(0x000000589b500000,0x000000589b600000) (1024K)]
  0x000001e57f70bff0 JavaThread "Service Thread"             daemon [_thread_blocked, id=26868, stack(0x000000589b600000,0x000000589b700000) (1024K)]
  0x000001e57f710070 JavaThread "Monitor Deflation Thread"   daemon [_thread_blocked, id=24660, stack(0x000000589b700000,0x000000589b800000) (1024K)]
  0x000001e57f718f30 JavaThread "C2 CompilerThread0"         daemon [_thread_blocked, id=28548, stack(0x000000589b800000,0x000000589b900000) (1024K)]
  0x000001e57f71d720 JavaThread "C1 CompilerThread0"         daemon [_thread_blocked, id=3252, stack(0x000000589b900000,0x000000589ba00000) (1024K)]
  0x000001e51671a010 JavaThread "Notification Thread"        daemon [_thread_blocked, id=13116, stack(0x000000589ba00000,0x000000589bb00000) (1024K)]
  0x000001e51671eff0 JavaThread "Common-Cleaner"             daemon [_thread_blocked, id=26816, stack(0x000000589bb00000,0x000000589bc00000) (1024K)]
  0x000001e5168988b0 JavaThread "ReaderThread"                      [_thread_in_native, id=8404, stack(0x000000589bd00000,0x000000589be00000) (1024K)]
  0x000001e55ec50cc0 JavaThread "mysql-cj-abandoned-connection-cleanup" daemon [_thread_blocked, id=22704, stack(0x000000589c600000,0x000000589c700000) (1024K)]
  0x000001e55f51cae0 JavaThread "HikariPool-1:housekeeper"   daemon [_thread_blocked, id=23752, stack(0x000000589ca00000,0x000000589cb00000) (1024K)]
  0x000001e5167da110 JavaThread "C2 CompilerThread1"         daemon [_thread_blocked, id=23960, stack(0x000000589cc00000,0x000000589cd00000) (1024K)]
Total: 15

Other Threads:
=>0x000001e57ba26b40 VMThread "VM Thread"                           [id=24400, stack(0x000000589b100000,0x000000589b200000) (1024K)]
  0x000001e57f6e1760 WatcherThread "VM Periodic Task Thread"        [id=4112, stack(0x000000589b000000,0x000000589b100000) (1024K)]
  0x000001e57ba279c0 WorkerThread "GC Thread#0"                     [id=8376, stack(0x000000589ab00000,0x000000589ac00000) (1024K)]
  0x000001e57ba26ee0 WorkerThread "GC Thread#1"                     [id=28388, stack(0x000000589be00000,0x000000589bf00000) (1024K)]
  0x000001e57ba27620 WorkerThread "GC Thread#2"                     [id=21916, stack(0x000000589bf00000,0x000000589c000000) (1024K)]
  0x000001e57ba27d60 WorkerThread "GC Thread#3"                     [id=25196, stack(0x000000589c000000,0x000000589c100000) (1024K)]
  0x000001e55c9b8dc0 WorkerThread "GC Thread#4"                     [id=10684, stack(0x000000589c100000,0x000000589c200000) (1024K)]
  0x000001e55c9b9c40 WorkerThread "GC Thread#5"                     [id=22780, stack(0x000000589c200000,0x000000589c300000) (1024K)]
  0x000001e55c9b8a20 WorkerThread "GC Thread#6"                     [id=18296, stack(0x000000589c300000,0x000000589c400000) (1024K)]
  0x000001e55c9b70c0 WorkerThread "GC Thread#7"                     [id=18912, stack(0x000000589c400000,0x000000589c500000) (1024K)]
  0x000001e55c9b8680 WorkerThread "GC Thread#8"                     [id=2400, stack(0x000000589c500000,0x000000589c600000) (1024K)]
  0x000001e55c9b9fe0 WorkerThread "GC Thread#9"                     [id=25496, stack(0x000000589c700000,0x000000589c800000) (1024K)]
  0x000001e57ddd9a80 ConcurrentGCThread "G1 Main Marker"            [id=21888, stack(0x000000589ac00000,0x000000589ad00000) (1024K)]
  0x000001e57ba267a0 WorkerThread "G1 Conc#0"                       [id=23064, stack(0x000000589ad00000,0x000000589ae00000) (1024K)]
  0x000001e55c9b9500 WorkerThread "G1 Conc#1"                       [id=24896, stack(0x000000589c800000,0x000000589c900000) (1024K)]
  0x000001e55c9b98a0 WorkerThread "G1 Conc#2"                       [id=14136, stack(0x000000589c900000,0x000000589ca00000) (1024K)]
  0x000001e57de1e860 ConcurrentGCThread "G1 Refine#0"               [id=14908, stack(0x000000589ae00000,0x000000589af00000) (1024K)]
  0x000001e57f5b0730 ConcurrentGCThread "G1 Service"                [id=23688, stack(0x000000589af00000,0x000000589b000000) (1024K)]
Total: 18

Threads with active compile tasks:
C2 CompilerThread0  15974 9751   !   4       org.springframework.util.ReflectionUtils::doWithLocalMethods (71 bytes)
C2 CompilerThread1  15974 9600   !   4       org.springframework.beans.factory.support.DefaultListableBeanFactory::doGetBeanNamesForType (527 bytes)
Total: 2

VM state: at safepoint (normal execution)

VM Mutex/Monitor currently owned by a thread:  ([mutex/lock_event])
[0x00007ff8030b5458] Threads_lock - owner thread: 0x000001e57ba26b40
[0x00007ff8030b5558] Heap_lock - owner thread: 0x000001e57dd77740

Heap address: 0x000000008c600000, size: 1850 MB, Compressed Oops mode: 32-bit

CDS archive(s) mapped at: [0x000001e517000000-0x000001e517c80000-0x000001e517c80000), size 13107200, SharedBaseAddress: 0x000001e517000000, ArchiveRelocationMode: 1.
Compressed class space mapped at: 0x000001e518000000-0x000001e558000000, reserved size: 1073741824
Narrow klass base: 0x000001e517000000, Narrow klass shift: 0, Narrow klass range: 0x100000000

GC Precious Log:
 CardTable entry size: 512
 Card Set container configuration: InlinePtr #cards 5 size 8 Array Of Cards #cards 12 size 40 Howl #buckets 4 coarsen threshold 1843 Howl Bitmap #cards 512 size 80 coarsen threshold 460 Card regions per heap region 1 cards per card region 2048
 CPUs: 12 total, 12 available
 Memory: 7399M
 Large Page Support: Disabled
 NUMA Support: Disabled
 Compressed Oops: Enabled (32-bit)
 Heap Region Size: 1M
 Heap Min Capacity: 8M
 Heap Initial Capacity: 116M
 Heap Max Capacity: 1850M
 Pre-touch: Disabled
 Parallel Workers: 10
 Concurrent Workers: 3
 Concurrent Refinement Workers: 10
 Periodic GC: Disabled

Heap:
 garbage-first heap   total 136192K, used 59696K [0x000000008c600000, 0x0000000100000000)
  region size 1024K, 8 young (8192K), 8 survivors (8192K)
 Metaspace       used 85404K, committed 86208K, reserved 1179648K
  class space    used 11920K, committed 12288K, reserved 1048576K

Heap Regions: E=young(eden), S=young(survivor), O=old, HS=humongous(starts), HC=humongous(continues), CS=collection set, F=free, TAMS=top-at-mark-start, PB=parsable bottom
|   0|0x000000008c600000, 0x000000008c700000, 0x000000008c700000|100%|HS|  |TAMS 0x000000008c600000| PB 0x000000008c600000| Complete 
|   1|0x000000008c700000, 0x000000008c800000, 0x000000008c800000|100%|HS|  |TAMS 0x000000008c700000| PB 0x000000008c700000| Complete 
|   2|0x000000008c800000, 0x000000008c900000, 0x000000008c900000|100%| O|  |TAMS 0x000000008c800000| PB 0x000000008c800000| Untracked 
|   3|0x000000008c900000, 0x000000008ca00000, 0x000000008ca00000|100%| O|  |TAMS 0x000000008c900000| PB 0x000000008c900000| Untracked 
|   4|0x000000008ca00000, 0x000000008cb00000, 0x000000008cb00000|100%| O|  |TAMS 0x000000008ca00000| PB 0x000000008ca00000| Untracked 
|   5|0x000000008cb00000, 0x000000008cc00000, 0x000000008cc00000|100%| O|  |TAMS 0x000000008cb00000| PB 0x000000008cb00000| Untracked 
|   6|0x000000008cc00000, 0x000000008cd00000, 0x000000008cd00000|100%| O|  |TAMS 0x000000008cc00000| PB 0x000000008cc00000| Untracked 
|   7|0x000000008cd00000, 0x000000008ce00000, 0x000000008ce00000|100%| O|  |TAMS 0x000000008cd00000| PB 0x000000008cd00000| Untracked 
|   8|0x000000008ce00000, 0x000000008cf00000, 0x000000008cf00000|100%| O|  |TAMS 0x000000008ce00000| PB 0x000000008ce00000| Untracked 
|   9|0x000000008cf00000, 0x000000008d000000, 0x000000008d000000|100%| O|  |TAMS 0x000000008cf00000| PB 0x000000008cf00000| Untracked 
|  10|0x000000008d000000, 0x000000008d100000, 0x000000008d100000|100%| O|  |TAMS 0x000000008d000000| PB 0x000000008d000000| Untracked 
|  11|0x000000008d100000, 0x000000008d200000, 0x000000008d200000|100%| O|  |TAMS 0x000000008d100000| PB 0x000000008d100000| Untracked 
|  12|0x000000008d200000, 0x000000008d300000, 0x000000008d300000|100%| O|  |TAMS 0x000000008d200000| PB 0x000000008d200000| Untracked 
|  13|0x000000008d300000, 0x000000008d400000, 0x000000008d400000|100%| O|  |TAMS 0x000000008d300000| PB 0x000000008d300000| Untracked 
|  14|0x000000008d400000, 0x000000008d500000, 0x000000008d500000|100%| O|  |TAMS 0x000000008d400000| PB 0x000000008d400000| Untracked 
|  15|0x000000008d500000, 0x000000008d600000, 0x000000008d600000|100%| O|  |TAMS 0x000000008d500000| PB 0x000000008d500000| Untracked 
|  16|0x000000008d600000, 0x000000008d700000, 0x000000008d700000|100%| O|  |TAMS 0x000000008d600000| PB 0x000000008d600000| Untracked 
|  17|0x000000008d700000, 0x000000008d800000, 0x000000008d800000|100%| O|  |TAMS 0x000000008d700000| PB 0x000000008d700000| Untracked 
|  18|0x000000008d800000, 0x000000008d900000, 0x000000008d900000|100%| O|  |TAMS 0x000000008d800000| PB 0x000000008d800000| Untracked 
|  19|0x000000008d900000, 0x000000008da00000, 0x000000008da00000|100%| O|  |TAMS 0x000000008d900000| PB 0x000000008d900000| Untracked 
|  20|0x000000008da00000, 0x000000008db00000, 0x000000008db00000|100%| O|  |TAMS 0x000000008da00000| PB 0x000000008da00000| Untracked 
|  21|0x000000008db00000, 0x000000008dc00000, 0x000000008dc00000|100%| O|  |TAMS 0x000000008db00000| PB 0x000000008db00000| Untracked 
|  22|0x000000008dc00000, 0x000000008dd00000, 0x000000008dd00000|100%| O|  |TAMS 0x000000008dc00000| PB 0x000000008dc00000| Untracked 
|  23|0x000000008dd00000, 0x000000008de00000, 0x000000008de00000|100%| O|  |TAMS 0x000000008dd00000| PB 0x000000008dd00000| Untracked 
|  24|0x000000008de00000, 0x000000008df00000, 0x000000008df00000|100%| O|  |TAMS 0x000000008de00000| PB 0x000000008de00000| Untracked 
|  25|0x000000008df00000, 0x000000008e000000, 0x000000008e000000|100%| O|  |TAMS 0x000000008df00000| PB 0x000000008df00000| Untracked 
|  26|0x000000008e000000, 0x000000008e100000, 0x000000008e100000|100%| O|  |TAMS 0x000000008e000000| PB 0x000000008e000000| Untracked 
|  27|0x000000008e100000, 0x000000008e200000, 0x000000008e200000|100%| O|  |TAMS 0x000000008e100000| PB 0x000000008e100000| Untracked 
|  28|0x000000008e200000, 0x000000008e300000, 0x000000008e300000|100%| O|  |TAMS 0x000000008e200000| PB 0x000000008e200000| Untracked 
|  29|0x000000008e300000, 0x000000008e300000, 0x000000008e400000|  0%| F|  |TAMS 0x000000008e300000| PB 0x000000008e300000| Untracked 
|  30|0x000000008e400000, 0x000000008e500000, 0x000000008e500000|100%| O|  |TAMS 0x000000008e400000| PB 0x000000008e400000| Untracked 
|  31|0x000000008e500000, 0x000000008e600000, 0x000000008e600000|100%| O|  |TAMS 0x000000008e500000| PB 0x000000008e500000| Untracked 
|  32|0x000000008e600000, 0x000000008e700000, 0x000000008e700000|100%| O|  |TAMS 0x000000008e600000| PB 0x000000008e600000| Untracked 
|  33|0x000000008e700000, 0x000000008e800000, 0x000000008e800000|100%| O|  |TAMS 0x000000008e700000| PB 0x000000008e700000| Untracked 
|  34|0x000000008e800000, 0x000000008e900000, 0x000000008e900000|100%| O|  |TAMS 0x000000008e800000| PB 0x000000008e800000| Untracked 
|  35|0x000000008e900000, 0x000000008ea00000, 0x000000008ea00000|100%| O|  |TAMS 0x000000008e900000| PB 0x000000008e900000| Untracked 
|  36|0x000000008ea00000, 0x000000008eb00000, 0x000000008eb00000|100%| O|  |TAMS 0x000000008ea00000| PB 0x000000008ea00000| Untracked 
|  37|0x000000008eb00000, 0x000000008ec00000, 0x000000008ec00000|100%| O|  |TAMS 0x000000008eb00000| PB 0x000000008eb00000| Untracked 
|  38|0x000000008ec00000, 0x000000008ed00000, 0x000000008ed00000|100%| O|  |TAMS 0x000000008ec00000| PB 0x000000008ec00000| Untracked 
|  39|0x000000008ed00000, 0x000000008ee00000, 0x000000008ee00000|100%| O|  |TAMS 0x000000008ed00000| PB 0x000000008ed00000| Untracked 
|  40|0x000000008ee00000, 0x000000008ef00000, 0x000000008ef00000|100%| O|  |TAMS 0x000000008ee00000| PB 0x000000008ee00000| Untracked 
|  41|0x000000008ef00000, 0x000000008ef4c140, 0x000000008f000000| 29%| O|  |TAMS 0x000000008ef00000| PB 0x000000008ef00000| Untracked 
|  42|0x000000008f000000, 0x000000008f000000, 0x000000008f100000|  0%| F|  |TAMS 0x000000008f000000| PB 0x000000008f000000| Untracked 
|  43|0x000000008f100000, 0x000000008f100000, 0x000000008f200000|  0%| F|  |TAMS 0x000000008f100000| PB 0x000000008f100000| Untracked 
|  44|0x000000008f200000, 0x000000008f200000, 0x000000008f300000|  0%| F|  |TAMS 0x000000008f200000| PB 0x000000008f200000| Untracked 
|  45|0x000000008f300000, 0x000000008f300000, 0x000000008f400000|  0%| F|  |TAMS 0x000000008f300000| PB 0x000000008f300000| Untracked 
|  46|0x000000008f400000, 0x000000008f500000, 0x000000008f500000|100%| S|CS|TAMS 0x000000008f400000| PB 0x000000008f400000| Complete 
|  47|0x000000008f500000, 0x000000008f600000, 0x000000008f600000|100%| S|CS|TAMS 0x000000008f500000| PB 0x000000008f500000| Complete 
|  48|0x000000008f600000, 0x000000008f700000, 0x000000008f700000|100%| S|CS|TAMS 0x000000008f600000| PB 0x000000008f600000| Complete 
|  49|0x000000008f700000, 0x000000008f800000, 0x000000008f800000|100%| O|  |TAMS 0x000000008f700000| PB 0x000000008f700000| Untracked 
|  50|0x000000008f800000, 0x000000008f900000, 0x000000008f900000|100%| O|  |TAMS 0x000000008f800000| PB 0x000000008f800000| Untracked 
|  51|0x000000008f900000, 0x000000008fa00000, 0x000000008fa00000|100%| O|  |TAMS 0x000000008f900000| PB 0x000000008f900000| Untracked 
|  52|0x000000008fa00000, 0x000000008fb00000, 0x000000008fb00000|100%| O|  |TAMS 0x000000008fa00000| PB 0x000000008fa00000| Untracked 
|  53|0x000000008fb00000, 0x000000008fc00000, 0x000000008fc00000|100%| O|  |TAMS 0x000000008fb00000| PB 0x000000008fb00000| Untracked 
|  54|0x000000008fc00000, 0x000000008fd00000, 0x000000008fd00000|100%| S|CS|TAMS 0x000000008fc00000| PB 0x000000008fc00000| Complete 
|  55|0x000000008fd00000, 0x000000008fd00000, 0x000000008fe00000|  0%| F|  |TAMS 0x000000008fd00000| PB 0x000000008fd00000| Untracked 
|  56|0x000000008fe00000, 0x000000008ff00000, 0x000000008ff00000|100%| O|  |TAMS 0x000000008fe00000| PB 0x000000008fe00000| Untracked 
|  57|0x000000008ff00000, 0x0000000090000000, 0x0000000090000000|100%| O|  |TAMS 0x000000008ff00000| PB 0x000000008ff00000| Untracked 
|  58|0x0000000090000000, 0x0000000090000000, 0x0000000090100000|  0%| F|  |TAMS 0x0000000090000000| PB 0x0000000090000000| Untracked 
|  59|0x0000000090100000, 0x0000000090100000, 0x0000000090200000|  0%| F|  |TAMS 0x0000000090100000| PB 0x0000000090100000| Untracked 
|  60|0x0000000090200000, 0x0000000090200000, 0x0000000090300000|  0%| F|  |TAMS 0x0000000090200000| PB 0x0000000090200000| Untracked 
|  61|0x0000000090300000, 0x0000000090300000, 0x0000000090400000|  0%| F|  |TAMS 0x0000000090300000| PB 0x0000000090300000| Untracked 
|  62|0x0000000090400000, 0x0000000090500000, 0x0000000090500000|100%| S|CS|TAMS 0x0000000090400000| PB 0x0000000090400000| Complete 
|  63|0x0000000090500000, 0x0000000090600000, 0x0000000090600000|100%| S|CS|TAMS 0x0000000090500000| PB 0x0000000090500000| Complete 
|  64|0x0000000090600000, 0x0000000090700000, 0x0000000090700000|100%| S|CS|TAMS 0x0000000090600000| PB 0x0000000090600000| Complete 
|  65|0x0000000090700000, 0x0000000090800000, 0x0000000090800000|100%| S|CS|TAMS 0x0000000090700000| PB 0x0000000090700000| Complete 
|  66|0x0000000090800000, 0x0000000090800000, 0x0000000090900000|  0%| F|  |TAMS 0x0000000090800000| PB 0x0000000090800000| Untracked 
|  67|0x0000000090900000, 0x0000000090900000, 0x0000000090a00000|  0%| F|  |TAMS 0x0000000090900000| PB 0x0000000090900000| Untracked 
|  68|0x0000000090a00000, 0x0000000090a00000, 0x0000000090b00000|  0%| F|  |TAMS 0x0000000090a00000| PB 0x0000000090a00000| Untracked 
|  69|0x0000000090b00000, 0x0000000090b00000, 0x0000000090c00000|  0%| F|  |TAMS 0x0000000090b00000| PB 0x0000000090b00000| Untracked 
|  70|0x0000000090c00000, 0x0000000090c00000, 0x0000000090d00000|  0%| F|  |TAMS 0x0000000090c00000| PB 0x0000000090c00000| Untracked 
|  71|0x0000000090d00000, 0x0000000090d00000, 0x0000000090e00000|  0%| F|  |TAMS 0x0000000090d00000| PB 0x0000000090d00000| Untracked 
|  72|0x0000000090e00000, 0x0000000090e00000, 0x0000000090f00000|  0%| F|  |TAMS 0x0000000090e00000| PB 0x0000000090e00000| Untracked 
|  73|0x0000000090f00000, 0x0000000090f00000, 0x0000000091000000|  0%| F|  |TAMS 0x0000000090f00000| PB 0x0000000090f00000| Untracked 
|  74|0x0000000091000000, 0x0000000091000000, 0x0000000091100000|  0%| F|  |TAMS 0x0000000091000000| PB 0x0000000091000000| Untracked 
|  75|0x0000000091100000, 0x0000000091100000, 0x0000000091200000|  0%| F|  |TAMS 0x0000000091100000| PB 0x0000000091100000| Untracked 
|  76|0x0000000091200000, 0x0000000091200000, 0x0000000091300000|  0%| F|  |TAMS 0x0000000091200000| PB 0x0000000091200000| Untracked 
|  77|0x0000000091300000, 0x0000000091300000, 0x0000000091400000|  0%| F|  |TAMS 0x0000000091300000| PB 0x0000000091300000| Untracked 
|  78|0x0000000091400000, 0x0000000091400000, 0x0000000091500000|  0%| F|  |TAMS 0x0000000091400000| PB 0x0000000091400000| Untracked 
|  79|0x0000000091500000, 0x0000000091500000, 0x0000000091600000|  0%| F|  |TAMS 0x0000000091500000| PB 0x0000000091500000| Untracked 
|  80|0x0000000091600000, 0x0000000091600000, 0x0000000091700000|  0%| F|  |TAMS 0x0000000091600000| PB 0x0000000091600000| Untracked 
|  81|0x0000000091700000, 0x0000000091700000, 0x0000000091800000|  0%| F|  |TAMS 0x0000000091700000| PB 0x0000000091700000| Untracked 
|  82|0x0000000091800000, 0x0000000091800000, 0x0000000091900000|  0%| F|  |TAMS 0x0000000091800000| PB 0x0000000091800000| Untracked 
|  83|0x0000000091900000, 0x0000000091900000, 0x0000000091a00000|  0%| F|  |TAMS 0x0000000091900000| PB 0x0000000091900000| Untracked 
|  84|0x0000000091a00000, 0x0000000091a00000, 0x0000000091b00000|  0%| F|  |TAMS 0x0000000091a00000| PB 0x0000000091a00000| Untracked 
|  85|0x0000000091b00000, 0x0000000091b00000, 0x0000000091c00000|  0%| F|  |TAMS 0x0000000091b00000| PB 0x0000000091b00000| Untracked 
|  86|0x0000000091c00000, 0x0000000091c00000, 0x0000000091d00000|  0%| F|  |TAMS 0x0000000091c00000| PB 0x0000000091c00000| Untracked 
|  87|0x0000000091d00000, 0x0000000091d00000, 0x0000000091e00000|  0%| F|  |TAMS 0x0000000091d00000| PB 0x0000000091d00000| Untracked 
|  88|0x0000000091e00000, 0x0000000091e00000, 0x0000000091f00000|  0%| F|  |TAMS 0x0000000091e00000| PB 0x0000000091e00000| Untracked 
|  89|0x0000000091f00000, 0x0000000091f00000, 0x0000000092000000|  0%| F|  |TAMS 0x0000000091f00000| PB 0x0000000091f00000| Untracked 
|  90|0x0000000092000000, 0x0000000092000000, 0x0000000092100000|  0%| F|  |TAMS 0x0000000092000000| PB 0x0000000092000000| Untracked 
|  91|0x0000000092100000, 0x0000000092100000, 0x0000000092200000|  0%| F|  |TAMS 0x0000000092100000| PB 0x0000000092100000| Untracked 
|  92|0x0000000092200000, 0x0000000092200000, 0x0000000092300000|  0%| F|  |TAMS 0x0000000092200000| PB 0x0000000092200000| Untracked 
|  93|0x0000000092300000, 0x0000000092300000, 0x0000000092400000|  0%| F|  |TAMS 0x0000000092300000| PB 0x0000000092300000| Untracked 
|  94|0x0000000092400000, 0x0000000092400000, 0x0000000092500000|  0%| F|  |TAMS 0x0000000092400000| PB 0x0000000092400000| Untracked 
|  95|0x0000000092500000, 0x0000000092500000, 0x0000000092600000|  0%| F|  |TAMS 0x0000000092500000| PB 0x0000000092500000| Untracked 
|  96|0x0000000092600000, 0x0000000092600000, 0x0000000092700000|  0%| F|  |TAMS 0x0000000092600000| PB 0x0000000092600000| Untracked 
|  97|0x0000000092700000, 0x0000000092700000, 0x0000000092800000|  0%| F|  |TAMS 0x0000000092700000| PB 0x0000000092700000| Untracked 
|  98|0x0000000092800000, 0x0000000092800000, 0x0000000092900000|  0%| F|  |TAMS 0x0000000092800000| PB 0x0000000092800000| Untracked 
|  99|0x0000000092900000, 0x0000000092900000, 0x0000000092a00000|  0%| F|  |TAMS 0x0000000092900000| PB 0x0000000092900000| Untracked 
| 100|0x0000000092a00000, 0x0000000092a00000, 0x0000000092b00000|  0%| F|  |TAMS 0x0000000092a00000| PB 0x0000000092a00000| Untracked 
| 101|0x0000000092b00000, 0x0000000092b00000, 0x0000000092c00000|  0%| F|  |TAMS 0x0000000092b00000| PB 0x0000000092b00000| Untracked 
| 102|0x0000000092c00000, 0x0000000092c00000, 0x0000000092d00000|  0%| F|  |TAMS 0x0000000092c00000| PB 0x0000000092c00000| Untracked 
| 103|0x0000000092d00000, 0x0000000092d00000, 0x0000000092e00000|  0%| F|  |TAMS 0x0000000092d00000| PB 0x0000000092d00000| Untracked 
| 104|0x0000000092e00000, 0x0000000092e00000, 0x0000000092f00000|  0%| F|  |TAMS 0x0000000092e00000| PB 0x0000000092e00000| Untracked 
| 105|0x0000000092f00000, 0x0000000092f00000, 0x0000000093000000|  0%| F|  |TAMS 0x0000000092f00000| PB 0x0000000092f00000| Untracked 
| 106|0x0000000093000000, 0x0000000093000000, 0x0000000093100000|  0%| F|  |TAMS 0x0000000093000000| PB 0x0000000093000000| Untracked 
| 107|0x0000000093100000, 0x0000000093100000, 0x0000000093200000|  0%| F|  |TAMS 0x0000000093100000| PB 0x0000000093100000| Untracked 
| 108|0x0000000093200000, 0x0000000093200000, 0x0000000093300000|  0%| F|  |TAMS 0x0000000093200000| PB 0x0000000093200000| Untracked 
| 109|0x0000000093300000, 0x0000000093300000, 0x0000000093400000|  0%| F|  |TAMS 0x0000000093300000| PB 0x0000000093300000| Untracked 
| 110|0x0000000093400000, 0x0000000093400000, 0x0000000093500000|  0%| F|  |TAMS 0x0000000093400000| PB 0x0000000093400000| Untracked 
| 111|0x0000000093500000, 0x0000000093500000, 0x0000000093600000|  0%| F|  |TAMS 0x0000000093500000| PB 0x0000000093500000| Untracked 
| 112|0x0000000093600000, 0x0000000093600000, 0x0000000093700000|  0%| F|  |TAMS 0x0000000093600000| PB 0x0000000093600000| Untracked 
| 113|0x0000000093700000, 0x0000000093700000, 0x0000000093800000|  0%| F|  |TAMS 0x0000000093700000| PB 0x0000000093700000| Untracked 
| 114|0x0000000093800000, 0x0000000093800000, 0x0000000093900000|  0%| F|  |TAMS 0x0000000093800000| PB 0x0000000093800000| Untracked 
| 115|0x0000000093900000, 0x0000000093900000, 0x0000000093a00000|  0%| F|  |TAMS 0x0000000093900000| PB 0x0000000093900000| Untracked 
| 116|0x0000000093a00000, 0x0000000093a00000, 0x0000000093b00000|  0%| F|  |TAMS 0x0000000093a00000| PB 0x0000000093a00000| Untracked 
| 117|0x0000000093b00000, 0x0000000093b00000, 0x0000000093c00000|  0%| F|  |TAMS 0x0000000093b00000| PB 0x0000000093b00000| Untracked 
| 118|0x0000000093c00000, 0x0000000093c00000, 0x0000000093d00000|  0%| F|  |TAMS 0x0000000093c00000| PB 0x0000000093c00000| Untracked 
| 119|0x0000000093d00000, 0x0000000093d00000, 0x0000000093e00000|  0%| F|  |TAMS 0x0000000093d00000| PB 0x0000000093d00000| Untracked 
| 120|0x0000000093e00000, 0x0000000093e00000, 0x0000000093f00000|  0%| F|  |TAMS 0x0000000093e00000| PB 0x0000000093e00000| Untracked 
| 121|0x0000000093f00000, 0x0000000093f00000, 0x0000000094000000|  0%| F|  |TAMS 0x0000000093f00000| PB 0x0000000093f00000| Untracked 
| 122|0x0000000094000000, 0x0000000094000000, 0x0000000094100000|  0%| F|  |TAMS 0x0000000094000000| PB 0x0000000094000000| Untracked 
| 123|0x0000000094100000, 0x0000000094100000, 0x0000000094200000|  0%| F|  |TAMS 0x0000000094100000| PB 0x0000000094100000| Untracked 
| 124|0x0000000094200000, 0x0000000094200000, 0x0000000094300000|  0%| F|  |TAMS 0x0000000094200000| PB 0x0000000094200000| Untracked 
| 125|0x0000000094300000, 0x0000000094300000, 0x0000000094400000|  0%| F|  |TAMS 0x0000000094300000| PB 0x0000000094300000| Untracked 
| 126|0x0000000094400000, 0x0000000094400000, 0x0000000094500000|  0%| F|  |TAMS 0x0000000094400000| PB 0x0000000094400000| Untracked 
| 127|0x0000000094500000, 0x0000000094500000, 0x0000000094600000|  0%| F|  |TAMS 0x0000000094500000| PB 0x0000000094500000| Untracked 
| 128|0x0000000094600000, 0x0000000094600000, 0x0000000094700000|  0%| F|  |TAMS 0x0000000094600000| PB 0x0000000094600000| Untracked 
| 129|0x0000000094700000, 0x0000000094700000, 0x0000000094800000|  0%| F|  |TAMS 0x0000000094700000| PB 0x0000000094700000| Untracked 
|1847|0x00000000ffd00000, 0x00000000ffe00000, 0x00000000ffe00000|100%| O|  |TAMS 0x00000000ffd00000| PB 0x00000000ffd00000| Untracked 
|1848|0x00000000ffe00000, 0x00000000fff00000, 0x00000000fff00000|100%| O|  |TAMS 0x00000000ffe00000| PB 0x00000000ffe00000| Untracked 
|1849|0x00000000fff00000, 0x0000000100000000, 0x0000000100000000|100%| O|  |TAMS 0x00000000fff00000| PB 0x00000000fff00000| Untracked 

Card table byte_map: [0x000001e57e710000,0x000001e57eab0000] _byte_map_base: 0x000001e57e2ad000

Marking Bits: (CMBitMap*) 0x000001e57ddcaa60
 Bits: [0x000001e5128e0000, 0x000001e5145c8000)

Polling page: 0x000001e57bc10000

Metaspace:

Usage:
  Non-class:     71.76 MB used.
      Class:     11.64 MB used.
       Both:     83.40 MB used.

Virtual space:
  Non-class space:      128.00 MB reserved,      72.19 MB ( 56%) committed,  2 nodes.
      Class space:        1.00 GB reserved,      12.00 MB (  1%) committed,  1 nodes.
             Both:        1.12 GB reserved,      84.19 MB (  7%) committed. 

Chunk freelists:
   Non-Class:  7.64 MB
       Class:  3.89 MB
        Both:  11.53 MB

MaxMetaspaceSize: unlimited
CompressedClassSpaceSize: 1.00 GB
Initial GC threshold: 21.00 MB
Current GC threshold: 128.12 MB
CDS: on
 - commit_granule_bytes: 65536.
 - commit_granule_words: 8192.
 - virtual_space_node_default_size: 8388608.
 - enlarge_chunks_in_place: 1.
 - use_allocation_guard: 0.


Internal statistics:

num_allocs_failed_limit: 11.
num_arena_births: 1182.
num_arena_deaths: 0.
num_vsnodes_births: 3.
num_vsnodes_deaths: 0.
num_space_committed: 1347.
num_space_uncommitted: 0.
num_chunks_returned_to_freelist: 11.
num_chunks_taken_from_freelist: 4351.
num_chunk_merges: 11.
num_chunk_splits: 3110.
num_chunks_enlarged: 2386.
num_inconsistent_stats: 0.

CodeHeap 'non-profiled nmethods': size=120000Kb used=5407Kb max_used=5407Kb free=114593Kb
 bounds [0x000001e50b3b0000, 0x000001e50b900000, 0x000001e5128e0000]
CodeHeap 'profiled nmethods': size=120000Kb used=15733Kb max_used=15733Kb free=104267Kb
 bounds [0x000001e5038e0000, 0x000001e504840000, 0x000001e50ae10000]
CodeHeap 'non-nmethods': size=5760Kb used=1753Kb max_used=1818Kb free=4006Kb
 bounds [0x000001e50ae10000, 0x000001e50b080000, 0x000001e50b3b0000]
CodeCache: size=245760Kb, used=22893Kb, max_used=22958Kb, free=222866Kb
 total_blobs=9045, nmethods=8286, adapters=661, full_count=0
Compilation: enabled, stopped_count=0, restarted_count=0

Compilation events (20 events):
Event: 15.866 Thread 0x000001e57f71d720 nmethod 9750 0x000001e504832a90 code [0x000001e504832e20, 0x000001e504834b98]
Event: 15.870 Thread 0x000001e57f71d720 9753   !   3       org.springframework.beans.factory.support.DefaultListableBeanFactory::preInstantiateSingleton (165 bytes)
Event: 15.872 Thread 0x000001e57f71d720 nmethod 9753 0x000001e504835090 code [0x000001e504835380, 0x000001e504836490]
Event: 15.872 Thread 0x000001e57f71d720 9754       3       org.springframework.beans.factory.support.DefaultListableBeanFactory::instantiateSingleton (56 bytes)
Event: 15.873 Thread 0x000001e57f71d720 nmethod 9754 0x000001e504836a10 code [0x000001e504836d60, 0x000001e504838190]
Event: 15.873 Thread 0x000001e57f71d720 9755       3       org.springframework.beans.factory.annotation.AutowiredAnnotationBeanPostProcessor::buildAutowiringMetadata (117 bytes)
Event: 15.876 Thread 0x000001e57f71d720 nmethod 9755 0x000001e504838790 code [0x000001e504838bc0, 0x000001e50483aae0]
Event: 15.877 Thread 0x000001e57f71d720 9756       1       org.springframework.aop.framework.autoproxy.AbstractAutoProxyCreator::determineCandidateConstructors (2 bytes)
Event: 15.877 Thread 0x000001e57f71d720 nmethod 9756 0x000001e50b8e1590 code [0x000001e50b8e1720, 0x000001e50b8e17f0]
Event: 15.893 Thread 0x000001e57f71d720 9757       3       org.springframework.boot.context.properties.bind.Binder::findProperty (75 bytes)
Event: 15.894 Thread 0x000001e57f71d720 nmethod 9757 0x000001e50483b510 code [0x000001e50483b760, 0x000001e50483c080]
Event: 15.910 Thread 0x000001e57f71d720 9758       3       java.lang.invoke.MethodHandles$Lookup::findVirtual (91 bytes)
Event: 15.911 Thread 0x000001e57f71d720 nmethod 9758 0x000001e50483c410 code [0x000001e50483c6c0, 0x000001e50483d230]
Event: 15.924 Thread 0x000001e57f718f30 nmethod 9713 0x000001e50b8e1b90 code [0x000001e50b8e2000, 0x000001e50b8e4030]
Event: 15.924 Thread 0x000001e57f71d720 9760       3       org.springframework.web.context.support.ServletContextPropertySource::getProperty (6 bytes)
Event: 15.925 Thread 0x000001e57f718f30 9751   !   4       org.springframework.util.ReflectionUtils::doWithLocalMethods (71 bytes)
Event: 15.925 Thread 0x000001e57f71d720 nmethod 9760 0x000001e50483d710 code [0x000001e50483d900, 0x000001e50483dfb8]
Event: 15.925 Thread 0x000001e57f71d720 9761       3       org.springframework.web.context.support.ServletContextPropertySource::getProperty (14 bytes)
Event: 15.925 Thread 0x000001e57f71d720 nmethod 9761 0x000001e50483e210 code [0x000001e50483e400, 0x000001e50483ea40]
Event: 15.926 Thread 0x000001e5167da110 nmethod 9600 0x000001e50b8e5a90 code [0x000001e50b8e65a0, 0x000001e50b8ef0a0]

GC Heap History (20 events):
Event: 12.316 GC heap after
{Heap after GC invocations=20 (full 0):
 garbage-first heap   total 91136K, used 38052K [0x000000008c600000, 0x0000000100000000)
  region size 1024K, 3 young (3072K), 3 survivors (3072K)
 Metaspace       used 75481K, committed 76160K, reserved 1179648K
  class space    used 10587K, committed 10880K, reserved 1048576K
}
Event: 12.573 GC heap before
{Heap before GC invocations=20 (full 0):
 garbage-first heap   total 91136K, used 82084K [0x000000008c600000, 0x0000000100000000)
  region size 1024K, 46 young (47104K), 3 survivors (3072K)
 Metaspace       used 77175K, committed 77824K, reserved 1179648K
  class space    used 10834K, committed 11072K, reserved 1048576K
}
Event: 12.580 GC heap after
{Heap after GC invocations=21 (full 0):
 garbage-first heap   total 91136K, used 40186K [0x000000008c600000, 0x0000000100000000)
  region size 1024K, 5 young (5120K), 5 survivors (5120K)
 Metaspace       used 77175K, committed 77824K, reserved 1179648K
  class space    used 10834K, committed 11072K, reserved 1048576K
}
Event: 12.679 GC heap before
{Heap before GC invocations=21 (full 0):
 garbage-first heap   total 91136K, used 80122K [0x000000008c600000, 0x0000000100000000)
  region size 1024K, 44 young (45056K), 5 survivors (5120K)
 Metaspace       used 77192K, committed 77824K, reserved 1179648K
  class space    used 10835K, committed 11072K, reserved 1048576K
}
Event: 12.685 GC heap after
{Heap after GC invocations=22 (full 0):
 garbage-first heap   total 91136K, used 40246K [0x000000008c600000, 0x0000000100000000)
  region size 1024K, 3 young (3072K), 3 survivors (3072K)
 Metaspace       used 77192K, committed 77824K, reserved 1179648K
  class space    used 10835K, committed 11072K, reserved 1048576K
}
Event: 12.856 GC heap before
{Heap before GC invocations=22 (full 0):
 garbage-first heap   total 91136K, used 82230K [0x000000008c600000, 0x0000000100000000)
  region size 1024K, 44 young (45056K), 3 survivors (3072K)
 Metaspace       used 77338K, committed 78016K, reserved 1179648K
  class space    used 10849K, committed 11136K, reserved 1048576K
}
Event: 12.862 GC heap after
{Heap after GC invocations=23 (full 0):
 garbage-first heap   total 91136K, used 41080K [0x000000008c600000, 0x0000000100000000)
  region size 1024K, 4 young (4096K), 4 survivors (4096K)
 Metaspace       used 77338K, committed 78016K, reserved 1179648K
  class space    used 10849K, committed 11136K, reserved 1048576K
}
Event: 12.956 GC heap before
{Heap before GC invocations=24 (full 0):
 garbage-first heap   total 91136K, used 81016K [0x000000008c600000, 0x0000000100000000)
  region size 1024K, 43 young (44032K), 4 survivors (4096K)
 Metaspace       used 77342K, committed 78016K, reserved 1179648K
  class space    used 10850K, committed 11136K, reserved 1048576K
}
Event: 12.961 GC heap after
{Heap after GC invocations=25 (full 0):
 garbage-first heap   total 91136K, used 41132K [0x000000008c600000, 0x0000000100000000)
  region size 1024K, 3 young (3072K), 3 survivors (3072K)
 Metaspace       used 77342K, committed 78016K, reserved 1179648K
  class space    used 10850K, committed 11136K, reserved 1048576K
}
Event: 13.044 GC heap before
{Heap before GC invocations=25 (full 0):
 garbage-first heap   total 91136K, used 82092K [0x000000008c600000, 0x0000000100000000)
  region size 1024K, 43 young (44032K), 3 survivors (3072K)
 Metaspace       used 77403K, committed 78080K, reserved 1179648K
  class space    used 10856K, committed 11136K, reserved 1048576K
}
Event: 13.053 GC heap after
{Heap after GC invocations=26 (full 0):
 garbage-first heap   total 136192K, used 40739K [0x000000008c600000, 0x0000000100000000)
  region size 1024K, 3 young (3072K), 3 survivors (3072K)
 Metaspace       used 77403K, committed 78080K, reserved 1179648K
  class space    used 10856K, committed 11136K, reserved 1048576K
}
Event: 13.366 GC heap before
{Heap before GC invocations=26 (full 0):
 garbage-first heap   total 136192K, used 118563K [0x000000008c600000, 0x0000000100000000)
  region size 1024K, 79 young (80896K), 3 survivors (3072K)
 Metaspace       used 77803K, committed 78464K, reserved 1179648K
  class space    used 10899K, committed 11200K, reserved 1048576K
}
Event: 13.373 GC heap after
{Heap after GC invocations=27 (full 0):
 garbage-first heap   total 136192K, used 43008K [0x000000008c600000, 0x0000000100000000)
  region size 1024K, 5 young (5120K), 5 survivors (5120K)
 Metaspace       used 77803K, committed 78464K, reserved 1179648K
  class space    used 10899K, committed 11200K, reserved 1048576K
}
Event: 13.495 GC heap before
{Heap before GC invocations=27 (full 0):
 garbage-first heap   total 136192K, used 118784K [0x000000008c600000, 0x0000000100000000)
  region size 1024K, 79 young (80896K), 5 survivors (5120K)
 Metaspace       used 77832K, committed 78528K, reserved 1179648K
  class space    used 10906K, committed 11264K, reserved 1048576K
}
Event: 13.511 GC heap after
{Heap after GC invocations=28 (full 0):
 garbage-first heap   total 136192K, used 51168K [0x000000008c600000, 0x0000000100000000)
  region size 1024K, 10 young (10240K), 10 survivors (10240K)
 Metaspace       used 77832K, committed 78528K, reserved 1179648K
  class space    used 10906K, committed 11264K, reserved 1048576K
}
Event: 13.761 GC heap before
{Heap before GC invocations=28 (full 0):
 garbage-first heap   total 136192K, used 117728K [0x000000008c600000, 0x0000000100000000)
  region size 1024K, 75 young (76800K), 10 survivors (10240K)
 Metaspace       used 77980K, committed 78720K, reserved 1179648K
  class space    used 10913K, committed 11264K, reserved 1048576K
}
Event: 13.774 GC heap after
{Heap after GC invocations=29 (full 0):
 garbage-first heap   total 136192K, used 53693K [0x000000008c600000, 0x0000000100000000)
  region size 1024K, 2 young (2048K), 2 survivors (2048K)
 Metaspace       used 77980K, committed 78720K, reserved 1179648K
  class space    used 10913K, committed 11264K, reserved 1048576K
}
Event: 14.420 GC heap before
{Heap before GC invocations=30 (full 0):
 garbage-first heap   total 136192K, used 121277K [0x000000008c600000, 0x0000000100000000)
  region size 1024K, 68 young (69632K), 2 survivors (2048K)
 Metaspace       used 80353K, committed 81088K, reserved 1179648K
  class space    used 11181K, committed 11520K, reserved 1048576K
}
Event: 14.427 GC heap after
{Heap after GC invocations=31 (full 0):
 garbage-first heap   total 136192K, used 55976K [0x000000008c600000, 0x0000000100000000)
  region size 1024K, 5 young (5120K), 5 survivors (5120K)
 Metaspace       used 80353K, committed 81088K, reserved 1179648K
  class space    used 11181K, committed 11520K, reserved 1048576K
}
Event: 15.926 GC heap before
{Heap before GC invocations=31 (full 0):
 garbage-first heap   total 136192K, used 121512K [0x000000008c600000, 0x0000000100000000)
  region size 1024K, 69 young (70656K), 5 survivors (5120K)
 Metaspace       used 85404K, committed 86208K, reserved 1179648K
  class space    used 11920K, committed 12288K, reserved 1048576K
}

Dll operation events (8 events):
Event: 0.024 Loaded shared library E:\sts-4.32.0.RELEASE\plugins\org.eclipse.justj.openjdk.hotspot.jre.full.win32.x86_64_21.0.8.v20250724-1412\jre\bin\java.dll
Event: 0.094 Loaded shared library E:\sts-4.32.0.RELEASE\plugins\org.eclipse.justj.openjdk.hotspot.jre.full.win32.x86_64_21.0.8.v20250724-1412\jre\bin\zip.dll
Event: 0.229 Loaded shared library E:\sts-4.32.0.RELEASE\plugins\org.eclipse.justj.openjdk.hotspot.jre.full.win32.x86_64_21.0.8.v20250724-1412\jre\bin\net.dll
Event: 0.232 Loaded shared library E:\sts-4.32.0.RELEASE\plugins\org.eclipse.justj.openjdk.hotspot.jre.full.win32.x86_64_21.0.8.v20250724-1412\jre\bin\nio.dll
Event: 0.236 Loaded shared library E:\sts-4.32.0.RELEASE\plugins\org.eclipse.justj.openjdk.hotspot.jre.full.win32.x86_64_21.0.8.v20250724-1412\jre\bin\zip.dll
Event: 0.443 Loaded shared library E:\sts-4.32.0.RELEASE\plugins\org.eclipse.justj.openjdk.hotspot.jre.full.win32.x86_64_21.0.8.v20250724-1412\jre\bin\jimage.dll
Event: 0.493 Loaded shared library E:\sts-4.32.0.RELEASE\plugins\org.eclipse.justj.openjdk.hotspot.jre.full.win32.x86_64_21.0.8.v20250724-1412\jre\bin\extnet.dll
Event: 4.106 Loaded shared library E:\sts-4.32.0.RELEASE\plugins\org.eclipse.justj.openjdk.hotspot.jre.full.win32.x86_64_21.0.8.v20250724-1412\jre\bin\sunmscapi.dll

Deoptimization events (20 events):
Event: 15.738 Thread 0x000001e57dd77740 DEOPT PACKING pc=0x000001e50b8bae84 sp=0x000000589aafabb0
Event: 15.738 Thread 0x000001e57dd77740 DEOPT UNPACKING pc=0x000001e50ae646a2 sp=0x000000589aafab98 mode 2
Event: 15.738 Thread 0x000001e57dd77740 Uncommon trap: trap_request=0xffffffde fr.pc=0x000001e50b8bae84 relative=0x0000000000000da4
Event: 15.738 Thread 0x000001e57dd77740 Uncommon trap: reason=class_check action=maybe_recompile pc=0x000001e50b8bae84 method=org.springframework.core.SerializableTypeWrapper.unwrap(Ljava/lang/reflect/Type;)Ljava/lang/reflect/Type; @ 10 c2
Event: 15.738 Thread 0x000001e57dd77740 DEOPT PACKING pc=0x000001e50b8bae84 sp=0x000000589aafab80
Event: 15.738 Thread 0x000001e57dd77740 DEOPT UNPACKING pc=0x000001e50ae646a2 sp=0x000000589aafab68 mode 2
Event: 15.740 Thread 0x000001e57dd77740 DEOPT PACKING pc=0x000001e5040ecd31 sp=0x000000589aaf9b20
Event: 15.740 Thread 0x000001e57dd77740 DEOPT UNPACKING pc=0x000001e50ae64e42 sp=0x000000589aaf90c0 mode 0
Event: 15.786 Thread 0x000001e57dd77740 Uncommon trap: trap_request=0xffffff45 fr.pc=0x000001e50b4c6268 relative=0x0000000000000288
Event: 15.786 Thread 0x000001e57dd77740 Uncommon trap: reason=unstable_if action=reinterpret pc=0x000001e50b4c6268 method=org.springframework.boot.context.properties.source.ConfigurationPropertyName$Elements.charAt(II)C @ 13 c2
Event: 15.786 Thread 0x000001e57dd77740 DEOPT PACKING pc=0x000001e50b4c6268 sp=0x000000589aaf98b0
Event: 15.786 Thread 0x000001e57dd77740 DEOPT UNPACKING pc=0x000001e50ae646a2 sp=0x000000589aaf9830 mode 2
Event: 15.789 Thread 0x000001e57dd77740 Uncommon trap: trap_request=0xffffff45 fr.pc=0x000001e50b4a2564 relative=0x0000000000000044
Event: 15.789 Thread 0x000001e57dd77740 Uncommon trap: reason=unstable_if action=reinterpret pc=0x000001e50b4a2564 method=org.springframework.util.Assert.notNull(Ljava/lang/Object;Ljava/lang/String;)V @ 1 c2
Event: 15.789 Thread 0x000001e57dd77740 DEOPT PACKING pc=0x000001e50b4a2564 sp=0x000000589aaf99e0
Event: 15.789 Thread 0x000001e57dd77740 DEOPT UNPACKING pc=0x000001e50ae646a2 sp=0x000000589aaf9980 mode 2
Event: 15.874 Thread 0x000001e57dd77740 Uncommon trap: trap_request=0xffffff45 fr.pc=0x000001e50b8c216c relative=0x00000000000000ac
Event: 15.874 Thread 0x000001e57dd77740 Uncommon trap: reason=unstable_if action=reinterpret pc=0x000001e50b8c216c method=org.springframework.util.ClassUtils.isAssignable(Ljava/lang/Class;Ljava/lang/Class;)Z @ 26 c2
Event: 15.874 Thread 0x000001e57dd77740 DEOPT PACKING pc=0x000001e50b8c216c sp=0x000000589aafb7c0
Event: 15.874 Thread 0x000001e57dd77740 DEOPT UNPACKING pc=0x000001e50ae646a2 sp=0x000000589aafb758 mode 2

Classes loaded (20 events):
Event: 15.779 Loading class java/util/stream/IntPipeline$10
Event: 15.780 Loading class java/util/stream/IntPipeline$StatelessOp
Event: 15.780 Loading class java/util/stream/IntPipeline$StatelessOp done
Event: 15.780 Loading class java/util/stream/IntPipeline$10 done
Event: 15.780 Loading class java/util/function/IntUnaryOperator
Event: 15.780 Loading class java/util/function/IntUnaryOperator done
Event: 15.781 Loading class java/util/stream/IntPipeline$4
Event: 15.781 Loading class java/util/stream/IntPipeline$4 done
Event: 15.783 Loading class java/util/stream/ForEachOps$ForEachOp$OfInt
Event: 15.784 Loading class java/util/stream/ForEachOps$ForEachOp$OfInt done
Event: 15.784 Loading class java/util/stream/IntPipeline$4$1
Event: 15.784 Loading class java/util/stream/IntPipeline$4$1 done
Event: 15.784 Loading class java/util/stream/IntPipeline$10$1
Event: 15.784 Loading class java/util/stream/IntPipeline$10$1 done
Event: 15.791 Loading class java/util/EnumMap$EntrySet
Event: 15.791 Loading class java/util/EnumMap$EntrySet done
Event: 15.791 Loading class java/util/EnumMap$EntryIterator
Event: 15.791 Loading class java/util/EnumMap$EntryIterator done
Event: 15.791 Loading class java/util/EnumMap$EntryIterator$Entry
Event: 15.791 Loading class java/util/EnumMap$EntryIterator$Entry done

Classes unloaded (0 events):
No events

Classes redefined (0 events):
No events

Internal exceptions (20 events):
Event: 11.156 Thread 0x000001e57dd77740 Exception <a 'java/io/FileNotFoundException'{0x000000009389ed70}> (0x000000009389ed70) 
thrown [s\src\hotspot\share\prims\jni.cpp, line 520]
Event: 11.157 Thread 0x000001e57dd77740 Exception <a 'java/io/FileNotFoundException'{0x00000000938a9c28}> (0x00000000938a9c28) 
thrown [s\src\hotspot\share\prims\jni.cpp, line 520]
Event: 11.158 Thread 0x000001e57dd77740 Exception <a 'java/io/FileNotFoundException'{0x00000000938b4de0}> (0x00000000938b4de0) 
thrown [s\src\hotspot\share\prims\jni.cpp, line 520]
Event: 11.159 Thread 0x000001e57dd77740 Exception <a 'java/io/FileNotFoundException'{0x00000000938c0088}> (0x00000000938c0088) 
thrown [s\src\hotspot\share\prims\jni.cpp, line 520]
Event: 11.174 Thread 0x000001e57dd77740 Exception <a 'java/lang/NoSuchMethodError'{0x0000000090bd9160}: 'int java.lang.invoke.DirectMethodHandle$Holder.invokeStaticInit(java.lang.Object, int, java.lang.Object, java.lang.Object, java.lang.Object, java.lang.Object)'> (0x0000000090bd9160) 
thrown [s\src\hotspot\share\interpreter\linkResolver.cpp, line 773]
Event: 13.333 Thread 0x000001e57dd77740 Exception <a 'java/lang/NoSuchMethodError'{0x00000000911fd0f8}: 'java.lang.Object java.lang.invoke.DirectMethodHandle$Holder.invokeInterface(java.lang.Object, java.lang.Object, int)'> (0x00000000911fd0f8) 
thrown [s\src\hotspot\share\interpreter\linkResolver.cpp, line 773]
Event: 14.207 Thread 0x000001e57dd77740 Exception <a 'java/lang/NoSuchMethodError'{0x000000009115ab68}: 'java.lang.Object java.lang.invoke.DirectMethodHandle$Holder.invokeVirtual(java.lang.Object, java.lang.Object, java.lang.Object, java.lang.Object, java.lang.Object, java.lang.Object)'> (0x000000009115ab68) 
thrown [s\src\hotspot\share\interpreter\linkResolver.cpp, line 773]
Event: 14.357 Thread 0x000001e57dd77740 Exception <a 'java/lang/NoSuchMethodError'{0x0000000090afef08}: 'java.lang.Object java.lang.invoke.DirectMethodHandle$Holder.invokeVirtual(java.lang.Object, java.lang.Object, java.lang.Object, java.lang.Object, java.lang.Object, java.lang.Object, java.lang.Object)'> (0x0000000090afef08) 
thrown [s\src\hotspot\share\interpreter\linkResolver.cpp, line 773]
Event: 14.360 Thread 0x000001e57dd77740 Exception <a 'java/lang/NoSuchMethodError'{0x00000000909226f8}: 'java.lang.Object java.lang.invoke.DirectMethodHandle$Holder.invokeVirtual(java.lang.Object, java.lang.Object, java.lang.Object, java.lang.Object, java.lang.Object, java.lang.Object, java.lang.Object, java.lang.Object)'> (0x00000000909226f8) 
thrown [s\src\hotspot\share\interpreter\linkResolver.cpp, line 773]
Event: 14.401 Thread 0x000001e57dd77740 Exception <a 'java/lang/NoSuchMethodError'{0x00000000908f0d40}: 'java.lang.Object java.lang.invoke.DirectMethodHandle$Holder.newInvokeSpecial(java.lang.Object, java.lang.Object, java.lang.Object, java.lang.Object, java.lang.Object, java.lang.Object, java.lang.Object, java.lang.Object)'> (0x00000000908f0d40) 
thrown [s\src\hotspot\share\interpreter\linkResolver.cpp, line 773]
Event: 14.846 Thread 0x000001e57dd77740 Implicit null exception at 0x000001e50b797481 to 0x000001e50b797974
Event: 14.885 Thread 0x000001e57dd77740 Exception <a 'java/lang/IncompatibleClassChangeError'{0x000000009321f420}: Found class java.lang.Object, but interface was expected> (0x000000009321f420) 
thrown [s\src\hotspot\share\interpreter\linkResolver.cpp, line 840]
Event: 15.354 Thread 0x000001e57dd77740 Exception <a 'java/lang/NoSuchMethodError'{0x0000000091f58fc0}: 'void java.lang.invoke.DirectMethodHandle$Holder.invokeStatic(java.lang.Object, int, java.lang.Object)'> (0x0000000091f58fc0) 
thrown [s\src\hotspot\share\interpreter\linkResolver.cpp, line 773]
Event: 15.357 Thread 0x000001e57dd77740 Exception <a 'java/lang/NoSuchMethodError'{0x0000000091f6af68}: 'void java.lang.invoke.DirectMethodHandle$Holder.invokeInterface(java.lang.Object, java.lang.Object, int)'> (0x0000000091f6af68) 
thrown [s\src\hotspot\share\interpreter\linkResolver.cpp, line 773]
Event: 15.361 Thread 0x000001e57dd77740 Exception <a 'java/lang/IncompatibleClassChangeError'{0x0000000091face58}: Found class java.lang.Object, but interface was expected> (0x0000000091face58) 
thrown [s\src\hotspot\share\interpreter\linkResolver.cpp, line 840]
Event: 15.628 Thread 0x000001e57dd77740 Exception <a 'java/lang/NoSuchMethodError'{0x000000009140ece8}: 'int java.lang.invoke.DirectMethodHandle$Holder.invokeStaticInit(java.lang.Object, java.lang.Object, java.lang.Object, java.lang.Object)'> (0x000000009140ece8) 
thrown [s\src\hotspot\share\interpreter\linkResolver.cpp, line 773]
Event: 15.758 Thread 0x000001e57dd77740 Exception <a 'java/lang/IncompatibleClassChangeError'{0x0000000090fb9c48}: Found class java.lang.Object, but interface was expected> (0x0000000090fb9c48) 
thrown [s\src\hotspot\share\interpreter\linkResolver.cpp, line 840]
Event: 15.782 Thread 0x000001e57dd77740 Exception <a 'java/lang/NoSuchMethodError'{0x0000000090eb1510}: 'void java.lang.invoke.DirectMethodHandle$Holder.invokeStatic(java.lang.Object, java.lang.Object, int)'> (0x0000000090eb1510) 
thrown [s\src\hotspot\share\interpreter\linkResolver.cpp, line 773]
Event: 15.786 Thread 0x000001e57dd77740 Implicit null exception at 0x000001e50b4c609f to 0x000001e50b4c6250
Event: 15.914 Thread 0x000001e57dd77740 Exception <a 'java/lang/NoSuchMethodError'{0x00000000908b3c80}: 'java.lang.Object java.lang.invoke.Invokers$Holder.invoke_MT(java.lang.Object, java.lang.Object, java.lang.Object, java.lang.Object, java.lang.Object, java.lang.Object, java.lang.Object, java.lang.Object, java.lang.Object, java.lang.Object, java.lang.Object)'> (0x00000000908b3c80) 
thrown [s\src\hotspot\share\interpreter\linkResolver.cpp, line 773]

ZGC Phase Switch (0 events):
No events

VM Operations (20 events):
Event: 13.814 Executing VM operation: G1PauseRemark done
Event: 13.835 Executing VM operation: G1PauseCleanup
Event: 13.835 Executing VM operation: G1PauseCleanup done
Event: 14.420 Executing VM operation: G1CollectForAllocation (G1 Evacuation Pause)
Event: 14.427 Executing VM operation: G1CollectForAllocation (G1 Evacuation Pause) done
Event: 14.495 Executing VM operation: HandshakeAllThreads (Deoptimize)
Event: 14.495 Executing VM operation: HandshakeAllThreads (Deoptimize) done
Event: 14.656 Executing VM operation: HandshakeAllThreads (Deoptimize)
Event: 14.656 Executing VM operation: HandshakeAllThreads (Deoptimize) done
Event: 14.658 Executing VM operation: HandshakeAllThreads (Deoptimize)
Event: 14.658 Executing VM operation: HandshakeAllThreads (Deoptimize) done
Event: 14.902 Executing VM operation: HandshakeAllThreads (Deoptimize)
Event: 14.902 Executing VM operation: HandshakeAllThreads (Deoptimize) done
Event: 14.925 Executing VM operation: HandshakeAllThreads (Deoptimize)
Event: 14.925 Executing VM operation: HandshakeAllThreads (Deoptimize) done
Event: 15.573 Executing VM operation: HandshakeAllThreads (Deoptimize)
Event: 15.574 Executing VM operation: HandshakeAllThreads (Deoptimize) done
Event: 15.574 Executing VM operation: Cleanup
Event: 15.574 Executing VM operation: Cleanup done
Event: 15.926 Executing VM operation: G1CollectForAllocation (G1 Evacuation Pause)

Memory protections (0 events):
No events

Nmethod flushes (20 events):
Event: 13.813 Thread 0x000001e57ba26b40 flushing  nmethod 0x000001e503eea310
Event: 13.813 Thread 0x000001e57ba26b40 flushing  nmethod 0x000001e503f39e90
Event: 13.813 Thread 0x000001e57ba26b40 flushing  nmethod 0x000001e504236490
Event: 13.813 Thread 0x000001e57ba26b40 flushing  nmethod 0x000001e5043e0810
Event: 13.813 Thread 0x000001e57ba26b40 flushing  nmethod 0x000001e504479110
Event: 13.813 Thread 0x000001e57ba26b40 flushing  nmethod 0x000001e5044f5510
Event: 13.813 Thread 0x000001e57ba26b40 flushing  nmethod 0x000001e50461ae10
Event: 13.813 Thread 0x000001e57ba26b40 flushing  nmethod 0x000001e50463ef10
Event: 13.813 Thread 0x000001e57ba26b40 flushing  nmethod 0x000001e50463f890
Event: 13.813 Thread 0x000001e57ba26b40 flushing  nmethod 0x000001e504641610
Event: 13.813 Thread 0x000001e57ba26b40 flushing  nmethod 0x000001e50464b490
Event: 13.813 Thread 0x000001e57ba26b40 flushing  nmethod 0x000001e504672b10
Event: 13.813 Thread 0x000001e57ba26b40 flushing  nmethod 0x000001e504673010
Event: 13.813 Thread 0x000001e57ba26b40 flushing  nmethod 0x000001e504673410
Event: 13.813 Thread 0x000001e57ba26b40 flushing  nmethod 0x000001e504674990
Event: 13.813 Thread 0x000001e57ba26b40 flushing  nmethod 0x000001e504675090
Event: 13.813 Thread 0x000001e57ba26b40 flushing  nmethod 0x000001e504676710
Event: 13.813 Thread 0x000001e57ba26b40 flushing  nmethod 0x000001e504676c10
Event: 13.813 Thread 0x000001e57ba26b40 flushing  nmethod 0x000001e504680510
Event: 13.813 Thread 0x000001e57ba26b40 flushing  nmethod 0x000001e504688690

Events (20 events):
Event: 0.098 Thread 0x000001e57dd77740 Thread added: 0x000001e57f718f30
Event: 0.099 Thread 0x000001e57dd77740 Thread added: 0x000001e57f71d720
Event: 0.219 Thread 0x000001e57dd77740 Thread added: 0x000001e51671a010
Event: 0.225 Thread 0x000001e57dd77740 Thread added: 0x000001e51671eff0
Event: 0.260 Thread 0x000001e57f718f30 Thread added: 0x000001e5167d7160
Event: 0.508 Thread 0x000001e57dd77740 Thread added: 0x000001e5168988b0
Event: 2.997 Thread 0x000001e57dd77740 Thread added: 0x000001e55da68170
Event: 3.807 Thread 0x000001e57dd77740 Thread added: 0x000001e55cc276f0
Event: 3.812 Thread 0x000001e55cc276f0 Thread exited: 0x000001e55cc276f0
Event: 3.828 Thread 0x000001e57dd77740 Thread added: 0x000001e55ed8b030
Event: 3.871 Thread 0x000001e55ed8b030 Thread exited: 0x000001e55ed8b030
Event: 4.131 Thread 0x000001e55da68170 Thread exited: 0x000001e55da68170
Event: 6.026 Thread 0x000001e57dd77740 Thread added: 0x000001e55ec50cc0
Event: 7.205 Thread 0x000001e5167d7160 Thread exited: 0x000001e5167d7160
Event: 8.064 Thread 0x000001e57dd77740 Thread added: 0x000001e55f51cae0
Event: 8.177 Thread 0x000001e55f51cae0 Thread added: 0x000001e55f622290
Event: 8.258 Thread 0x000001e57f71d720 Thread added: 0x000001e5167d9370
Event: 11.466 Thread 0x000001e5167d9370 Thread exited: 0x000001e5167d9370
Event: 11.538 Thread 0x000001e57f71d720 Thread added: 0x000001e5167da110
Event: 13.875 Thread 0x000001e55f622290 Thread exited: 0x000001e55f622290


Dynamic libraries:
0x00007ff77c090000 - 0x00007ff77c09e000 	E:\sts-4.32.0.RELEASE\plugins\org.eclipse.justj.openjdk.hotspot.jre.full.win32.x86_64_21.0.8.v20250724-1412\jre\bin\javaw.exe
0x00007ff88b330000 - 0x00007ff88b547000 	C:\WINDOWS\SYSTEM32\ntdll.dll
0x00007ff846aa0000 - 0x00007ff846ac1000 	C:\Program Files\Avast Software\Avast\aswhook.dll
0x00007ff889230000 - 0x00007ff8892f4000 	C:\WINDOWS\System32\KERNEL32.DLL
0x00007ff888560000 - 0x00007ff888932000 	C:\WINDOWS\System32\KERNELBASE.dll
0x00007ff888ab0000 - 0x00007ff888bc1000 	C:\WINDOWS\System32\ucrtbase.dll
0x00007ff882630000 - 0x00007ff882648000 	E:\sts-4.32.0.RELEASE\plugins\org.eclipse.justj.openjdk.hotspot.jre.full.win32.x86_64_21.0.8.v20250724-1412\jre\bin\jli.dll
0x00007ff87b320000 - 0x00007ff87b33e000 	E:\sts-4.32.0.RELEASE\plugins\org.eclipse.justj.openjdk.hotspot.jre.full.win32.x86_64_21.0.8.v20250724-1412\jre\bin\VCRUNTIME140.dll
0x00007ff889040000 - 0x00007ff8891f1000 	C:\WINDOWS\System32\USER32.dll
0x00007ff888f90000 - 0x00007ff888fb6000 	C:\WINDOWS\System32\win32u.dll
0x00007ff88a880000 - 0x00007ff88a8a9000 	C:\WINDOWS\System32\GDI32.dll
0x00007ff865c40000 - 0x00007ff865edb000 	C:\WINDOWS\WinSxS\amd64_microsoft.windows.common-controls_6595b64144ccf1df_6.0.22621.5415_none_270d77d17387d7da\COMCTL32.dll
0x00007ff888c50000 - 0x00007ff888d73000 	C:\WINDOWS\System32\gdi32full.dll
0x00007ff88a8b0000 - 0x00007ff88a957000 	C:\WINDOWS\System32\msvcrt.dll
0x00007ff888d80000 - 0x00007ff888e1a000 	C:\WINDOWS\System32\msvcp_win.dll
0x00007ff8895a0000 - 0x00007ff8895d1000 	C:\WINDOWS\System32\IMM32.DLL
0x00007ff87b3c0000 - 0x00007ff87b3cc000 	E:\sts-4.32.0.RELEASE\plugins\org.eclipse.justj.openjdk.hotspot.jre.full.win32.x86_64_21.0.8.v20250724-1412\jre\bin\vcruntime140_1.dll
0x00007ff8454b0000 - 0x00007ff84553d000 	E:\sts-4.32.0.RELEASE\plugins\org.eclipse.justj.openjdk.hotspot.jre.full.win32.x86_64_21.0.8.v20250724-1412\jre\bin\msvcp140.dll
0x00007ff802400000 - 0x00007ff803197000 	E:\sts-4.32.0.RELEASE\plugins\org.eclipse.justj.openjdk.hotspot.jre.full.win32.x86_64_21.0.8.v20250724-1412\jre\bin\server\jvm.dll
0x00007ff8894e0000 - 0x00007ff889591000 	C:\WINDOWS\System32\ADVAPI32.dll
0x00007ff88a7d0000 - 0x00007ff88a878000 	C:\WINDOWS\System32\sechost.dll
0x00007ff888ee0000 - 0x00007ff888f08000 	C:\WINDOWS\System32\bcrypt.dll
0x00007ff88ad80000 - 0x00007ff88ae94000 	C:\WINDOWS\System32\RPCRT4.dll
0x00007ff88ad00000 - 0x00007ff88ad71000 	C:\WINDOWS\System32\WS2_32.dll
0x00007ff883ae0000 - 0x00007ff883b14000 	C:\WINDOWS\SYSTEM32\WINMM.dll
0x00007ff887c50000 - 0x00007ff887c9d000 	C:\WINDOWS\SYSTEM32\POWRPROF.dll
0x00007ff880c10000 - 0x00007ff880c1a000 	C:\WINDOWS\SYSTEM32\VERSION.dll
0x00007ff887bd0000 - 0x00007ff887be3000 	C:\WINDOWS\SYSTEM32\UMPDC.dll
0x00007ff887410000 - 0x00007ff887428000 	C:\WINDOWS\SYSTEM32\kernel.appcore.dll
0x00007ff883570000 - 0x00007ff88357a000 	E:\sts-4.32.0.RELEASE\plugins\org.eclipse.justj.openjdk.hotspot.jre.full.win32.x86_64_21.0.8.v20250724-1412\jre\bin\jimage.dll
0x00007ff885ed0000 - 0x00007ff886103000 	C:\WINDOWS\SYSTEM32\DBGHELP.DLL
0x00007ff88aea0000 - 0x00007ff88b233000 	C:\WINDOWS\System32\combase.dll
0x00007ff88a6f0000 - 0x00007ff88a7c7000 	C:\WINDOWS\System32\OLEAUT32.dll
0x00007ff87ef90000 - 0x00007ff87efc2000 	C:\WINDOWS\SYSTEM32\dbgcore.DLL
0x00007ff888bd0000 - 0x00007ff888c4b000 	C:\WINDOWS\System32\bcryptPrimitives.dll
0x00007ff883240000 - 0x00007ff88325f000 	E:\sts-4.32.0.RELEASE\plugins\org.eclipse.justj.openjdk.hotspot.jre.full.win32.x86_64_21.0.8.v20250724-1412\jre\bin\java.dll
0x00007ff889de0000 - 0x00007ff88a682000 	C:\WINDOWS\System32\SHELL32.dll
0x00007ff888420000 - 0x00007ff88855f000 	C:\WINDOWS\System32\wintypes.dll
0x00007ff886300000 - 0x00007ff886c1e000 	C:\WINDOWS\SYSTEM32\windows.storage.dll
0x00007ff88aa10000 - 0x00007ff88ab1b000 	C:\WINDOWS\System32\SHCORE.dll
0x00007ff88ac90000 - 0x00007ff88acf9000 	C:\WINDOWS\System32\shlwapi.dll
0x00007ff888350000 - 0x00007ff88837b000 	C:\WINDOWS\SYSTEM32\profapi.dll
0x00007ff87b570000 - 0x00007ff87b588000 	E:\sts-4.32.0.RELEASE\plugins\org.eclipse.justj.openjdk.hotspot.jre.full.win32.x86_64_21.0.8.v20250724-1412\jre\bin\zip.dll
0x00007ff883530000 - 0x00007ff883540000 	E:\sts-4.32.0.RELEASE\plugins\org.eclipse.justj.openjdk.hotspot.jre.full.win32.x86_64_21.0.8.v20250724-1412\jre\bin\net.dll
0x00007ff885050000 - 0x00007ff88517c000 	C:\WINDOWS\SYSTEM32\WINHTTP.dll
0x00007ff887880000 - 0x00007ff8878e9000 	C:\WINDOWS\system32\mswsock.dll
0x00007ff87b440000 - 0x00007ff87b456000 	E:\sts-4.32.0.RELEASE\plugins\org.eclipse.justj.openjdk.hotspot.jre.full.win32.x86_64_21.0.8.v20250724-1412\jre\bin\nio.dll
0x00007ff886e80000 - 0x00007ff886ead000 	C:\WINDOWS\SYSTEM32\IPHLPAPI.DLL
0x00007ff88ac80000 - 0x00007ff88ac89000 	C:\WINDOWS\System32\NSI.dll
0x00007ff87ef60000 - 0x00007ff87ef69000 	E:\sts-4.32.0.RELEASE\plugins\org.eclipse.justj.openjdk.hotspot.jre.full.win32.x86_64_21.0.8.v20250724-1412\jre\bin\extnet.dll
0x00007ff880f80000 - 0x00007ff880f8e000 	E:\sts-4.32.0.RELEASE\plugins\org.eclipse.justj.openjdk.hotspot.jre.full.win32.x86_64_21.0.8.v20250724-1412\jre\bin\sunmscapi.dll
0x00007ff888940000 - 0x00007ff888aa7000 	C:\WINDOWS\System32\CRYPT32.dll
0x00007ff887dd0000 - 0x00007ff887dfd000 	C:\WINDOWS\SYSTEM32\ncrypt.dll
0x00007ff887d90000 - 0x00007ff887dc7000 	C:\WINDOWS\SYSTEM32\NTASN1.dll
0x00007ff887cc0000 - 0x00007ff887cdb000 	C:\WINDOWS\SYSTEM32\CRYPTSP.dll
0x00007ff887370000 - 0x00007ff8873a7000 	C:\WINDOWS\system32\rsaenh.dll
0x00007ff887920000 - 0x00007ff887948000 	C:\WINDOWS\SYSTEM32\USERENV.dll
0x00007ff887ca0000 - 0x00007ff887cac000 	C:\WINDOWS\SYSTEM32\CRYPTBASE.dll
0x00007ff886ef0000 - 0x00007ff886fe8000 	C:\WINDOWS\SYSTEM32\DNSAPI.dll
0x00007ff883ad0000 - 0x00007ff883ada000 	C:\Windows\System32\rasadhlp.dll
0x00007ff8839c0000 - 0x00007ff883a44000 	C:\WINDOWS\System32\fwpuclnt.dll

JVMTI agents: none

dbghelp: loaded successfully - version: 4.0.5 - missing functions: none
symbol engine: initialized successfully - sym options: 0x614 - pdb path: .;E:\sts-4.32.0.RELEASE\plugins\org.eclipse.justj.openjdk.hotspot.jre.full.win32.x86_64_21.0.8.v20250724-1412\jre\bin;C:\WINDOWS\SYSTEM32;C:\Program Files\Avast Software\Avast;C:\WINDOWS\WinSxS\amd64_microsoft.windows.common-controls_6595b64144ccf1df_6.0.22621.5415_none_270d77d17387d7da;E:\sts-4.32.0.RELEASE\plugins\org.eclipse.justj.openjdk.hotspot.jre.full.win32.x86_64_21.0.8.v20250724-1412\jre\bin\server

VM Arguments:
jvm_args: -ea -Dfile.encoding=UTF-8 -Dstdout.encoding=UTF-8 -Dstderr.encoding=UTF-8 -XX:+ShowCodeDetailsInExceptionMessages 
java_command: org.eclipse.jdt.internal.junit.runner.RemoteTestRunner -version 3 -port 57572 -testLoaderClass org.eclipse.jdt.internal.junit5.runner.JUnit5TestLoader -loaderpluginname org.eclipse.jdt.junit5.runtime -classNames com.GestaoRotas.GestaoRotas.Controllers.ControllerMaintenanceTest
java_class_path (initial): E:\GestaoFrotas\GestaoFrotas\target\test-classes;E:\GestaoFrotas\GestaoFrotas\target\classes;C:\Users\user\.m2\repository\org\springframework\boot\spring-boot-starter-data-jpa\3.5.8\spring-boot-starter-data-jpa-3.5.8.jar;C:\Users\user\.m2\repository\org\springframework\boot\spring-boot-starter\3.5.8\spring-boot-starter-3.5.8.jar;C:\Users\user\.m2\repository\org\springframework\boot\spring-boot\3.5.8\spring-boot-3.5.8.jar;C:\Users\user\.m2\repository\org\springframework\boot\spring-boot-autoconfigure\3.5.8\spring-boot-autoconfigure-3.5.8.jar;C:\Users\user\.m2\repository\jakarta\annotation\jakarta.annotation-api\2.1.1\jakarta.annotation-api-2.1.1.jar;C:\Users\user\.m2\repository\org\yaml\snakeyaml\2.4\snakeyaml-2.4.jar;C:\Users\user\.m2\repository\org\springframework\boot\spring-boot-starter-jdbc\3.5.8\spring-boot-starter-jdbc-3.5.8.jar;C:\Users\user\.m2\repository\com\zaxxer\HikariCP\6.3.3\HikariCP-6.3.3.jar;C:\Users\user\.m2\repository\org\springframework\spring-jdbc\6.2.14\spring-jdbc-6.2.14.jar;C:\Users\user\.m2\repository\org\hibernate\orm\hibernate-core\6.6.36.Final\hibernate-core-6.6.36.Final.jar;C:\Users\user\.m2\repository\org\jboss\logging\jboss-logging\3.6.1.Final\jboss-logging-3.6.1.Final.jar;C:\Users\user\.m2\repository\org\hibernate\common\hibernate-commons-annotations\7.0.3.Final\hibernate-commons-annotations-7.0.3.Final.jar;C:\Users\user\.m2\repository\io\smallrye\jandex\3.2.0\jandex-3.2.0.jar;C:\Users\user\.m2\repository\com\fasterxml\classmate\1.7.1\classmate-1.7.1.jar;C:\Users\user\.m2\repository\net\bytebuddy\byte-buddy\1.17.8\byte-buddy-1.17.8.jar;C:\Users\user\.m2\repository\org\glassfish\jaxb\jaxb-runtime\4.0.6\jaxb-runtime-4.0.6.jar;C:\Users\user\.m2\repository\org\glassfish\jaxb\jaxb-core\4.0.6\jaxb-core-4.0.6.jar;C:\Users\user\.m2\repository\org\glassfish\jaxb\txw2\4.0.6\txw2-4.0.6.jar;C:\Users\user\.m2\repository\com\sun\istack\istack-commons-runtime\4.1.2\istack-commons-runtime-4.1.2.jar;C:\Users\user\.m2\repository\jakarta\inject\jakarta.inject-api\2.0.1\jakarta.inject-api-2.0.1.jar;C:\Users\user\.m2\repository\org\antlr\antlr4-runtime\4.13.0\antlr4-runtime-4.13.0.jar;C:\Users\user\.m2\repository\org\springframework\data\spring-data-jpa\3.5.6\spring-data-jpa-3.5.6.jar;C:\Users\user\.m2\repository\org\springframework\data\spring-data-commons\3.5.6\spring-data-commons-3.5.6.jar;C:\Users\user\.m2\repository\org\springframework\spring-orm\6.2.14\spring-orm-6.2.14.jar;C:\Users\user\.m2\repository\org\springframework\spring-context\6.2.14\spring-context-6.2.14.jar;C:\Users\user\.m2\repository\org\springframework\spring-tx\6.2.14\spring-tx-6.2.14.jar;C:\Users\user\.m2\repository\org\springframework\spring-beans\6.2.14\spring-beans-6.2.14.jar;C:\Users\user\.m2\repository\org\slf4j\slf4j-api\2.0.17\slf4j-api-2.0.17.jar;C:\Users\user\.m2\repository\org\springframework\spring-aspects\6.2.14\spring-aspects-6.2.14.jar;C:\Users\user\.m2\repository\org\aspectj\aspectjweaver\1.9.25\aspectjweaver-1.9.25.jar;C:\Users\user\.m2\repository\org\springframework\boot\spring-boot-starter-mail\3.5.8\spring-boot-starter-mail-3.5.8.jar;C:\Users\user\.m2\repository\org\springframework\spring-context-support\6.2.14\spring-context-support-6.2.14.jar;C:\Users\user\.m2\repository\org\eclipse\angus\jakarta.mail\2.0.5\jakarta.mail-2.0.5.jar;C:\Users\user\.m2\repository\jakarta\activation\jakarta.activation-api\2.1.4\jakarta.activation-api-2.1.4.jar;C:\Users\user\.m2\repository\org\eclipse\angus\angus-activation\2.0.3\angus-activation-2.0.3.jar;C:\Users\user\.m2\repository\org\springframework\boot\spring-boot-starter-websocket\3.5.8\spring-boot-starter-websocket-3.5.8.jar;C:\Users\user\.m2\repository\org\springframework\spring-messaging\6.2.14\spring-messaging-6.2.14.jar;C:\Users\user\.m2\repository\org\springframework\spring-websocket\6.2.14\spring-websocket-6.2.14.jar;C:\Users\user\.m2\repository\org\springframework\boot\spring-boot-starter-web\3.5.8\spring-boot-starter-web-3.5.8.jar;C:\Users\user\.m2\repository\org\springframework\boot\spring-boot-starter-json\3.5.8\spring-boot-starter-json-3.5.8.jar;C:\Users\user\.m2\repository\com\fasterxml\jackson\datatype\jackson-datatype-jdk8\2.19.4\jackson-datatype-jdk8-2.19.4.jar;C:\Users\user\.m2\repository\com\fasterxml\jackson\module\jackson-module-parameter-names\2.19.4\jackson-module-parameter-names-2.19.4.jar;C:\Users\user\.m2\repository\org\springframework\boot\spring-boot-starter-tomcat\3.5.8\spring-boot-starter-tomcat-3.5.8.jar;C:\Users\user\.m2\repository\org\apache\tomcat\embed\tomcat-embed-core\10.1.49\tomcat-embed-core-10.1.49.jar;C:\Users\user\.m2\repository\org\apache\tomcat\embed\tomcat-embed-websocket\10.1.49\tomcat-embed-websocket-10.1.49.jar;C:\Users\user\.m2\repository\org\springframework\spring-web\6.2.14\spring-web-6.2.14.jar;C:\Users\user\.m2\repository\io\micrometer\micrometer-observation\1.15.6\micrometer-observation-1.15.6.jar;C:\Users\user\.m2\repository\io\micrometer\micrometer-commons\1.15.6\micrometer-commons-1.15.6.jar;C:\Users\user\.m2\repository\org\springframework\spring-webmvc\6.2.14\spring-webmvc-6.2.14.jar;C:\Users\user\.m2\repository\org\springframework\spring-expression\6.2.14\spring-expression-6.2.14.jar;C:\Users\user\.m2\repository\com\mysql\mysql-connector-j\8.3.0\mysql-connector-j-8.3.0.jar;C:\Users\user\.m2\repository\com\h2database\h2\2.3.232\h2-2.3.232.jar;C:\Users\user\.m2\repository\org\projectlombok\lombok\1.18.42\lombok-1.18.42.jar;C:\Users\user\.m2\repository\com\fasterxml\jackson\datatype\jackson-datatype-hibernate6\2.19.4\jackson-datatype-hibernate6-2.19.4.jar;C:\Users\user\.m2\repository\jakarta\transaction\jakarta.transaction-api\2.0.1\jakarta.transaction-api-2.0.1.jar;C:\Users\user\.m2\repository\com\fasterxml\jackson\core\jackson-core\2.19.4\jackson-core-2.19.4.jar;C:\Users\user\.m2\repository\com\fasterxml\jackson\core\jackson-databind\2.19.4\jackson-databind-2.19.4.jar;C:\Users\user\.m2\repository\org\springframework\boot\spring-boot-starter-test\3.5.8\spring-boot-starter-test-3.5.8.jar;C:\Users\user\.m2\repository\org\springframework\boot\spring-boot-test\3.5.8\spring-boot-test-3.5.8.jar;C:\Users\user\.m2\repository\org\springframework\boot\spring-boot-test-autoconfigure\3.5.8\spring-boot-test-autoconfigure-3.5.8.jar;C:\Users\user\.m2\repository\com\jayway\jsonpath\json-path\2.9.0\json-path-2.9.0.jar;C:\Users\user\.m2\repository\jakarta\xml\bind\jakarta.xml.bind-api\4.0.4\jakarta.xml.bind-api-4.0.4.jar;C:\Users\user\.m2\repository\net\minidev\json-smart\2.5.2\json-smart-2.5.2.jar;C:\Users\user\.m2\repository\net\minidev\accessors-smart\2.5.2\accessors-smart-2.5.2.jar;C:\Users\user\.m2\repository\org\ow2\asm\asm\9.7.1\asm-9.7.1.jar;C:\Users\user\.m2\repository\org\assertj\assertj-core\3.27.6\assertj-core-3.27.6.jar;C:\Users\user\.m2\repository\org\awaitility\awaitility\4.2.2\awaitility-4.2.2.jar;C:\Users\user\.m2\repository\org\hamcrest\hamcrest\3.0\hamcrest-3.0.jar;C:\Users\user\.m2\repository\org\junit\jupiter\junit-jupiter\5.12.2\junit-jupiter-5.12.2.jar;C:\Users\user\.m2\repository\org\junit\jupiter\junit-jupiter-api\5.12.2\junit-jupiter-api-5.12.2.jar;C:\Users\user\.m2\repository\org\opentest4j\opentest4j\1.3.0\opentest4j-1.3.0.jar;C:\Users\user\.m2\repository\org\junit\platform\junit-platform-commons\1.12.2\junit-platform-commons-1.12.2.jar;C:\Users\user\.m2\repository\org\apiguardian\apiguardian-api\1.1.2\apiguardian-api-1.1.2.jar;C:\Users\user\.m2\repository\org\junit\jupiter\junit-jupiter-params\5.12.2\junit-jupiter-params-5.12.2.jar;C:\Users\user\.m2\repository\org\junit\jupiter\junit-jupiter-engine\5.12.2\junit-jupiter-engine-5.12.2.jar;C:\Users\user\.m2\repository\org\junit\platform\junit-platform-engine\1.12.2\junit-platform-engine-1.12.2.jar;C:\Users\user\.m2\repository\org\mockito\mockito-core\5.17.0\mockito-core-5.17.0.jar;C:\Users\user\.m2\repository\net\bytebuddy\byte-buddy-agent\1.17.8\byte-buddy-agent-1.17.8.jar;C:\Users\user\.m2\repository\org\objenesis\objenesis\3.3\objenesis-3.3.jar;C:\Users\user\.m2\repository\org\mockito\mockito-junit-jupiter\5.17.0\mockito-junit-jupiter-5.17.0.jar;C:\Users\user\.m2\repository\org\skyscreamer\jsonassert\1.5.3\jsonassert-1.5.3.jar;C:\Users\user\.m2\repository\com\vaadin\external\google\android-json\0.0.20131108.vaadin1\android-json-0.0.20131108.vaadin1.jar;C:\Users\user\.m2\repository\org\springframework\spring-core\6.2.14\spring-core-6.2.14.jar;C:\Users\user\.m2\repository\org\springframework\spring-jcl\6.2.14\spring-jcl-6.2.14.jar;C:\Users\user\.m2\repository\org\springframework\spring-test\6.2.14\spring-test-6.2.14.jar;C:\Users\user\.m2\repository\org\xmlunit\xmlunit-core\2.10.4\xmlunit-core-2.10.4.jar;C:\Users\user\.m2\repository\org\springframework\security\spring-security-test\6.5.7\spring-security-test-6.5.7.jar;C:\Users\user\.m2\repository\org\springframework\security\spring-security-core\6.5.7\spring-security-core-6.5.7.jar;C:\Users\user\.m2\repository\org\springframework\security\spring-security-crypto\6.5.7\spring-security-crypto-6.5.7.jar;C:\Users\user\.m2\repository\org\springframework\security\spring-security-web\6.5.7\spring-security-web-6.5.7.jar;C:\Users\user\.m2\repository\org\springframework\boot\spring-boot-starter-security\3.5.8\spring-boot-starter-security-3.5.8.jar;C:\Users\user\.m2\repository\org\springframework\spring-aop\6.2.14\spring-aop-6.2.14.jar;C:\Users\user\.m2\repository\org\springframework\security\spring-security-config\6.5.7\spring-security-config-6.5.7.jar;C:\Users\user\.m2\repository\io\jsonwebtoken\jjwt-api\0.11.5\jjwt-api-0.11.5.jar;C:\Users\user\.m2\repository\io\jsonwebtoken\jjwt-impl\0.11.5\jjwt-impl-0.11.5.jar;C:\Users\user\.m2\repository\io\jsonwebtoken\jjwt-jackson\0.11.5\jjwt-jackson-0.11.5.jar;C:\Users\user\.m2\repository\org\springframework\boot\spring-boot-starter-validation\3.5.8\spring-boot-starter-validation-3.5.8.jar;C:\Users\user\.m2\repository\org\apache\tomcat\embed\tomcat-embed-el\10.1.49\tomcat-embed-el-10.1.49.jar;C:\Users\user\.m2\repository\org\hibernate\validator\hibernate-validator\8.0.3.Final\hibernate-validator-8.0.3.Final.jar;C:\Users\user\.m2\repository\jakarta\validation\jakarta.validation-api\3.0.2\jakarta.validation-api-3.0.2.jar;C:\Users\user\.m2\repository\org\springframework\boot\spring-boot-starter-logging\3.5.8\spring-boot-starter-logging-3.5.8.jar;C:\Users\user\.m2\repository\ch\qos\logback\logback-classic\1.5.21\logback-classic-1.5.21.jar;C:\Users\user\.m2\repository\ch\qos\logback\logback-core\1.5.21\logback-core-1.5.21.jar;C:\Users\user\.m2\repository\org\apache\logging\log4j\log4j-to-slf4j\2.24.3\log4j-to-slf4j-2.24.3.jar;C:\Users\user\.m2\repository\org\apache\logging\log4j\log4j-api\2.24.3\log4j-api-2.24.3.jar;C:\Users\user\.m2\repository\org\slf4j\jul-to-slf4j\2.0.17\jul-to-slf4j-2.0.17.jar;C:\Users\user\.m2\repository\com\fasterxml\jackson\datatype\jackson-datatype-jsr310\2.19.4\jackson-datatype-jsr310-2.19.4.jar;C:\Users\user\.m2\repository\com\fasterxml\jackson\core\jackson-annotations\2.19.4\jackson-annotations-2.19.4.jar;C:\Users\user\.m2\repository\jakarta\persistence\jakarta.persistence-api\3.1.0\jakarta.persistence-api-3.1.0.jar;C:\Users\user\.m2\repository\org\junit\platform\junit-platform-launcher\1.12.2\junit-platform-launcher-1.12.2.jar;E:\sts-4.32.0.RELEASE\configuration\org.eclipse.osgi\271\0\.cp;E:\sts-4.32.0.RELEASE\configuration\org.eclipse.osgi\269\0\.cp
Launcher Type: SUN_STANDARD

[Global flags]
     intx CICompilerCount                          = 4                                         {product} {ergonomic}
     uint ConcGCThreads                            = 3                                         {product} {ergonomic}
     uint G1ConcRefinementThreads                  = 10                                        {product} {ergonomic}
   size_t G1HeapRegionSize                         = 1048576                                   {product} {ergonomic}
    uintx GCDrainStackTargetSize                   = 64                                        {product} {ergonomic}
   size_t InitialHeapSize                          = 121634816                                 {product} {ergonomic}
   size_t MarkStackSize                            = 4194304                                   {product} {ergonomic}
   size_t MaxHeapSize                              = 1939865600                                {product} {ergonomic}
   size_t MaxNewSize                               = 1163919360                                {product} {ergonomic}
   size_t MinHeapDeltaBytes                        = 1048576                                   {product} {ergonomic}
   size_t MinHeapSize                              = 8388608                                   {product} {ergonomic}
    uintx NonNMethodCodeHeapSize                   = 5839372                                {pd product} {ergonomic}
    uintx NonProfiledCodeHeapSize                  = 122909434                              {pd product} {ergonomic}
    uintx ProfiledCodeHeapSize                     = 122909434                              {pd product} {ergonomic}
    uintx ReservedCodeCacheSize                    = 251658240                              {pd product} {ergonomic}
     bool SegmentedCodeCache                       = true                                      {product} {ergonomic}
     bool ShowCodeDetailsInExceptionMessages       = true                                   {manageable} {command line}
   size_t SoftMaxHeapSize                          = 1939865600                             {manageable} {ergonomic}
     bool UseCompressedOops                        = true                           {product lp64_product} {ergonomic}
     bool UseG1GC                                  = true                                      {product} {ergonomic}
     bool UseLargePagesIndividualAllocation        = false                                  {pd product} {ergonomic}

Logging:
Log output configuration:
 #0: stdout all=warning uptime,level,tags foldmultilines=false
 #1: stderr all=off uptime,level,tags foldmultilines=false

Environment Variables:
PATH=E:/sts-4.32.0.RELEASE//plugins/org.eclipse.justj.openjdk.hotspot.jre.full.win32.x86_64_21.0.8.v20250724-1412/jre/bin/server;E:/sts-4.32.0.RELEASE//plugins/org.eclipse.justj.openjdk.hotspot.jre.full.win32.x86_64_21.0.8.v20250724-1412/jre/bin;C:\Program Files\Common Files\Oracle\Java\javapath;C:\Program Files (x86)\Common Files\Oracle\Java\java8path;C:\Program Files (x86)\Common Files\Oracle\Java\javapath;C:\WINDOWS\system32;C:\WINDOWS;C:\WINDOWS\System32\Wbem;C:\WINDOWS\System32\WindowsPowerShell\v1.0\;C:\WINDOWS\System32\OpenSSH\;C:\Program Files\dotnet\;C:\Program Files\Git\cmd;C:\Program Files\nodejs\dowload\;C:\xampp;C:\Users\user\scoop\shims;C:\Users\user\AppData\Local\Programs\Python\Python313\Scripts\;C:\Users\user\AppData\Local\Programs\Python\Python313\;C:\Users\user\AppData\Local\Microsoft\WindowsApps;C:\Users\user\.dotnet\tools;;C:\Program Files\JetBrains\IntelliJ IDEA Community Edition 2025.1.2\bin;;C:\Users\user\AppData\Roaming\npm;E:\MenuDados\IntelliJ IDEA Community Edition 2025.1.2\bin;;C:\Users\user\AppData\Local\Programs\Microsoft VS Code\bin;E:\sts-4.32.0.RELEASE;
USERNAME=user
OS=Windows_NT
PROCESSOR_IDENTIFIER=AMD64 Family 23 Model 96 Stepping 1, AuthenticAMD
TMP=C:\Users\user\AppData\Local\Temp
TEMP=C:\Users\user\AppData\Local\Temp




Periodic native trim disabled

---------------  S Y S T E M  ---------------

OS:
 Windows 11 , 64 bit Build 22621 (10.0.22621.5415)
OS uptime: 7 days 7:08 hours
Hyper-V role detected

CPU: total 12 (initial active 12) (12 cores per cpu, 2 threads per core) family 23 model 96 stepping 1 microcode 0x0, cx8, cmov, fxsr, ht, mmx, 3dnowpref, sse, sse2, sse3, ssse3, sse4a, sse4.1, sse4.2, popcnt, lzcnt, tsc, tscinvbit, avx, avx2, aes, clmul, bmi1, bmi2, adx, sha, fma, vzeroupper, clflush, clflushopt, hv, rdtscp, rdpid, f16c
Processor Information for the first 12 processors :
  Max Mhz: 2100, Current Mhz: 2100, Mhz Limit: 2100

Memory: 4k page, system-wide physical 7399M (155M free)
TotalPageFile size 18987M (AvailPageFile size 45M)
current process WorkingSet (physical memory assigned to process): 363M, peak: 366M
current process commit charge ("private bytes"): 399M, peak: 488M

vm_info: OpenJDK 64-Bit Server VM (21.0.8+9-LTS) for windows-amd64 JRE (21.0.8+9-LTS), built on 2025-07-15T00:00:00Z by "admin" with MS VC++ 17.7 (VS2022)

END.
