#
# There is insufficient memory for the Java Runtime Environment to continue.
# Native memory allocation (malloc) failed to allocate 1921056 bytes. Error detail: Chunk::new
# Possible reasons:
#   The system is out of physical RAM or swap space
#   This process is running with CompressedOops enabled, and the Java Heap may be blocking the growth of the native heap
# Possible solutions:
#   Reduce memory load on the system
#   Increase physical memory or swap space
#   Check if swap backing store is full
#   Decrease Java heap size (-Xmx/-Xms)
#   Decrease number of Java threads
#   Decrease Java thread stack sizes (-Xss)
#   Set larger code cache with -XX:ReservedCodeCacheSize=
#   JVM is running with Unscaled Compressed Oops mode in which the Java heap is
#     placed in the first 4GB address space. The Java Heap base address is the
#     maximum limit for the native heap growth. Please use -XX:HeapBaseMinAddress
#     to set the Java Heap base and to place the Java Heap above 4GB virtual address.
# This output file may be truncated or incomplete.
#
#  Out of Memory Error (arena.cpp:168), pid=9040, tid=17312
#
# JRE version: OpenJDK Runtime Environment Temurin-21.0.8+9 (21.0.8+9) (build 21.0.8+9-LTS)
# Java VM: OpenJDK 64-Bit Server VM Temurin-21.0.8+9 (21.0.8+9-LTS, mixed mode, sharing, tiered, compressed oops, compressed class ptrs, g1 gc, windows-amd64)
# No core dump will be written. Minidumps are not enabled by default on client versions of Windows
#

---------------  S U M M A R Y ------------

Command Line: -ea -Dfile.encoding=UTF-8 -Dstdout.encoding=UTF-8 -Dstderr.encoding=UTF-8 -XX:+ShowCodeDetailsInExceptionMessages org.eclipse.jdt.internal.junit.runner.RemoteTestRunner -version 3 -port 53799 -testLoaderClass org.eclipse.jdt.internal.junit5.runner.JUnit5TestLoader -loaderpluginname org.eclipse.jdt.junit5.runtime -classNames com.GestaoRotas.GestaoRotas.Controllers.ControllerMaintenanceTest

Host: AMD Ryzen 5 PRO 4650U with Radeon Graphics, 12 cores, 7G,  Windows 11 , 64 bit Build 22621 (10.0.22621.5415)
Time: Sat May  9 07:40:24 2026 GMT Summer Time elapsed time: 12.877716 seconds (0d 0h 0m 12s)

---------------  T H R E A D  ---------------

Current thread (0x000001466f5c5680):  JavaThread "C2 CompilerThread1" daemon [_thread_in_native, id=17312, stack(0x0000004191e00000,0x0000004191f00000) (1024K)]


Current CompileTask:
C2:12877 9498   !   4       org.springframework.beans.factory.support.DefaultListableBeanFactory::doGetBeanNamesForType (527 bytes)

Stack: [0x0000004191e00000,0x0000004191f00000]
Native frames: (J=compiled Java code, j=interpreted, Vv=VM code, C=native code)
V  [jvm.dll+0x6d2449]
V  [jvm.dll+0x8ae341]
V  [jvm.dll+0x8b08be]
V  [jvm.dll+0x8b0fa3]
V  [jvm.dll+0x280c96]
V  [jvm.dll+0xc581d]
V  [jvm.dll+0xc5d53]
V  [jvm.dll+0x3b919c]
V  [jvm.dll+0x1e1409]
V  [jvm.dll+0x249022]
V  [jvm.dll+0x2484af]
V  [jvm.dll+0x1c89ee]
V  [jvm.dll+0x257d4d]
V  [jvm.dll+0x2562ea]
V  [jvm.dll+0x3f2d16]
V  [jvm.dll+0x857e6b]
V  [jvm.dll+0x6d0b0d]
C  [ucrtbase.dll+0x29333]
C  [KERNEL32.DLL+0x1259d]
C  [ntdll.dll+0x5af78]


---------------  P R O C E S S  ---------------

Threads class SMR info:
_java_thread_list=0x000001466ede8ed0, length=15, elements={
0x000001460b1d07a0, 0x0000014625542470, 0x000001462554b590, 0x000001462554e2b0,
0x000001462554ed00, 0x00000146255580b0, 0x0000014625566ea0, 0x000001462555a030,
0x000001462556aea0, 0x00000146255640b0, 0x0000014625564dd0, 0x0000014625565af0,
0x0000014625563a20, 0x0000014625564740, 0x000001466f5c5680
}

Java Threads: ( => current thread )
  0x000001460b1d07a0 JavaThread "main"                              [_thread_in_Java, id=5096, stack(0x0000004190600000,0x0000004190700000) (1024K)]
  0x0000014625542470 JavaThread "Reference Handler"          daemon [_thread_blocked, id=28492, stack(0x0000004190e00000,0x0000004190f00000) (1024K)]
  0x000001462554b590 JavaThread "Finalizer"                  daemon [_thread_blocked, id=27304, stack(0x0000004190f00000,0x0000004191000000) (1024K)]
  0x000001462554e2b0 JavaThread "Signal Dispatcher"          daemon [_thread_blocked, id=26948, stack(0x0000004191000000,0x0000004191100000) (1024K)]
  0x000001462554ed00 JavaThread "Attach Listener"            daemon [_thread_blocked, id=6360, stack(0x0000004191100000,0x0000004191200000) (1024K)]
  0x00000146255580b0 JavaThread "Service Thread"             daemon [_thread_blocked, id=13624, stack(0x0000004191200000,0x0000004191300000) (1024K)]
  0x0000014625566ea0 JavaThread "Monitor Deflation Thread"   daemon [_thread_blocked, id=15696, stack(0x0000004191300000,0x0000004191400000) (1024K)]
  0x000001462555a030 JavaThread "C2 CompilerThread0"         daemon [_thread_in_native, id=13472, stack(0x0000004191400000,0x0000004191500000) (1024K)]
  0x000001462556aea0 JavaThread "C1 CompilerThread0"         daemon [_thread_blocked, id=12680, stack(0x0000004191500000,0x0000004191600000) (1024K)]
  0x00000146255640b0 JavaThread "Notification Thread"        daemon [_thread_blocked, id=5208, stack(0x0000004191600000,0x0000004191700000) (1024K)]
  0x0000014625564dd0 JavaThread "Common-Cleaner"             daemon [_thread_blocked, id=23396, stack(0x0000004191700000,0x0000004191800000) (1024K)]
  0x0000014625565af0 JavaThread "ReaderThread"                      [_thread_in_native, id=23072, stack(0x0000004191800000,0x0000004191900000) (1024K)]
  0x0000014625563a20 JavaThread "mysql-cj-abandoned-connection-cleanup" daemon [_thread_blocked, id=26044, stack(0x0000004192200000,0x0000004192300000) (1024K)]
  0x0000014625564740 JavaThread "HikariPool-1:housekeeper"   daemon [_thread_blocked, id=22884, stack(0x0000004192700000,0x0000004192800000) (1024K)]
=>0x000001466f5c5680 JavaThread "C2 CompilerThread1"         daemon [_thread_in_native, id=17312, stack(0x0000004191e00000,0x0000004191f00000) (1024K)]
Total: 15

Other Threads:
  0x0000014625530290 VMThread "VM Thread"                           [id=19872, stack(0x0000004190d00000,0x0000004190e00000) (1024K)]
  0x00000146255207a0 WatcherThread "VM Periodic Task Thread"        [id=22748, stack(0x0000004190c00000,0x0000004190d00000) (1024K)]
  0x000001460d6379c0 WorkerThread "GC Thread#0"                     [id=17184, stack(0x0000004190700000,0x0000004190800000) (1024K)]
  0x000001466b9b75a0 WorkerThread "GC Thread#1"                     [id=1208, stack(0x0000004191900000,0x0000004191a00000) (1024K)]
  0x000001466b9cf4e0 WorkerThread "GC Thread#2"                     [id=14864, stack(0x0000004191a00000,0x0000004191b00000) (1024K)]
  0x000001466b9cf880 WorkerThread "GC Thread#3"                     [id=20936, stack(0x0000004191b00000,0x0000004191c00000) (1024K)]
  0x000001466b93ad80 WorkerThread "GC Thread#4"                     [id=16632, stack(0x0000004191c00000,0x0000004191d00000) (1024K)]
  0x000001466b93b120 WorkerThread "GC Thread#5"                     [id=25944, stack(0x0000004191d00000,0x0000004191e00000) (1024K)]
  0x000001466e06f4f0 WorkerThread "GC Thread#6"                     [id=1824, stack(0x0000004191f00000,0x0000004192000000) (1024K)]
  0x000001466e06f890 WorkerThread "GC Thread#7"                     [id=22576, stack(0x0000004192000000,0x0000004192100000) (1024K)]
  0x000001466be65fe0 WorkerThread "GC Thread#8"                     [id=14408, stack(0x0000004192100000,0x0000004192200000) (1024K)]
  0x000001466be66e60 WorkerThread "GC Thread#9"                     [id=17568, stack(0x0000004192300000,0x0000004192400000) (1024K)]
  0x000001460d6482a0 ConcurrentGCThread "G1 Main Marker"            [id=27864, stack(0x0000004190800000,0x0000004190900000) (1024K)]
  0x000001460d649540 WorkerThread "G1 Conc#0"                       [id=17128, stack(0x0000004190900000,0x0000004190a00000) (1024K)]
  0x000001466be66380 WorkerThread "G1 Conc#1"                       [id=25484, stack(0x0000004192400000,0x0000004192500000) (1024K)]
  0x000001466be675a0 WorkerThread "G1 Conc#2"                       [id=9132, stack(0x0000004192500000,0x0000004192600000) (1024K)]
  0x00000146253efde0 ConcurrentGCThread "G1 Refine#0"               [id=14172, stack(0x0000004190a00000,0x0000004190b00000) (1024K)]
  0x00000146253f0950 ConcurrentGCThread "G1 Service"                [id=14132, stack(0x0000004190b00000,0x0000004190c00000) (1024K)]
Total: 18

Threads with active compile tasks:
C2 CompilerThread0  12912 9580       4       org.springframework.orm.jpa.support.PersistenceAnnotationBeanPostProcessor$$Lambda/0x0000014627484ae0::doWith (17 bytes)
C2 CompilerThread1  12912 9498   !   4       org.springframework.beans.factory.support.DefaultListableBeanFactory::doGetBeanNamesForType (527 bytes)
Total: 2

VM state: not at safepoint (normal execution)

VM Mutex/Monitor currently owned by a thread: None

Heap address: 0x000000008c600000, size: 1850 MB, Compressed Oops mode: 32-bit

CDS archive(s) mapped at: [0x0000014626000000-0x0000014626c80000-0x0000014626c80000), size 13107200, SharedBaseAddress: 0x0000014626000000, ArchiveRelocationMode: 1.
Compressed class space mapped at: 0x0000014627000000-0x0000014667000000, reserved size: 1073741824
Narrow klass base: 0x0000014626000000, Narrow klass shift: 0, Narrow klass range: 0x100000000

GC Precious Log:
 CardTable entry size: 512
 Card Set container configuration: InlinePtr #cards 5 size 8 Array Of Cards #cards 12 size 40 Howl #buckets 4 coarsen threshold 1843 Howl Bitmap #cards 512 size 80 coarsen threshold 460 Card regions per heap region 1 cards per card region 2048
 CPUs: 12 total, 12 available
 Memory: 7399M
 Large Page Support: Disabled
 NUMA Support: Disabled
 Compressed Oops: Enabled (32-bit)
 Heap Region Size: 1M
 Heap Min Capacity: 8M
 Heap Initial Capacity: 116M
 Heap Max Capacity: 1850M
 Pre-touch: Disabled
 Parallel Workers: 10
 Concurrent Workers: 3
 Concurrent Refinement Workers: 10
 Periodic GC: Disabled

Heap:
 garbage-first heap   total 142336K, used 85201K [0x000000008c600000, 0x0000000100000000)
  region size 1024K, 43 young (44032K), 8 survivors (8192K)
 Metaspace       used 83989K, committed 84736K, reserved 1179648K
  class space    used 11704K, committed 12032K, reserved 1048576K

Heap Regions: E=young(eden), S=young(survivor), O=old, HS=humongous(starts), HC=humongous(continues), CS=collection set, F=free, TAMS=top-at-mark-start, PB=parsable bottom
|   0|0x000000008c600000, 0x000000008c700000, 0x000000008c700000|100%|HS|  |TAMS 0x000000008c600000| PB 0x000000008c600000| Complete 
|   1|0x000000008c700000, 0x000000008c800000, 0x000000008c800000|100%|HS|  |TAMS 0x000000008c700000| PB 0x000000008c700000| Complete 
|   2|0x000000008c800000, 0x000000008c900000, 0x000000008c900000|100%| O|  |TAMS 0x000000008c800000| PB 0x000000008c800000| Untracked 
|   3|0x000000008c900000, 0x000000008ca00000, 0x000000008ca00000|100%| O|  |TAMS 0x000000008c900000| PB 0x000000008c900000| Untracked 
|   4|0x000000008ca00000, 0x000000008cb00000, 0x000000008cb00000|100%| O|  |TAMS 0x000000008ca00000| PB 0x000000008ca00000| Untracked 
|   5|0x000000008cb00000, 0x000000008cc00000, 0x000000008cc00000|100%| O|  |TAMS 0x000000008cb00000| PB 0x000000008cb00000| Untracked 
|   6|0x000000008cc00000, 0x000000008cd00000, 0x000000008cd00000|100%| O|  |TAMS 0x000000008cc00000| PB 0x000000008cc00000| Untracked 
|   7|0x000000008cd00000, 0x000000008ce00000, 0x000000008ce00000|100%| O|  |TAMS 0x000000008cd00000| PB 0x000000008cd00000| Untracked 
|   8|0x000000008ce00000, 0x000000008cf00000, 0x000000008cf00000|100%| O|  |TAMS 0x000000008ce00000| PB 0x000000008ce00000| Untracked 
|   9|0x000000008cf00000, 0x000000008d000000, 0x000000008d000000|100%| O|  |TAMS 0x000000008cf00000| PB 0x000000008cf00000| Untracked 
|  10|0x000000008d000000, 0x000000008d100000, 0x000000008d100000|100%| O|  |TAMS 0x000000008d000000| PB 0x000000008d000000| Untracked 
|  11|0x000000008d100000, 0x000000008d200000, 0x000000008d200000|100%| O|  |TAMS 0x000000008d100000| PB 0x000000008d100000| Untracked 
|  12|0x000000008d200000, 0x000000008d300000, 0x000000008d300000|100%| O|  |TAMS 0x000000008d200000| PB 0x000000008d200000| Untracked 
|  13|0x000000008d300000, 0x000000008d400000, 0x000000008d400000|100%| O|  |TAMS 0x000000008d300000| PB 0x000000008d300000| Untracked 
|  14|0x000000008d400000, 0x000000008d500000, 0x000000008d500000|100%| O|  |TAMS 0x000000008d400000| PB 0x000000008d400000| Untracked 
|  15|0x000000008d500000, 0x000000008d600000, 0x000000008d600000|100%| O|  |TAMS 0x000000008d500000| PB 0x000000008d500000| Untracked 
|  16|0x000000008d600000, 0x000000008d700000, 0x000000008d700000|100%| O|  |TAMS 0x000000008d600000| PB 0x000000008d600000| Untracked 
|  17|0x000000008d700000, 0x000000008d800000, 0x000000008d800000|100%| O|  |TAMS 0x000000008d700000| PB 0x000000008d700000| Untracked 
|  18|0x000000008d800000, 0x000000008d900000, 0x000000008d900000|100%| O|  |TAMS 0x000000008d800000| PB 0x000000008d800000| Untracked 
|  19|0x000000008d900000, 0x000000008da00000, 0x000000008da00000|100%| O|  |TAMS 0x000000008d900000| PB 0x000000008d900000| Untracked 
|  20|0x000000008da00000, 0x000000008db00000, 0x000000008db00000|100%| O|  |TAMS 0x000000008da00000| PB 0x000000008da00000| Untracked 
|  21|0x000000008db00000, 0x000000008dc00000, 0x000000008dc00000|100%| O|  |TAMS 0x000000008db00000| PB 0x000000008db00000| Untracked 
|  22|0x000000008dc00000, 0x000000008dd00000, 0x000000008dd00000|100%| O|  |TAMS 0x000000008dc00000| PB 0x000000008dc00000| Untracked 
|  23|0x000000008dd00000, 0x000000008de00000, 0x000000008de00000|100%| O|  |TAMS 0x000000008dd00000| PB 0x000000008dd00000| Untracked 
|  24|0x000000008de00000, 0x000000008df00000, 0x000000008df00000|100%| O|  |TAMS 0x000000008de00000| PB 0x000000008de00000| Untracked 
|  25|0x000000008df00000, 0x000000008e000000, 0x000000008e000000|100%| O|  |TAMS 0x000000008df00000| PB 0x000000008df00000| Untracked 
|  26|0x000000008e000000, 0x000000008e100000, 0x000000008e100000|100%| O|  |TAMS 0x000000008e000000| PB 0x000000008e000000| Untracked 
|  27|0x000000008e100000, 0x000000008e200000, 0x000000008e200000|100%| O|  |TAMS 0x000000008e100000| PB 0x000000008e100000| Untracked 
|  28|0x000000008e200000, 0x000000008e300000, 0x000000008e300000|100%| O|  |TAMS 0x000000008e200000| PB 0x000000008e200000| Untracked 
|  29|0x000000008e300000, 0x000000008e400000, 0x000000008e400000|100%| O|  |TAMS 0x000000008e300000| PB 0x000000008e300000| Untracked 
|  30|0x000000008e400000, 0x000000008e400000, 0x000000008e500000|  0%| F|  |TAMS 0x000000008e400000| PB 0x000000008e400000| Untracked 
|  31|0x000000008e500000, 0x000000008e600000, 0x000000008e600000|100%| O|  |TAMS 0x000000008e500000| PB 0x000000008e500000| Untracked 
|  32|0x000000008e600000, 0x000000008e700000, 0x000000008e700000|100%| O|  |TAMS 0x000000008e600000| PB 0x000000008e600000| Untracked 
|  33|0x000000008e700000, 0x000000008e800000, 0x000000008e800000|100%| O|  |TAMS 0x000000008e700000| PB 0x000000008e700000| Untracked 
|  34|0x000000008e800000, 0x000000008e900000, 0x000000008e900000|100%| O|  |TAMS 0x000000008e800000| PB 0x000000008e800000| Untracked 
|  35|0x000000008e900000, 0x000000008ea00000, 0x000000008ea00000|100%| O|  |TAMS 0x000000008e900000| PB 0x000000008e900000| Untracked 
|  36|0x000000008ea00000, 0x000000008eb00000, 0x000000008eb00000|100%| O|  |TAMS 0x000000008ea00000| PB 0x000000008ea00000| Untracked 
|  37|0x000000008eb00000, 0x000000008ec00000, 0x000000008ec00000|100%| O|  |TAMS 0x000000008eb00000| PB 0x000000008eb00000| Untracked 
|  38|0x000000008ec00000, 0x000000008ec00000, 0x000000008ed00000|  0%| F|  |TAMS 0x000000008ec00000| PB 0x000000008ec00000| Untracked 
|  39|0x000000008ed00000, 0x000000008ed00000, 0x000000008ee00000|  0%| F|  |TAMS 0x000000008ed00000| PB 0x000000008ed00000| Untracked 
|  40|0x000000008ee00000, 0x000000008eecf9d0, 0x000000008ef00000| 81%| O|  |TAMS 0x000000008ee00000| PB 0x000000008ee00000| Untracked 
|  41|0x000000008ef00000, 0x000000008ef00000, 0x000000008f000000|  0%| F|  |TAMS 0x000000008ef00000| PB 0x000000008ef00000| Untracked 
|  42|0x000000008f000000, 0x000000008f000000, 0x000000008f100000|  0%| F|  |TAMS 0x000000008f000000| PB 0x000000008f000000| Untracked 
|  43|0x000000008f100000, 0x000000008f100000, 0x000000008f200000|  0%| F|  |TAMS 0x000000008f100000| PB 0x000000008f100000| Untracked 
|  44|0x000000008f200000, 0x000000008f200000, 0x000000008f300000|  0%| F|  |TAMS 0x000000008f200000| PB 0x000000008f200000| Untracked 
|  45|0x000000008f300000, 0x000000008f364ae0, 0x000000008f400000| 39%| S|CS|TAMS 0x000000008f300000| PB 0x000000008f300000| Complete 
|  46|0x000000008f400000, 0x000000008f500000, 0x000000008f500000|100%| S|CS|TAMS 0x000000008f400000| PB 0x000000008f400000| Complete 
|  47|0x000000008f500000, 0x000000008f600000, 0x000000008f600000|100%| O|  |TAMS 0x000000008f500000| PB 0x000000008f500000| Untracked 
|  48|0x000000008f600000, 0x000000008f700000, 0x000000008f700000|100%| S|CS|TAMS 0x000000008f600000| PB 0x000000008f600000| Complete 
|  49|0x000000008f700000, 0x000000008f800000, 0x000000008f800000|100%| S|CS|TAMS 0x000000008f700000| PB 0x000000008f700000| Complete 
|  50|0x000000008f800000, 0x000000008f900000, 0x000000008f900000|100%| S|CS|TAMS 0x000000008f800000| PB 0x000000008f800000| Complete 
|  51|0x000000008f900000, 0x000000008fa00000, 0x000000008fa00000|100%| S|CS|TAMS 0x000000008f900000| PB 0x000000008f900000| Complete 
|  52|0x000000008fa00000, 0x000000008fb00000, 0x000000008fb00000|100%| S|CS|TAMS 0x000000008fa00000| PB 0x000000008fa00000| Complete 
|  53|0x000000008fb00000, 0x000000008fc00000, 0x000000008fc00000|100%| S|CS|TAMS 0x000000008fb00000| PB 0x000000008fb00000| Complete 
|  54|0x000000008fc00000, 0x000000008fc00000, 0x000000008fd00000|  0%| F|  |TAMS 0x000000008fc00000| PB 0x000000008fc00000| Untracked 
|  55|0x000000008fd00000, 0x000000008fd00000, 0x000000008fe00000|  0%| F|  |TAMS 0x000000008fd00000| PB 0x000000008fd00000| Untracked 
|  56|0x000000008fe00000, 0x000000008fe00000, 0x000000008ff00000|  0%| F|  |TAMS 0x000000008fe00000| PB 0x000000008fe00000| Untracked 
|  57|0x000000008ff00000, 0x000000008ff00000, 0x0000000090000000|  0%| F|  |TAMS 0x000000008ff00000| PB 0x000000008ff00000| Untracked 
|  58|0x0000000090000000, 0x0000000090000000, 0x0000000090100000|  0%| F|  |TAMS 0x0000000090000000| PB 0x0000000090000000| Untracked 
|  59|0x0000000090100000, 0x0000000090100000, 0x0000000090200000|  0%| F|  |TAMS 0x0000000090100000| PB 0x0000000090100000| Untracked 
|  60|0x0000000090200000, 0x0000000090200000, 0x0000000090300000|  0%| F|  |TAMS 0x0000000090200000| PB 0x0000000090200000| Untracked 
|  61|0x0000000090300000, 0x0000000090300000, 0x0000000090400000|  0%| F|  |TAMS 0x0000000090300000| PB 0x0000000090300000| Untracked 
|  62|0x0000000090400000, 0x0000000090400000, 0x0000000090500000|  0%| F|  |TAMS 0x0000000090400000| PB 0x0000000090400000| Untracked 
|  63|0x0000000090500000, 0x0000000090500000, 0x0000000090600000|  0%| F|  |TAMS 0x0000000090500000| PB 0x0000000090500000| Untracked 
|  64|0x0000000090600000, 0x0000000090600000, 0x0000000090700000|  0%| F|  |TAMS 0x0000000090600000| PB 0x0000000090600000| Untracked 
|  65|0x0000000090700000, 0x0000000090700000, 0x0000000090800000|  0%| F|  |TAMS 0x0000000090700000| PB 0x0000000090700000| Untracked 
|  66|0x0000000090800000, 0x0000000090800000, 0x0000000090900000|  0%| F|  |TAMS 0x0000000090800000| PB 0x0000000090800000| Untracked 
|  67|0x0000000090900000, 0x0000000090900000, 0x0000000090a00000|  0%| F|  |TAMS 0x0000000090900000| PB 0x0000000090900000| Untracked 
|  68|0x0000000090a00000, 0x0000000090a00000, 0x0000000090b00000|  0%| F|  |TAMS 0x0000000090a00000| PB 0x0000000090a00000| Untracked 
|  69|0x0000000090b00000, 0x0000000090b00000, 0x0000000090c00000|  0%| F|  |TAMS 0x0000000090b00000| PB 0x0000000090b00000| Untracked 
|  70|0x0000000090c00000, 0x0000000090c00000, 0x0000000090d00000|  0%| F|  |TAMS 0x0000000090c00000| PB 0x0000000090c00000| Untracked 
|  71|0x0000000090d00000, 0x0000000090d00000, 0x0000000090e00000|  0%| F|  |TAMS 0x0000000090d00000| PB 0x0000000090d00000| Untracked 
|  72|0x0000000090e00000, 0x0000000090e00000, 0x0000000090f00000|  0%| F|  |TAMS 0x0000000090e00000| PB 0x0000000090e00000| Untracked 
|  73|0x0000000090f00000, 0x0000000090f00000, 0x0000000091000000|  0%| F|  |TAMS 0x0000000090f00000| PB 0x0000000090f00000| Untracked 
|  74|0x0000000091000000, 0x0000000091000000, 0x0000000091100000|  0%| F|  |TAMS 0x0000000091000000| PB 0x0000000091000000| Untracked 
|  75|0x0000000091100000, 0x0000000091100000, 0x0000000091200000|  0%| F|  |TAMS 0x0000000091100000| PB 0x0000000091100000| Untracked 
|  76|0x0000000091200000, 0x0000000091200000, 0x0000000091300000|  0%| F|  |TAMS 0x0000000091200000| PB 0x0000000091200000| Untracked 
|  77|0x0000000091300000, 0x0000000091300000, 0x0000000091400000|  0%| F|  |TAMS 0x0000000091300000| PB 0x0000000091300000| Untracked 
|  78|0x0000000091400000, 0x0000000091400000, 0x0000000091500000|  0%| F|  |TAMS 0x0000000091400000| PB 0x0000000091400000| Untracked 
|  79|0x0000000091500000, 0x0000000091500000, 0x0000000091600000|  0%| F|  |TAMS 0x0000000091500000| PB 0x0000000091500000| Untracked 
|  80|0x0000000091600000, 0x0000000091600000, 0x0000000091700000|  0%| F|  |TAMS 0x0000000091600000| PB 0x0000000091600000| Untracked 
|  81|0x0000000091700000, 0x0000000091700000, 0x0000000091800000|  0%| F|  |TAMS 0x0000000091700000| PB 0x0000000091700000| Untracked 
|  82|0x0000000091800000, 0x0000000091800000, 0x0000000091900000|  0%| F|  |TAMS 0x0000000091800000| PB 0x0000000091800000| Untracked 
|  83|0x0000000091900000, 0x0000000091900000, 0x0000000091a00000|  0%| F|  |TAMS 0x0000000091900000| PB 0x0000000091900000| Untracked 
|  84|0x0000000091a00000, 0x0000000091a00000, 0x0000000091b00000|  0%| F|  |TAMS 0x0000000091a00000| PB 0x0000000091a00000| Untracked 
|  85|0x0000000091b00000, 0x0000000091b00000, 0x0000000091c00000|  0%| F|  |TAMS 0x0000000091b00000| PB 0x0000000091b00000| Untracked 
|  86|0x0000000091c00000, 0x0000000091c00000, 0x0000000091d00000|  0%| F|  |TAMS 0x0000000091c00000| PB 0x0000000091c00000| Untracked 
|  87|0x0000000091d00000, 0x0000000091d00000, 0x0000000091e00000|  0%| F|  |TAMS 0x0000000091d00000| PB 0x0000000091d00000| Untracked 
|  88|0x0000000091e00000, 0x0000000091e00000, 0x0000000091f00000|  0%| F|  |TAMS 0x0000000091e00000| PB 0x0000000091e00000| Untracked 
|  89|0x0000000091f00000, 0x0000000091f00000, 0x0000000092000000|  0%| F|  |TAMS 0x0000000091f00000| PB 0x0000000091f00000| Untracked 
|  90|0x0000000092000000, 0x0000000092000000, 0x0000000092100000|  0%| F|  |TAMS 0x0000000092000000| PB 0x0000000092000000| Untracked 
|  91|0x0000000092100000, 0x0000000092100000, 0x0000000092200000|  0%| F|  |TAMS 0x0000000092100000| PB 0x0000000092100000| Untracked 
|  92|0x0000000092200000, 0x0000000092200000, 0x0000000092300000|  0%| F|  |TAMS 0x0000000092200000| PB 0x0000000092200000| Untracked 
|  93|0x0000000092300000, 0x0000000092300000, 0x0000000092400000|  0%| F|  |TAMS 0x0000000092300000| PB 0x0000000092300000| Untracked 
|  94|0x0000000092400000, 0x0000000092400000, 0x0000000092500000|  0%| F|  |TAMS 0x0000000092400000| PB 0x0000000092400000| Untracked 
|  95|0x0000000092500000, 0x0000000092500000, 0x0000000092600000|  0%| F|  |TAMS 0x0000000092500000| PB 0x0000000092500000| Untracked 
|  96|0x0000000092600000, 0x0000000092600000, 0x0000000092700000|  0%| F|  |TAMS 0x0000000092600000| PB 0x0000000092600000| Untracked 
|  97|0x0000000092700000, 0x0000000092700000, 0x0000000092800000|  0%| F|  |TAMS 0x0000000092700000| PB 0x0000000092700000| Untracked 
|  98|0x0000000092800000, 0x0000000092800000, 0x0000000092900000|  0%| F|  |TAMS 0x0000000092800000| PB 0x0000000092800000| Untracked 
|  99|0x0000000092900000, 0x0000000092900000, 0x0000000092a00000|  0%| F|  |TAMS 0x0000000092900000| PB 0x0000000092900000| Untracked 
| 100|0x0000000092a00000, 0x0000000092a00000, 0x0000000092b00000|  0%| F|  |TAMS 0x0000000092a00000| PB 0x0000000092a00000| Untracked 
| 101|0x0000000092b00000, 0x0000000092c00000, 0x0000000092c00000|100%| E|  |TAMS 0x0000000092b00000| PB 0x0000000092b00000| Complete 
| 102|0x0000000092c00000, 0x0000000092d00000, 0x0000000092d00000|100%| E|CS|TAMS 0x0000000092c00000| PB 0x0000000092c00000| Complete 
| 103|0x0000000092d00000, 0x0000000092e00000, 0x0000000092e00000|100%| E|CS|TAMS 0x0000000092d00000| PB 0x0000000092d00000| Complete 
| 104|0x0000000092e00000, 0x0000000092f00000, 0x0000000092f00000|100%| E|CS|TAMS 0x0000000092e00000| PB 0x0000000092e00000| Complete 
| 105|0x0000000092f00000, 0x0000000093000000, 0x0000000093000000|100%| E|CS|TAMS 0x0000000092f00000| PB 0x0000000092f00000| Complete 
| 106|0x0000000093000000, 0x0000000093100000, 0x0000000093100000|100%| E|CS|TAMS 0x0000000093000000| PB 0x0000000093000000| Complete 
| 107|0x0000000093100000, 0x0000000093200000, 0x0000000093200000|100%| E|CS|TAMS 0x0000000093100000| PB 0x0000000093100000| Complete 
| 108|0x0000000093200000, 0x0000000093300000, 0x0000000093300000|100%| E|CS|TAMS 0x0000000093200000| PB 0x0000000093200000| Complete 
| 109|0x0000000093300000, 0x0000000093400000, 0x0000000093400000|100%| E|CS|TAMS 0x0000000093300000| PB 0x0000000093300000| Complete 
| 110|0x0000000093400000, 0x0000000093500000, 0x0000000093500000|100%| E|CS|TAMS 0x0000000093400000| PB 0x0000000093400000| Complete 
| 111|0x0000000093500000, 0x0000000093600000, 0x0000000093600000|100%| E|CS|TAMS 0x0000000093500000| PB 0x0000000093500000| Complete 
| 112|0x0000000093600000, 0x0000000093700000, 0x0000000093700000|100%| E|CS|TAMS 0x0000000093600000| PB 0x0000000093600000| Complete 
| 113|0x0000000093700000, 0x0000000093800000, 0x0000000093800000|100%| E|CS|TAMS 0x0000000093700000| PB 0x0000000093700000| Complete 
| 114|0x0000000093800000, 0x0000000093900000, 0x0000000093900000|100%| E|CS|TAMS 0x0000000093800000| PB 0x0000000093800000| Complete 
| 115|0x0000000093900000, 0x0000000093a00000, 0x0000000093a00000|100%| E|CS|TAMS 0x0000000093900000| PB 0x0000000093900000| Complete 
| 116|0x0000000093a00000, 0x0000000093b00000, 0x0000000093b00000|100%| E|CS|TAMS 0x0000000093a00000| PB 0x0000000093a00000| Complete 
| 117|0x0000000093b00000, 0x0000000093c00000, 0x0000000093c00000|100%| E|CS|TAMS 0x0000000093b00000| PB 0x0000000093b00000| Complete 
| 118|0x0000000093c00000, 0x0000000093d00000, 0x0000000093d00000|100%| E|CS|TAMS 0x0000000093c00000| PB 0x0000000093c00000| Complete 
| 119|0x0000000093d00000, 0x0000000093e00000, 0x0000000093e00000|100%| E|CS|TAMS 0x0000000093d00000| PB 0x0000000093d00000| Complete 
| 120|0x0000000093e00000, 0x0000000093f00000, 0x0000000093f00000|100%| E|CS|TAMS 0x0000000093e00000| PB 0x0000000093e00000| Complete 
| 121|0x0000000093f00000, 0x0000000094000000, 0x0000000094000000|100%| E|CS|TAMS 0x0000000093f00000| PB 0x0000000093f00000| Complete 
| 122|0x0000000094000000, 0x0000000094100000, 0x0000000094100000|100%| E|CS|TAMS 0x0000000094000000| PB 0x0000000094000000| Complete 
| 123|0x0000000094100000, 0x0000000094200000, 0x0000000094200000|100%| E|CS|TAMS 0x0000000094100000| PB 0x0000000094100000| Complete 
| 124|0x0000000094200000, 0x0000000094300000, 0x0000000094300000|100%| E|CS|TAMS 0x0000000094200000| PB 0x0000000094200000| Complete 
| 125|0x0000000094300000, 0x0000000094400000, 0x0000000094400000|100%| E|CS|TAMS 0x0000000094300000| PB 0x0000000094300000| Complete 
| 126|0x0000000094400000, 0x0000000094500000, 0x0000000094500000|100%| E|CS|TAMS 0x0000000094400000| PB 0x0000000094400000| Complete 
| 127|0x0000000094500000, 0x0000000094600000, 0x0000000094600000|100%| E|CS|TAMS 0x0000000094500000| PB 0x0000000094500000| Complete 
| 128|0x0000000094600000, 0x0000000094700000, 0x0000000094700000|100%| E|CS|TAMS 0x0000000094600000| PB 0x0000000094600000| Complete 
| 129|0x0000000094700000, 0x0000000094800000, 0x0000000094800000|100%| E|CS|TAMS 0x0000000094700000| PB 0x0000000094700000| Complete 
| 130|0x0000000094800000, 0x0000000094900000, 0x0000000094900000|100%| E|CS|TAMS 0x0000000094800000| PB 0x0000000094800000| Complete 
| 131|0x0000000094900000, 0x0000000094a00000, 0x0000000094a00000|100%| E|CS|TAMS 0x0000000094900000| PB 0x0000000094900000| Complete 
| 132|0x0000000094a00000, 0x0000000094b00000, 0x0000000094b00000|100%| E|CS|TAMS 0x0000000094a00000| PB 0x0000000094a00000| Complete 
| 133|0x0000000094b00000, 0x0000000094c00000, 0x0000000094c00000|100%| E|CS|TAMS 0x0000000094b00000| PB 0x0000000094b00000| Complete 
| 134|0x0000000094c00000, 0x0000000094d00000, 0x0000000094d00000|100%| E|CS|TAMS 0x0000000094c00000| PB 0x0000000094c00000| Complete 
| 135|0x0000000094d00000, 0x0000000094e00000, 0x0000000094e00000|100%| E|CS|TAMS 0x0000000094d00000| PB 0x0000000094d00000| Complete 
|1847|0x00000000ffd00000, 0x00000000ffe00000, 0x00000000ffe00000|100%| O|  |TAMS 0x00000000ffd00000| PB 0x00000000ffd00000| Untracked 
|1848|0x00000000ffe00000, 0x00000000fff00000, 0x00000000fff00000|100%| O|  |TAMS 0x00000000ffe00000| PB 0x00000000ffe00000| Untracked 
|1849|0x00000000fff00000, 0x0000000100000000, 0x0000000100000000|100%| O|  |TAMS 0x00000000fff00000| PB 0x00000000fff00000| Untracked 

Card table byte_map: [0x0000014620860000,0x0000014620c00000] _byte_map_base: 0x00000146203fd000

Marking Bits: (CMBitMap*) 0x000001460d6380c0
 Bits: [0x0000014620c00000, 0x00000146228e8000)

Polling page: 0x000001460cd90000

Metaspace:

Usage:
  Non-class:     70.59 MB used.
      Class:     11.43 MB used.
       Both:     82.02 MB used.

Virtual space:
  Non-class space:      128.00 MB reserved,      71.00 MB ( 55%) committed,  2 nodes.
      Class space:        1.00 GB reserved,      11.75 MB (  1%) committed,  1 nodes.
             Both:        1.12 GB reserved,      82.75 MB (  7%) committed. 

Chunk freelists:
   Non-Class:  8.80 MB
       Class:  4.10 MB
        Both:  12.89 MB

MaxMetaspaceSize: unlimited
CompressedClassSpaceSize: 1.00 GB
Initial GC threshold: 21.00 MB
Current GC threshold: 127.75 MB
CDS: on
 - commit_granule_bytes: 65536.
 - commit_granule_words: 8192.
 - virtual_space_node_default_size: 8388608.
 - enlarge_chunks_in_place: 1.
 - use_allocation_guard: 0.


Internal statistics:

num_allocs_failed_limit: 9.
num_arena_births: 1140.
num_arena_deaths: 0.
num_vsnodes_births: 3.
num_vsnodes_deaths: 0.
num_space_committed: 1324.
num_space_uncommitted: 0.
num_chunks_returned_to_freelist: 9.
num_chunks_taken_from_freelist: 4234.
num_chunk_merges: 9.
num_chunk_splits: 3013.
num_chunks_enlarged: 2321.
num_inconsistent_stats: 0.

CodeHeap 'non-profiled nmethods': size=120000Kb used=5264Kb max_used=5264Kb free=114735Kb
 bounds [0x0000014618a40000, 0x0000014618f70000, 0x000001461ff70000]
CodeHeap 'profiled nmethods': size=120000Kb used=15162Kb max_used=15162Kb free=104837Kb
 bounds [0x0000014610f70000, 0x0000014611e50000, 0x00000146184a0000]
CodeHeap 'non-nmethods': size=5760Kb used=1744Kb max_used=1816Kb free=4015Kb
 bounds [0x00000146184a0000, 0x0000014618710000, 0x0000014618a40000]
CodeCache: size=245760Kb, used=22170Kb, max_used=22242Kb, free=223587Kb
 total_blobs=8850, nmethods=8093, adapters=660, full_count=0
Compilation: enabled, stopped_count=0, restarted_count=0

Compilation events (20 events):
Event: 12.864 Thread 0x000001462556aea0 9571       3       org.springframework.boot.context.properties.bind.JavaBeanBinder$BeanProperties::isCandidate (83 bytes)
Event: 12.865 Thread 0x000001462556aea0 nmethod 9571 0x0000014611e35510 code [0x0000014611e35740, 0x0000014611e360e8]
Event: 12.865 Thread 0x000001462556aea0 9572       3       org.springframework.boot.context.properties.source.ConfigurationPropertySourcesCaching::forEach (59 bytes)
Event: 12.865 Thread 0x000001462556aea0 nmethod 9572 0x0000014611e36310 code [0x0000014611e36540, 0x0000014611e36e98]
Event: 12.866 Thread 0x000001462556aea0 9574       3       org.springframework.boot.context.properties.source.SpringIterableConfigurationPropertySource::ancestorOfCheck (57 bytes)
Event: 12.866 Thread 0x000001462556aea0 nmethod 9574 0x0000014611e37110 code [0x0000014611e372e0, 0x0000014611e37660]
Event: 12.866 Thread 0x000001462556aea0 9577       3       org.springframework.boot.env.OriginTrackedMapPropertySource::getProperty (25 bytes)
Event: 12.867 Thread 0x000001462556aea0 nmethod 9577 0x0000014611e37810 code [0x0000014611e37a00, 0x0000014611e38048]
Event: 12.867 Thread 0x000001462556aea0 9575       3       java.util.Properties::keySet (12 bytes)
Event: 12.867 Thread 0x000001462556aea0 nmethod 9575 0x0000014611e38190 code [0x0000014611e383a0, 0x0000014611e38970]
Event: 12.867 Thread 0x000001462556aea0 9576       3       java.util.Collections$SynchronizedCollection::stream (10 bytes)
Event: 12.867 Thread 0x000001462556aea0 nmethod 9576 0x0000014611e38b90 code [0x0000014611e38d40, 0x0000014611e38f18]
Event: 12.869 Thread 0x000001462556aea0 9578       3       org.springframework.beans.factory.support.DefaultListableBeanFactory::addSingleton (115 bytes)
Event: 12.870 Thread 0x000001462556aea0 nmethod 9578 0x0000014611e39010 code [0x0000014611e392e0, 0x0000014611e3a448]
Event: 12.870 Thread 0x000001462556aea0 9579       3       org.springframework.beans.factory.support.DefaultSingletonBeanRegistry::addSingleton (100 bytes)
Event: 12.871 Thread 0x000001462556aea0 nmethod 9579 0x0000014611e3a910 code [0x0000014611e3aba0, 0x0000014611e3b780]
Event: 12.872 Thread 0x000001462555a030 nmethod 9515 0x0000014618f5a110 code [0x0000014618f5a4e0, 0x0000014618f5c478]
Event: 12.873 Thread 0x000001462555a030 9573       4       java.lang.String::hashCode (60 bytes)
Event: 12.873 Thread 0x000001462555a030 nmethod 9573 0x0000014618f5d710 code [0x0000014618f5d8a0, 0x0000014618f5d9b0]
Event: 12.873 Thread 0x000001462555a030 9516       4       org.springframework.aop.support.MethodMatchers$IntersectionMethodMatcher::matches (34 bytes)

GC Heap History (20 events):
Event: 10.611 GC heap before
{Heap before GC invocations=19 (full 0):
 garbage-first heap   total 75776K, used 65241K [0x000000008c600000, 0x0000000100000000)
  region size 1024K, 28 young (28672K), 2 survivors (2048K)
 Metaspace       used 75385K, committed 76096K, reserved 1179648K
  class space    used 10573K, committed 10880K, reserved 1048576K
}
Event: 10.617 GC heap after
{Heap after GC invocations=20 (full 0):
 garbage-first heap   total 96256K, used 41669K [0x000000008c600000, 0x0000000100000000)
  region size 1024K, 4 young (4096K), 4 survivors (4096K)
 Metaspace       used 75385K, committed 76096K, reserved 1179648K
  class space    used 10573K, committed 10880K, reserved 1048576K
}
Event: 10.836 GC heap before
{Heap before GC invocations=20 (full 0):
 garbage-first heap   total 96256K, used 79557K [0x000000008c600000, 0x0000000100000000)
  region size 1024K, 42 young (43008K), 4 survivors (4096K)
 Metaspace       used 77126K, committed 77824K, reserved 1179648K
  class space    used 10829K, committed 11136K, reserved 1048576K
}
Event: 10.841 GC heap after
{Heap after GC invocations=21 (full 0):
 garbage-first heap   total 96256K, used 42180K [0x000000008c600000, 0x0000000100000000)
  region size 1024K, 3 young (3072K), 3 survivors (3072K)
 Metaspace       used 77126K, committed 77824K, reserved 1179648K
  class space    used 10829K, committed 11136K, reserved 1048576K
}
Event: 10.921 GC heap before
{Heap before GC invocations=22 (full 0):
 garbage-first heap   total 96256K, used 82116K [0x000000008c600000, 0x0000000100000000)
  region size 1024K, 42 young (43008K), 3 survivors (3072K)
 Metaspace       used 77129K, committed 77824K, reserved 1179648K
  class space    used 10829K, committed 11136K, reserved 1048576K
}
Event: 10.925 GC heap after
{Heap after GC invocations=23 (full 0):
 garbage-first heap   total 96256K, used 42613K [0x000000008c600000, 0x0000000100000000)
  region size 1024K, 4 young (4096K), 4 survivors (4096K)
 Metaspace       used 77129K, committed 77824K, reserved 1179648K
  class space    used 10829K, committed 11136K, reserved 1048576K
}
Event: 11.014 GC heap before
{Heap before GC invocations=23 (full 0):
 garbage-first heap   total 96256K, used 83573K [0x000000008c600000, 0x0000000100000000)
  region size 1024K, 44 young (45056K), 4 survivors (4096K)
 Metaspace       used 77184K, committed 77824K, reserved 1179648K
  class space    used 10839K, committed 11136K, reserved 1048576K
}
Event: 11.019 GC heap after
{Heap after GC invocations=24 (full 0):
 garbage-first heap   total 96256K, used 42733K [0x000000008c600000, 0x0000000100000000)
  region size 1024K, 3 young (3072K), 3 survivors (3072K)
 Metaspace       used 77184K, committed 77824K, reserved 1179648K
  class space    used 10839K, committed 11136K, reserved 1048576K
}
Event: 11.122 GC heap before
{Heap before GC invocations=24 (full 0):
 garbage-first heap   total 96256K, used 85741K [0x000000008c600000, 0x0000000100000000)
  region size 1024K, 45 young (46080K), 3 survivors (3072K)
 Metaspace       used 77290K, committed 77952K, reserved 1179648K
  class space    used 10851K, committed 11136K, reserved 1048576K
}
Event: 11.129 GC heap after
{Heap after GC invocations=25 (full 0):
 garbage-first heap   total 96256K, used 46591K [0x000000008c600000, 0x0000000100000000)
  region size 1024K, 6 young (6144K), 6 survivors (6144K)
 Metaspace       used 77290K, committed 77952K, reserved 1179648K
  class space    used 10851K, committed 11136K, reserved 1048576K
}
Event: 11.211 GC heap before
{Heap before GC invocations=26 (full 0):
 garbage-first heap   total 96256K, used 82431K [0x000000008c600000, 0x0000000100000000)
  region size 1024K, 42 young (43008K), 6 survivors (6144K)
 Metaspace       used 77341K, committed 78016K, reserved 1179648K
  class space    used 10852K, committed 11136K, reserved 1048576K
}
Event: 11.218 GC heap after
{Heap after GC invocations=27 (full 0):
 garbage-first heap   total 142336K, used 48501K [0x000000008c600000, 0x0000000100000000)
  region size 1024K, 3 young (3072K), 3 survivors (3072K)
 Metaspace       used 77341K, committed 78016K, reserved 1179648K
  class space    used 10852K, committed 11136K, reserved 1048576K
}
Event: 11.424 GC heap before
{Heap before GC invocations=27 (full 0):
 garbage-first heap   total 142336K, used 123253K [0x000000008c600000, 0x0000000100000000)
  region size 1024K, 76 young (77824K), 3 survivors (3072K)
 Metaspace       used 77653K, committed 78336K, reserved 1179648K
  class space    used 10891K, committed 11200K, reserved 1048576K
}
Event: 11.429 GC heap after
{Heap after GC invocations=28 (full 0):
 garbage-first heap   total 142336K, used 48593K [0x000000008c600000, 0x0000000100000000)
  region size 1024K, 3 young (3072K), 3 survivors (3072K)
 Metaspace       used 77653K, committed 78336K, reserved 1179648K
  class space    used 10891K, committed 11200K, reserved 1048576K
}
Event: 11.549 GC heap before
{Heap before GC invocations=28 (full 0):
 garbage-first heap   total 142336K, used 130513K [0x000000008c600000, 0x0000000100000000)
  region size 1024K, 83 young (84992K), 3 survivors (3072K)
 Metaspace       used 77790K, committed 78464K, reserved 1179648K
  class space    used 10903K, committed 11200K, reserved 1048576K
}
Event: 11.558 GC heap after
{Heap after GC invocations=29 (full 0):
 garbage-first heap   total 142336K, used 50921K [0x000000008c600000, 0x0000000100000000)
  region size 1024K, 6 young (6144K), 6 survivors (6144K)
 Metaspace       used 77790K, committed 78464K, reserved 1179648K
  class space    used 10903K, committed 11200K, reserved 1048576K
}
Event: 11.744 GC heap before
{Heap before GC invocations=30 (full 0):
 garbage-first heap   total 142336K, used 125673K [0x000000008c600000, 0x0000000100000000)
  region size 1024K, 80 young (81920K), 6 survivors (6144K)
 Metaspace       used 77914K, committed 78592K, reserved 1179648K
  class space    used 10907K, committed 11200K, reserved 1048576K
}
Event: 11.749 GC heap after
{Heap after GC invocations=31 (full 0):
 garbage-first heap   total 142336K, used 49025K [0x000000008c600000, 0x0000000100000000)
  region size 1024K, 5 young (5120K), 5 survivors (5120K)
 Metaspace       used 77914K, committed 78592K, reserved 1179648K
  class space    used 10907K, committed 11200K, reserved 1048576K
}
Event: 12.336 GC heap before
{Heap before GC invocations=31 (full 0):
 garbage-first heap   total 142336K, used 127873K [0x000000008c600000, 0x0000000100000000)
  region size 1024K, 82 young (83968K), 5 survivors (5120K)
 Metaspace       used 80762K, committed 81536K, reserved 1179648K
  class space    used 11241K, committed 11584K, reserved 1048576K
}
Event: 12.345 GC heap after
{Heap after GC invocations=32 (full 0):
 garbage-first heap   total 142336K, used 50385K [0x000000008c600000, 0x0000000100000000)
  region size 1024K, 8 young (8192K), 8 survivors (8192K)
 Metaspace       used 80762K, committed 81536K, reserved 1179648K
  class space    used 11241K, committed 11584K, reserved 1048576K
}

Dll operation events (8 events):
Event: 0.016 Loaded shared library E:\sts-4.32.0.RELEASE\plugins\org.eclipse.justj.openjdk.hotspot.jre.full.win32.x86_64_21.0.8.v20250724-1412\jre\bin\java.dll
Event: 0.067 Loaded shared library E:\sts-4.32.0.RELEASE\plugins\org.eclipse.justj.openjdk.hotspot.jre.full.win32.x86_64_21.0.8.v20250724-1412\jre\bin\zip.dll
Event: 0.229 Loaded shared library E:\sts-4.32.0.RELEASE\plugins\org.eclipse.justj.openjdk.hotspot.jre.full.win32.x86_64_21.0.8.v20250724-1412\jre\bin\net.dll
Event: 0.232 Loaded shared library E:\sts-4.32.0.RELEASE\plugins\org.eclipse.justj.openjdk.hotspot.jre.full.win32.x86_64_21.0.8.v20250724-1412\jre\bin\nio.dll
Event: 0.239 Loaded shared library E:\sts-4.32.0.RELEASE\plugins\org.eclipse.justj.openjdk.hotspot.jre.full.win32.x86_64_21.0.8.v20250724-1412\jre\bin\zip.dll
Event: 0.498 Loaded shared library E:\sts-4.32.0.RELEASE\plugins\org.eclipse.justj.openjdk.hotspot.jre.full.win32.x86_64_21.0.8.v20250724-1412\jre\bin\jimage.dll
Event: 0.561 Loaded shared library E:\sts-4.32.0.RELEASE\plugins\org.eclipse.justj.openjdk.hotspot.jre.full.win32.x86_64_21.0.8.v20250724-1412\jre\bin\extnet.dll
Event: 4.030 Loaded shared library E:\sts-4.32.0.RELEASE\plugins\org.eclipse.justj.openjdk.hotspot.jre.full.win32.x86_64_21.0.8.v20250724-1412\jre\bin\sunmscapi.dll

Deoptimization events (20 events):
Event: 12.814 Thread 0x000001460b1d07a0 Uncommon trap: trap_request=0xffffffc6 fr.pc=0x0000014618cc30c0 relative=0x0000000000001820
Event: 12.814 Thread 0x000001460b1d07a0 Uncommon trap: reason=bimorphic_or_optimized_type_check action=maybe_recompile pc=0x0000014618cc30c0 method=java.util.stream.StreamSpliterators$AbstractWrappingSpliterator.fillBuffer()Z @ 16 c2
Event: 12.814 Thread 0x000001460b1d07a0 DEOPT PACKING pc=0x0000014618cc30c0 sp=0x00000041906faf90
Event: 12.814 Thread 0x000001460b1d07a0 DEOPT UNPACKING pc=0x00000146184f46a2 sp=0x00000041906fae40 mode 2
Event: 12.814 Thread 0x000001460b1d07a0 Uncommon trap: trap_request=0xffffffc6 fr.pc=0x0000014618cc30c0 relative=0x0000000000001820
Event: 12.814 Thread 0x000001460b1d07a0 Uncommon trap: reason=bimorphic_or_optimized_type_check action=maybe_recompile pc=0x0000014618cc30c0 method=java.util.stream.StreamSpliterators$AbstractWrappingSpliterator.fillBuffer()Z @ 16 c2
Event: 12.814 Thread 0x000001460b1d07a0 DEOPT PACKING pc=0x0000014618cc30c0 sp=0x00000041906faf90
Event: 12.814 Thread 0x000001460b1d07a0 DEOPT UNPACKING pc=0x00000146184f46a2 sp=0x00000041906fae40 mode 2
Event: 12.814 Thread 0x000001460b1d07a0 Uncommon trap: trap_request=0xffffffc6 fr.pc=0x0000014618cc30c0 relative=0x0000000000001820
Event: 12.814 Thread 0x000001460b1d07a0 Uncommon trap: reason=bimorphic_or_optimized_type_check action=maybe_recompile pc=0x0000014618cc30c0 method=java.util.stream.StreamSpliterators$AbstractWrappingSpliterator.fillBuffer()Z @ 16 c2
Event: 12.815 Thread 0x000001460b1d07a0 DEOPT PACKING pc=0x0000014618cc30c0 sp=0x00000041906faf90
Event: 12.815 Thread 0x000001460b1d07a0 DEOPT UNPACKING pc=0x00000146184f46a2 sp=0x00000041906fae40 mode 2
Event: 12.815 Thread 0x000001460b1d07a0 Uncommon trap: trap_request=0xffffffc6 fr.pc=0x0000014618cc30c0 relative=0x0000000000001820
Event: 12.815 Thread 0x000001460b1d07a0 Uncommon trap: reason=bimorphic_or_optimized_type_check action=maybe_recompile pc=0x0000014618cc30c0 method=java.util.stream.StreamSpliterators$AbstractWrappingSpliterator.fillBuffer()Z @ 16 c2
Event: 12.815 Thread 0x000001460b1d07a0 DEOPT PACKING pc=0x0000014618cc30c0 sp=0x00000041906faf90
Event: 12.815 Thread 0x000001460b1d07a0 DEOPT UNPACKING pc=0x00000146184f46a2 sp=0x00000041906fae40 mode 2
Event: 12.815 Thread 0x000001460b1d07a0 Uncommon trap: trap_request=0xffffffc6 fr.pc=0x0000014618cc5de0 relative=0x00000000000010e0
Event: 12.815 Thread 0x000001460b1d07a0 Uncommon trap: reason=bimorphic_or_optimized_type_check action=maybe_recompile pc=0x0000014618cc5de0 method=java.util.stream.StreamSpliterators$AbstractWrappingSpliterator.fillBuffer()Z @ 16 c2
Event: 12.815 Thread 0x000001460b1d07a0 DEOPT PACKING pc=0x0000014618cc5de0 sp=0x00000041906faf20
Event: 12.815 Thread 0x000001460b1d07a0 DEOPT UNPACKING pc=0x00000146184f46a2 sp=0x00000041906fae30 mode 2

Classes loaded (20 events):
Event: 12.173 Loading class java/util/Comparators$NullComparator
Event: 12.173 Loading class java/util/Comparators$NullComparator done
Event: 12.174 Loading class java/util/EnumMap$Values
Event: 12.174 Loading class java/util/EnumMap$Values done
Event: 12.174 Loading class java/util/EnumMap$ValueIterator
Event: 12.174 Loading class java/util/EnumMap$EnumMapIterator
Event: 12.174 Loading class java/util/EnumMap$EnumMapIterator done
Event: 12.174 Loading class java/util/EnumMap$ValueIterator done
Event: 12.561 Loading class java/util/stream/ReduceOps$2
Event: 12.561 Loading class java/util/stream/ReduceOps$2 done
Event: 12.561 Loading class java/util/stream/ReduceOps$2ReducingSink
Event: 12.561 Loading class java/util/stream/ReduceOps$2ReducingSink done
Event: 12.581 Loading class java/nio/file/TempFileHelper
Event: 12.581 Loading class java/nio/file/TempFileHelper done
Event: 12.582 Loading class sun/nio/fs/WindowsPath$1
Event: 12.582 Loading class sun/nio/fs/WindowsPath$1 done
Event: 12.582 Loading class java/io/DeleteOnExitHook
Event: 12.583 Loading class java/io/DeleteOnExitHook done
Event: 12.583 Loading class java/io/DeleteOnExitHook$1
Event: 12.583 Loading class java/io/DeleteOnExitHook$1 done

Classes unloaded (0 events):
No events

Classes redefined (0 events):
No events

Internal exceptions (20 events):
Event: 9.235 Thread 0x000001460b1d07a0 Implicit null exception at 0x0000014618d64638 to 0x0000014618d66110
Event: 9.243 Thread 0x000001460b1d07a0 Exception <a 'java/lang/IncompatibleClassChangeError'{0x000000008ff839f8}: Found class java.lang.Object, but interface was expected> (0x000000008ff839f8) 
thrown [s\src\hotspot\share\interpreter\linkResolver.cpp, line 840]
Event: 9.291 Thread 0x000001460b1d07a0 Exception <a 'java/lang/IncompatibleClassChangeError'{0x000000008fd9fc98}: Found class java.lang.Object, but interface was expected> (0x000000008fd9fc98) 
thrown [s\src\hotspot\share\interpreter\linkResolver.cpp, line 840]
Event: 9.407 Thread 0x000001460b1d07a0 Exception <a 'java/lang/IncompatibleClassChangeError'{0x000000008f818938}: Found class java.lang.Object, but interface was expected> (0x000000008f818938) 
thrown [s\src\hotspot\share\interpreter\linkResolver.cpp, line 840]
Event: 9.416 Thread 0x000001460b1d07a0 Exception <a 'java/lang/NoSuchMethodError'{0x000000008f8c5e50}: 'void java.lang.invoke.DirectMethodHandle$Holder.invokeSpecial(java.lang.Object, java.lang.Object, java.lang.Object, java.lang.Object, java.lang.Object, java.lang.Object, java.lang.Object)'> (0x000000008f8c5e50) 
thrown [s\src\hotspot\share\interpreter\linkResolver.cpp, line 773]
Event: 9.554 Thread 0x000001460b1d07a0 Exception <a 'java/lang/IncompatibleClassChangeError'{0x000000008f32aa70}: Found class java.lang.Object, but interface was expected> (0x000000008f32aa70) 
thrown [s\src\hotspot\share\interpreter\linkResolver.cpp, line 840]
Event: 9.647 Thread 0x000001460b1d07a0 Exception <a 'java/lang/NoSuchMethodError'{0x000000008ed7ac10}: 'void java.lang.invoke.Invokers$Holder.invokeExact_MT(java.lang.Object, java.lang.Object, java.lang.Object, java.lang.Object)'> (0x000000008ed7ac10) 
thrown [s\src\hotspot\share\interpreter\linkResolver.cpp, line 773]
Event: 9.745 Thread 0x000001460b1d07a0 Exception <a 'java/io/FileNotFoundException'{0x000000009391b650}> (0x000000009391b650) 
thrown [s\src\hotspot\share\prims\jni.cpp, line 520]
Event: 9.747 Thread 0x000001460b1d07a0 Exception <a 'java/io/FileNotFoundException'{0x0000000093926508}> (0x0000000093926508) 
thrown [s\src\hotspot\share\prims\jni.cpp, line 520]
Event: 9.748 Thread 0x000001460b1d07a0 Exception <a 'java/io/FileNotFoundException'{0x00000000939316c0}> (0x00000000939316c0) 
thrown [s\src\hotspot\share\prims\jni.cpp, line 520]
Event: 9.749 Thread 0x000001460b1d07a0 Exception <a 'java/io/FileNotFoundException'{0x000000009393c968}> (0x000000009393c968) 
thrown [s\src\hotspot\share\prims\jni.cpp, line 520]
Event: 9.769 Thread 0x000001460b1d07a0 Exception <a 'java/lang/NoSuchMethodError'{0x0000000090c57460}: 'int java.lang.invoke.DirectMethodHandle$Holder.invokeStaticInit(java.lang.Object, int, java.lang.Object, java.lang.Object, java.lang.Object, java.lang.Object)'> (0x0000000090c57460) 
thrown [s\src\hotspot\share\interpreter\linkResolver.cpp, line 773]
Event: 10.668 Thread 0x000001460b1d07a0 Implicit null exception at 0x0000014618b28241 to 0x0000014618b28384
Event: 11.416 Thread 0x000001460b1d07a0 Exception <a 'java/lang/NoSuchMethodError'{0x00000000908babf0}: 'java.lang.Object java.lang.invoke.DirectMethodHandle$Holder.invokeInterface(java.lang.Object, java.lang.Object, int)'> (0x00000000908babf0) 
thrown [s\src\hotspot\share\interpreter\linkResolver.cpp, line 773]
Event: 12.079 Thread 0x000001460b1d07a0 Exception <a 'java/lang/NoSuchMethodError'{0x000000009139b380}: 'java.lang.Object java.lang.invoke.DirectMethodHandle$Holder.invokeVirtual(java.lang.Object, java.lang.Object, java.lang.Object, java.lang.Object, java.lang.Object, java.lang.Object)'> (0x000000009139b380) 
thrown [s\src\hotspot\share\interpreter\linkResolver.cpp, line 773]
Event: 12.187 Thread 0x000001460b1d07a0 Exception <a 'java/lang/NoSuchMethodError'{0x0000000090b27ff0}: 'java.lang.Object java.lang.invoke.DirectMethodHandle$Holder.invokeVirtual(java.lang.Object, java.lang.Object, java.lang.Object, java.lang.Object, java.lang.Object, java.lang.Object, java.lang.Object)'> (0x0000000090b27ff0) 
thrown [s\src\hotspot\share\interpreter\linkResolver.cpp, line 773]
Event: 12.189 Thread 0x000001460b1d07a0 Exception <a 'java/lang/NoSuchMethodError'{0x0000000090b40400}: 'java.lang.Object java.lang.invoke.DirectMethodHandle$Holder.invokeVirtual(java.lang.Object, java.lang.Object, java.lang.Object, java.lang.Object, java.lang.Object, java.lang.Object, java.lang.Object, java.lang.Object)'> (0x0000000090b40400) 
thrown [s\src\hotspot\share\interpreter\linkResolver.cpp, line 773]
Event: 12.227 Thread 0x000001460b1d07a0 Exception <a 'java/lang/NoSuchMethodError'{0x0000000090910d50}: 'java.lang.Object java.lang.invoke.DirectMethodHandle$Holder.newInvokeSpecial(java.lang.Object, java.lang.Object, java.lang.Object, java.lang.Object, java.lang.Object, java.lang.Object, java.lang.Object, java.lang.Object)'> (0x0000000090910d50) 
thrown [s\src\hotspot\share\interpreter\linkResolver.cpp, line 773]
Event: 12.530 Thread 0x000001460b1d07a0 Implicit null exception at 0x0000014618e31401 to 0x0000014618e318f4
Event: 12.561 Thread 0x000001460b1d07a0 Exception <a 'java/lang/IncompatibleClassChangeError'{0x0000000093f347e8}: Found class java.lang.Object, but interface was expected> (0x0000000093f347e8) 
thrown [s\src\hotspot\share\interpreter\linkResolver.cpp, line 840]

ZGC Phase Switch (0 events):
No events

VM Operations (20 events):
Event: 11.589 Executing VM operation: G1PauseRemark
Event: 11.594 Executing VM operation: G1PauseRemark done
Event: 11.604 Executing VM operation: G1PauseCleanup
Event: 11.604 Executing VM operation: G1PauseCleanup done
Event: 11.744 Executing VM operation: G1CollectForAllocation (G1 Evacuation Pause)
Event: 11.749 Executing VM operation: G1CollectForAllocation (G1 Evacuation Pause) done
Event: 12.260 Executing VM operation: ICBufferFull
Event: 12.261 Executing VM operation: ICBufferFull done
Event: 12.303 Executing VM operation: HandshakeAllThreads (Deoptimize)
Event: 12.303 Executing VM operation: HandshakeAllThreads (Deoptimize) done
Event: 12.336 Executing VM operation: G1CollectForAllocation (G1 Evacuation Pause)
Event: 12.345 Executing VM operation: G1CollectForAllocation (G1 Evacuation Pause) done
Event: 12.418 Executing VM operation: HandshakeAllThreads (Deoptimize)
Event: 12.418 Executing VM operation: HandshakeAllThreads (Deoptimize) done
Event: 12.419 Executing VM operation: HandshakeAllThreads (Deoptimize)
Event: 12.419 Executing VM operation: HandshakeAllThreads (Deoptimize) done
Event: 12.576 Executing VM operation: HandshakeAllThreads (Deoptimize)
Event: 12.576 Executing VM operation: HandshakeAllThreads (Deoptimize) done
Event: 12.595 Executing VM operation: HandshakeAllThreads (Deoptimize)
Event: 12.595 Executing VM operation: HandshakeAllThreads (Deoptimize) done

Memory protections (0 events):
No events

Nmethod flushes (20 events):
Event: 11.164 Thread 0x0000014625530290 flushing  nmethod 0x0000014611ce9310
Event: 11.593 Thread 0x0000014625530290 flushing  nmethod 0x0000014610f89d90
Event: 11.593 Thread 0x0000014625530290 flushing  nmethod 0x0000014610fab990
Event: 11.593 Thread 0x0000014625530290 flushing  nmethod 0x000001461103a490
Event: 11.593 Thread 0x0000014625530290 flushing osr nmethod 0x0000014611129810
Event: 11.593 Thread 0x0000014625530290 flushing  nmethod 0x00000146114cc010
Event: 11.593 Thread 0x0000014625530290 flushing  nmethod 0x0000014611857710
Event: 11.593 Thread 0x0000014625530290 flushing  nmethod 0x0000014611cd4890
Event: 11.593 Thread 0x0000014625530290 flushing  nmethod 0x0000014618e70110
Event: 11.593 Thread 0x0000014625530290 flushing  nmethod 0x0000014610fa4690
Event: 11.593 Thread 0x0000014625530290 flushing  nmethod 0x000001461101ec10
Event: 11.593 Thread 0x0000014625530290 flushing  nmethod 0x0000014611105490
Event: 11.593 Thread 0x0000014625530290 flushing  nmethod 0x000001461133f590
Event: 11.593 Thread 0x0000014625530290 flushing  nmethod 0x0000014611031410
Event: 11.593 Thread 0x0000014625530290 flushing  nmethod 0x00000146110b6c10
Event: 11.593 Thread 0x0000014625530290 flushing  nmethod 0x0000014611141d90
Event: 11.593 Thread 0x0000014625530290 flushing  nmethod 0x0000014618e10a10
Event: 11.593 Thread 0x0000014625530290 flushing  nmethod 0x0000014618e80d10
Event: 11.593 Thread 0x0000014625530290 flushing  nmethod 0x0000014610f90010
Event: 11.593 Thread 0x0000014625530290 flushing  nmethod 0x0000014611275d10

Events (20 events):
Event: 0.224 Thread 0x000001460b1d07a0 Thread added: 0x0000014625564dd0
Event: 0.267 Thread 0x000001462556aea0 Thread added: 0x00000146256c0d40
Event: 0.432 Thread 0x00000146256c0d40 Thread exited: 0x00000146256c0d40
Event: 0.579 Thread 0x000001460b1d07a0 Thread added: 0x0000014625565af0
Event: 0.622 Thread 0x000001462555a030 Thread added: 0x000001466b343eb0
Event: 0.991 Thread 0x000001466b343eb0 Thread exited: 0x000001466b343eb0
Event: 1.872 Thread 0x000001462556aea0 Thread added: 0x000001466ba4e160
Event: 3.105 Thread 0x000001460b1d07a0 Thread added: 0x0000014625563a20
Event: 3.618 Thread 0x000001462556aea0 Thread added: 0x000001466ccae820
Event: 3.830 Thread 0x000001460b1d07a0 Thread added: 0x0000014625566180
Event: 3.839 Thread 0x0000014625566180 Thread exited: 0x0000014625566180
Event: 3.852 Thread 0x000001460b1d07a0 Thread added: 0x0000014625564740
Event: 3.884 Thread 0x0000014625564740 Thread exited: 0x0000014625564740
Event: 4.054 Thread 0x0000014625563a20 Thread exited: 0x0000014625563a20
Event: 5.618 Thread 0x000001460b1d07a0 Thread added: 0x0000014625563a20
Event: 6.149 Thread 0x000001466ccae820 Thread exited: 0x000001466ccae820
Event: 7.210 Thread 0x000001460b1d07a0 Thread added: 0x0000014625564740
Event: 7.327 Thread 0x0000014625564740 Thread added: 0x000001466f49d670
Event: 10.010 Thread 0x000001466ba4e160 Thread exited: 0x000001466ba4e160
Event: 10.092 Thread 0x000001462556aea0 Thread added: 0x000001466f5c5680


Dynamic libraries:
0x00007ff77c090000 - 0x00007ff77c09e000 	E:\sts-4.32.0.RELEASE\plugins\org.eclipse.justj.openjdk.hotspot.jre.full.win32.x86_64_21.0.8.v20250724-1412\jre\bin\javaw.exe
0x00007ff88b330000 - 0x00007ff88b547000 	C:\WINDOWS\SYSTEM32\ntdll.dll
0x00007ff846aa0000 - 0x00007ff846ac1000 	C:\Program Files\Avast Software\Avast\aswhook.dll
0x00007ff889230000 - 0x00007ff8892f4000 	C:\WINDOWS\System32\KERNEL32.DLL
0x00007ff888560000 - 0x00007ff888932000 	C:\WINDOWS\System32\KERNELBASE.dll
0x00007ff888ab0000 - 0x00007ff888bc1000 	C:\WINDOWS\System32\ucrtbase.dll
0x00007ff87b2a0000 - 0x00007ff87b2be000 	E:\sts-4.32.0.RELEASE\plugins\org.eclipse.justj.openjdk.hotspot.jre.full.win32.x86_64_21.0.8.v20250724-1412\jre\bin\VCRUNTIME140.dll
0x00007ff883240000 - 0x00007ff883258000 	E:\sts-4.32.0.RELEASE\plugins\org.eclipse.justj.openjdk.hotspot.jre.full.win32.x86_64_21.0.8.v20250724-1412\jre\bin\jli.dll
0x00007ff889040000 - 0x00007ff8891f1000 	C:\WINDOWS\System32\USER32.dll
0x00007ff888f90000 - 0x00007ff888fb6000 	C:\WINDOWS\System32\win32u.dll
0x00007ff88a880000 - 0x00007ff88a8a9000 	C:\WINDOWS\System32\GDI32.dll
0x00007ff888c50000 - 0x00007ff888d73000 	C:\WINDOWS\System32\gdi32full.dll
0x00007ff888d80000 - 0x00007ff888e1a000 	C:\WINDOWS\System32\msvcp_win.dll
0x00007ff865c40000 - 0x00007ff865edb000 	C:\WINDOWS\WinSxS\amd64_microsoft.windows.common-controls_6595b64144ccf1df_6.0.22621.5415_none_270d77d17387d7da\COMCTL32.dll
0x00007ff88a8b0000 - 0x00007ff88a957000 	C:\WINDOWS\System32\msvcrt.dll
0x00007ff8895a0000 - 0x00007ff8895d1000 	C:\WINDOWS\System32\IMM32.DLL
0x00007ff87b290000 - 0x00007ff87b29c000 	E:\sts-4.32.0.RELEASE\plugins\org.eclipse.justj.openjdk.hotspot.jre.full.win32.x86_64_21.0.8.v20250724-1412\jre\bin\vcruntime140_1.dll
0x00007ff83f460000 - 0x00007ff83f4ed000 	E:\sts-4.32.0.RELEASE\plugins\org.eclipse.justj.openjdk.hotspot.jre.full.win32.x86_64_21.0.8.v20250724-1412\jre\bin\msvcp140.dll
0x00007fffe99d0000 - 0x00007fffea767000 	E:\sts-4.32.0.RELEASE\plugins\org.eclipse.justj.openjdk.hotspot.jre.full.win32.x86_64_21.0.8.v20250724-1412\jre\bin\server\jvm.dll
0x00007ff8894e0000 - 0x00007ff889591000 	C:\WINDOWS\System32\ADVAPI32.dll
0x00007ff88a7d0000 - 0x00007ff88a878000 	C:\WINDOWS\System32\sechost.dll
0x00007ff888ee0000 - 0x00007ff888f08000 	C:\WINDOWS\System32\bcrypt.dll
0x00007ff88ad80000 - 0x00007ff88ae94000 	C:\WINDOWS\System32\RPCRT4.dll
0x00007ff88ad00000 - 0x00007ff88ad71000 	C:\WINDOWS\System32\WS2_32.dll
0x00007ff887c50000 - 0x00007ff887c9d000 	C:\WINDOWS\SYSTEM32\POWRPROF.dll
0x00007ff883ae0000 - 0x00007ff883b14000 	C:\WINDOWS\SYSTEM32\WINMM.dll
0x00007ff880c10000 - 0x00007ff880c1a000 	C:\WINDOWS\SYSTEM32\VERSION.dll
0x00007ff887bd0000 - 0x00007ff887be3000 	C:\WINDOWS\SYSTEM32\UMPDC.dll
0x00007ff887410000 - 0x00007ff887428000 	C:\WINDOWS\SYSTEM32\kernel.appcore.dll
0x00007ff883570000 - 0x00007ff88357a000 	E:\sts-4.32.0.RELEASE\plugins\org.eclipse.justj.openjdk.hotspot.jre.full.win32.x86_64_21.0.8.v20250724-1412\jre\bin\jimage.dll
0x00007ff885ed0000 - 0x00007ff886103000 	C:\WINDOWS\SYSTEM32\DBGHELP.DLL
0x00007ff88aea0000 - 0x00007ff88b233000 	C:\WINDOWS\System32\combase.dll
0x00007ff88a6f0000 - 0x00007ff88a7c7000 	C:\WINDOWS\System32\OLEAUT32.dll
0x00007ff87ef90000 - 0x00007ff87efc2000 	C:\WINDOWS\SYSTEM32\dbgcore.DLL
0x00007ff888bd0000 - 0x00007ff888c4b000 	C:\WINDOWS\System32\bcryptPrimitives.dll
0x00007ff882630000 - 0x00007ff88264f000 	E:\sts-4.32.0.RELEASE\plugins\org.eclipse.justj.openjdk.hotspot.jre.full.win32.x86_64_21.0.8.v20250724-1412\jre\bin\java.dll
0x00007ff889de0000 - 0x00007ff88a682000 	C:\WINDOWS\System32\SHELL32.dll
0x00007ff888420000 - 0x00007ff88855f000 	C:\WINDOWS\System32\wintypes.dll
0x00007ff886300000 - 0x00007ff886c1e000 	C:\WINDOWS\SYSTEM32\windows.storage.dll
0x00007ff88aa10000 - 0x00007ff88ab1b000 	C:\WINDOWS\System32\SHCORE.dll
0x00007ff88ac90000 - 0x00007ff88acf9000 	C:\WINDOWS\System32\shlwapi.dll
0x00007ff888350000 - 0x00007ff88837b000 	C:\WINDOWS\SYSTEM32\profapi.dll
0x00007ff87b570000 - 0x00007ff87b588000 	E:\sts-4.32.0.RELEASE\plugins\org.eclipse.justj.openjdk.hotspot.jre.full.win32.x86_64_21.0.8.v20250724-1412\jre\bin\zip.dll
0x00007ff883230000 - 0x00007ff883240000 	E:\sts-4.32.0.RELEASE\plugins\org.eclipse.justj.openjdk.hotspot.jre.full.win32.x86_64_21.0.8.v20250724-1412\jre\bin\net.dll
0x00007ff885050000 - 0x00007ff88517c000 	C:\WINDOWS\SYSTEM32\WINHTTP.dll
0x00007ff887880000 - 0x00007ff8878e9000 	C:\WINDOWS\system32\mswsock.dll
0x00007ff87b360000 - 0x00007ff87b376000 	E:\sts-4.32.0.RELEASE\plugins\org.eclipse.justj.openjdk.hotspot.jre.full.win32.x86_64_21.0.8.v20250724-1412\jre\bin\nio.dll
0x00007ff886e80000 - 0x00007ff886ead000 	C:\WINDOWS\SYSTEM32\IPHLPAPI.DLL
0x00007ff88ac80000 - 0x00007ff88ac89000 	C:\WINDOWS\System32\NSI.dll
0x00007ff87b2c0000 - 0x00007ff87b2c9000 	E:\sts-4.32.0.RELEASE\plugins\org.eclipse.justj.openjdk.hotspot.jre.full.win32.x86_64_21.0.8.v20250724-1412\jre\bin\extnet.dll
0x00007ff87abb0000 - 0x00007ff87abbe000 	E:\sts-4.32.0.RELEASE\plugins\org.eclipse.justj.openjdk.hotspot.jre.full.win32.x86_64_21.0.8.v20250724-1412\jre\bin\sunmscapi.dll
0x00007ff888940000 - 0x00007ff888aa7000 	C:\WINDOWS\System32\CRYPT32.dll
0x00007ff887dd0000 - 0x00007ff887dfd000 	C:\WINDOWS\SYSTEM32\ncrypt.dll
0x00007ff887d90000 - 0x00007ff887dc7000 	C:\WINDOWS\SYSTEM32\NTASN1.dll
0x00007ff887cc0000 - 0x00007ff887cdb000 	C:\WINDOWS\SYSTEM32\CRYPTSP.dll
0x00007ff887370000 - 0x00007ff8873a7000 	C:\WINDOWS\system32\rsaenh.dll
0x00007ff887920000 - 0x00007ff887948000 	C:\WINDOWS\SYSTEM32\USERENV.dll
0x00007ff887ca0000 - 0x00007ff887cac000 	C:\WINDOWS\SYSTEM32\CRYPTBASE.dll
0x00007ff886ef0000 - 0x00007ff886fe8000 	C:\WINDOWS\SYSTEM32\DNSAPI.dll
0x00007ff883ad0000 - 0x00007ff883ada000 	C:\Windows\System32\rasadhlp.dll
0x00007ff8839c0000 - 0x00007ff883a44000 	C:\WINDOWS\System32\fwpuclnt.dll

JVMTI agents: none

dbghelp: loaded successfully - version: 4.0.5 - missing functions: none
symbol engine: initialized successfully - sym options: 0x614 - pdb path: .;E:\sts-4.32.0.RELEASE\plugins\org.eclipse.justj.openjdk.hotspot.jre.full.win32.x86_64_21.0.8.v20250724-1412\jre\bin;C:\WINDOWS\SYSTEM32;C:\Program Files\Avast Software\Avast;C:\WINDOWS\WinSxS\amd64_microsoft.windows.common-controls_6595b64144ccf1df_6.0.22621.5415_none_270d77d17387d7da;E:\sts-4.32.0.RELEASE\plugins\org.eclipse.justj.openjdk.hotspot.jre.full.win32.x86_64_21.0.8.v20250724-1412\jre\bin\server

VM Arguments:
jvm_args: -ea -Dfile.encoding=UTF-8 -Dstdout.encoding=UTF-8 -Dstderr.encoding=UTF-8 -XX:+ShowCodeDetailsInExceptionMessages 
java_command: org.eclipse.jdt.internal.junit.runner.RemoteTestRunner -version 3 -port 53799 -testLoaderClass org.eclipse.jdt.internal.junit5.runner.JUnit5TestLoader -loaderpluginname org.eclipse.jdt.junit5.runtime -classNames com.GestaoRotas.GestaoRotas.Controllers.ControllerMaintenanceTest
java_class_path (initial): E:\GestaoFrotas\GestaoFrotas\target\test-classes;E:\GestaoFrotas\GestaoFrotas\target\classes;C:\Users\user\.m2\repository\org\springframework\boot\spring-boot-starter-data-jpa\3.5.8\spring-boot-starter-data-jpa-3.5.8.jar;C:\Users\user\.m2\repository\org\springframework\boot\spring-boot-starter\3.5.8\spring-boot-starter-3.5.8.jar;C:\Users\user\.m2\repository\org\springframework\boot\spring-boot\3.5.8\spring-boot-3.5.8.jar;C:\Users\user\.m2\repository\org\springframework\boot\spring-boot-autoconfigure\3.5.8\spring-boot-autoconfigure-3.5.8.jar;C:\Users\user\.m2\repository\jakarta\annotation\jakarta.annotation-api\2.1.1\jakarta.annotation-api-2.1.1.jar;C:\Users\user\.m2\repository\org\yaml\snakeyaml\2.4\snakeyaml-2.4.jar;C:\Users\user\.m2\repository\org\springframework\boot\spring-boot-starter-jdbc\3.5.8\spring-boot-starter-jdbc-3.5.8.jar;C:\Users\user\.m2\repository\com\zaxxer\HikariCP\6.3.3\HikariCP-6.3.3.jar;C:\Users\user\.m2\repository\org\springframework\spring-jdbc\6.2.14\spring-jdbc-6.2.14.jar;C:\Users\user\.m2\repository\org\hibernate\orm\hibernate-core\6.6.36.Final\hibernate-core-6.6.36.Final.jar;C:\Users\user\.m2\repository\org\jboss\logging\jboss-logging\3.6.1.Final\jboss-logging-3.6.1.Final.jar;C:\Users\user\.m2\repository\org\hibernate\common\hibernate-commons-annotations\7.0.3.Final\hibernate-commons-annotations-7.0.3.Final.jar;C:\Users\user\.m2\repository\io\smallrye\jandex\3.2.0\jandex-3.2.0.jar;C:\Users\user\.m2\repository\com\fasterxml\classmate\1.7.1\classmate-1.7.1.jar;C:\Users\user\.m2\repository\net\bytebuddy\byte-buddy\1.17.8\byte-buddy-1.17.8.jar;C:\Users\user\.m2\repository\org\glassfish\jaxb\jaxb-runtime\4.0.6\jaxb-runtime-4.0.6.jar;C:\Users\user\.m2\repository\org\glassfish\jaxb\jaxb-core\4.0.6\jaxb-core-4.0.6.jar;C:\Users\user\.m2\repository\org\glassfish\jaxb\txw2\4.0.6\txw2-4.0.6.jar;C:\Users\user\.m2\repository\com\sun\istack\istack-commons-runtime\4.1.2\istack-commons-runtime-4.1.2.jar;C:\Users\user\.m2\repository\jakarta\inject\jakarta.inject-api\2.0.1\jakarta.inject-api-2.0.1.jar;C:\Users\user\.m2\repository\org\antlr\antlr4-runtime\4.13.0\antlr4-runtime-4.13.0.jar;C:\Users\user\.m2\repository\org\springframework\data\spring-data-jpa\3.5.6\spring-data-jpa-3.5.6.jar;C:\Users\user\.m2\repository\org\springframework\data\spring-data-commons\3.5.6\spring-data-commons-3.5.6.jar;C:\Users\user\.m2\repository\org\springframework\spring-orm\6.2.14\spring-orm-6.2.14.jar;C:\Users\user\.m2\repository\org\springframework\spring-context\6.2.14\spring-context-6.2.14.jar;C:\Users\user\.m2\repository\org\springframework\spring-tx\6.2.14\spring-tx-6.2.14.jar;C:\Users\user\.m2\repository\org\springframework\spring-beans\6.2.14\spring-beans-6.2.14.jar;C:\Users\user\.m2\repository\org\slf4j\slf4j-api\2.0.17\slf4j-api-2.0.17.jar;C:\Users\user\.m2\repository\org\springframework\spring-aspects\6.2.14\spring-aspects-6.2.14.jar;C:\Users\user\.m2\repository\org\aspectj\aspectjweaver\1.9.25\aspectjweaver-1.9.25.jar;C:\Users\user\.m2\repository\org\springframework\boot\spring-boot-starter-mail\3.5.8\spring-boot-starter-mail-3.5.8.jar;C:\Users\user\.m2\repository\org\springframework\spring-context-support\6.2.14\spring-context-support-6.2.14.jar;C:\Users\user\.m2\repository\org\eclipse\angus\jakarta.mail\2.0.5\jakarta.mail-2.0.5.jar;C:\Users\user\.m2\repository\jakarta\activation\jakarta.activation-api\2.1.4\jakarta.activation-api-2.1.4.jar;C:\Users\user\.m2\repository\org\eclipse\angus\angus-activation\2.0.3\angus-activation-2.0.3.jar;C:\Users\user\.m2\repository\org\springframework\boot\spring-boot-starter-websocket\3.5.8\spring-boot-starter-websocket-3.5.8.jar;C:\Users\user\.m2\repository\org\springframework\spring-messaging\6.2.14\spring-messaging-6.2.14.jar;C:\Users\user\.m2\repository\org\springframework\spring-websocket\6.2.14\spring-websocket-6.2.14.jar;C:\Users\user\.m2\repository\org\springframework\boot\spring-boot-starter-web\3.5.8\spring-boot-starter-web-3.5.8.jar;C:\Users\user\.m2\repository\org\springframework\boot\spring-boot-starter-json\3.5.8\spring-boot-starter-json-3.5.8.jar;C:\Users\user\.m2\repository\com\fasterxml\jackson\datatype\jackson-datatype-jdk8\2.19.4\jackson-datatype-jdk8-2.19.4.jar;C:\Users\user\.m2\repository\com\fasterxml\jackson\module\jackson-module-parameter-names\2.19.4\jackson-module-parameter-names-2.19.4.jar;C:\Users\user\.m2\repository\org\springframework\boot\spring-boot-starter-tomcat\3.5.8\spring-boot-starter-tomcat-3.5.8.jar;C:\Users\user\.m2\repository\org\apache\tomcat\embed\tomcat-embed-core\10.1.49\tomcat-embed-core-10.1.49.jar;C:\Users\user\.m2\repository\org\apache\tomcat\embed\tomcat-embed-websocket\10.1.49\tomcat-embed-websocket-10.1.49.jar;C:\Users\user\.m2\repository\org\springframework\spring-web\6.2.14\spring-web-6.2.14.jar;C:\Users\user\.m2\repository\io\micrometer\micrometer-observation\1.15.6\micrometer-observation-1.15.6.jar;C:\Users\user\.m2\repository\io\micrometer\micrometer-commons\1.15.6\micrometer-commons-1.15.6.jar;C:\Users\user\.m2\repository\org\springframework\spring-webmvc\6.2.14\spring-webmvc-6.2.14.jar;C:\Users\user\.m2\repository\org\springframework\spring-expression\6.2.14\spring-expression-6.2.14.jar;C:\Users\user\.m2\repository\com\mysql\mysql-connector-j\8.3.0\mysql-connector-j-8.3.0.jar;C:\Users\user\.m2\repository\com\h2database\h2\2.3.232\h2-2.3.232.jar;C:\Users\user\.m2\repository\org\projectlombok\lombok\1.18.42\lombok-1.18.42.jar;C:\Users\user\.m2\repository\com\fasterxml\jackson\datatype\jackson-datatype-hibernate6\2.19.4\jackson-datatype-hibernate6-2.19.4.jar;C:\Users\user\.m2\repository\jakarta\transaction\jakarta.transaction-api\2.0.1\jakarta.transaction-api-2.0.1.jar;C:\Users\user\.m2\repository\com\fasterxml\jackson\core\jackson-core\2.19.4\jackson-core-2.19.4.jar;C:\Users\user\.m2\repository\com\fasterxml\jackson\core\jackson-databind\2.19.4\jackson-databind-2.19.4.jar;C:\Users\user\.m2\repository\org\springframework\boot\spring-boot-starter-test\3.5.8\spring-boot-starter-test-3.5.8.jar;C:\Users\user\.m2\repository\org\springframework\boot\spring-boot-test\3.5.8\spring-boot-test-3.5.8.jar;C:\Users\user\.m2\repository\org\springframework\boot\spring-boot-test-autoconfigure\3.5.8\spring-boot-test-autoconfigure-3.5.8.jar;C:\Users\user\.m2\repository\com\jayway\jsonpath\json-path\2.9.0\json-path-2.9.0.jar;C:\Users\user\.m2\repository\jakarta\xml\bind\jakarta.xml.bind-api\4.0.4\jakarta.xml.bind-api-4.0.4.jar;C:\Users\user\.m2\repository\net\minidev\json-smart\2.5.2\json-smart-2.5.2.jar;C:\Users\user\.m2\repository\net\minidev\accessors-smart\2.5.2\accessors-smart-2.5.2.jar;C:\Users\user\.m2\repository\org\ow2\asm\asm\9.7.1\asm-9.7.1.jar;C:\Users\user\.m2\repository\org\assertj\assertj-core\3.27.6\assertj-core-3.27.6.jar;C:\Users\user\.m2\repository\org\awaitility\awaitility\4.2.2\awaitility-4.2.2.jar;C:\Users\user\.m2\repository\org\hamcrest\hamcrest\3.0\hamcrest-3.0.jar;C:\Users\user\.m2\repository\org\junit\jupiter\junit-jupiter\5.12.2\junit-jupiter-5.12.2.jar;C:\Users\user\.m2\repository\org\junit\jupiter\junit-jupiter-api\5.12.2\junit-jupiter-api-5.12.2.jar;C:\Users\user\.m2\repository\org\opentest4j\opentest4j\1.3.0\opentest4j-1.3.0.jar;C:\Users\user\.m2\repository\org\junit\platform\junit-platform-commons\1.12.2\junit-platform-commons-1.12.2.jar;C:\Users\user\.m2\repository\org\apiguardian\apiguardian-api\1.1.2\apiguardian-api-1.1.2.jar;C:\Users\user\.m2\repository\org\junit\jupiter\junit-jupiter-params\5.12.2\junit-jupiter-params-5.12.2.jar;C:\Users\user\.m2\repository\org\junit\jupiter\junit-jupiter-engine\5.12.2\junit-jupiter-engine-5.12.2.jar;C:\Users\user\.m2\repository\org\junit\platform\junit-platform-engine\1.12.2\junit-platform-engine-1.12.2.jar;C:\Users\user\.m2\repository\org\mockito\mockito-core\5.17.0\mockito-core-5.17.0.jar;C:\Users\user\.m2\repository\net\bytebuddy\byte-buddy-agent\1.17.8\byte-buddy-agent-1.17.8.jar;C:\Users\user\.m2\repository\org\objenesis\objenesis\3.3\objenesis-3.3.jar;C:\Users\user\.m2\repository\org\mockito\mockito-junit-jupiter\5.17.0\mockito-junit-jupiter-5.17.0.jar;C:\Users\user\.m2\repository\org\skyscreamer\jsonassert\1.5.3\jsonassert-1.5.3.jar;C:\Users\user\.m2\repository\com\vaadin\external\google\android-json\0.0.20131108.vaadin1\android-json-0.0.20131108.vaadin1.jar;C:\Users\user\.m2\repository\org\springframework\spring-core\6.2.14\spring-core-6.2.14.jar;C:\Users\user\.m2\repository\org\springframework\spring-jcl\6.2.14\spring-jcl-6.2.14.jar;C:\Users\user\.m2\repository\org\springframework\spring-test\6.2.14\spring-test-6.2.14.jar;C:\Users\user\.m2\repository\org\xmlunit\xmlunit-core\2.10.4\xmlunit-core-2.10.4.jar;C:\Users\user\.m2\repository\org\springframework\security\spring-security-test\6.5.7\spring-security-test-6.5.7.jar;C:\Users\user\.m2\repository\org\springframework\security\spring-security-core\6.5.7\spring-security-core-6.5.7.jar;C:\Users\user\.m2\repository\org\springframework\security\spring-security-crypto\6.5.7\spring-security-crypto-6.5.7.jar;C:\Users\user\.m2\repository\org\springframework\security\spring-security-web\6.5.7\spring-security-web-6.5.7.jar;C:\Users\user\.m2\repository\org\springframework\boot\spring-boot-starter-security\3.5.8\spring-boot-starter-security-3.5.8.jar;C:\Users\user\.m2\repository\org\springframework\spring-aop\6.2.14\spring-aop-6.2.14.jar;C:\Users\user\.m2\repository\org\springframework\security\spring-security-config\6.5.7\spring-security-config-6.5.7.jar;C:\Users\user\.m2\repository\io\jsonwebtoken\jjwt-api\0.11.5\jjwt-api-0.11.5.jar;C:\Users\user\.m2\repository\io\jsonwebtoken\jjwt-impl\0.11.5\jjwt-impl-0.11.5.jar;C:\Users\user\.m2\repository\io\jsonwebtoken\jjwt-jackson\0.11.5\jjwt-jackson-0.11.5.jar;C:\Users\user\.m2\repository\org\springframework\boot\spring-boot-starter-validation\3.5.8\spring-boot-starter-validation-3.5.8.jar;C:\Users\user\.m2\repository\org\apache\tomcat\embed\tomcat-embed-el\10.1.49\tomcat-embed-el-10.1.49.jar;C:\Users\user\.m2\repository\org\hibernate\validator\hibernate-validator\8.0.3.Final\hibernate-validator-8.0.3.Final.jar;C:\Users\user\.m2\repository\jakarta\validation\jakarta.validation-api\3.0.2\jakarta.validation-api-3.0.2.jar;C:\Users\user\.m2\repository\org\springframework\boot\spring-boot-starter-logging\3.5.8\spring-boot-starter-logging-3.5.8.jar;C:\Users\user\.m2\repository\ch\qos\logback\logback-classic\1.5.21\logback-classic-1.5.21.jar;C:\Users\user\.m2\repository\ch\qos\logback\logback-core\1.5.21\logback-core-1.5.21.jar;C:\Users\user\.m2\repository\org\apache\logging\log4j\log4j-to-slf4j\2.24.3\log4j-to-slf4j-2.24.3.jar;C:\Users\user\.m2\repository\org\apache\logging\log4j\log4j-api\2.24.3\log4j-api-2.24.3.jar;C:\Users\user\.m2\repository\org\slf4j\jul-to-slf4j\2.0.17\jul-to-slf4j-2.0.17.jar;C:\Users\user\.m2\repository\com\fasterxml\jackson\datatype\jackson-datatype-jsr310\2.19.4\jackson-datatype-jsr310-2.19.4.jar;C:\Users\user\.m2\repository\com\fasterxml\jackson\core\jackson-annotations\2.19.4\jackson-annotations-2.19.4.jar;C:\Users\user\.m2\repository\jakarta\persistence\jakarta.persistence-api\3.1.0\jakarta.persistence-api-3.1.0.jar;C:\Users\user\.m2\repository\org\junit\platform\junit-platform-launcher\1.12.2\junit-platform-launcher-1.12.2.jar;E:\sts-4.32.0.RELEASE\configuration\org.eclipse.osgi\271\0\.cp;E:\sts-4.32.0.RELEASE\configuration\org.eclipse.osgi\269\0\.cp
Launcher Type: SUN_STANDARD

[Global flags]
     intx CICompilerCount                          = 4                                         {product} {ergonomic}
     uint ConcGCThreads                            = 3                                         {product} {ergonomic}
     uint G1ConcRefinementThreads                  = 10                                        {product} {ergonomic}
   size_t G1HeapRegionSize                         = 1048576                                   {product} {ergonomic}
    uintx GCDrainStackTargetSize                   = 64                                        {product} {ergonomic}
   size_t InitialHeapSize                          = 121634816                                 {product} {ergonomic}
   size_t MarkStackSize                            = 4194304                                   {product} {ergonomic}
   size_t MaxHeapSize                              = 1939865600                                {product} {ergonomic}
   size_t MaxNewSize                               = 1163919360                                {product} {ergonomic}
   size_t MinHeapDeltaBytes                        = 1048576                                   {product} {ergonomic}
   size_t MinHeapSize                              = 8388608                                   {product} {ergonomic}
    uintx NonNMethodCodeHeapSize                   = 5839372                                {pd product} {ergonomic}
    uintx NonProfiledCodeHeapSize                  = 122909434                              {pd product} {ergonomic}
    uintx ProfiledCodeHeapSize                     = 122909434                              {pd product} {ergonomic}
    uintx ReservedCodeCacheSize                    = 251658240                              {pd product} {ergonomic}
     bool SegmentedCodeCache                       = true                                      {product} {ergonomic}
     bool ShowCodeDetailsInExceptionMessages       = true                                   {manageable} {command line}
   size_t SoftMaxHeapSize                          = 1939865600                             {manageable} {ergonomic}
     bool UseCompressedOops                        = true                           {product lp64_product} {ergonomic}
     bool UseG1GC                                  = true                                      {product} {ergonomic}
     bool UseLargePagesIndividualAllocation        = false                                  {pd product} {ergonomic}

Logging:
Log output configuration:
 #0: stdout all=warning uptime,level,tags foldmultilines=false
 #1: stderr all=off uptime,level,tags foldmultilines=false

Environment Variables:
PATH=E:/sts-4.32.0.RELEASE//plugins/org.eclipse.justj.openjdk.hotspot.jre.full.win32.x86_64_21.0.8.v20250724-1412/jre/bin/server;E:/sts-4.32.0.RELEASE//plugins/org.eclipse.justj.openjdk.hotspot.jre.full.win32.x86_64_21.0.8.v20250724-1412/jre/bin;C:\Program Files\Common Files\Oracle\Java\javapath;C:\Program Files (x86)\Common Files\Oracle\Java\java8path;C:\Program Files (x86)\Common Files\Oracle\Java\javapath;C:\WINDOWS\system32;C:\WINDOWS;C:\WINDOWS\System32\Wbem;C:\WINDOWS\System32\WindowsPowerShell\v1.0\;C:\WINDOWS\System32\OpenSSH\;C:\Program Files\dotnet\;C:\Program Files\Git\cmd;C:\Program Files\nodejs\dowload\;C:\xampp;C:\Users\user\scoop\shims;C:\Users\user\AppData\Local\Programs\Python\Python313\Scripts\;C:\Users\user\AppData\Local\Programs\Python\Python313\;C:\Users\user\AppData\Local\Microsoft\WindowsApps;C:\Users\user\.dotnet\tools;;C:\Program Files\JetBrains\IntelliJ IDEA Community Edition 2025.1.2\bin;;C:\Users\user\AppData\Roaming\npm;E:\MenuDados\IntelliJ IDEA Community Edition 2025.1.2\bin;;C:\Users\user\AppData\Local\Programs\Microsoft VS Code\bin;E:\sts-4.32.0.RELEASE;
USERNAME=user
OS=Windows_NT
PROCESSOR_IDENTIFIER=AMD64 Family 23 Model 96 Stepping 1, AuthenticAMD
TMP=C:\Users\user\AppData\Local\Temp
TEMP=C:\Users\user\AppData\Local\Temp




Periodic native trim disabled

---------------  S Y S T E M  ---------------

OS:
 Windows 11 , 64 bit Build 22621 (10.0.22621.5415)
OS uptime: 6 days 17:12 hours
Hyper-V role detected

CPU: total 12 (initial active 12) (12 cores per cpu, 2 threads per core) family 23 model 96 stepping 1 microcode 0x0, cx8, cmov, fxsr, ht, mmx, 3dnowpref, sse, sse2, sse3, ssse3, sse4a, sse4.1, sse4.2, popcnt, lzcnt, tsc, tscinvbit, avx, avx2, aes, clmul, bmi1, bmi2, adx, sha, fma, vzeroupper, clflush, clflushopt, hv, rdtscp, rdpid, f16c
Processor Information for processor 0
  Max Mhz: 2100, Current Mhz: 2100, Mhz Limit: 2100
Processor Information for processor 1
  Max Mhz: 2100, Current Mhz: 2100, Mhz Limit: 2100
Processor Information for processor 2
  Max Mhz: 2100, Current Mhz: 2100, Mhz Limit: 2100
Processor Information for processor 3
  Max Mhz: 2100, Current Mhz: 2100, Mhz Limit: 2100
Processor Information for processor 4
  Max Mhz: 2100, Current Mhz: 2100, Mhz Limit: 2100
Processor Information for processor 5
  Max Mhz: 2100, Current Mhz: 2100, Mhz Limit: 2100
Processor Information for processor 6
  Max Mhz: 2100, Current Mhz: 2100, Mhz Limit: 2100
Processor Information for processor 7
  Max Mhz: 2100, Current Mhz: 2100, Mhz Limit: 2100
Processor Information for processor 8
  Max Mhz: 2100, Current Mhz: 1400, Mhz Limit: 2100
Processor Information for processor 9
  Max Mhz: 2100, Current Mhz: 1400, Mhz Limit: 2100
Processor Information for processor 10
  Max Mhz: 2100, Current Mhz: 1400, Mhz Limit: 2100
Processor Information for processor 11
  Max Mhz: 2100, Current Mhz: 1400, Mhz Limit: 2100

Memory: 4k page, system-wide physical 7399M (466M free)
TotalPageFile size 18987M (AvailPageFile size 4M)
current process WorkingSet (physical memory assigned to process): 369M, peak: 371M
current process commit charge ("private bytes"): 406M, peak: 407M

vm_info: OpenJDK 64-Bit Server VM (21.0.8+9-LTS) for windows-amd64 JRE (21.0.8+9-LTS), built on 2025-07-15T00:00:00Z by "admin" with MS VC++ 17.7 (VS2022)

END.
