#
# There is insufficient memory for the Java Runtime Environment to continue.
# Native memory allocation (mmap) failed to map 72351744 bytes. Error detail: G1 virtual space
# Possible reasons:
#   The system is out of physical RAM or swap space
#   This process is running with CompressedOops enabled, and the Java Heap may be blocking the growth of the native heap
# Possible solutions:
#   Reduce memory load on the system
#   Increase physical memory or swap space
#   Check if swap backing store is full
#   Decrease Java heap size (-Xmx/-Xms)
#   Decrease number of Java threads
#   Decrease Java thread stack sizes (-Xss)
#   Set larger code cache with -XX:ReservedCodeCacheSize=
#   JVM is running with Unscaled Compressed Oops mode in which the Java heap is
#     placed in the first 4GB address space. The Java Heap base address is the
#     maximum limit for the native heap growth. Please use -XX:HeapBaseMinAddress
#     to set the Java Heap base and to place the Java Heap above 4GB virtual address.
# This output file may be truncated or incomplete.
#
#  Out of Memory Error (os_windows.cpp:3713), pid=26432, tid=26524
#
# JRE version: OpenJDK Runtime Environment Temurin-21.0.8+9 (21.0.8+9) (build 21.0.8+9-LTS)
# Java VM: OpenJDK 64-Bit Server VM Temurin-21.0.8+9 (21.0.8+9-LTS, mixed mode, sharing, tiered, compressed oops, compressed class ptrs, g1 gc, windows-amd64)
# No core dump will be written. Minidumps are not enabled by default on client versions of Windows
#

---------------  S U M M A R Y ------------

Command Line: -ea -Dfile.encoding=UTF-8 -Dstdout.encoding=UTF-8 -Dstderr.encoding=UTF-8 -XX:+ShowCodeDetailsInExceptionMessages org.eclipse.jdt.internal.junit.runner.RemoteTestRunner -version 3 -port 59617 -testLoaderClass org.eclipse.jdt.internal.junit5.runner.JUnit5TestLoader -loaderpluginname org.eclipse.jdt.junit5.runtime -classNames com.GestaoRotas.GestaoRotas.Controllers.ControllerMaintenanceTest

Host: AMD Ryzen 5 PRO 4650U with Radeon Graphics, 12 cores, 7G,  Windows 11 , 64 bit Build 22621 (10.0.22621.5415)
Time: Sat May  9 07:41:03 2026 GMT Summer Time elapsed time: 11.348326 seconds (0d 0h 0m 11s)

---------------  T H R E A D  ---------------

Current thread (0x0000014f5f4fc5d0):  VMThread "VM Thread"          [id=26524, stack(0x00000011cc600000,0x00000011cc700000) (1024K)]

Stack: [0x00000011cc600000,0x00000011cc700000]
Native frames: (J=compiled Java code, j=interpreted, Vv=VM code, C=native code)
V  [jvm.dll+0x6d2449]
V  [jvm.dll+0x8ae341]
V  [jvm.dll+0x8b08be]
V  [jvm.dll+0x8b0fa3]
V  [jvm.dll+0x280c96]
V  [jvm.dll+0x6cec15]
V  [jvm.dll+0x6c2c3a]
V  [jvm.dll+0x35867a]
V  [jvm.dll+0x360246]
V  [jvm.dll+0x3b1f9e]
V  [jvm.dll+0x3b2248]
V  [jvm.dll+0x32c8fc]
V  [jvm.dll+0x32c987]
V  [jvm.dll+0x3706fc]
V  [jvm.dll+0x36ef48]
V  [jvm.dll+0x32c0c1]
V  [jvm.dll+0x36e5ba]
V  [jvm.dll+0x8b6cbf]
V  [jvm.dll+0x8b8044]
V  [jvm.dll+0x8b8580]
V  [jvm.dll+0x8b8823]
V  [jvm.dll+0x857e6b]
V  [jvm.dll+0x6d0b0d]
C  [ucrtbase.dll+0x29333]
C  [KERNEL32.DLL+0x1259d]
C  [ntdll.dll+0x5af78]

VM_Operation (0x00000011cbff6b40): G1CollectForAllocation, mode: safepoint, requested by thread 0x0000014f451e0ba0


---------------  P R O C E S S  ---------------

Threads class SMR info:
_java_thread_list=0x0000014f657c18d0, length=17, elements={
0x0000014f451e0ba0, 0x0000014f5f510e90, 0x0000014f5f514260, 0x0000014f5f518bb0,
0x0000014f5f519600, 0x0000014f5f51a050, 0x0000014f5f51aaa0, 0x0000014f5f51b820,
0x0000014f5f5881e0, 0x0000014f5f65ecd0, 0x0000014f5f6684e0, 0x0000014f5f951540,
0x0000014f65a7be80, 0x0000014f65a79db0, 0x0000014f65a7a440, 0x0000014f64dd1bd0,
0x0000014f684a1070
}

Java Threads: ( => current thread )
  0x0000014f451e0ba0 JavaThread "main"                              [_thread_blocked, id=21904, stack(0x00000011cbf00000,0x00000011cc000000) (1024K)]
  0x0000014f5f510e90 JavaThread "Reference Handler"          daemon [_thread_blocked, id=5692, stack(0x00000011cc700000,0x00000011cc800000) (1024K)]
  0x0000014f5f514260 JavaThread "Finalizer"                  daemon [_thread_blocked, id=8700, stack(0x00000011cc800000,0x00000011cc900000) (1024K)]
  0x0000014f5f518bb0 JavaThread "Signal Dispatcher"          daemon [_thread_blocked, id=16296, stack(0x00000011cc900000,0x00000011cca00000) (1024K)]
  0x0000014f5f519600 JavaThread "Attach Listener"            daemon [_thread_blocked, id=28284, stack(0x00000011cca00000,0x00000011ccb00000) (1024K)]
  0x0000014f5f51a050 JavaThread "Service Thread"             daemon [_thread_blocked, id=19052, stack(0x00000011ccb00000,0x00000011ccc00000) (1024K)]
  0x0000014f5f51aaa0 JavaThread "Monitor Deflation Thread"   daemon [_thread_blocked, id=11420, stack(0x00000011ccc00000,0x00000011ccd00000) (1024K)]
  0x0000014f5f51b820 JavaThread "C2 CompilerThread0"         daemon [_thread_blocked, id=12472, stack(0x00000011ccd00000,0x00000011cce00000) (1024K)]
  0x0000014f5f5881e0 JavaThread "C1 CompilerThread0"         daemon [_thread_blocked, id=7292, stack(0x00000011cce00000,0x00000011ccf00000) (1024K)]
  0x0000014f5f65ecd0 JavaThread "Notification Thread"        daemon [_thread_blocked, id=12728, stack(0x00000011ccf00000,0x00000011cd000000) (1024K)]
  0x0000014f5f6684e0 JavaThread "Common-Cleaner"             daemon [_thread_blocked, id=3392, stack(0x00000011cd000000,0x00000011cd100000) (1024K)]
  0x0000014f5f951540 JavaThread "ReaderThread"                      [_thread_in_native, id=23008, stack(0x00000011cd100000,0x00000011cd200000) (1024K)]
  0x0000014f65a7be80 JavaThread "mysql-cj-abandoned-connection-cleanup" daemon [_thread_blocked, id=2348, stack(0x00000011cdc00000,0x00000011cdd00000) (1024K)]
  0x0000014f65a79db0 JavaThread "HikariPool-1:housekeeper"   daemon [_thread_blocked, id=17772, stack(0x00000011ce100000,0x00000011ce200000) (1024K)]
  0x0000014f65a7a440 JavaThread "HikariPool-1:connection-adder" daemon [_thread_blocked, id=15220, stack(0x00000011ce200000,0x00000011ce300000) (1024K)]
  0x0000014f64dd1bd0 JavaThread "C2 CompilerThread1"         daemon [_thread_blocked, id=11080, stack(0x00000011cd600000,0x00000011cd700000) (1024K)]
  0x0000014f684a1070 JavaThread "C2 CompilerThread2"         daemon [_thread_blocked, id=26024, stack(0x00000011cd700000,0x00000011cd800000) (1024K)]
Total: 17

Other Threads:
=>0x0000014f5f4fc5d0 VMThread "VM Thread"                           [id=26524, stack(0x00000011cc600000,0x00000011cc700000) (1024K)]
  0x0000014f5f4eb5c0 WatcherThread "VM Periodic Task Thread"        [id=2152, stack(0x00000011cc500000,0x00000011cc600000) (1024K)]
  0x0000014f47607230 WorkerThread "GC Thread#0"                     [id=27928, stack(0x00000011cc000000,0x00000011cc100000) (1024K)]
  0x0000014f64b40d20 WorkerThread "GC Thread#1"                     [id=720, stack(0x00000011cd200000,0x00000011cd300000) (1024K)]
  0x0000014f64b33f40 WorkerThread "GC Thread#2"                     [id=18612, stack(0x00000011cd300000,0x00000011cd400000) (1024K)]
  0x0000014f64b342e0 WorkerThread "GC Thread#3"                     [id=16612, stack(0x00000011cd400000,0x00000011cd500000) (1024K)]
  0x0000014f64514460 WorkerThread "GC Thread#4"                     [id=10996, stack(0x00000011cd500000,0x00000011cd600000) (1024K)]
  0x0000014f659e3ea0 WorkerThread "GC Thread#5"                     [id=22144, stack(0x00000011cd800000,0x00000011cd900000) (1024K)]
  0x0000014f659e5460 WorkerThread "GC Thread#6"                     [id=17896, stack(0x00000011cd900000,0x00000011cda00000) (1024K)]
  0x0000014f659e45e0 WorkerThread "GC Thread#7"                     [id=4200, stack(0x00000011cda00000,0x00000011cdb00000) (1024K)]
  0x0000014f659e4240 WorkerThread "GC Thread#8"                     [id=2364, stack(0x00000011cdb00000,0x00000011cdc00000) (1024K)]
  0x0000014f659e4d20 WorkerThread "GC Thread#9"                     [id=11816, stack(0x00000011cdd00000,0x00000011cde00000) (1024K)]
  0x0000014f47616950 ConcurrentGCThread "G1 Main Marker"            [id=17732, stack(0x00000011cc100000,0x00000011cc200000) (1024K)]
  0x0000014f47617450 WorkerThread "G1 Conc#0"                       [id=19804, stack(0x00000011cc200000,0x00000011cc300000) (1024K)]
  0x0000014f659e50c0 WorkerThread "G1 Conc#1"                       [id=8376, stack(0x00000011cde00000,0x00000011cdf00000) (1024K)]
  0x0000014f66257850 WorkerThread "G1 Conc#2"                       [id=23220, stack(0x00000011cdf00000,0x00000011ce000000) (1024K)]
  0x0000014f5f3b85c0 ConcurrentGCThread "G1 Refine#0"               [id=16376, stack(0x00000011cc300000,0x00000011cc400000) (1024K)]
  0x0000014f5f3b9a60 ConcurrentGCThread "G1 Service"                [id=22484, stack(0x00000011cc400000,0x00000011cc500000) (1024K)]
Total: 18

Threads with active compile tasks:
Total: 0

VM state: at safepoint (normal execution)

VM Mutex/Monitor currently owned by a thread:  ([mutex/lock_event])
[0x00007fffea685458] Threads_lock - owner thread: 0x0000014f5f4fc5d0
[0x00007fffea685558] Heap_lock - owner thread: 0x0000014f451e0ba0

Heap address: 0x000000008c600000, size: 1850 MB, Compressed Oops mode: 32-bit

CDS archive(s) mapped at: [0x0000014f00000000-0x0000014f00c80000-0x0000014f00c80000), size 13107200, SharedBaseAddress: 0x0000014f00000000, ArchiveRelocationMode: 1.
Compressed class space mapped at: 0x0000014f01000000-0x0000014f41000000, reserved size: 1073741824
Narrow klass base: 0x0000014f00000000, Narrow klass shift: 0, Narrow klass range: 0x100000000

GC Precious Log:
 CardTable entry size: 512
 Card Set container configuration: InlinePtr #cards 5 size 8 Array Of Cards #cards 12 size 40 Howl #buckets 4 coarsen threshold 1843 Howl Bitmap #cards 512 size 80 coarsen threshold 460 Card regions per heap region 1 cards per card region 2048
 CPUs: 12 total, 12 available
 Memory: 7399M
 Large Page Support: Disabled
 NUMA Support: Disabled
 Compressed Oops: Enabled (32-bit)
 Heap Region Size: 1M
 Heap Min Capacity: 8M
 Heap Initial Capacity: 116M
 Heap Max Capacity: 1850M
 Pre-touch: Disabled
 Parallel Workers: 10
 Concurrent Workers: 3
 Concurrent Refinement Workers: 10
 Periodic GC: Disabled

Heap:
 garbage-first heap   total 122880K, used 54365K [0x000000008c600000, 0x0000000100000000)
  region size 1024K, 7 young (7168K), 7 survivors (7168K)
 Metaspace       used 77984K, committed 78656K, reserved 1179648K
  class space    used 10915K, committed 11200K, reserved 1048576K

Heap Regions: E=young(eden), S=young(survivor), O=old, HS=humongous(starts), HC=humongous(continues), CS=collection set, F=free, TAMS=top-at-mark-start, PB=parsable bottom
|   0|0x000000008c600000, 0x000000008c700000, 0x000000008c700000|100%|HS|  |TAMS 0x000000008c600000| PB 0x000000008c600000| Complete 
|   1|0x000000008c700000, 0x000000008c800000, 0x000000008c800000|100%|HS|  |TAMS 0x000000008c700000| PB 0x000000008c700000| Complete 
|   2|0x000000008c800000, 0x000000008c900000, 0x000000008c900000|100%| O|  |TAMS 0x000000008c800000| PB 0x000000008c800000| Untracked 
|   3|0x000000008c900000, 0x000000008ca00000, 0x000000008ca00000|100%| O|  |TAMS 0x000000008c900000| PB 0x000000008c900000| Untracked 
|   4|0x000000008ca00000, 0x000000008cb00000, 0x000000008cb00000|100%| O|  |TAMS 0x000000008ca00000| PB 0x000000008ca00000| Untracked 
|   5|0x000000008cb00000, 0x000000008cc00000, 0x000000008cc00000|100%| O|  |TAMS 0x000000008cb00000| PB 0x000000008cb00000| Untracked 
|   6|0x000000008cc00000, 0x000000008cd00000, 0x000000008cd00000|100%| O|  |TAMS 0x000000008cc00000| PB 0x000000008cc00000| Untracked 
|   7|0x000000008cd00000, 0x000000008ce00000, 0x000000008ce00000|100%| O|  |TAMS 0x000000008cd00000| PB 0x000000008cd00000| Untracked 
|   8|0x000000008ce00000, 0x000000008cf00000, 0x000000008cf00000|100%| O|  |TAMS 0x000000008ce00000| PB 0x000000008ce00000| Untracked 
|   9|0x000000008cf00000, 0x000000008d000000, 0x000000008d000000|100%| O|  |TAMS 0x000000008cf00000| PB 0x000000008cf00000| Untracked 
|  10|0x000000008d000000, 0x000000008d100000, 0x000000008d100000|100%| O|  |TAMS 0x000000008d000000| PB 0x000000008d000000| Untracked 
|  11|0x000000008d100000, 0x000000008d200000, 0x000000008d200000|100%| O|  |TAMS 0x000000008d100000| PB 0x000000008d100000| Untracked 
|  12|0x000000008d200000, 0x000000008d300000, 0x000000008d300000|100%| O|  |TAMS 0x000000008d200000| PB 0x000000008d200000| Untracked 
|  13|0x000000008d300000, 0x000000008d400000, 0x000000008d400000|100%| O|  |TAMS 0x000000008d300000| PB 0x000000008d300000| Untracked 
|  14|0x000000008d400000, 0x000000008d500000, 0x000000008d500000|100%| O|  |TAMS 0x000000008d400000| PB 0x000000008d400000| Untracked 
|  15|0x000000008d500000, 0x000000008d600000, 0x000000008d600000|100%| O|  |TAMS 0x000000008d500000| PB 0x000000008d500000| Untracked 
|  16|0x000000008d600000, 0x000000008d700000, 0x000000008d700000|100%| O|  |TAMS 0x000000008d600000| PB 0x000000008d600000| Untracked 
|  17|0x000000008d700000, 0x000000008d800000, 0x000000008d800000|100%| O|  |TAMS 0x000000008d700000| PB 0x000000008d700000| Untracked 
|  18|0x000000008d800000, 0x000000008d900000, 0x000000008d900000|100%| O|  |TAMS 0x000000008d800000| PB 0x000000008d800000| Untracked 
|  19|0x000000008d900000, 0x000000008d900000, 0x000000008da00000|  0%| F|  |TAMS 0x000000008d900000| PB 0x000000008d900000| Untracked 
|  20|0x000000008da00000, 0x000000008db00000, 0x000000008db00000|100%| O|  |TAMS 0x000000008da00000| PB 0x000000008da00000| Untracked 
|  21|0x000000008db00000, 0x000000008dc00000, 0x000000008dc00000|100%| O|  |TAMS 0x000000008db00000| PB 0x000000008db00000| Untracked 
|  22|0x000000008dc00000, 0x000000008dd00000, 0x000000008dd00000|100%| O|  |TAMS 0x000000008dc00000| PB 0x000000008dc00000| Untracked 
|  23|0x000000008dd00000, 0x000000008de00000, 0x000000008de00000|100%| O|  |TAMS 0x000000008dd00000| PB 0x000000008dd00000| Untracked 
|  24|0x000000008de00000, 0x000000008df00000, 0x000000008df00000|100%| O|  |TAMS 0x000000008de00000| PB 0x000000008de00000| Untracked 
|  25|0x000000008df00000, 0x000000008e000000, 0x000000008e000000|100%| O|  |TAMS 0x000000008df00000| PB 0x000000008df00000| Untracked 
|  26|0x000000008e000000, 0x000000008e100000, 0x000000008e100000|100%| O|  |TAMS 0x000000008e000000| PB 0x000000008e000000| Untracked 
|  27|0x000000008e100000, 0x000000008e200000, 0x000000008e200000|100%| O|  |TAMS 0x000000008e100000| PB 0x000000008e100000| Untracked 
|  28|0x000000008e200000, 0x000000008e300000, 0x000000008e300000|100%| O|  |TAMS 0x000000008e200000| PB 0x000000008e200000| Untracked 
|  29|0x000000008e300000, 0x000000008e400000, 0x000000008e400000|100%| O|  |TAMS 0x000000008e300000| PB 0x000000008e300000| Untracked 
|  30|0x000000008e400000, 0x000000008e500000, 0x000000008e500000|100%| O|  |TAMS 0x000000008e400000| PB 0x000000008e400000| Untracked 
|  31|0x000000008e500000, 0x000000008e600000, 0x000000008e600000|100%| O|  |TAMS 0x000000008e500000| PB 0x000000008e500000| Untracked 
|  32|0x000000008e600000, 0x000000008e700000, 0x000000008e700000|100%| O|  |TAMS 0x000000008e600000| PB 0x000000008e600000| Untracked 
|  33|0x000000008e700000, 0x000000008e800000, 0x000000008e800000|100%| O|  |TAMS 0x000000008e700000| PB 0x000000008e700000| Untracked 
|  34|0x000000008e800000, 0x000000008e900000, 0x000000008e900000|100%| O|  |TAMS 0x000000008e800000| PB 0x000000008e800000| Untracked 
|  35|0x000000008e900000, 0x000000008ea00000, 0x000000008ea00000|100%| O|  |TAMS 0x000000008e900000| PB 0x000000008e900000| Untracked 
|  36|0x000000008ea00000, 0x000000008eb00000, 0x000000008eb00000|100%| O|  |TAMS 0x000000008ea00000| PB 0x000000008ea00000| Untracked 
|  37|0x000000008eb00000, 0x000000008ec00000, 0x000000008ec00000|100%| O|  |TAMS 0x000000008eb00000| PB 0x000000008eb00000| Untracked 
|  38|0x000000008ec00000, 0x000000008ed00000, 0x000000008ed00000|100%| O|  |TAMS 0x000000008ec00000| PB 0x000000008ec00000| Untracked 
|  39|0x000000008ed00000, 0x000000008ee00000, 0x000000008ee00000|100%| O|  |TAMS 0x000000008ed00000| PB 0x000000008ed00000| Untracked 
|  40|0x000000008ee00000, 0x000000008ee00000, 0x000000008ef00000|  0%| F|  |TAMS 0x000000008ee00000| PB 0x000000008ee00000| Untracked 
|  41|0x000000008ef00000, 0x000000008f000000, 0x000000008f000000|100%| O|  |TAMS 0x000000008ef00000| PB 0x000000008ef00000| Untracked 
|  42|0x000000008f000000, 0x000000008f000000, 0x000000008f100000|  0%| F|  |TAMS 0x000000008f000000| PB 0x000000008f000000| Untracked 
|  43|0x000000008f100000, 0x000000008f100000, 0x000000008f200000|  0%| F|  |TAMS 0x000000008f100000| PB 0x000000008f100000| Untracked 
|  44|0x000000008f200000, 0x000000008f200000, 0x000000008f300000|  0%| F|  |TAMS 0x000000008f200000| PB 0x000000008f200000| Untracked 
|  45|0x000000008f300000, 0x000000008f400000, 0x000000008f400000|100%| O|  |TAMS 0x000000008f300000| PB 0x000000008f300000| Untracked 
|  46|0x000000008f400000, 0x000000008f500000, 0x000000008f500000|100%| O|  |TAMS 0x000000008f400000| PB 0x000000008f400000| Untracked 
|  47|0x000000008f500000, 0x000000008f600000, 0x000000008f600000|100%| O|  |TAMS 0x000000008f500000| PB 0x000000008f500000| Untracked 
|  48|0x000000008f600000, 0x000000008f700000, 0x000000008f700000|100%| S|CS|TAMS 0x000000008f600000| PB 0x000000008f600000| Complete 
|  49|0x000000008f700000, 0x000000008f700000, 0x000000008f800000|  0%| F|  |TAMS 0x000000008f700000| PB 0x000000008f700000| Untracked 
|  50|0x000000008f800000, 0x000000008f800000, 0x000000008f900000|  0%| F|  |TAMS 0x000000008f800000| PB 0x000000008f800000| Untracked 
|  51|0x000000008f900000, 0x000000008f900000, 0x000000008fa00000|  0%| F|  |TAMS 0x000000008f900000| PB 0x000000008f900000| Untracked 
|  52|0x000000008fa00000, 0x000000008fa00000, 0x000000008fb00000|  0%| F|  |TAMS 0x000000008fa00000| PB 0x000000008fa00000| Untracked 
|  53|0x000000008fb00000, 0x000000008fc00000, 0x000000008fc00000|100%| S|CS|TAMS 0x000000008fb00000| PB 0x000000008fb00000| Complete 
|  54|0x000000008fc00000, 0x000000008fd00000, 0x000000008fd00000|100%| S|CS|TAMS 0x000000008fc00000| PB 0x000000008fc00000| Complete 
|  55|0x000000008fd00000, 0x000000008fe00000, 0x000000008fe00000|100%| S|CS|TAMS 0x000000008fd00000| PB 0x000000008fd00000| Complete 
|  56|0x000000008fe00000, 0x000000008ff00000, 0x000000008ff00000|100%| S|CS|TAMS 0x000000008fe00000| PB 0x000000008fe00000| Complete 
|  57|0x000000008ff00000, 0x0000000090000000, 0x0000000090000000|100%| S|CS|TAMS 0x000000008ff00000| PB 0x000000008ff00000| Complete 
|  58|0x0000000090000000, 0x0000000090100000, 0x0000000090100000|100%| S|CS|TAMS 0x0000000090000000| PB 0x0000000090000000| Complete 
|  59|0x0000000090100000, 0x0000000090100000, 0x0000000090200000|  0%| F|  |TAMS 0x0000000090100000| PB 0x0000000090100000| Untracked 
|  60|0x0000000090200000, 0x0000000090200000, 0x0000000090300000|  0%| F|  |TAMS 0x0000000090200000| PB 0x0000000090200000| Untracked 
|  61|0x0000000090300000, 0x0000000090300000, 0x0000000090400000|  0%| F|  |TAMS 0x0000000090300000| PB 0x0000000090300000| Untracked 
|  62|0x0000000090400000, 0x0000000090400000, 0x0000000090500000|  0%| F|  |TAMS 0x0000000090400000| PB 0x0000000090400000| Untracked 
|  63|0x0000000090500000, 0x0000000090500000, 0x0000000090600000|  0%| F|  |TAMS 0x0000000090500000| PB 0x0000000090500000| Untracked 
|  64|0x0000000090600000, 0x0000000090600000, 0x0000000090700000|  0%| F|  |TAMS 0x0000000090600000| PB 0x0000000090600000| Untracked 
|  65|0x0000000090700000, 0x0000000090700000, 0x0000000090800000|  0%| F|  |TAMS 0x0000000090700000| PB 0x0000000090700000| Untracked 
|  66|0x0000000090800000, 0x0000000090800000, 0x0000000090900000|  0%| F|  |TAMS 0x0000000090800000| PB 0x0000000090800000| Untracked 
|  67|0x0000000090900000, 0x0000000090900000, 0x0000000090a00000|  0%| F|  |TAMS 0x0000000090900000| PB 0x0000000090900000| Untracked 
|  68|0x0000000090a00000, 0x0000000090a00000, 0x0000000090b00000|  0%| F|  |TAMS 0x0000000090a00000| PB 0x0000000090a00000| Untracked 
|  69|0x0000000090b00000, 0x0000000090b00000, 0x0000000090c00000|  0%| F|  |TAMS 0x0000000090b00000| PB 0x0000000090b00000| Untracked 
|  70|0x0000000090c00000, 0x0000000090c00000, 0x0000000090d00000|  0%| F|  |TAMS 0x0000000090c00000| PB 0x0000000090c00000| Untracked 
|  71|0x0000000090d00000, 0x0000000090d00000, 0x0000000090e00000|  0%| F|  |TAMS 0x0000000090d00000| PB 0x0000000090d00000| Untracked 
|  72|0x0000000090e00000, 0x0000000090e00000, 0x0000000090f00000|  0%| F|  |TAMS 0x0000000090e00000| PB 0x0000000090e00000| Untracked 
|  73|0x0000000090f00000, 0x0000000090f00000, 0x0000000091000000|  0%| F|  |TAMS 0x0000000090f00000| PB 0x0000000090f00000| Untracked 
|  74|0x0000000091000000, 0x0000000091000000, 0x0000000091100000|  0%| F|  |TAMS 0x0000000091000000| PB 0x0000000091000000| Untracked 
|  75|0x0000000091100000, 0x0000000091100000, 0x0000000091200000|  0%| F|  |TAMS 0x0000000091100000| PB 0x0000000091100000| Untracked 
|  76|0x0000000091200000, 0x0000000091200000, 0x0000000091300000|  0%| F|  |TAMS 0x0000000091200000| PB 0x0000000091200000| Untracked 
|  77|0x0000000091300000, 0x0000000091300000, 0x0000000091400000|  0%| F|  |TAMS 0x0000000091300000| PB 0x0000000091300000| Untracked 
|  78|0x0000000091400000, 0x0000000091400000, 0x0000000091500000|  0%| F|  |TAMS 0x0000000091400000| PB 0x0000000091400000| Untracked 
|  79|0x0000000091500000, 0x0000000091500000, 0x0000000091600000|  0%| F|  |TAMS 0x0000000091500000| PB 0x0000000091500000| Untracked 
|  80|0x0000000091600000, 0x0000000091600000, 0x0000000091700000|  0%| F|  |TAMS 0x0000000091600000| PB 0x0000000091600000| Untracked 
|  81|0x0000000091700000, 0x0000000091700000, 0x0000000091800000|  0%| F|  |TAMS 0x0000000091700000| PB 0x0000000091700000| Untracked 
|  82|0x0000000091800000, 0x0000000091800000, 0x0000000091900000|  0%| F|  |TAMS 0x0000000091800000| PB 0x0000000091800000| Untracked 
|  83|0x0000000091900000, 0x0000000091900000, 0x0000000091a00000|  0%| F|  |TAMS 0x0000000091900000| PB 0x0000000091900000| Untracked 
|  84|0x0000000091a00000, 0x0000000091a00000, 0x0000000091b00000|  0%| F|  |TAMS 0x0000000091a00000| PB 0x0000000091a00000| Untracked 
|  85|0x0000000091b00000, 0x0000000091b00000, 0x0000000091c00000|  0%| F|  |TAMS 0x0000000091b00000| PB 0x0000000091b00000| Untracked 
|  86|0x0000000091c00000, 0x0000000091c00000, 0x0000000091d00000|  0%| F|  |TAMS 0x0000000091c00000| PB 0x0000000091c00000| Untracked 
|  87|0x0000000091d00000, 0x0000000091d00000, 0x0000000091e00000|  0%| F|  |TAMS 0x0000000091d00000| PB 0x0000000091d00000| Untracked 
|  88|0x0000000091e00000, 0x0000000091e00000, 0x0000000091f00000|  0%| F|  |TAMS 0x0000000091e00000| PB 0x0000000091e00000| Untracked 
|  89|0x0000000091f00000, 0x0000000091f00000, 0x0000000092000000|  0%| F|  |TAMS 0x0000000091f00000| PB 0x0000000091f00000| Untracked 
|  90|0x0000000092000000, 0x0000000092000000, 0x0000000092100000|  0%| F|  |TAMS 0x0000000092000000| PB 0x0000000092000000| Untracked 
|  91|0x0000000092100000, 0x0000000092100000, 0x0000000092200000|  0%| F|  |TAMS 0x0000000092100000| PB 0x0000000092100000| Untracked 
|  92|0x0000000092200000, 0x0000000092200000, 0x0000000092300000|  0%| F|  |TAMS 0x0000000092200000| PB 0x0000000092200000| Untracked 
|  93|0x0000000092300000, 0x0000000092300000, 0x0000000092400000|  0%| F|  |TAMS 0x0000000092300000| PB 0x0000000092300000| Untracked 
|  94|0x0000000092400000, 0x0000000092400000, 0x0000000092500000|  0%| F|  |TAMS 0x0000000092400000| PB 0x0000000092400000| Untracked 
|  95|0x0000000092500000, 0x0000000092500000, 0x0000000092600000|  0%| F|  |TAMS 0x0000000092500000| PB 0x0000000092500000| Untracked 
|  96|0x0000000092600000, 0x0000000092600000, 0x0000000092700000|  0%| F|  |TAMS 0x0000000092600000| PB 0x0000000092600000| Untracked 
|  97|0x0000000092700000, 0x0000000092700000, 0x0000000092800000|  0%| F|  |TAMS 0x0000000092700000| PB 0x0000000092700000| Untracked 
|  98|0x0000000092800000, 0x0000000092800000, 0x0000000092900000|  0%| F|  |TAMS 0x0000000092800000| PB 0x0000000092800000| Untracked 
|  99|0x0000000092900000, 0x0000000092900000, 0x0000000092a00000|  0%| F|  |TAMS 0x0000000092900000| PB 0x0000000092900000| Untracked 
| 100|0x0000000092a00000, 0x0000000092a00000, 0x0000000092b00000|  0%| F|  |TAMS 0x0000000092a00000| PB 0x0000000092a00000| Untracked 
| 101|0x0000000092b00000, 0x0000000092b00000, 0x0000000092c00000|  0%| F|  |TAMS 0x0000000092b00000| PB 0x0000000092b00000| Untracked 
| 102|0x0000000092c00000, 0x0000000092c00000, 0x0000000092d00000|  0%| F|  |TAMS 0x0000000092c00000| PB 0x0000000092c00000| Untracked 
| 103|0x0000000092d00000, 0x0000000092d00000, 0x0000000092e00000|  0%| F|  |TAMS 0x0000000092d00000| PB 0x0000000092d00000| Untracked 
| 104|0x0000000092e00000, 0x0000000092e00000, 0x0000000092f00000|  0%| F|  |TAMS 0x0000000092e00000| PB 0x0000000092e00000| Untracked 
| 105|0x0000000092f00000, 0x0000000092f00000, 0x0000000093000000|  0%| F|  |TAMS 0x0000000092f00000| PB 0x0000000092f00000| Untracked 
| 106|0x0000000093000000, 0x0000000093000000, 0x0000000093100000|  0%| F|  |TAMS 0x0000000093000000| PB 0x0000000093000000| Untracked 
| 107|0x0000000093100000, 0x0000000093100000, 0x0000000093200000|  0%| F|  |TAMS 0x0000000093100000| PB 0x0000000093100000| Untracked 
| 108|0x0000000093200000, 0x0000000093200000, 0x0000000093300000|  0%| F|  |TAMS 0x0000000093200000| PB 0x0000000093200000| Untracked 
| 109|0x0000000093300000, 0x0000000093300000, 0x0000000093400000|  0%| F|  |TAMS 0x0000000093300000| PB 0x0000000093300000| Untracked 
| 110|0x0000000093400000, 0x0000000093400000, 0x0000000093500000|  0%| F|  |TAMS 0x0000000093400000| PB 0x0000000093400000| Untracked 
| 111|0x0000000093500000, 0x0000000093500000, 0x0000000093600000|  0%| F|  |TAMS 0x0000000093500000| PB 0x0000000093500000| Untracked 
| 112|0x0000000093600000, 0x0000000093600000, 0x0000000093700000|  0%| F|  |TAMS 0x0000000093600000| PB 0x0000000093600000| Untracked 
| 113|0x0000000093700000, 0x0000000093700000, 0x0000000093800000|  0%| F|  |TAMS 0x0000000093700000| PB 0x0000000093700000| Untracked 
| 114|0x0000000093800000, 0x0000000093800000, 0x0000000093900000|  0%| F|  |TAMS 0x0000000093800000| PB 0x0000000093800000| Untracked 
| 115|0x0000000093900000, 0x0000000093900000, 0x0000000093a00000|  0%| F|  |TAMS 0x0000000093900000| PB 0x0000000093900000| Untracked 
|1846|0x00000000ffc00000, 0x00000000ffc17580, 0x00000000ffd00000|  9%| O|  |TAMS 0x00000000ffc00000| PB 0x00000000ffc00000| Untracked 
|1847|0x00000000ffd00000, 0x00000000ffe00000, 0x00000000ffe00000|100%| O|  |TAMS 0x00000000ffd00000| PB 0x00000000ffd00000| Untracked 
|1848|0x00000000ffe00000, 0x00000000fff00000, 0x00000000fff00000|100%| O|  |TAMS 0x00000000ffe00000| PB 0x00000000ffe00000| Untracked 
|1849|0x00000000fff00000, 0x0000000100000000, 0x0000000100000000|100%| O|  |TAMS 0x00000000fff00000| PB 0x00000000fff00000| Untracked 

Card table byte_map: [0x0000014f5a830000,0x0000014f5abd0000] _byte_map_base: 0x0000014f5a3cd000

Marking Bits: (CMBitMap*) 0x0000014f47607930
 Bits: [0x0000014f5abd0000, 0x0000014f5c8b8000)

Polling page: 0x0000014f45190000

Metaspace:

Usage:
  Non-class:     65.50 MB used.
      Class:     10.66 MB used.
       Both:     76.16 MB used.

Virtual space:
  Non-class space:      128.00 MB reserved,      65.88 MB ( 51%) committed,  2 nodes.
      Class space:        1.00 GB reserved,      10.94 MB (  1%) committed,  1 nodes.
             Both:        1.12 GB reserved,      76.81 MB (  7%) committed. 

Chunk freelists:
   Non-Class:  13.34 MB
       Class:  4.90 MB
        Both:  18.24 MB

MaxMetaspaceSize: unlimited
CompressedClassSpaceSize: 1.00 GB
Initial GC threshold: 21.00 MB
Current GC threshold: 127.50 MB
CDS: on
 - commit_granule_bytes: 65536.
 - commit_granule_words: 8192.
 - virtual_space_node_default_size: 8388608.
 - enlarge_chunks_in_place: 1.
 - use_allocation_guard: 0.


Internal statistics:

num_allocs_failed_limit: 9.
num_arena_births: 916.
num_arena_deaths: 0.
num_vsnodes_births: 3.
num_vsnodes_deaths: 0.
num_space_committed: 1229.
num_space_uncommitted: 0.
num_chunks_returned_to_freelist: 9.
num_chunks_taken_from_freelist: 3709.
num_chunk_merges: 9.
num_chunk_splits: 2686.
num_chunks_enlarged: 2102.
num_inconsistent_stats: 0.

CodeHeap 'non-profiled nmethods': size=120000Kb used=4903Kb max_used=4970Kb free=115096Kb
 bounds [0x0000014f52a10000, 0x0000014f52ef0000, 0x0000014f59f40000]
CodeHeap 'profiled nmethods': size=120000Kb used=13716Kb max_used=13865Kb free=106283Kb
 bounds [0x0000014f4af40000, 0x0000014f4bce0000, 0x0000014f52470000]
CodeHeap 'non-nmethods': size=5760Kb used=1742Kb max_used=1791Kb free=4017Kb
 bounds [0x0000014f52470000, 0x0000014f526e0000, 0x0000014f52a10000]
CodeCache: size=245760Kb, used=20361Kb, max_used=20626Kb, free=225396Kb
 total_blobs=8196, nmethods=7440, adapters=659, full_count=0
Compilation: enabled, stopped_count=0, restarted_count=0

Compilation events (20 events):
Event: 11.308 Thread 0x0000014f5f5881e0 nmethod 8925 0x0000014f52e8ff10 code [0x0000014f52e900a0, 0x0000014f52e90168]
Event: 11.308 Thread 0x0000014f5f5881e0 8926       1       org.hibernate.engine.internal.StatefulPersistenceContext::getSession (5 bytes)
Event: 11.308 Thread 0x0000014f5f5881e0 nmethod 8926 0x0000014f52e8f990 code [0x0000014f52e8fb20, 0x0000014f52e8fbe8]
Event: 11.308 Thread 0x0000014f5f51b820 nmethod 8888 0x0000014f52e7b190 code [0x0000014f52e7b340, 0x0000014f52e7b5f0]
Event: 11.308 Thread 0x0000014f5f51b820 8927       4       java.lang.reflect.Proxy::getInvocationHandler (69 bytes)
Event: 11.309 Thread 0x0000014f5f5881e0 8928       3       java.lang.invoke.LambdaForm$MH/0x0000014f011de000::invoke (67 bytes)
Event: 11.309 Thread 0x0000014f5f5881e0 nmethod 8928 0x0000014f4b47f910 code [0x0000014f4b47fb20, 0x0000014f4b4802e0]
Event: 11.309 Thread 0x0000014f5f5881e0 8929       3       java.lang.invoke.LambdaForm$MH/0x0000014f011dcc00::invoke (47 bytes)
Event: 11.309 Thread 0x0000014f5f5881e0 nmethod 8929 0x0000014f4b76c690 code [0x0000014f4b76c880, 0x0000014f4b76cf68]
Event: 11.312 Thread 0x0000014f5f5881e0 8931       3       org.springframework.data.repository.query.ValueExpressionQueryRewriter$QuotationMap::<init> (151 bytes)
Event: 11.315 Thread 0x0000014f5f5881e0 nmethod 8931 0x0000014f4bcaff10 code [0x0000014f4bcb0540, 0x0000014f4bcb4010]
Event: 11.315 Thread 0x0000014f5f5881e0 8932   !   3       org.springframework.data.jpa.repository.query.HqlParser::generalPathFragment (163 bytes)
Event: 11.316 Thread 0x0000014f5f5881e0 nmethod 8932 0x0000014f4b9a2210 code [0x0000014f4b9a24a0, 0x0000014f4b9a3300]
Event: 11.316 Thread 0x0000014f5f5881e0 8933       3       java.lang.invoke.LambdaForm$MH/0x0000014f011de800::invoke (126 bytes)
Event: 11.316 Thread 0x0000014f5f5881e0 nmethod 8933 0x0000014f4b880090 code [0x0000014f4b880300, 0x0000014f4b881220]
Event: 11.317 Thread 0x0000014f5f51b820 nmethod 8927 0x0000014f52e7a290 code [0x0000014f52e7a4a0, 0x0000014f52e7ab20]
Event: 11.317 Thread 0x0000014f5f51b820 8930       4       org.springframework.data.jpa.repository.query.QueryRenderer$TokenRenderer::isEmpty (10 bytes)
Event: 11.317 Thread 0x0000014f5f51b820 nmethod 8930 0x0000014f52e79f90 code [0x0000014f52e7a120, 0x0000014f52e7a1f0]
Event: 11.321 Thread 0x0000014f64dd1bd0 nmethod 8841 0x0000014f52e77990 code [0x0000014f52e77cc0, 0x0000014f52e79160]
Event: 11.324 Thread 0x0000014f684a1070 nmethod 8744 0x0000014f52e09510 code [0x0000014f52e09a40, 0x0000014f52e0d5b0]

GC Heap History (20 events):
Event: 9.980 GC heap after
{Heap after GC invocations=17 (full 0):
 garbage-first heap   total 75776K, used 38586K [0x000000008c600000, 0x0000000100000000)
  region size 1024K, 3 young (3072K), 3 survivors (3072K)
 Metaspace       used 73824K, committed 74496K, reserved 1114112K
  class space    used 10220K, committed 10496K, reserved 1048576K
}
Event: 10.087 GC heap before
{Heap before GC invocations=18 (full 0):
 garbage-first heap   total 75776K, used 67258K [0x000000008c600000, 0x0000000100000000)
  region size 1024K, 31 young (31744K), 3 survivors (3072K)
 Metaspace       used 73827K, committed 74496K, reserved 1114112K
  class space    used 10221K, committed 10496K, reserved 1048576K
}
Event: 10.088 GC heap after
{Heap after GC invocations=19 (full 0):
 garbage-first heap   total 75776K, used 36522K [0x000000008c600000, 0x0000000100000000)
  region size 1024K, 1 young (1024K), 1 survivors (1024K)
 Metaspace       used 73827K, committed 74496K, reserved 1114112K
  class space    used 10221K, committed 10496K, reserved 1048576K
}
Event: 10.300 GC heap before
{Heap before GC invocations=19 (full 0):
 garbage-first heap   total 75776K, used 67242K [0x000000008c600000, 0x0000000100000000)
  region size 1024K, 31 young (31744K), 1 survivors (1024K)
 Metaspace       used 75458K, committed 76160K, reserved 1179648K
  class space    used 10588K, committed 10880K, reserved 1048576K
}
Event: 10.305 GC heap after
{Heap after GC invocations=20 (full 0):
 garbage-first heap   total 91136K, used 38411K [0x000000008c600000, 0x0000000100000000)
  region size 1024K, 3 young (3072K), 3 survivors (3072K)
 Metaspace       used 75458K, committed 76160K, reserved 1179648K
  class space    used 10588K, committed 10880K, reserved 1048576K
}
Event: 10.525 GC heap before
{Heap before GC invocations=20 (full 0):
 garbage-first heap   total 91136K, used 81419K [0x000000008c600000, 0x0000000100000000)
  region size 1024K, 45 young (46080K), 3 survivors (3072K)
 Metaspace       used 77156K, committed 77824K, reserved 1179648K
  class space    used 10838K, committed 11136K, reserved 1048576K
}
Event: 10.530 GC heap after
{Heap after GC invocations=21 (full 0):
 garbage-first heap   total 91136K, used 40540K [0x000000008c600000, 0x0000000100000000)
  region size 1024K, 5 young (5120K), 5 survivors (5120K)
 Metaspace       used 77156K, committed 77824K, reserved 1179648K
  class space    used 10838K, committed 11136K, reserved 1048576K
}
Event: 10.593 GC heap before
{Heap before GC invocations=21 (full 0):
 garbage-first heap   total 91136K, used 80476K [0x000000008c600000, 0x0000000100000000)
  region size 1024K, 44 young (45056K), 5 survivors (5120K)
 Metaspace       used 77175K, committed 77824K, reserved 1179648K
  class space    used 10838K, committed 11136K, reserved 1048576K
}
Event: 10.598 GC heap after
{Heap after GC invocations=22 (full 0):
 garbage-first heap   total 91136K, used 39964K [0x000000008c600000, 0x0000000100000000)
  region size 1024K, 3 young (3072K), 3 survivors (3072K)
 Metaspace       used 77175K, committed 77824K, reserved 1179648K
  class space    used 10838K, committed 11136K, reserved 1048576K
}
Event: 10.720 GC heap before
{Heap before GC invocations=22 (full 0):
 garbage-first heap   total 91136K, used 81948K [0x000000008c600000, 0x0000000100000000)
  region size 1024K, 44 young (45056K), 3 survivors (3072K)
 Metaspace       used 77324K, committed 78016K, reserved 1179648K
  class space    used 10851K, committed 11136K, reserved 1048576K
}
Event: 10.726 GC heap after
{Heap after GC invocations=23 (full 0):
 garbage-first heap   total 91136K, used 42220K [0x000000008c600000, 0x0000000100000000)
  region size 1024K, 5 young (5120K), 5 survivors (5120K)
 Metaspace       used 77324K, committed 78016K, reserved 1179648K
  class space    used 10851K, committed 11136K, reserved 1048576K
}
Event: 10.798 GC heap before
{Heap before GC invocations=24 (full 0):
 garbage-first heap   total 91136K, used 80108K [0x000000008c600000, 0x0000000100000000)
  region size 1024K, 42 young (43008K), 5 survivors (5120K)
 Metaspace       used 77328K, committed 78016K, reserved 1179648K
  class space    used 10852K, committed 11136K, reserved 1048576K
}
Event: 10.802 GC heap after
{Heap after GC invocations=25 (full 0):
 garbage-first heap   total 114688K, used 41376K [0x000000008c600000, 0x0000000100000000)
  region size 1024K, 2 young (2048K), 2 survivors (2048K)
 Metaspace       used 77328K, committed 78016K, reserved 1179648K
  class space    used 10852K, committed 11136K, reserved 1048576K
}
Event: 10.945 GC heap before
{Heap before GC invocations=25 (full 0):
 garbage-first heap   total 114688K, used 104864K [0x000000008c600000, 0x0000000100000000)
  region size 1024K, 64 young (65536K), 2 survivors (2048K)
 Metaspace       used 77577K, committed 78208K, reserved 1179648K
  class space    used 10870K, committed 11136K, reserved 1048576K
}
Event: 10.949 GC heap after
{Heap after GC invocations=26 (full 0):
 garbage-first heap   total 114688K, used 42035K [0x000000008c600000, 0x0000000100000000)
  region size 1024K, 3 young (3072K), 3 survivors (3072K)
 Metaspace       used 77577K, committed 78208K, reserved 1179648K
  class space    used 10870K, committed 11136K, reserved 1048576K
}
Event: 11.027 GC heap before
{Heap before GC invocations=26 (full 0):
 garbage-first heap   total 114688K, used 103475K [0x000000008c600000, 0x0000000100000000)
  region size 1024K, 63 young (64512K), 3 survivors (3072K)
 Metaspace       used 77691K, committed 78336K, reserved 1179648K
  class space    used 10893K, committed 11200K, reserved 1048576K
}
Event: 11.032 GC heap after
{Heap after GC invocations=27 (full 0):
 garbage-first heap   total 114688K, used 43552K [0x000000008c600000, 0x0000000100000000)
  region size 1024K, 5 young (5120K), 5 survivors (5120K)
 Metaspace       used 77691K, committed 78336K, reserved 1179648K
  class space    used 10893K, committed 11200K, reserved 1048576K
}
Event: 11.146 GC heap before
{Heap before GC invocations=28 (full 0):
 garbage-first heap   total 114688K, used 100896K [0x000000008c600000, 0x0000000100000000)
  region size 1024K, 61 young (62464K), 5 survivors (5120K)
 Metaspace       used 77790K, committed 78400K, reserved 1179648K
  class space    used 10909K, committed 11200K, reserved 1048576K
}
Event: 11.155 GC heap after
{Heap after GC invocations=29 (full 0):
 garbage-first heap   total 114688K, used 47491K [0x000000008c600000, 0x0000000100000000)
  region size 1024K, 8 young (8192K), 8 survivors (8192K)
 Metaspace       used 77790K, committed 78400K, reserved 1179648K
  class space    used 10909K, committed 11200K, reserved 1048576K
}
Event: 11.328 GC heap before
{Heap before GC invocations=29 (full 0):
 garbage-first heap   total 114688K, used 98691K [0x000000008c600000, 0x0000000100000000)
  region size 1024K, 58 young (59392K), 8 survivors (8192K)
 Metaspace       used 77984K, committed 78656K, reserved 1179648K
  class space    used 10915K, committed 11200K, reserved 1048576K
}

Dll operation events (8 events):
Event: 0.016 Loaded shared library E:\sts-4.32.0.RELEASE\plugins\org.eclipse.justj.openjdk.hotspot.jre.full.win32.x86_64_21.0.8.v20250724-1412\jre\bin\java.dll
Event: 0.101 Loaded shared library E:\sts-4.32.0.RELEASE\plugins\org.eclipse.justj.openjdk.hotspot.jre.full.win32.x86_64_21.0.8.v20250724-1412\jre\bin\zip.dll
Event: 0.240 Loaded shared library E:\sts-4.32.0.RELEASE\plugins\org.eclipse.justj.openjdk.hotspot.jre.full.win32.x86_64_21.0.8.v20250724-1412\jre\bin\net.dll
Event: 0.243 Loaded shared library E:\sts-4.32.0.RELEASE\plugins\org.eclipse.justj.openjdk.hotspot.jre.full.win32.x86_64_21.0.8.v20250724-1412\jre\bin\nio.dll
Event: 0.246 Loaded shared library E:\sts-4.32.0.RELEASE\plugins\org.eclipse.justj.openjdk.hotspot.jre.full.win32.x86_64_21.0.8.v20250724-1412\jre\bin\zip.dll
Event: 0.436 Loaded shared library E:\sts-4.32.0.RELEASE\plugins\org.eclipse.justj.openjdk.hotspot.jre.full.win32.x86_64_21.0.8.v20250724-1412\jre\bin\jimage.dll
Event: 0.482 Loaded shared library E:\sts-4.32.0.RELEASE\plugins\org.eclipse.justj.openjdk.hotspot.jre.full.win32.x86_64_21.0.8.v20250724-1412\jre\bin\extnet.dll
Event: 3.804 Loaded shared library E:\sts-4.32.0.RELEASE\plugins\org.eclipse.justj.openjdk.hotspot.jre.full.win32.x86_64_21.0.8.v20250724-1412\jre\bin\sunmscapi.dll

Deoptimization events (20 events):
Event: 11.105 Thread 0x0000014f451e0ba0 DEOPT PACKING pc=0x0000014f52ed69cc sp=0x00000011cbff8680
Event: 11.105 Thread 0x0000014f451e0ba0 DEOPT UNPACKING pc=0x0000014f524c46a2 sp=0x00000011cbff8628 mode 2
Event: 11.235 Thread 0x0000014f451e0ba0 Uncommon trap: trap_request=0xffffffc6 fr.pc=0x0000014f52d1047c relative=0x000000000000031c
Event: 11.235 Thread 0x0000014f451e0ba0 Uncommon trap: reason=bimorphic_or_optimized_type_check action=maybe_recompile pc=0x0000014f52d1047c method=java.util.regex.Pattern$SliceI.match(Ljava/util/regex/Matcher;ILjava/lang/CharSequence;)Z @ 92 c2
Event: 11.235 Thread 0x0000014f451e0ba0 DEOPT PACKING pc=0x0000014f52d1047c sp=0x00000011cbff8c10
Event: 11.235 Thread 0x0000014f451e0ba0 DEOPT UNPACKING pc=0x0000014f524c46a2 sp=0x00000011cbff8b98 mode 2
Event: 11.235 Thread 0x0000014f451e0ba0 Uncommon trap: trap_request=0xffffffc6 fr.pc=0x0000014f52d1047c relative=0x000000000000031c
Event: 11.235 Thread 0x0000014f451e0ba0 Uncommon trap: reason=bimorphic_or_optimized_type_check action=maybe_recompile pc=0x0000014f52d1047c method=java.util.regex.Pattern$SliceI.match(Ljava/util/regex/Matcher;ILjava/lang/CharSequence;)Z @ 92 c2
Event: 11.235 Thread 0x0000014f451e0ba0 DEOPT PACKING pc=0x0000014f52d1047c sp=0x00000011cbff8c00
Event: 11.236 Thread 0x0000014f451e0ba0 DEOPT UNPACKING pc=0x0000014f524c46a2 sp=0x00000011cbff8b88 mode 2
Event: 11.236 Thread 0x0000014f451e0ba0 Uncommon trap: trap_request=0xffffffc6 fr.pc=0x0000014f52d1047c relative=0x000000000000031c
Event: 11.236 Thread 0x0000014f451e0ba0 Uncommon trap: reason=bimorphic_or_optimized_type_check action=maybe_recompile pc=0x0000014f52d1047c method=java.util.regex.Pattern$SliceI.match(Ljava/util/regex/Matcher;ILjava/lang/CharSequence;)Z @ 92 c2
Event: 11.236 Thread 0x0000014f451e0ba0 DEOPT PACKING pc=0x0000014f52d1047c sp=0x00000011cbff8c00
Event: 11.236 Thread 0x0000014f451e0ba0 DEOPT UNPACKING pc=0x0000014f524c46a2 sp=0x00000011cbff8b88 mode 2
Event: 11.240 Thread 0x0000014f451e0ba0 Uncommon trap: trap_request=0xffffffc6 fr.pc=0x0000014f52d1047c relative=0x000000000000031c
Event: 11.240 Thread 0x0000014f451e0ba0 Uncommon trap: reason=bimorphic_or_optimized_type_check action=maybe_recompile pc=0x0000014f52d1047c method=java.util.regex.Pattern$SliceI.match(Ljava/util/regex/Matcher;ILjava/lang/CharSequence;)Z @ 92 c2
Event: 11.240 Thread 0x0000014f451e0ba0 DEOPT PACKING pc=0x0000014f52d1047c sp=0x00000011cbff8c10
Event: 11.240 Thread 0x0000014f451e0ba0 DEOPT UNPACKING pc=0x0000014f524c46a2 sp=0x00000011cbff8b98 mode 2
Event: 11.299 Thread 0x0000014f451e0ba0 DEOPT PACKING pc=0x0000014f4b1fd664 sp=0x00000011cbff8230
Event: 11.299 Thread 0x0000014f451e0ba0 DEOPT UNPACKING pc=0x0000014f524c4e42 sp=0x00000011cbff76f8 mode 0

Classes loaded (20 events):
Event: 9.502 Loading class java/io/InvalidClassException
Event: 9.502 Loading class java/io/InvalidClassException done
Event: 9.518 Loading class java/util/WeakHashMap$KeyIterator
Event: 9.518 Loading class java/util/WeakHashMap$KeyIterator done
Event: 9.601 Loading class java/util/EmptyStackException
Event: 9.601 Loading class java/util/EmptyStackException done
Event: 10.988 Loading class sun/net/www/protocol/jrt/JavaRuntimeURLConnection
Event: 10.988 Loading class sun/net/www/protocol/jrt/JavaRuntimeURLConnection done
Event: 10.988 Loading class sun/net/www/protocol/jrt/JavaRuntimeURLConnection$1
Event: 10.988 Loading class sun/net/www/protocol/jrt/JavaRuntimeURLConnection$1 done
Event: 10.990 Loading class java/util/stream/Streams$RangeIntSpliterator
Event: 10.990 Loading class java/util/stream/Streams$RangeIntSpliterator done
Event: 10.990 Loading class java/util/stream/IntPipeline$1
Event: 10.990 Loading class java/util/stream/IntPipeline$1 done
Event: 10.991 Loading class java/util/stream/IntPipeline$1$1
Event: 10.991 Loading class java/util/stream/Sink$ChainedInt
Event: 10.991 Loading class java/util/stream/Sink$ChainedInt done
Event: 10.991 Loading class java/util/stream/IntPipeline$1$1 done
Event: 10.992 Loading class java/util/package-info
Event: 10.992 Loading class java/util/package-info done

Classes unloaded (0 events):
No events

Classes redefined (0 events):
No events

Internal exceptions (20 events):
Event: 8.611 Thread 0x0000014f451e0ba0 Exception <a 'java/lang/NoSuchMethodError'{0x000000008e653918}: 'java.lang.Object java.lang.invoke.DirectMethodHandle$Holder.newInvokeSpecial(java.lang.Object, java.lang.Object, java.lang.Object, java.lang.Object, java.lang.Object, java.lang.Object, java.lang.Object, int)'> (0x000000008e653918) 
thrown [s\src\hotspot\share\interpreter\linkResolver.cpp, line 773]
Event: 8.611 Thread 0x0000014f451e0ba0 Exception <a 'java/lang/NoSuchMethodError'{0x000000008e6587b8}: 'java.lang.Object java.lang.invoke.DirectMethodHandle$Holder.invokeSpecial(java.lang.Object, java.lang.Object, java.lang.Object, java.lang.Object, java.lang.Object, java.lang.Object, java.lang.Object, java.lang.Object, int)'> (0x000000008e6587b8) 
thrown [s\src\hotspot\share\interpreter\linkResolver.cpp, line 773]
Event: 8.611 Thread 0x0000014f451e0ba0 Exception <a 'java/lang/NoSuchMethodError'{0x000000008e65cff0}: 'java.lang.Object java.lang.invoke.Invokers$Holder.linkToTargetMethod(java.lang.Object, java.lang.Object, java.lang.Object, java.lang.Object, java.lang.Object, java.lang.Object, int, java.lang.Object)'> (0x000000008e65cff0) 
thrown [s\src\hotspot\share\interpreter\linkResolver.cpp, line 773]
Event: 8.633 Thread 0x0000014f451e0ba0 Exception <a 'java/lang/NoSuchMethodError'{0x000000008e544a40}: 'java.lang.Object java.lang.invoke.DirectMethodHandle$Holder.newInvokeSpecial(java.lang.Object, java.lang.Object, int, java.lang.Object, int, java.lang.Object, java.lang.Object)'> (0x000000008e544a40) 
thrown [s\src\hotspot\share\interpreter\linkResolver.cpp, line 773]
Event: 8.799 Thread 0x0000014f451e0ba0 Exception <a 'java/lang/NoSuchMethodError'{0x0000000090a24408}: 'java.lang.Object java.lang.invoke.DirectMethodHandle$Holder.invokeSpecial(java.lang.Object, java.lang.Object, int, java.lang.Object, int)'> (0x0000000090a24408) 
thrown [s\src\hotspot\share\interpreter\linkResolver.cpp, line 773]
Event: 8.935 Thread 0x0000014f451e0ba0 Implicit null exception at 0x0000014f52b1a3f7 to 0x0000014f52b1a660
Event: 8.951 Thread 0x0000014f451e0ba0 Implicit null exception at 0x0000014f52c3544c to 0x0000014f52c35950
Event: 8.992 Thread 0x0000014f451e0ba0 Implicit null exception at 0x0000014f52d4dcb8 to 0x0000014f52d4f78c
Event: 8.999 Thread 0x0000014f451e0ba0 Exception <a 'java/lang/IncompatibleClassChangeError'{0x000000008ff1a420}: Found class java.lang.Object, but interface was expected> (0x000000008ff1a420) 
thrown [s\src\hotspot\share\interpreter\linkResolver.cpp, line 840]
Event: 9.051 Thread 0x0000014f451e0ba0 Exception <a 'java/lang/IncompatibleClassChangeError'{0x000000008fd36808}: Found class java.lang.Object, but interface was expected> (0x000000008fd36808) 
thrown [s\src\hotspot\share\interpreter\linkResolver.cpp, line 840]
Event: 9.155 Thread 0x0000014f451e0ba0 Exception <a 'java/lang/IncompatibleClassChangeError'{0x000000008f9a3240}: Found class java.lang.Object, but interface was expected> (0x000000008f9a3240) 
thrown [s\src\hotspot\share\interpreter\linkResolver.cpp, line 840]
Event: 9.167 Thread 0x0000014f451e0ba0 Exception <a 'java/lang/NoSuchMethodError'{0x000000008f850670}: 'void java.lang.invoke.DirectMethodHandle$Holder.invokeSpecial(java.lang.Object, java.lang.Object, java.lang.Object, java.lang.Object, java.lang.Object, java.lang.Object, java.lang.Object)'> (0x000000008f850670) 
thrown [s\src\hotspot\share\interpreter\linkResolver.cpp, line 773]
Event: 9.259 Thread 0x0000014f451e0ba0 Exception <a 'java/lang/IncompatibleClassChangeError'{0x000000008f4b4a68}: Found class java.lang.Object, but interface was expected> (0x000000008f4b4a68) 
thrown [s\src\hotspot\share\interpreter\linkResolver.cpp, line 840]
Event: 9.339 Thread 0x0000014f451e0ba0 Exception <a 'java/lang/NoSuchMethodError'{0x000000008ee59fb0}: 'void java.lang.invoke.Invokers$Holder.invokeExact_MT(java.lang.Object, java.lang.Object, java.lang.Object, java.lang.Object)'> (0x000000008ee59fb0) 
thrown [s\src\hotspot\share\interpreter\linkResolver.cpp, line 773]
Event: 9.415 Thread 0x0000014f451e0ba0 Exception <a 'java/io/FileNotFoundException'{0x000000008ea92550}> (0x000000008ea92550) 
thrown [s\src\hotspot\share\prims\jni.cpp, line 520]
Event: 9.416 Thread 0x0000014f451e0ba0 Exception <a 'java/io/FileNotFoundException'{0x000000008ea9d408}> (0x000000008ea9d408) 
thrown [s\src\hotspot\share\prims\jni.cpp, line 520]
Event: 9.417 Thread 0x0000014f451e0ba0 Exception <a 'java/io/FileNotFoundException'{0x000000008eaa85c0}> (0x000000008eaa85c0) 
thrown [s\src\hotspot\share\prims\jni.cpp, line 520]
Event: 9.417 Thread 0x0000014f451e0ba0 Exception <a 'java/io/FileNotFoundException'{0x000000008eab3868}> (0x000000008eab3868) 
thrown [s\src\hotspot\share\prims\jni.cpp, line 520]
Event: 9.435 Thread 0x0000014f451e0ba0 Exception <a 'java/lang/NoSuchMethodError'{0x000000008e9bd4d8}: 'int java.lang.invoke.DirectMethodHandle$Holder.invokeStaticInit(java.lang.Object, int, java.lang.Object, java.lang.Object, java.lang.Object, java.lang.Object)'> (0x000000008e9bd4d8) 
thrown [s\src\hotspot\share\interpreter\linkResolver.cpp, line 773]
Event: 10.990 Thread 0x0000014f451e0ba0 Exception <a 'java/lang/NoSuchMethodError'{0x00000000916a5290}: 'java.lang.Object java.lang.invoke.DirectMethodHandle$Holder.invokeInterface(java.lang.Object, java.lang.Object, int)'> (0x00000000916a5290) 
thrown [s\src\hotspot\share\interpreter\linkResolver.cpp, line 773]

ZGC Phase Switch (0 events):
No events

VM Operations (20 events):
Event: 10.598 Executing VM operation: G1CollectForAllocation (G1 Evacuation Pause) done
Event: 10.720 Executing VM operation: G1CollectForAllocation (G1 Evacuation Pause)
Event: 10.726 Executing VM operation: G1CollectForAllocation (G1 Evacuation Pause) done
Event: 10.751 Executing VM operation: G1PauseRemark
Event: 10.756 Executing VM operation: G1PauseRemark done
Event: 10.764 Executing VM operation: G1PauseCleanup
Event: 10.764 Executing VM operation: G1PauseCleanup done
Event: 10.798 Executing VM operation: G1CollectForAllocation (G1 Evacuation Pause)
Event: 10.802 Executing VM operation: G1CollectForAllocation (G1 Evacuation Pause) done
Event: 10.945 Executing VM operation: G1CollectForAllocation (G1 Evacuation Pause)
Event: 10.949 Executing VM operation: G1CollectForAllocation (G1 Evacuation Pause) done
Event: 11.027 Executing VM operation: G1CollectForAllocation (G1 Evacuation Pause)
Event: 11.032 Executing VM operation: G1CollectForAllocation (G1 Evacuation Pause) done
Event: 11.056 Executing VM operation: G1PauseRemark
Event: 11.062 Executing VM operation: G1PauseRemark done
Event: 11.069 Executing VM operation: G1PauseCleanup
Event: 11.070 Executing VM operation: G1PauseCleanup done
Event: 11.146 Executing VM operation: G1CollectForAllocation (G1 Evacuation Pause)
Event: 11.155 Executing VM operation: G1CollectForAllocation (G1 Evacuation Pause) done
Event: 11.328 Executing VM operation: G1CollectForAllocation (G1 Evacuation Pause)

Memory protections (0 events):
No events

Nmethod flushes (20 events):
Event: 11.061 Thread 0x0000014f5f4fc5d0 flushing  nmethod 0x0000014f4bcbd790
Event: 11.061 Thread 0x0000014f5f4fc5d0 flushing  nmethod 0x0000014f4bcc5910
Event: 11.061 Thread 0x0000014f5f4fc5d0 flushing  nmethod 0x0000014f52a8fa90
Event: 11.061 Thread 0x0000014f5f4fc5d0 flushing  nmethod 0x0000014f52c69f10
Event: 11.061 Thread 0x0000014f5f4fc5d0 flushing  nmethod 0x0000014f52e9e310
Event: 11.061 Thread 0x0000014f5f4fc5d0 flushing  nmethod 0x0000014f52ea2890
Event: 11.061 Thread 0x0000014f5f4fc5d0 flushing  nmethod 0x0000014f4b096d10
Event: 11.061 Thread 0x0000014f5f4fc5d0 flushing  nmethod 0x0000014f4b10ad10
Event: 11.061 Thread 0x0000014f5f4fc5d0 flushing  nmethod 0x0000014f4b19dc10
Event: 11.061 Thread 0x0000014f5f4fc5d0 flushing  nmethod 0x0000014f4b1d8e10
Event: 11.061 Thread 0x0000014f5f4fc5d0 flushing  nmethod 0x0000014f4b1d9810
Event: 11.061 Thread 0x0000014f5f4fc5d0 flushing  nmethod 0x0000014f4b3de890
Event: 11.061 Thread 0x0000014f5f4fc5d0 flushing  nmethod 0x0000014f4b90dc10
Event: 11.061 Thread 0x0000014f5f4fc5d0 flushing  nmethod 0x0000014f4b90e590
Event: 11.061 Thread 0x0000014f5f4fc5d0 flushing  nmethod 0x0000014f4b94ad90
Event: 11.061 Thread 0x0000014f5f4fc5d0 flushing  nmethod 0x0000014f4bc81d90
Event: 11.061 Thread 0x0000014f5f4fc5d0 flushing  nmethod 0x0000014f4bc83190
Event: 11.061 Thread 0x0000014f5f4fc5d0 flushing  nmethod 0x0000014f4bca7710
Event: 11.061 Thread 0x0000014f5f4fc5d0 flushing  nmethod 0x0000014f4bca8f10
Event: 11.061 Thread 0x0000014f5f4fc5d0 flushing  nmethod 0x0000014f4bcac610

Events (20 events):
Event: 0.113 Thread 0x0000014f451e0ba0 Thread added: 0x0000014f5f51b820
Event: 0.118 Thread 0x0000014f451e0ba0 Thread added: 0x0000014f5f5881e0
Event: 0.231 Thread 0x0000014f451e0ba0 Thread added: 0x0000014f5f65ecd0
Event: 0.235 Thread 0x0000014f451e0ba0 Thread added: 0x0000014f5f6684e0
Event: 0.498 Thread 0x0000014f451e0ba0 Thread added: 0x0000014f5f951540
Event: 1.537 Thread 0x0000014f5f5881e0 Thread added: 0x0000014f64dd1bd0
Event: 2.229 Thread 0x0000014f5f5881e0 Thread added: 0x0000014f65a95830
Event: 2.734 Thread 0x0000014f451e0ba0 Thread added: 0x0000014f65a7a440
Event: 3.553 Thread 0x0000014f451e0ba0 Thread added: 0x0000014f65a7b7f0
Event: 3.561 Thread 0x0000014f65a7b7f0 Thread exited: 0x0000014f65a7b7f0
Event: 3.576 Thread 0x0000014f451e0ba0 Thread added: 0x0000014f65a7b7f0
Event: 3.614 Thread 0x0000014f65a7b7f0 Thread exited: 0x0000014f65a7b7f0
Event: 3.827 Thread 0x0000014f65a7a440 Thread exited: 0x0000014f65a7a440
Event: 5.564 Thread 0x0000014f451e0ba0 Thread added: 0x0000014f65a7be80
Event: 6.925 Thread 0x0000014f451e0ba0 Thread added: 0x0000014f65a79db0
Event: 7.033 Thread 0x0000014f65a79db0 Thread added: 0x0000014f65a7a440
Event: 7.969 Thread 0x0000014f65a95830 Thread exited: 0x0000014f65a95830
Event: 7.969 Thread 0x0000014f64dd1bd0 Thread exited: 0x0000014f64dd1bd0
Event: 8.333 Thread 0x0000014f5f5881e0 Thread added: 0x0000014f64dd1bd0
Event: 8.899 Thread 0x0000014f5f5881e0 Thread added: 0x0000014f684a1070


Dynamic libraries:
0x00007ff77c090000 - 0x00007ff77c09e000 	E:\sts-4.32.0.RELEASE\plugins\org.eclipse.justj.openjdk.hotspot.jre.full.win32.x86_64_21.0.8.v20250724-1412\jre\bin\javaw.exe
0x00007ff88b330000 - 0x00007ff88b547000 	C:\WINDOWS\SYSTEM32\ntdll.dll
0x00007ff846aa0000 - 0x00007ff846ac1000 	C:\Program Files\Avast Software\Avast\aswhook.dll
0x00007ff889230000 - 0x00007ff8892f4000 	C:\WINDOWS\System32\KERNEL32.DLL
0x00007ff888560000 - 0x00007ff888932000 	C:\WINDOWS\System32\KERNELBASE.dll
0x00007ff888ab0000 - 0x00007ff888bc1000 	C:\WINDOWS\System32\ucrtbase.dll
0x00007ff883240000 - 0x00007ff883258000 	E:\sts-4.32.0.RELEASE\plugins\org.eclipse.justj.openjdk.hotspot.jre.full.win32.x86_64_21.0.8.v20250724-1412\jre\bin\jli.dll
0x00007ff87b2a0000 - 0x00007ff87b2be000 	E:\sts-4.32.0.RELEASE\plugins\org.eclipse.justj.openjdk.hotspot.jre.full.win32.x86_64_21.0.8.v20250724-1412\jre\bin\VCRUNTIME140.dll
0x00007ff889040000 - 0x00007ff8891f1000 	C:\WINDOWS\System32\USER32.dll
0x00007ff865c40000 - 0x00007ff865edb000 	C:\WINDOWS\WinSxS\amd64_microsoft.windows.common-controls_6595b64144ccf1df_6.0.22621.5415_none_270d77d17387d7da\COMCTL32.dll
0x00007ff888f90000 - 0x00007ff888fb6000 	C:\WINDOWS\System32\win32u.dll
0x00007ff88a8b0000 - 0x00007ff88a957000 	C:\WINDOWS\System32\msvcrt.dll
0x00007ff88a880000 - 0x00007ff88a8a9000 	C:\WINDOWS\System32\GDI32.dll
0x00007ff888c50000 - 0x00007ff888d73000 	C:\WINDOWS\System32\gdi32full.dll
0x00007ff888d80000 - 0x00007ff888e1a000 	C:\WINDOWS\System32\msvcp_win.dll
0x00007ff8895a0000 - 0x00007ff8895d1000 	C:\WINDOWS\System32\IMM32.DLL
0x00007ff87b290000 - 0x00007ff87b29c000 	E:\sts-4.32.0.RELEASE\plugins\org.eclipse.justj.openjdk.hotspot.jre.full.win32.x86_64_21.0.8.v20250724-1412\jre\bin\vcruntime140_1.dll
0x00007ff83f460000 - 0x00007ff83f4ed000 	E:\sts-4.32.0.RELEASE\plugins\org.eclipse.justj.openjdk.hotspot.jre.full.win32.x86_64_21.0.8.v20250724-1412\jre\bin\msvcp140.dll
0x00007fffe99d0000 - 0x00007fffea767000 	E:\sts-4.32.0.RELEASE\plugins\org.eclipse.justj.openjdk.hotspot.jre.full.win32.x86_64_21.0.8.v20250724-1412\jre\bin\server\jvm.dll
0x00007ff8894e0000 - 0x00007ff889591000 	C:\WINDOWS\System32\ADVAPI32.dll
0x00007ff88a7d0000 - 0x00007ff88a878000 	C:\WINDOWS\System32\sechost.dll
0x00007ff888ee0000 - 0x00007ff888f08000 	C:\WINDOWS\System32\bcrypt.dll
0x00007ff88ad80000 - 0x00007ff88ae94000 	C:\WINDOWS\System32\RPCRT4.dll
0x00007ff88ad00000 - 0x00007ff88ad71000 	C:\WINDOWS\System32\WS2_32.dll
0x00007ff887c50000 - 0x00007ff887c9d000 	C:\WINDOWS\SYSTEM32\POWRPROF.dll
0x00007ff880c10000 - 0x00007ff880c1a000 	C:\WINDOWS\SYSTEM32\VERSION.dll
0x00007ff883ae0000 - 0x00007ff883b14000 	C:\WINDOWS\SYSTEM32\WINMM.dll
0x00007ff887bd0000 - 0x00007ff887be3000 	C:\WINDOWS\SYSTEM32\UMPDC.dll
0x00007ff887410000 - 0x00007ff887428000 	C:\WINDOWS\SYSTEM32\kernel.appcore.dll
0x00007ff883570000 - 0x00007ff88357a000 	E:\sts-4.32.0.RELEASE\plugins\org.eclipse.justj.openjdk.hotspot.jre.full.win32.x86_64_21.0.8.v20250724-1412\jre\bin\jimage.dll
0x00007ff885ed0000 - 0x00007ff886103000 	C:\WINDOWS\SYSTEM32\DBGHELP.DLL
0x00007ff88aea0000 - 0x00007ff88b233000 	C:\WINDOWS\System32\combase.dll
0x00007ff88a6f0000 - 0x00007ff88a7c7000 	C:\WINDOWS\System32\OLEAUT32.dll
0x00007ff87ef90000 - 0x00007ff87efc2000 	C:\WINDOWS\SYSTEM32\dbgcore.DLL
0x00007ff888bd0000 - 0x00007ff888c4b000 	C:\WINDOWS\System32\bcryptPrimitives.dll
0x00007ff882630000 - 0x00007ff88264f000 	E:\sts-4.32.0.RELEASE\plugins\org.eclipse.justj.openjdk.hotspot.jre.full.win32.x86_64_21.0.8.v20250724-1412\jre\bin\java.dll
0x00007ff889de0000 - 0x00007ff88a682000 	C:\WINDOWS\System32\SHELL32.dll
0x00007ff888420000 - 0x00007ff88855f000 	C:\WINDOWS\System32\wintypes.dll
0x00007ff886300000 - 0x00007ff886c1e000 	C:\WINDOWS\SYSTEM32\windows.storage.dll
0x00007ff88aa10000 - 0x00007ff88ab1b000 	C:\WINDOWS\System32\SHCORE.dll
0x00007ff88ac90000 - 0x00007ff88acf9000 	C:\WINDOWS\System32\shlwapi.dll
0x00007ff888350000 - 0x00007ff88837b000 	C:\WINDOWS\SYSTEM32\profapi.dll
0x00007ff87b570000 - 0x00007ff87b588000 	E:\sts-4.32.0.RELEASE\plugins\org.eclipse.justj.openjdk.hotspot.jre.full.win32.x86_64_21.0.8.v20250724-1412\jre\bin\zip.dll
0x00007ff883230000 - 0x00007ff883240000 	E:\sts-4.32.0.RELEASE\plugins\org.eclipse.justj.openjdk.hotspot.jre.full.win32.x86_64_21.0.8.v20250724-1412\jre\bin\net.dll
0x00007ff885050000 - 0x00007ff88517c000 	C:\WINDOWS\SYSTEM32\WINHTTP.dll
0x00007ff887880000 - 0x00007ff8878e9000 	C:\WINDOWS\system32\mswsock.dll
0x00007ff87b360000 - 0x00007ff87b376000 	E:\sts-4.32.0.RELEASE\plugins\org.eclipse.justj.openjdk.hotspot.jre.full.win32.x86_64_21.0.8.v20250724-1412\jre\bin\nio.dll
0x00007ff886e80000 - 0x00007ff886ead000 	C:\WINDOWS\SYSTEM32\IPHLPAPI.DLL
0x00007ff88ac80000 - 0x00007ff88ac89000 	C:\WINDOWS\System32\NSI.dll
0x00007ff87b2c0000 - 0x00007ff87b2c9000 	E:\sts-4.32.0.RELEASE\plugins\org.eclipse.justj.openjdk.hotspot.jre.full.win32.x86_64_21.0.8.v20250724-1412\jre\bin\extnet.dll
0x00007ff87abb0000 - 0x00007ff87abbe000 	E:\sts-4.32.0.RELEASE\plugins\org.eclipse.justj.openjdk.hotspot.jre.full.win32.x86_64_21.0.8.v20250724-1412\jre\bin\sunmscapi.dll
0x00007ff888940000 - 0x00007ff888aa7000 	C:\WINDOWS\System32\CRYPT32.dll
0x00007ff887dd0000 - 0x00007ff887dfd000 	C:\WINDOWS\SYSTEM32\ncrypt.dll
0x00007ff887d90000 - 0x00007ff887dc7000 	C:\WINDOWS\SYSTEM32\NTASN1.dll
0x00007ff887cc0000 - 0x00007ff887cdb000 	C:\WINDOWS\SYSTEM32\CRYPTSP.dll
0x00007ff887370000 - 0x00007ff8873a7000 	C:\WINDOWS\system32\rsaenh.dll
0x00007ff887920000 - 0x00007ff887948000 	C:\WINDOWS\SYSTEM32\USERENV.dll
0x00007ff887ca0000 - 0x00007ff887cac000 	C:\WINDOWS\SYSTEM32\CRYPTBASE.dll
0x00007ff886ef0000 - 0x00007ff886fe8000 	C:\WINDOWS\SYSTEM32\DNSAPI.dll
0x00007ff883ad0000 - 0x00007ff883ada000 	C:\Windows\System32\rasadhlp.dll
0x00007ff8839c0000 - 0x00007ff883a44000 	C:\WINDOWS\System32\fwpuclnt.dll

JVMTI agents: none

dbghelp: loaded successfully - version: 4.0.5 - missing functions: none
symbol engine: initialized successfully - sym options: 0x614 - pdb path: .;E:\sts-4.32.0.RELEASE\plugins\org.eclipse.justj.openjdk.hotspot.jre.full.win32.x86_64_21.0.8.v20250724-1412\jre\bin;C:\WINDOWS\SYSTEM32;C:\Program Files\Avast Software\Avast;C:\WINDOWS\WinSxS\amd64_microsoft.windows.common-controls_6595b64144ccf1df_6.0.22621.5415_none_270d77d17387d7da;E:\sts-4.32.0.RELEASE\plugins\org.eclipse.justj.openjdk.hotspot.jre.full.win32.x86_64_21.0.8.v20250724-1412\jre\bin\server

VM Arguments:
jvm_args: -ea -Dfile.encoding=UTF-8 -Dstdout.encoding=UTF-8 -Dstderr.encoding=UTF-8 -XX:+ShowCodeDetailsInExceptionMessages 
java_command: org.eclipse.jdt.internal.junit.runner.RemoteTestRunner -version 3 -port 59617 -testLoaderClass org.eclipse.jdt.internal.junit5.runner.JUnit5TestLoader -loaderpluginname org.eclipse.jdt.junit5.runtime -classNames com.GestaoRotas.GestaoRotas.Controllers.ControllerMaintenanceTest
java_class_path (initial): E:\GestaoFrotas\GestaoFrotas\target\test-classes;E:\GestaoFrotas\GestaoFrotas\target\classes;C:\Users\user\.m2\repository\org\springframework\boot\spring-boot-starter-data-jpa\3.5.8\spring-boot-starter-data-jpa-3.5.8.jar;C:\Users\user\.m2\repository\org\springframework\boot\spring-boot-starter\3.5.8\spring-boot-starter-3.5.8.jar;C:\Users\user\.m2\repository\org\springframework\boot\spring-boot\3.5.8\spring-boot-3.5.8.jar;C:\Users\user\.m2\repository\org\springframework\boot\spring-boot-autoconfigure\3.5.8\spring-boot-autoconfigure-3.5.8.jar;C:\Users\user\.m2\repository\jakarta\annotation\jakarta.annotation-api\2.1.1\jakarta.annotation-api-2.1.1.jar;C:\Users\user\.m2\repository\org\yaml\snakeyaml\2.4\snakeyaml-2.4.jar;C:\Users\user\.m2\repository\org\springframework\boot\spring-boot-starter-jdbc\3.5.8\spring-boot-starter-jdbc-3.5.8.jar;C:\Users\user\.m2\repository\com\zaxxer\HikariCP\6.3.3\HikariCP-6.3.3.jar;C:\Users\user\.m2\repository\org\springframework\spring-jdbc\6.2.14\spring-jdbc-6.2.14.jar;C:\Users\user\.m2\repository\org\hibernate\orm\hibernate-core\6.6.36.Final\hibernate-core-6.6.36.Final.jar;C:\Users\user\.m2\repository\org\jboss\logging\jboss-logging\3.6.1.Final\jboss-logging-3.6.1.Final.jar;C:\Users\user\.m2\repository\org\hibernate\common\hibernate-commons-annotations\7.0.3.Final\hibernate-commons-annotations-7.0.3.Final.jar;C:\Users\user\.m2\repository\io\smallrye\jandex\3.2.0\jandex-3.2.0.jar;C:\Users\user\.m2\repository\com\fasterxml\classmate\1.7.1\classmate-1.7.1.jar;C:\Users\user\.m2\repository\net\bytebuddy\byte-buddy\1.17.8\byte-buddy-1.17.8.jar;C:\Users\user\.m2\repository\org\glassfish\jaxb\jaxb-runtime\4.0.6\jaxb-runtime-4.0.6.jar;C:\Users\user\.m2\repository\org\glassfish\jaxb\jaxb-core\4.0.6\jaxb-core-4.0.6.jar;C:\Users\user\.m2\repository\org\glassfish\jaxb\txw2\4.0.6\txw2-4.0.6.jar;C:\Users\user\.m2\repository\com\sun\istack\istack-commons-runtime\4.1.2\istack-commons-runtime-4.1.2.jar;C:\Users\user\.m2\repository\jakarta\inject\jakarta.inject-api\2.0.1\jakarta.inject-api-2.0.1.jar;C:\Users\user\.m2\repository\org\antlr\antlr4-runtime\4.13.0\antlr4-runtime-4.13.0.jar;C:\Users\user\.m2\repository\org\springframework\data\spring-data-jpa\3.5.6\spring-data-jpa-3.5.6.jar;C:\Users\user\.m2\repository\org\springframework\data\spring-data-commons\3.5.6\spring-data-commons-3.5.6.jar;C:\Users\user\.m2\repository\org\springframework\spring-orm\6.2.14\spring-orm-6.2.14.jar;C:\Users\user\.m2\repository\org\springframework\spring-context\6.2.14\spring-context-6.2.14.jar;C:\Users\user\.m2\repository\org\springframework\spring-tx\6.2.14\spring-tx-6.2.14.jar;C:\Users\user\.m2\repository\org\springframework\spring-beans\6.2.14\spring-beans-6.2.14.jar;C:\Users\user\.m2\repository\org\slf4j\slf4j-api\2.0.17\slf4j-api-2.0.17.jar;C:\Users\user\.m2\repository\org\springframework\spring-aspects\6.2.14\spring-aspects-6.2.14.jar;C:\Users\user\.m2\repository\org\aspectj\aspectjweaver\1.9.25\aspectjweaver-1.9.25.jar;C:\Users\user\.m2\repository\org\springframework\boot\spring-boot-starter-mail\3.5.8\spring-boot-starter-mail-3.5.8.jar;C:\Users\user\.m2\repository\org\springframework\spring-context-support\6.2.14\spring-context-support-6.2.14.jar;C:\Users\user\.m2\repository\org\eclipse\angus\jakarta.mail\2.0.5\jakarta.mail-2.0.5.jar;C:\Users\user\.m2\repository\jakarta\activation\jakarta.activation-api\2.1.4\jakarta.activation-api-2.1.4.jar;C:\Users\user\.m2\repository\org\eclipse\angus\angus-activation\2.0.3\angus-activation-2.0.3.jar;C:\Users\user\.m2\repository\org\springframework\boot\spring-boot-starter-websocket\3.5.8\spring-boot-starter-websocket-3.5.8.jar;C:\Users\user\.m2\repository\org\springframework\spring-messaging\6.2.14\spring-messaging-6.2.14.jar;C:\Users\user\.m2\repository\org\springframework\spring-websocket\6.2.14\spring-websocket-6.2.14.jar;C:\Users\user\.m2\repository\org\springframework\boot\spring-boot-starter-web\3.5.8\spring-boot-starter-web-3.5.8.jar;C:\Users\user\.m2\repository\org\springframework\boot\spring-boot-starter-json\3.5.8\spring-boot-starter-json-3.5.8.jar;C:\Users\user\.m2\repository\com\fasterxml\jackson\datatype\jackson-datatype-jdk8\2.19.4\jackson-datatype-jdk8-2.19.4.jar;C:\Users\user\.m2\repository\com\fasterxml\jackson\module\jackson-module-parameter-names\2.19.4\jackson-module-parameter-names-2.19.4.jar;C:\Users\user\.m2\repository\org\springframework\boot\spring-boot-starter-tomcat\3.5.8\spring-boot-starter-tomcat-3.5.8.jar;C:\Users\user\.m2\repository\org\apache\tomcat\embed\tomcat-embed-core\10.1.49\tomcat-embed-core-10.1.49.jar;C:\Users\user\.m2\repository\org\apache\tomcat\embed\tomcat-embed-websocket\10.1.49\tomcat-embed-websocket-10.1.49.jar;C:\Users\user\.m2\repository\org\springframework\spring-web\6.2.14\spring-web-6.2.14.jar;C:\Users\user\.m2\repository\io\micrometer\micrometer-observation\1.15.6\micrometer-observation-1.15.6.jar;C:\Users\user\.m2\repository\io\micrometer\micrometer-commons\1.15.6\micrometer-commons-1.15.6.jar;C:\Users\user\.m2\repository\org\springframework\spring-webmvc\6.2.14\spring-webmvc-6.2.14.jar;C:\Users\user\.m2\repository\org\springframework\spring-expression\6.2.14\spring-expression-6.2.14.jar;C:\Users\user\.m2\repository\com\mysql\mysql-connector-j\8.3.0\mysql-connector-j-8.3.0.jar;C:\Users\user\.m2\repository\com\h2database\h2\2.3.232\h2-2.3.232.jar;C:\Users\user\.m2\repository\org\projectlombok\lombok\1.18.42\lombok-1.18.42.jar;C:\Users\user\.m2\repository\com\fasterxml\jackson\datatype\jackson-datatype-hibernate6\2.19.4\jackson-datatype-hibernate6-2.19.4.jar;C:\Users\user\.m2\repository\jakarta\transaction\jakarta.transaction-api\2.0.1\jakarta.transaction-api-2.0.1.jar;C:\Users\user\.m2\repository\com\fasterxml\jackson\core\jackson-core\2.19.4\jackson-core-2.19.4.jar;C:\Users\user\.m2\repository\com\fasterxml\jackson\core\jackson-databind\2.19.4\jackson-databind-2.19.4.jar;C:\Users\user\.m2\repository\org\springframework\boot\spring-boot-starter-test\3.5.8\spring-boot-starter-test-3.5.8.jar;C:\Users\user\.m2\repository\org\springframework\boot\spring-boot-test\3.5.8\spring-boot-test-3.5.8.jar;C:\Users\user\.m2\repository\org\springframework\boot\spring-boot-test-autoconfigure\3.5.8\spring-boot-test-autoconfigure-3.5.8.jar;C:\Users\user\.m2\repository\com\jayway\jsonpath\json-path\2.9.0\json-path-2.9.0.jar;C:\Users\user\.m2\repository\jakarta\xml\bind\jakarta.xml.bind-api\4.0.4\jakarta.xml.bind-api-4.0.4.jar;C:\Users\user\.m2\repository\net\minidev\json-smart\2.5.2\json-smart-2.5.2.jar;C:\Users\user\.m2\repository\net\minidev\accessors-smart\2.5.2\accessors-smart-2.5.2.jar;C:\Users\user\.m2\repository\org\ow2\asm\asm\9.7.1\asm-9.7.1.jar;C:\Users\user\.m2\repository\org\assertj\assertj-core\3.27.6\assertj-core-3.27.6.jar;C:\Users\user\.m2\repository\org\awaitility\awaitility\4.2.2\awaitility-4.2.2.jar;C:\Users\user\.m2\repository\org\hamcrest\hamcrest\3.0\hamcrest-3.0.jar;C:\Users\user\.m2\repository\org\junit\jupiter\junit-jupiter\5.12.2\junit-jupiter-5.12.2.jar;C:\Users\user\.m2\repository\org\junit\jupiter\junit-jupiter-api\5.12.2\junit-jupiter-api-5.12.2.jar;C:\Users\user\.m2\repository\org\opentest4j\opentest4j\1.3.0\opentest4j-1.3.0.jar;C:\Users\user\.m2\repository\org\junit\platform\junit-platform-commons\1.12.2\junit-platform-commons-1.12.2.jar;C:\Users\user\.m2\repository\org\apiguardian\apiguardian-api\1.1.2\apiguardian-api-1.1.2.jar;C:\Users\user\.m2\repository\org\junit\jupiter\junit-jupiter-params\5.12.2\junit-jupiter-params-5.12.2.jar;C:\Users\user\.m2\repository\org\junit\jupiter\junit-jupiter-engine\5.12.2\junit-jupiter-engine-5.12.2.jar;C:\Users\user\.m2\repository\org\junit\platform\junit-platform-engine\1.12.2\junit-platform-engine-1.12.2.jar;C:\Users\user\.m2\repository\org\mockito\mockito-core\5.17.0\mockito-core-5.17.0.jar;C:\Users\user\.m2\repository\net\bytebuddy\byte-buddy-agent\1.17.8\byte-buddy-agent-1.17.8.jar;C:\Users\user\.m2\repository\org\objenesis\objenesis\3.3\objenesis-3.3.jar;C:\Users\user\.m2\repository\org\mockito\mockito-junit-jupiter\5.17.0\mockito-junit-jupiter-5.17.0.jar;C:\Users\user\.m2\repository\org\skyscreamer\jsonassert\1.5.3\jsonassert-1.5.3.jar;C:\Users\user\.m2\repository\com\vaadin\external\google\android-json\0.0.20131108.vaadin1\android-json-0.0.20131108.vaadin1.jar;C:\Users\user\.m2\repository\org\springframework\spring-core\6.2.14\spring-core-6.2.14.jar;C:\Users\user\.m2\repository\org\springframework\spring-jcl\6.2.14\spring-jcl-6.2.14.jar;C:\Users\user\.m2\repository\org\springframework\spring-test\6.2.14\spring-test-6.2.14.jar;C:\Users\user\.m2\repository\org\xmlunit\xmlunit-core\2.10.4\xmlunit-core-2.10.4.jar;C:\Users\user\.m2\repository\org\springframework\security\spring-security-test\6.5.7\spring-security-test-6.5.7.jar;C:\Users\user\.m2\repository\org\springframework\security\spring-security-core\6.5.7\spring-security-core-6.5.7.jar;C:\Users\user\.m2\repository\org\springframework\security\spring-security-crypto\6.5.7\spring-security-crypto-6.5.7.jar;C:\Users\user\.m2\repository\org\springframework\security\spring-security-web\6.5.7\spring-security-web-6.5.7.jar;C:\Users\user\.m2\repository\org\springframework\boot\spring-boot-starter-security\3.5.8\spring-boot-starter-security-3.5.8.jar;C:\Users\user\.m2\repository\org\springframework\spring-aop\6.2.14\spring-aop-6.2.14.jar;C:\Users\user\.m2\repository\org\springframework\security\spring-security-config\6.5.7\spring-security-config-6.5.7.jar;C:\Users\user\.m2\repository\io\jsonwebtoken\jjwt-api\0.11.5\jjwt-api-0.11.5.jar;C:\Users\user\.m2\repository\io\jsonwebtoken\jjwt-impl\0.11.5\jjwt-impl-0.11.5.jar;C:\Users\user\.m2\repository\io\jsonwebtoken\jjwt-jackson\0.11.5\jjwt-jackson-0.11.5.jar;C:\Users\user\.m2\repository\org\springframework\boot\spring-boot-starter-validation\3.5.8\spring-boot-starter-validation-3.5.8.jar;C:\Users\user\.m2\repository\org\apache\tomcat\embed\tomcat-embed-el\10.1.49\tomcat-embed-el-10.1.49.jar;C:\Users\user\.m2\repository\org\hibernate\validator\hibernate-validator\8.0.3.Final\hibernate-validator-8.0.3.Final.jar;C:\Users\user\.m2\repository\jakarta\validation\jakarta.validation-api\3.0.2\jakarta.validation-api-3.0.2.jar;C:\Users\user\.m2\repository\org\springframework\boot\spring-boot-starter-logging\3.5.8\spring-boot-starter-logging-3.5.8.jar;C:\Users\user\.m2\repository\ch\qos\logback\logback-classic\1.5.21\logback-classic-1.5.21.jar;C:\Users\user\.m2\repository\ch\qos\logback\logback-core\1.5.21\logback-core-1.5.21.jar;C:\Users\user\.m2\repository\org\apache\logging\log4j\log4j-to-slf4j\2.24.3\log4j-to-slf4j-2.24.3.jar;C:\Users\user\.m2\repository\org\apache\logging\log4j\log4j-api\2.24.3\log4j-api-2.24.3.jar;C:\Users\user\.m2\repository\org\slf4j\jul-to-slf4j\2.0.17\jul-to-slf4j-2.0.17.jar;C:\Users\user\.m2\repository\com\fasterxml\jackson\datatype\jackson-datatype-jsr310\2.19.4\jackson-datatype-jsr310-2.19.4.jar;C:\Users\user\.m2\repository\com\fasterxml\jackson\core\jackson-annotations\2.19.4\jackson-annotations-2.19.4.jar;C:\Users\user\.m2\repository\jakarta\persistence\jakarta.persistence-api\3.1.0\jakarta.persistence-api-3.1.0.jar;C:\Users\user\.m2\repository\org\junit\platform\junit-platform-launcher\1.12.2\junit-platform-launcher-1.12.2.jar;E:\sts-4.32.0.RELEASE\configuration\org.eclipse.osgi\271\0\.cp;E:\sts-4.32.0.RELEASE\configuration\org.eclipse.osgi\269\0\.cp
Launcher Type: SUN_STANDARD

[Global flags]
     intx CICompilerCount                          = 4                                         {product} {ergonomic}
     uint ConcGCThreads                            = 3                                         {product} {ergonomic}
     uint G1ConcRefinementThreads                  = 10                                        {product} {ergonomic}
   size_t G1HeapRegionSize                         = 1048576                                   {product} {ergonomic}
    uintx GCDrainStackTargetSize                   = 64                                        {product} {ergonomic}
   size_t InitialHeapSize                          = 121634816                                 {product} {ergonomic}
   size_t MarkStackSize                            = 4194304                                   {product} {ergonomic}
   size_t MaxHeapSize                              = 1939865600                                {product} {ergonomic}
   size_t MaxNewSize                               = 1163919360                                {product} {ergonomic}
   size_t MinHeapDeltaBytes                        = 1048576                                   {product} {ergonomic}
   size_t MinHeapSize                              = 8388608                                   {product} {ergonomic}
    uintx NonNMethodCodeHeapSize                   = 5839372                                {pd product} {ergonomic}
    uintx NonProfiledCodeHeapSize                  = 122909434                              {pd product} {ergonomic}
    uintx ProfiledCodeHeapSize                     = 122909434                              {pd product} {ergonomic}
    uintx ReservedCodeCacheSize                    = 251658240                              {pd product} {ergonomic}
     bool SegmentedCodeCache                       = true                                      {product} {ergonomic}
     bool ShowCodeDetailsInExceptionMessages       = true                                   {manageable} {command line}
   size_t SoftMaxHeapSize                          = 1939865600                             {manageable} {ergonomic}
     bool UseCompressedOops                        = true                           {product lp64_product} {ergonomic}
     bool UseG1GC                                  = true                                      {product} {ergonomic}
     bool UseLargePagesIndividualAllocation        = false                                  {pd product} {ergonomic}

Logging:
Log output configuration:
 #0: stdout all=warning uptime,level,tags foldmultilines=false
 #1: stderr all=off uptime,level,tags foldmultilines=false

Environment Variables:
PATH=E:/sts-4.32.0.RELEASE//plugins/org.eclipse.justj.openjdk.hotspot.jre.full.win32.x86_64_21.0.8.v20250724-1412/jre/bin/server;E:/sts-4.32.0.RELEASE//plugins/org.eclipse.justj.openjdk.hotspot.jre.full.win32.x86_64_21.0.8.v20250724-1412/jre/bin;C:\Program Files\Common Files\Oracle\Java\javapath;C:\Program Files (x86)\Common Files\Oracle\Java\java8path;C:\Program Files (x86)\Common Files\Oracle\Java\javapath;C:\WINDOWS\system32;C:\WINDOWS;C:\WINDOWS\System32\Wbem;C:\WINDOWS\System32\WindowsPowerShell\v1.0\;C:\WINDOWS\System32\OpenSSH\;C:\Program Files\dotnet\;C:\Program Files\Git\cmd;C:\Program Files\nodejs\dowload\;C:\xampp;C:\Users\user\scoop\shims;C:\Users\user\AppData\Local\Programs\Python\Python313\Scripts\;C:\Users\user\AppData\Local\Programs\Python\Python313\;C:\Users\user\AppData\Local\Microsoft\WindowsApps;C:\Users\user\.dotnet\tools;;C:\Program Files\JetBrains\IntelliJ IDEA Community Edition 2025.1.2\bin;;C:\Users\user\AppData\Roaming\npm;E:\MenuDados\IntelliJ IDEA Community Edition 2025.1.2\bin;;C:\Users\user\AppData\Local\Programs\Microsoft VS Code\bin;E:\sts-4.32.0.RELEASE;
USERNAME=user
OS=Windows_NT
PROCESSOR_IDENTIFIER=AMD64 Family 23 Model 96 Stepping 1, AuthenticAMD
TMP=C:\Users\user\AppData\Local\Temp
TEMP=C:\Users\user\AppData\Local\Temp




Periodic native trim disabled

---------------  S Y S T E M  ---------------

OS:
 Windows 11 , 64 bit Build 22621 (10.0.22621.5415)
OS uptime: 6 days 17:12 hours
Hyper-V role detected

CPU: total 12 (initial active 12) (12 cores per cpu, 2 threads per core) family 23 model 96 stepping 1 microcode 0x0, cx8, cmov, fxsr, ht, mmx, 3dnowpref, sse, sse2, sse3, ssse3, sse4a, sse4.1, sse4.2, popcnt, lzcnt, tsc, tscinvbit, avx, avx2, aes, clmul, bmi1, bmi2, adx, sha, fma, vzeroupper, clflush, clflushopt, hv, rdtscp, rdpid, f16c
Processor Information for processor 0
  Max Mhz: 2100, Current Mhz: 2100, Mhz Limit: 2100
Processor Information for processor 1
  Max Mhz: 2100, Current Mhz: 2100, Mhz Limit: 2100
Processor Information for processor 2
  Max Mhz: 2100, Current Mhz: 2100, Mhz Limit: 2100
Processor Information for processor 3
  Max Mhz: 2100, Current Mhz: 2100, Mhz Limit: 2100
Processor Information for processor 4
  Max Mhz: 2100, Current Mhz: 2100, Mhz Limit: 2100
Processor Information for processor 5
  Max Mhz: 2100, Current Mhz: 2100, Mhz Limit: 2100
Processor Information for processor 6
  Max Mhz: 2100, Current Mhz: 2100, Mhz Limit: 2100
Processor Information for processor 7
  Max Mhz: 2100, Current Mhz: 2100, Mhz Limit: 2100
Processor Information for processor 8
  Max Mhz: 2100, Current Mhz: 1400, Mhz Limit: 2100
Processor Information for processor 9
  Max Mhz: 2100, Current Mhz: 1400, Mhz Limit: 2100
Processor Information for processor 10
  Max Mhz: 2100, Current Mhz: 1400, Mhz Limit: 2100
Processor Information for processor 11
  Max Mhz: 2100, Current Mhz: 1400, Mhz Limit: 2100

Memory: 4k page, system-wide physical 7399M (589M free)
TotalPageFile size 18987M (AvailPageFile size 24M)
current process WorkingSet (physical memory assigned to process): 317M, peak: 328M
current process commit charge ("private bytes"): 360M, peak: 429M

vm_info: OpenJDK 64-Bit Server VM (21.0.8+9-LTS) for windows-amd64 JRE (21.0.8+9-LTS), built on 2025-07-15T00:00:00Z by "admin" with MS VC++ 17.7 (VS2022)

END.
