#
# There is insufficient memory for the Java Runtime Environment to continue.
# Native memory allocation (mmap) failed to map 6291456 bytes. Error detail: G1 virtual space
# Possible reasons:
#   The system is out of physical RAM or swap space
#   This process is running with CompressedOops enabled, and the Java Heap may be blocking the growth of the native heap
# Possible solutions:
#   Reduce memory load on the system
#   Increase physical memory or swap space
#   Check if swap backing store is full
#   Decrease Java heap size (-Xmx/-Xms)
#   Decrease number of Java threads
#   Decrease Java thread stack sizes (-Xss)
#   Set larger code cache with -XX:ReservedCodeCacheSize=
#   JVM is running with Unscaled Compressed Oops mode in which the Java heap is
#     placed in the first 4GB address space. The Java Heap base address is the
#     maximum limit for the native heap growth. Please use -XX:HeapBaseMinAddress
#     to set the Java Heap base and to place the Java Heap above 4GB virtual address.
# This output file may be truncated or incomplete.
#
#  Out of Memory Error (os_windows.cpp:3713), pid=29856, tid=36040
#
# JRE version: OpenJDK Runtime Environment Temurin-21.0.8+9 (21.0.8+9) (build 21.0.8+9-LTS)
# Java VM: OpenJDK 64-Bit Server VM Temurin-21.0.8+9 (21.0.8+9-LTS, mixed mode, emulated-client, sharing, tiered, compressed oops, compressed class ptrs, g1 gc, windows-amd64)
# No core dump will be written. Minidumps are not enabled by default on client versions of Windows
#

---------------  S U M M A R Y ------------

Command Line: -Dcom.sun.management.jmxremote -Dcom.sun.management.jmxremote.port=57393 -Dcom.sun.management.jmxremote.authenticate=false -Dcom.sun.management.jmxremote.ssl=false -Djava.rmi.server.hostname=localhost -Dspring.jmx.enabled=true -Dmanagement.endpoints.jmx.exposure.include=* -Dspring.application.admin.enabled=true -Dspring.output.ansi.enabled=always -XX:TieredStopAtLevel=1 -Dspring.boot.project.name=GestaoRotas -Dfile.encoding=UTF-8 -Dstdout.encoding=UTF-8 -Dstderr.encoding=UTF-8 -XX:+ShowCodeDetailsInExceptionMessages com.GestaoRotas.GestaoRotas.GestaoRotasApplication

Host: AMD Ryzen 5 PRO 4650U with Radeon Graphics, 12 cores, 7G,  Windows 11 , 64 bit Build 22621 (10.0.22621.5415)
Time: Thu Feb 19 12:29:49 2026 GMT Standard Time elapsed time: 19.006896 seconds (0d 0h 0m 19s)

---------------  T H R E A D  ---------------

Current thread (0x0000022c46d9b5b0):  VMThread "VM Thread"          [id=36040, stack(0x000000cec9500000,0x000000cec9600000) (1024K)]

Stack: [0x000000cec9500000,0x000000cec9600000]
Native frames: (J=compiled Java code, j=interpreted, Vv=VM code, C=native code)
V  [jvm.dll+0x6d2449]
V  [jvm.dll+0x8ae341]
V  [jvm.dll+0x8b08be]
V  [jvm.dll+0x8b0fa3]
V  [jvm.dll+0x280c96]
V  [jvm.dll+0x6cec15]
V  [jvm.dll+0x6c2c3a]
V  [jvm.dll+0x35867a]
V  [jvm.dll+0x360246]
V  [jvm.dll+0x3b1f9e]
V  [jvm.dll+0x3b2248]
V  [jvm.dll+0x32c8fc]
V  [jvm.dll+0x32c987]
V  [jvm.dll+0x3706fc]
V  [jvm.dll+0x36ef48]
V  [jvm.dll+0x32c0c1]
V  [jvm.dll+0x36e5ba]
V  [jvm.dll+0x8b6cbf]
V  [jvm.dll+0x8b8044]
V  [jvm.dll+0x8b8580]
V  [jvm.dll+0x8b8823]
V  [jvm.dll+0x857e6b]
V  [jvm.dll+0x6d0b0d]
C  [ucrtbase.dll+0x29333]
C  [KERNEL32.DLL+0x1259d]
C  [ntdll.dll+0x5af78]

VM_Operation (0x000000cec8ef72f0): G1CollectForAllocation, mode: safepoint, requested by thread 0x0000022c3aff18a0


---------------  P R O C E S S  ---------------

Threads class SMR info:
_java_thread_list=0x0000022c8f12fc40, length=26, elements={
0x0000022c3aff18a0, 0x0000022c46db01e0, 0x0000022c46db3830, 0x0000022c46db5700,
0x0000022c46dbbcd0, 0x0000022c46dbdae0, 0x0000022c46dbe530, 0x0000022c46dbef80,
0x0000022c46d89c20, 0x0000022c8c1028d0, 0x0000022c8c55d9a0, 0x0000022c8c565b90,
0x0000022c8c56b250, 0x0000022c8c622ac0, 0x0000022c8c691740, 0x0000022c8c6a0de0,
0x0000022c8c6bfcb0, 0x0000022c8c6c2360, 0x0000022c8c6cade0, 0x0000022c8c707490,
0x0000022c8d900c30, 0x0000022c8d9012c0, 0x0000022c8d8ff1f0, 0x0000022c8d9005a0,
0x0000022c8d901950, 0x0000022c8d901fe0
}

Java Threads: ( => current thread )
  0x0000022c3aff18a0 JavaThread "main"                              [_thread_blocked, id=20680, stack(0x000000cec8e00000,0x000000cec8f00000) (1024K)]
  0x0000022c46db01e0 JavaThread "Reference Handler"          daemon [_thread_blocked, id=24636, stack(0x000000cec9600000,0x000000cec9700000) (1024K)]
  0x0000022c46db3830 JavaThread "Finalizer"                  daemon [_thread_blocked, id=33428, stack(0x000000cec9700000,0x000000cec9800000) (1024K)]
  0x0000022c46db5700 JavaThread "Signal Dispatcher"          daemon [_thread_blocked, id=2744, stack(0x000000cec9800000,0x000000cec9900000) (1024K)]
  0x0000022c46dbbcd0 JavaThread "Attach Listener"            daemon [_thread_blocked, id=15452, stack(0x000000cec9900000,0x000000cec9a00000) (1024K)]
  0x0000022c46dbdae0 JavaThread "Service Thread"             daemon [_thread_blocked, id=14688, stack(0x000000cec9a00000,0x000000cec9b00000) (1024K)]
  0x0000022c46dbe530 JavaThread "Monitor Deflation Thread"   daemon [_thread_blocked, id=7696, stack(0x000000cec9b00000,0x000000cec9c00000) (1024K)]
  0x0000022c46dbef80 JavaThread "C1 CompilerThread0"         daemon [_thread_blocked, id=23972, stack(0x000000cec9c00000,0x000000cec9d00000) (1024K)]
  0x0000022c46d89c20 JavaThread "Common-Cleaner"             daemon [_thread_blocked, id=14704, stack(0x000000cec9d00000,0x000000cec9e00000) (1024K)]
  0x0000022c8c1028d0 JavaThread "Notification Thread"        daemon [_thread_blocked, id=17280, stack(0x000000ceca000000,0x000000ceca100000) (1024K)]
  0x0000022c8c55d9a0 JavaThread "C1 CompilerThread1"         daemon [_thread_blocked, id=35248, stack(0x000000cec9e00000,0x000000cec9f00000) (1024K)]
  0x0000022c8c565b90 JavaThread "C1 CompilerThread2"         daemon [_thread_blocked, id=13232, stack(0x000000cec9f00000,0x000000ceca000000) (1024K)]
  0x0000022c8c56b250 JavaThread "C1 CompilerThread3"         daemon [_thread_blocked, id=11000, stack(0x000000ceca100000,0x000000ceca200000) (1024K)]
  0x0000022c8c622ac0 JavaThread "RMI TCP Accept-0"           daemon [_thread_in_native, id=16920, stack(0x000000ceca200000,0x000000ceca300000) (1024K)]
  0x0000022c8c691740 JavaThread "RMI TCP Accept-57393"       daemon [_thread_in_native, id=20572, stack(0x000000ceca300000,0x000000ceca400000) (1024K)]
  0x0000022c8c6a0de0 JavaThread "RMI TCP Connection(1)-127.0.0.1" daemon [_thread_in_native, id=21988, stack(0x000000ceca400000,0x000000ceca500000) (1024K)]
  0x0000022c8c6bfcb0 JavaThread "RMI TCP Accept-0"           daemon [_thread_in_native, id=27124, stack(0x000000ceca500000,0x000000ceca600000) (1024K)]
  0x0000022c8c6c2360 JavaThread "RMI Scheduler(0)"           daemon [_thread_blocked, id=21748, stack(0x000000ceca600000,0x000000ceca700000) (1024K)]
  0x0000022c8c6cade0 JavaThread "RMI TCP Connection(2)-127.0.0.1" daemon [_thread_in_native, id=16332, stack(0x000000ceca700000,0x000000ceca800000) (1024K)]
  0x0000022c8c707490 JavaThread "JMX server connection timeout 28" daemon [_thread_blocked, id=11204, stack(0x000000ceca800000,0x000000ceca900000) (1024K)]
  0x0000022c8d900c30 JavaThread "mysql-cj-abandoned-connection-cleanup" daemon [_thread_blocked, id=24108, stack(0x000000cecb100000,0x000000cecb200000) (1024K)]
  0x0000022c8d9012c0 JavaThread "HikariPool-1:housekeeper"   daemon [_thread_blocked, id=27696, stack(0x000000cecb600000,0x000000cecb700000) (1024K)]
  0x0000022c8d8ff1f0 JavaThread "HikariPool-1:connection-adder" daemon [_thread_blocked, id=4512, stack(0x000000cecb700000,0x000000cecb800000) (1024K)]
  0x0000022c8d9005a0 JavaThread "Catalina-utility-1"                [_thread_blocked, id=31480, stack(0x000000cecb800000,0x000000cecb900000) (1024K)]
  0x0000022c8d901950 JavaThread "Catalina-utility-2"                [_thread_blocked, id=8996, stack(0x000000cecb900000,0x000000cecba00000) (1024K)]
  0x0000022c8d901fe0 JavaThread "container-0"                       [_thread_blocked, id=31404, stack(0x000000cecba00000,0x000000cecbb00000) (1024K)]
Total: 26

Other Threads:
=>0x0000022c46d9b5b0 VMThread "VM Thread"                           [id=36040, stack(0x000000cec9500000,0x000000cec9600000) (1024K)]
  0x0000022c46d88800 WatcherThread "VM Periodic Task Thread"        [id=32188, stack(0x000000cec9400000,0x000000cec9500000) (1024K)]
  0x0000022c3b043490 WorkerThread "GC Thread#0"                     [id=10640, stack(0x000000cec8f00000,0x000000cec9000000) (1024K)]
  0x0000022c8c7c6410 WorkerThread "GC Thread#1"                     [id=15448, stack(0x000000ceca900000,0x000000cecaa00000) (1024K)]
  0x0000022c8c7fa070 WorkerThread "GC Thread#2"                     [id=16668, stack(0x000000cecaa00000,0x000000cecab00000) (1024K)]
  0x0000022c8c8021d0 WorkerThread "GC Thread#3"                     [id=2908, stack(0x000000cecab00000,0x000000cecac00000) (1024K)]
  0x0000022c8c802570 WorkerThread "GC Thread#4"                     [id=13116, stack(0x000000cecac00000,0x000000cecad00000) (1024K)]
  0x0000022c8c802b20 WorkerThread "GC Thread#5"                     [id=24940, stack(0x000000cecad00000,0x000000cecae00000) (1024K)]
  0x0000022c8c803af0 WorkerThread "GC Thread#6"                     [id=16512, stack(0x000000cecae00000,0x000000cecaf00000) (1024K)]
  0x0000022c8c804620 WorkerThread "GC Thread#7"                     [id=35644, stack(0x000000cecaf00000,0x000000cecb000000) (1024K)]
  0x0000022c8c804280 WorkerThread "GC Thread#8"                     [id=8344, stack(0x000000cecb000000,0x000000cecb100000) (1024K)]
  0x0000022c8c8054a0 WorkerThread "GC Thread#9"                     [id=9856, stack(0x000000cecb200000,0x000000cecb300000) (1024K)]
  0x0000022c3b0537c0 ConcurrentGCThread "G1 Main Marker"            [id=20232, stack(0x000000cec9000000,0x000000cec9100000) (1024K)]
  0x0000022c3b0542c0 WorkerThread "G1 Conc#0"                       [id=21964, stack(0x000000cec9100000,0x000000cec9200000) (1024K)]
  0x0000022c8c803ee0 WorkerThread "G1 Conc#1"                       [id=36712, stack(0x000000cecb300000,0x000000cecb400000) (1024K)]
  0x0000022c8d60cf00 WorkerThread "G1 Conc#2"                       [id=5364, stack(0x000000cecb400000,0x000000cecb500000) (1024K)]
  0x0000022c46c565b0 ConcurrentGCThread "G1 Refine#0"               [id=31436, stack(0x000000cec9200000,0x000000cec9300000) (1024K)]
  0x0000022c46c57130 ConcurrentGCThread "G1 Service"                [id=33588, stack(0x000000cec9300000,0x000000cec9400000) (1024K)]
Total: 18

Threads with active compile tasks:
Total: 0

VM state: at safepoint (normal execution)

VM Mutex/Monitor currently owned by a thread:  ([mutex/lock_event])
[0x00007ffdde1d5458] Threads_lock - owner thread: 0x0000022c46d9b5b0
[0x00007ffdde1d5558] Heap_lock - owner thread: 0x0000022c3aff18a0

Heap address: 0x000000008c600000, size: 1850 MB, Compressed Oops mode: 32-bit

CDS archive(s) mapped at: [0x0000022c47000000-0x0000022c47c80000-0x0000022c47c80000), size 13107200, SharedBaseAddress: 0x0000022c47000000, ArchiveRelocationMode: 1.
Compressed class space mapped at: 0x0000022c48000000-0x0000022c88000000, reserved size: 1073741824
Narrow klass base: 0x0000022c47000000, Narrow klass shift: 0, Narrow klass range: 0x100000000

GC Precious Log:
 CardTable entry size: 512
 Card Set container configuration: InlinePtr #cards 5 size 8 Array Of Cards #cards 12 size 40 Howl #buckets 4 coarsen threshold 1843 Howl Bitmap #cards 512 size 80 coarsen threshold 460 Card regions per heap region 1 cards per card region 2048
 CPUs: 12 total, 12 available
 Memory: 7399M
 Large Page Support: Disabled
 NUMA Support: Disabled
 Compressed Oops: Enabled (32-bit)
 Heap Region Size: 1M
 Heap Min Capacity: 8M
 Heap Initial Capacity: 116M
 Heap Max Capacity: 1850M
 Pre-touch: Disabled
 Parallel Workers: 10
 Concurrent Workers: 3
 Concurrent Refinement Workers: 10
 Periodic GC: Disabled

Heap:
 garbage-first heap   total 78848K, used 42238K [0x000000008c600000, 0x0000000100000000)
  region size 1024K, 2 young (2048K), 2 survivors (2048K)
 Metaspace       used 74493K, committed 75200K, reserved 1114112K
  class space    used 10953K, committed 11264K, reserved 1048576K

Heap Regions: E=young(eden), S=young(survivor), O=old, HS=humongous(starts), HC=humongous(continues), CS=collection set, F=free, TAMS=top-at-mark-start, PB=parsable bottom
|   0|0x000000008c600000, 0x000000008c700000, 0x000000008c700000|100%|HS|  |TAMS 0x000000008c600000| PB 0x000000008c600000| Complete 
|   1|0x000000008c700000, 0x000000008c800000, 0x000000008c800000|100%|HS|  |TAMS 0x000000008c700000| PB 0x000000008c700000| Complete 
|   2|0x000000008c800000, 0x000000008c900000, 0x000000008c900000|100%| O|  |TAMS 0x000000008c800000| PB 0x000000008c800000| Untracked 
|   3|0x000000008c900000, 0x000000008ca00000, 0x000000008ca00000|100%| O|  |TAMS 0x000000008c900000| PB 0x000000008c900000| Untracked 
|   4|0x000000008ca00000, 0x000000008cb00000, 0x000000008cb00000|100%| O|  |TAMS 0x000000008ca00000| PB 0x000000008ca00000| Untracked 
|   5|0x000000008cb00000, 0x000000008cc00000, 0x000000008cc00000|100%| O|  |TAMS 0x000000008cb00000| PB 0x000000008cb00000| Untracked 
|   6|0x000000008cc00000, 0x000000008cd00000, 0x000000008cd00000|100%| O|  |TAMS 0x000000008cc00000| PB 0x000000008cc00000| Untracked 
|   7|0x000000008cd00000, 0x000000008ce00000, 0x000000008ce00000|100%| O|  |TAMS 0x000000008cd00000| PB 0x000000008cd00000| Untracked 
|   8|0x000000008ce00000, 0x000000008cf00000, 0x000000008cf00000|100%| O|  |TAMS 0x000000008ce00000| PB 0x000000008ce00000| Untracked 
|   9|0x000000008cf00000, 0x000000008d000000, 0x000000008d000000|100%| O|  |TAMS 0x000000008cf00000| PB 0x000000008cf00000| Untracked 
|  10|0x000000008d000000, 0x000000008d100000, 0x000000008d100000|100%| O|  |TAMS 0x000000008d000000| PB 0x000000008d000000| Untracked 
|  11|0x000000008d100000, 0x000000008d200000, 0x000000008d200000|100%| O|  |TAMS 0x000000008d100000| PB 0x000000008d100000| Untracked 
|  12|0x000000008d200000, 0x000000008d300000, 0x000000008d300000|100%| O|  |TAMS 0x000000008d200000| PB 0x000000008d200000| Untracked 
|  13|0x000000008d300000, 0x000000008d400000, 0x000000008d400000|100%| O|  |TAMS 0x000000008d300000| PB 0x000000008d300000| Untracked 
|  14|0x000000008d400000, 0x000000008d500000, 0x000000008d500000|100%| O|  |TAMS 0x000000008d400000| PB 0x000000008d400000| Untracked 
|  15|0x000000008d500000, 0x000000008d600000, 0x000000008d600000|100%| O|  |TAMS 0x000000008d500000| PB 0x000000008d500000| Untracked 
|  16|0x000000008d600000, 0x000000008d700000, 0x000000008d700000|100%| O|  |TAMS 0x000000008d600000| PB 0x000000008d600000| Untracked 
|  17|0x000000008d700000, 0x000000008d800000, 0x000000008d800000|100%| O|  |TAMS 0x000000008d700000| PB 0x000000008d700000| Untracked 
|  18|0x000000008d800000, 0x000000008d900000, 0x000000008d900000|100%| O|  |TAMS 0x000000008d800000| PB 0x000000008d800000| Untracked 
|  19|0x000000008d900000, 0x000000008da00000, 0x000000008da00000|100%| O|  |TAMS 0x000000008d900000| PB 0x000000008d900000| Untracked 
|  20|0x000000008da00000, 0x000000008db00000, 0x000000008db00000|100%| O|  |TAMS 0x000000008da00000| PB 0x000000008da00000| Untracked 
|  21|0x000000008db00000, 0x000000008dc00000, 0x000000008dc00000|100%| O|  |TAMS 0x000000008db00000| PB 0x000000008db00000| Untracked 
|  22|0x000000008dc00000, 0x000000008dd00000, 0x000000008dd00000|100%| O|  |TAMS 0x000000008dc00000| PB 0x000000008dc00000| Untracked 
|  23|0x000000008dd00000, 0x000000008de00000, 0x000000008de00000|100%| O|  |TAMS 0x000000008dd00000| PB 0x000000008dd00000| Untracked 
|  24|0x000000008de00000, 0x000000008df00000, 0x000000008df00000|100%| O|  |TAMS 0x000000008de00000| PB 0x000000008de00000| Untracked 
|  25|0x000000008df00000, 0x000000008e000000, 0x000000008e000000|100%| O|  |TAMS 0x000000008df00000| PB 0x000000008df00000| Untracked 
|  26|0x000000008e000000, 0x000000008e000000, 0x000000008e100000|  0%| F|  |TAMS 0x000000008e000000| PB 0x000000008e000000| Untracked 
|  27|0x000000008e100000, 0x000000008e200000, 0x000000008e200000|100%| O|  |TAMS 0x000000008e100000| PB 0x000000008e100000| Untracked 
|  28|0x000000008e200000, 0x000000008e300000, 0x000000008e300000|100%| O|  |TAMS 0x000000008e200000| PB 0x000000008e200000| Untracked 
|  29|0x000000008e300000, 0x000000008e400000, 0x000000008e400000|100%| O|  |TAMS 0x000000008e300000| PB 0x000000008e300000| Untracked 
|  30|0x000000008e400000, 0x000000008e500000, 0x000000008e500000|100%| O|  |TAMS 0x000000008e400000| PB 0x000000008e400000| Untracked 
|  31|0x000000008e500000, 0x000000008e600000, 0x000000008e600000|100%| O|  |TAMS 0x000000008e500000| PB 0x000000008e500000| Untracked 
|  32|0x000000008e600000, 0x000000008e700000, 0x000000008e700000|100%| O|  |TAMS 0x000000008e600000| PB 0x000000008e600000| Untracked 
|  33|0x000000008e700000, 0x000000008e800000, 0x000000008e800000|100%| O|  |TAMS 0x000000008e700000| PB 0x000000008e700000| Untracked 
|  34|0x000000008e800000, 0x000000008e900000, 0x000000008e900000|100%| O|  |TAMS 0x000000008e800000| PB 0x000000008e800000| Untracked 
|  35|0x000000008e900000, 0x000000008ea00000, 0x000000008ea00000|100%| O|  |TAMS 0x000000008e900000| PB 0x000000008e900000| Untracked 
|  36|0x000000008ea00000, 0x000000008eb00000, 0x000000008eb00000|100%| O|  |TAMS 0x000000008ea00000| PB 0x000000008ea00000| Untracked 
|  37|0x000000008eb00000, 0x000000008ec00000, 0x000000008ec00000|100%| O|  |TAMS 0x000000008eb00000| PB 0x000000008eb00000| Untracked 
|  38|0x000000008ec00000, 0x000000008ed00000, 0x000000008ed00000|100%| O|  |TAMS 0x000000008ec00000| PB 0x000000008ec00000| Untracked 
|  39|0x000000008ed00000, 0x000000008ed00000, 0x000000008ee00000|  0%| F|  |TAMS 0x000000008ed00000| PB 0x000000008ed00000| Untracked 
|  40|0x000000008ee00000, 0x000000008ee00000, 0x000000008ef00000|  0%| F|  |TAMS 0x000000008ee00000| PB 0x000000008ee00000| Untracked 
|  41|0x000000008ef00000, 0x000000008ef00000, 0x000000008f000000|  0%| F|  |TAMS 0x000000008ef00000| PB 0x000000008ef00000| Untracked 
|  42|0x000000008f000000, 0x000000008f000000, 0x000000008f100000|  0%| F|  |TAMS 0x000000008f000000| PB 0x000000008f000000| Untracked 
|  43|0x000000008f100000, 0x000000008f200000, 0x000000008f200000|100%| O|  |TAMS 0x000000008f100000| PB 0x000000008f100000| Untracked 
|  44|0x000000008f200000, 0x000000008f25a3c0, 0x000000008f300000| 35%| O|  |TAMS 0x000000008f200000| PB 0x000000008f200000| Untracked 
|  45|0x000000008f300000, 0x000000008f300000, 0x000000008f400000|  0%| F|  |TAMS 0x000000008f300000| PB 0x000000008f300000| Untracked 
|  46|0x000000008f400000, 0x000000008f4e54d8, 0x000000008f500000| 89%| S|CS|TAMS 0x000000008f400000| PB 0x000000008f400000| Complete 
|  47|0x000000008f500000, 0x000000008f600000, 0x000000008f600000|100%| S|CS|TAMS 0x000000008f500000| PB 0x000000008f500000| Complete 
|  48|0x000000008f600000, 0x000000008f600000, 0x000000008f700000|  0%| F|  |TAMS 0x000000008f600000| PB 0x000000008f600000| Untracked 
|  49|0x000000008f700000, 0x000000008f700000, 0x000000008f800000|  0%| F|  |TAMS 0x000000008f700000| PB 0x000000008f700000| Untracked 
|  50|0x000000008f800000, 0x000000008f800000, 0x000000008f900000|  0%| F|  |TAMS 0x000000008f800000| PB 0x000000008f800000| Untracked 
|  51|0x000000008f900000, 0x000000008f900000, 0x000000008fa00000|  0%| F|  |TAMS 0x000000008f900000| PB 0x000000008f900000| Untracked 
|  52|0x000000008fa00000, 0x000000008fa00000, 0x000000008fb00000|  0%| F|  |TAMS 0x000000008fa00000| PB 0x000000008fa00000| Untracked 
|  53|0x000000008fb00000, 0x000000008fb00000, 0x000000008fc00000|  0%| F|  |TAMS 0x000000008fb00000| PB 0x000000008fb00000| Untracked 
|  54|0x000000008fc00000, 0x000000008fc00000, 0x000000008fd00000|  0%| F|  |TAMS 0x000000008fc00000| PB 0x000000008fc00000| Untracked 
|  55|0x000000008fd00000, 0x000000008fd00000, 0x000000008fe00000|  0%| F|  |TAMS 0x000000008fd00000| PB 0x000000008fd00000| Untracked 
|  56|0x000000008fe00000, 0x000000008fe00000, 0x000000008ff00000|  0%| F|  |TAMS 0x000000008fe00000| PB 0x000000008fe00000| Untracked 
|  57|0x000000008ff00000, 0x000000008ff00000, 0x0000000090000000|  0%| F|  |TAMS 0x000000008ff00000| PB 0x000000008ff00000| Untracked 
|  58|0x0000000090000000, 0x0000000090000000, 0x0000000090100000|  0%| F|  |TAMS 0x0000000090000000| PB 0x0000000090000000| Untracked 
|  59|0x0000000090100000, 0x0000000090100000, 0x0000000090200000|  0%| F|  |TAMS 0x0000000090100000| PB 0x0000000090100000| Untracked 
|  60|0x0000000090200000, 0x0000000090200000, 0x0000000090300000|  0%| F|  |TAMS 0x0000000090200000| PB 0x0000000090200000| Untracked 
|  61|0x0000000090300000, 0x0000000090300000, 0x0000000090400000|  0%| F|  |TAMS 0x0000000090300000| PB 0x0000000090300000| Untracked 
|  62|0x0000000090400000, 0x0000000090400000, 0x0000000090500000|  0%| F|  |TAMS 0x0000000090400000| PB 0x0000000090400000| Untracked 
|  63|0x0000000090500000, 0x0000000090500000, 0x0000000090600000|  0%| F|  |TAMS 0x0000000090500000| PB 0x0000000090500000| Untracked 
|  64|0x0000000090600000, 0x0000000090600000, 0x0000000090700000|  0%| F|  |TAMS 0x0000000090600000| PB 0x0000000090600000| Untracked 
|  65|0x0000000090700000, 0x0000000090700000, 0x0000000090800000|  0%| F|  |TAMS 0x0000000090700000| PB 0x0000000090700000| Untracked 
|  66|0x0000000090800000, 0x0000000090800000, 0x0000000090900000|  0%| F|  |TAMS 0x0000000090800000| PB 0x0000000090800000| Untracked 
|  67|0x0000000090900000, 0x0000000090900000, 0x0000000090a00000|  0%| F|  |TAMS 0x0000000090900000| PB 0x0000000090900000| Untracked 
|  68|0x0000000090a00000, 0x0000000090a00000, 0x0000000090b00000|  0%| F|  |TAMS 0x0000000090a00000| PB 0x0000000090a00000| Untracked 
|  69|0x0000000090b00000, 0x0000000090b00000, 0x0000000090c00000|  0%| F|  |TAMS 0x0000000090b00000| PB 0x0000000090b00000| Untracked 
|  70|0x0000000090c00000, 0x0000000090c00000, 0x0000000090d00000|  0%| F|  |TAMS 0x0000000090c00000| PB 0x0000000090c00000| Untracked 
|  71|0x0000000090d00000, 0x0000000090d00000, 0x0000000090e00000|  0%| F|  |TAMS 0x0000000090d00000| PB 0x0000000090d00000| Untracked 
|  72|0x0000000090e00000, 0x0000000090e00000, 0x0000000090f00000|  0%| F|  |TAMS 0x0000000090e00000| PB 0x0000000090e00000| Untracked 
|  73|0x0000000090f00000, 0x0000000090f00000, 0x0000000091000000|  0%| F|  |TAMS 0x0000000090f00000| PB 0x0000000090f00000| Untracked 
|  74|0x0000000091000000, 0x0000000091000000, 0x0000000091100000|  0%| F|  |TAMS 0x0000000091000000| PB 0x0000000091000000| Untracked 
|  75|0x0000000091100000, 0x0000000091100000, 0x0000000091200000|  0%| F|  |TAMS 0x0000000091100000| PB 0x0000000091100000| Untracked 
| 115|0x0000000093900000, 0x0000000093900000, 0x0000000093a00000|  0%| F|  |TAMS 0x0000000093900000| PB 0x0000000093900000| Untracked 

Card table byte_map: [0x0000022c42050000,0x0000022c423f0000] _byte_map_base: 0x0000022c41bed000

Marking Bits: (CMBitMap*) 0x0000022c3b043b90
 Bits: [0x0000022c423f0000, 0x0000022c440d8000)

Polling page: 0x0000022c38e80000

Metaspace:

Usage:
  Non-class:     62.05 MB used.
      Class:     10.70 MB used.
       Both:     72.75 MB used.

Virtual space:
  Non-class space:       64.00 MB reserved,      62.44 MB ( 98%) committed,  1 nodes.
      Class space:        1.00 GB reserved,      11.00 MB (  1%) committed,  1 nodes.
             Both:        1.06 GB reserved,      73.44 MB (  7%) committed. 

Chunk freelists:
   Non-Class:  704.00 KB
       Class:  4.95 MB
        Both:  5.64 MB

MaxMetaspaceSize: unlimited
CompressedClassSpaceSize: 1.00 GB
Initial GC threshold: 21.00 MB
Current GC threshold: 120.94 MB
CDS: on
 - commit_granule_bytes: 65536.
 - commit_granule_words: 8192.
 - virtual_space_node_default_size: 8388608.
 - enlarge_chunks_in_place: 1.
 - use_allocation_guard: 0.


Internal statistics:

num_allocs_failed_limit: 9.
num_arena_births: 1012.
num_arena_deaths: 0.
num_vsnodes_births: 2.
num_vsnodes_deaths: 0.
num_space_committed: 1175.
num_space_uncommitted: 0.
num_chunks_returned_to_freelist: 9.
num_chunks_taken_from_freelist: 3556.
num_chunk_merges: 9.
num_chunk_splits: 2629.
num_chunks_enlarged: 2051.
num_inconsistent_stats: 0.

CodeCache: size=49152Kb used=14622Kb max_used=14622Kb free=34529Kb
 bounds [0x0000022c3e980000, 0x0000022c3f7d0000, 0x0000022c41980000]
 total_blobs=8288, nmethods=7537, adapters=671, full_count=0
Compilation: enabled, stopped_count=0, restarted_count=0

Compilation events (20 events):
Event: 18.840 Thread 0x0000022c8c56b250 7609       1       org.antlr.v4.runtime.tree.AbstractParseTreeVisitor::aggregateResult (2 bytes)
Event: 18.840 Thread 0x0000022c8c56b250 nmethod 7609 0x0000022c3f4d1890 code [0x0000022c3f4d1a20, 0x0000022c3f4d1ae8]
Event: 18.841 Thread 0x0000022c8c565b90 7610       1       org.antlr.v4.runtime.BufferedTokenStream::consume (119 bytes)
Event: 18.842 Thread 0x0000022c8c565b90 nmethod 7610 0x0000022c3f4d1190 code [0x0000022c3f4d1380, 0x0000022c3f4d16b0]
Event: 18.860 Thread 0x0000022c8c565b90 7611       1       java.util.regex.Pattern$GroupTail::match (111 bytes)
Event: 18.860 Thread 0x0000022c8c565b90 nmethod 7611 0x0000022c3f4d0b90 code [0x0000022c3f4d0d60, 0x0000022c3f4d0fe0]
Event: 18.861 Thread 0x0000022c8c55d9a0 7612       1       org.antlr.v4.runtime.Parser::getTokenStream (5 bytes)
Event: 18.861 Thread 0x0000022c8c55d9a0 nmethod 7612 0x0000022c3f7c5b90 code [0x0000022c3f7c5d20, 0x0000022c3f7c5de8]
Event: 18.861 Thread 0x0000022c8c565b90 7613       1       org.antlr.v4.runtime.tree.TerminalNodeImpl::setParent (6 bytes)
Event: 18.861 Thread 0x0000022c8c56b250 7614       1       org.antlr.v4.runtime.atn.EmptyPredictionContext::size (2 bytes)
Event: 18.862 Thread 0x0000022c8c565b90 nmethod 7613 0x0000022c3f7c5e90 code [0x0000022c3f7c6020, 0x0000022c3f7c6130]
Event: 18.862 Thread 0x0000022c8c565b90 7615       1       org.antlr.v4.runtime.Parser::getCurrentToken (11 bytes)
Event: 18.862 Thread 0x0000022c8c56b250 nmethod 7614 0x0000022c3f7c6190 code [0x0000022c3f7c6320, 0x0000022c3f7c63e8]
Event: 18.862 Thread 0x0000022c8c565b90 nmethod 7615 0x0000022c3f7c6490 code [0x0000022c3f7c6640, 0x0000022c3f7c6738]
Event: 18.869 Thread 0x0000022c8c56b250 7616       1       org.antlr.v4.runtime.atn.ATNConfigSet::setReadonly (11 bytes)
Event: 18.869 Thread 0x0000022c8c56b250 nmethod 7616 0x0000022c3f7c6810 code [0x0000022c3f7c69a0, 0x0000022c3f7c6a98]
Event: 18.870 Thread 0x0000022c8c56b250 7617       1       java.util.ArrayList::equalsArrayList (108 bytes)
Event: 18.870 Thread 0x0000022c8c56b250 nmethod 7617 0x0000022c3f7c6b10 code [0x0000022c3f7c6ce0, 0x0000022c3f7c7090]
Event: 18.875 Thread 0x0000022c8c55d9a0 7618       1       org.antlr.v4.runtime.atn.ParserATNSimulator::actionTransition (60 bytes)
Event: 18.876 Thread 0x0000022c8c55d9a0 nmethod 7618 0x0000022c3f7c7290 code [0x0000022c3f7c74c0, 0x0000022c3f7c7898]

GC Heap History (20 events):
Event: 12.967 GC heap after
{Heap after GC invocations=10 (full 0):
 garbage-first heap   total 58368K, used 23765K [0x000000008c600000, 0x0000000100000000)
  region size 1024K, 3 young (3072K), 3 survivors (3072K)
 Metaspace       used 35433K, committed 35968K, reserved 1114112K
  class space    used 4994K, committed 5248K, reserved 1048576K
}
Event: 13.912 GC heap before
{Heap before GC invocations=11 (full 0):
 garbage-first heap   total 58368K, used 49365K [0x000000008c600000, 0x0000000100000000)
  region size 1024K, 29 young (29696K), 3 survivors (3072K)
 Metaspace       used 42716K, committed 43392K, reserved 1114112K
  class space    used 6089K, committed 6400K, reserved 1048576K
}
Event: 13.918 GC heap after
{Heap after GC invocations=12 (full 0):
 garbage-first heap   total 58368K, used 25721K [0x000000008c600000, 0x0000000100000000)
  region size 1024K, 3 young (3072K), 3 survivors (3072K)
 Metaspace       used 42716K, committed 43392K, reserved 1114112K
  class space    used 6089K, committed 6400K, reserved 1048576K
}
Event: 14.865 GC heap before
{Heap before GC invocations=12 (full 0):
 garbage-first heap   total 58368K, used 49273K [0x000000008c600000, 0x0000000100000000)
  region size 1024K, 27 young (27648K), 3 survivors (3072K)
 Metaspace       used 51442K, committed 52160K, reserved 1114112K
  class space    used 7214K, committed 7552K, reserved 1048576K
}
Event: 14.874 GC heap after
{Heap after GC invocations=13 (full 0):
 garbage-first heap   total 58368K, used 27374K [0x000000008c600000, 0x0000000100000000)
  region size 1024K, 4 young (4096K), 4 survivors (4096K)
 Metaspace       used 51442K, committed 52160K, reserved 1114112K
  class space    used 7214K, committed 7552K, reserved 1048576K
}
Event: 15.268 GC heap before
{Heap before GC invocations=13 (full 0):
 garbage-first heap   total 58368K, used 48878K [0x000000008c600000, 0x0000000100000000)
  region size 1024K, 26 young (26624K), 4 survivors (4096K)
 Metaspace       used 55735K, committed 56384K, reserved 1114112K
  class space    used 7752K, committed 8064K, reserved 1048576K
}
Event: 15.276 GC heap after
{Heap after GC invocations=14 (full 0):
 garbage-first heap   total 58368K, used 29275K [0x000000008c600000, 0x0000000100000000)
  region size 1024K, 2 young (2048K), 2 survivors (2048K)
 Metaspace       used 55735K, committed 56384K, reserved 1114112K
  class space    used 7752K, committed 8064K, reserved 1048576K
}
Event: 15.799 GC heap before
{Heap before GC invocations=14 (full 0):
 garbage-first heap   total 58368K, used 38491K [0x000000008c600000, 0x0000000100000000)
  region size 1024K, 13 young (13312K), 2 survivors (2048K)
 Metaspace       used 59555K, committed 60160K, reserved 1114112K
  class space    used 8443K, committed 8768K, reserved 1048576K
}
Event: 15.804 GC heap after
{Heap after GC invocations=15 (full 0):
 garbage-first heap   total 70656K, used 29484K [0x000000008c600000, 0x0000000100000000)
  region size 1024K, 2 young (2048K), 2 survivors (2048K)
 Metaspace       used 59555K, committed 60160K, reserved 1114112K
  class space    used 8443K, committed 8768K, reserved 1048576K
}
Event: 17.005 GC heap before
{Heap before GC invocations=16 (full 0):
 garbage-first heap   total 70656K, used 62252K [0x000000008c600000, 0x0000000100000000)
  region size 1024K, 35 young (35840K), 2 survivors (2048K)
 Metaspace       used 64415K, committed 65152K, reserved 1114112K
  class space    used 9247K, committed 9600K, reserved 1048576K
}
Event: 17.017 GC heap after
{Heap after GC invocations=17 (full 0):
 garbage-first heap   total 70656K, used 30965K [0x000000008c600000, 0x0000000100000000)
  region size 1024K, 4 young (4096K), 4 survivors (4096K)
 Metaspace       used 64415K, committed 65152K, reserved 1114112K
  class space    used 9247K, committed 9600K, reserved 1048576K
}
Event: 17.783 GC heap before
{Heap before GC invocations=17 (full 0):
 garbage-first heap   total 70656K, used 61685K [0x000000008c600000, 0x0000000100000000)
  region size 1024K, 34 young (34816K), 4 survivors (4096K)
 Metaspace       used 68905K, committed 69568K, reserved 1114112K
  class space    used 9851K, committed 10176K, reserved 1048576K
}
Event: 17.791 GC heap after
{Heap after GC invocations=18 (full 0):
 garbage-first heap   total 70656K, used 32672K [0x000000008c600000, 0x0000000100000000)
  region size 1024K, 5 young (5120K), 5 survivors (5120K)
 Metaspace       used 68905K, committed 69568K, reserved 1114112K
  class space    used 9851K, committed 10176K, reserved 1048576K
}
Event: 18.333 GC heap before
{Heap before GC invocations=18 (full 0):
 garbage-first heap   total 70656K, used 60320K [0x000000008c600000, 0x0000000100000000)
  region size 1024K, 32 young (32768K), 5 survivors (5120K)
 Metaspace       used 71403K, committed 72192K, reserved 1114112K
  class space    used 10354K, committed 10688K, reserved 1048576K
}
Event: 18.340 GC heap after
{Heap after GC invocations=19 (full 0):
 garbage-first heap   total 70656K, used 35102K [0x000000008c600000, 0x0000000100000000)
  region size 1024K, 3 young (3072K), 3 survivors (3072K)
 Metaspace       used 71403K, committed 72192K, reserved 1114112K
  class space    used 10354K, committed 10688K, reserved 1048576K
}
Event: 18.704 GC heap before
{Heap before GC invocations=19 (full 0):
 garbage-first heap   total 70656K, used 61726K [0x000000008c600000, 0x0000000100000000)
  region size 1024K, 30 young (30720K), 3 survivors (3072K)
 Metaspace       used 73204K, committed 73920K, reserved 1114112K
  class space    used 10725K, committed 11008K, reserved 1048576K
}
Event: 18.709 GC heap after
{Heap after GC invocations=20 (full 0):
 garbage-first heap   total 70656K, used 36895K [0x000000008c600000, 0x0000000100000000)
  region size 1024K, 2 young (2048K), 2 survivors (2048K)
 Metaspace       used 73204K, committed 73920K, reserved 1114112K
  class space    used 10725K, committed 11008K, reserved 1048576K
}
Event: 18.928 GC heap before
{Heap before GC invocations=21 (full 0):
 garbage-first heap   total 70656K, used 63519K [0x000000008c600000, 0x0000000100000000)
  region size 1024K, 28 young (28672K), 2 survivors (2048K)
 Metaspace       used 74493K, committed 75200K, reserved 1114112K
  class space    used 10953K, committed 11264K, reserved 1048576K
}
Event: 18.933 GC heap after
{Heap after GC invocations=22 (full 0):
 garbage-first heap   total 70656K, used 40390K [0x000000008c600000, 0x0000000100000000)
  region size 1024K, 4 young (4096K), 4 survivors (4096K)
 Metaspace       used 74493K, committed 75200K, reserved 1114112K
  class space    used 10953K, committed 11264K, reserved 1048576K
}
Event: 18.998 GC heap before
{Heap before GC invocations=22 (full 0):
 garbage-first heap   total 70656K, used 61894K [0x000000008c600000, 0x0000000100000000)
  region size 1024K, 25 young (25600K), 4 survivors (4096K)
 Metaspace       used 74493K, committed 75200K, reserved 1114112K
  class space    used 10953K, committed 11264K, reserved 1048576K
}

Dll operation events (10 events):
Event: 0.029 Loaded shared library E:\sts-4.32.0.RELEASE\plugins\org.eclipse.justj.openjdk.hotspot.jre.full.win32.x86_64_21.0.8.v20250724-1412\jre\bin\java.dll
Event: 0.116 Loaded shared library E:\sts-4.32.0.RELEASE\plugins\org.eclipse.justj.openjdk.hotspot.jre.full.win32.x86_64_21.0.8.v20250724-1412\jre\bin\zip.dll
Event: 0.531 Loaded shared library E:\sts-4.32.0.RELEASE\plugins\org.eclipse.justj.openjdk.hotspot.jre.full.win32.x86_64_21.0.8.v20250724-1412\jre\bin\jimage.dll
Event: 0.545 Loaded shared library E:\sts-4.32.0.RELEASE\plugins\org.eclipse.justj.openjdk.hotspot.jre.full.win32.x86_64_21.0.8.v20250724-1412\jre\bin\net.dll
Event: 0.550 Loaded shared library E:\sts-4.32.0.RELEASE\plugins\org.eclipse.justj.openjdk.hotspot.jre.full.win32.x86_64_21.0.8.v20250724-1412\jre\bin\nio.dll
Event: 0.564 Loaded shared library E:\sts-4.32.0.RELEASE\plugins\org.eclipse.justj.openjdk.hotspot.jre.full.win32.x86_64_21.0.8.v20250724-1412\jre\bin\zip.dll
Event: 7.586 Loaded shared library E:\sts-4.32.0.RELEASE\plugins\org.eclipse.justj.openjdk.hotspot.jre.full.win32.x86_64_21.0.8.v20250724-1412\jre\bin\management.dll
Event: 7.604 Loaded shared library E:\sts-4.32.0.RELEASE\plugins\org.eclipse.justj.openjdk.hotspot.jre.full.win32.x86_64_21.0.8.v20250724-1412\jre\bin\management_ext.dll
Event: 8.098 Loaded shared library E:\sts-4.32.0.RELEASE\plugins\org.eclipse.justj.openjdk.hotspot.jre.full.win32.x86_64_21.0.8.v20250724-1412\jre\bin\extnet.dll
Event: 10.022 Loaded shared library E:\sts-4.32.0.RELEASE\plugins\org.eclipse.justj.openjdk.hotspot.jre.full.win32.x86_64_21.0.8.v20250724-1412\jre\bin\sunmscapi.dll

Deoptimization events (2 events):
Event: 15.871 Thread 0x0000022c3aff18a0 DEOPT PACKING pc=0x0000022c3f1d8e5c sp=0x000000cec8ef75c0
Event: 15.871 Thread 0x0000022c3aff18a0 DEOPT UNPACKING pc=0x0000022c3e9d4e42 sp=0x000000cec8ef6a58 mode 0

Classes loaded (20 events):
Event: 17.705 Loading class java/util/stream/SortedOps$SizedRefSortingSink
Event: 17.705 Loading class java/util/stream/SortedOps$SizedRefSortingSink done
Event: 17.717 Loading class javax/net/ssl/SSLException
Event: 17.717 Loading class javax/net/ssl/SSLException done
Event: 17.728 Loading class java/nio/channels/CompletionHandler
Event: 17.728 Loading class java/nio/channels/CompletionHandler done
Event: 17.869 Loading class java/lang/invoke/MethodHandleImpl$CountingWrapper$1
Event: 17.869 Loading class java/lang/invoke/MethodHandleImpl$CountingWrapper$1 done
Event: 17.887 Loading class sun/reflect/ReflectionFactory
Event: 17.887 Loading class sun/reflect/ReflectionFactory done
Event: 17.888 Loading class sun/reflect/ReflectionFactory$1
Event: 17.888 Loading class sun/reflect/ReflectionFactory$1 done
Event: 17.888 Loading class java/io/OptionalDataException
Event: 17.888 Loading class java/io/OptionalDataException done
Event: 17.893 Loading class java/io/InvalidClassException
Event: 17.893 Loading class java/io/InvalidClassException done
Event: 17.924 Loading class java/util/WeakHashMap$KeyIterator
Event: 17.924 Loading class java/util/WeakHashMap$KeyIterator done
Event: 18.015 Loading class java/util/EmptyStackException
Event: 18.015 Loading class java/util/EmptyStackException done

Classes unloaded (0 events):
No events

Classes redefined (0 events):
No events

Internal exceptions (20 events):
Event: 16.174 Thread 0x0000022c3aff18a0 Exception <a 'java/lang/NoSuchMethodError'{0x000000008f54ac48}: 'java.lang.Object java.lang.invoke.Invokers$Holder.linkToTargetMethod(java.lang.Object, int, java.lang.Object, java.lang.Object)'> (0x000000008f54ac48) 
thrown [s\src\hotspot\share\interpreter\linkResolver.cpp, line 773]
Event: 16.191 Thread 0x0000022c3aff18a0 Exception <a 'java/lang/NoSuchMethodError'{0x000000008f40e0f0}: 'void java.lang.invoke.DirectMethodHandle$Holder.invokeSpecial(java.lang.Object, java.lang.Object, java.lang.Object, java.lang.Object, java.lang.Object, java.lang.Object, java.lang.Object, java.lang.Object)'> (0x000000008f40e0f0) 
thrown [s\src\hotspot\share\interpreter\linkResolver.cpp, line 773]
Event: 16.198 Thread 0x0000022c3aff18a0 Exception <a 'java/lang/NoSuchMethodError'{0x000000008f448320}: 'void java.lang.invoke.DirectMethodHandle$Holder.invokeSpecial(java.lang.Object, java.lang.Object, int, java.lang.Object)'> (0x000000008f448320) 
thrown [s\src\hotspot\share\interpreter\linkResolver.cpp, line 773]
Event: 16.198 Thread 0x0000022c3aff18a0 Exception <a 'java/lang/NoSuchMethodError'{0x000000008f44f208}: 'java.lang.Object java.lang.invoke.DirectMethodHandle$Holder.newInvokeSpecial(java.lang.Object, java.lang.Object, int)'> (0x000000008f44f208) 
thrown [s\src\hotspot\share\interpreter\linkResolver.cpp, line 773]
Event: 16.223 Thread 0x0000022c3aff18a0 Exception <a 'java/lang/NoSuchMethodError'{0x000000008f19d070}: 'int java.lang.invoke.DirectMethodHandle$Holder.invokeStatic(java.lang.Object, int, java.lang.Object)'> (0x000000008f19d070) 
thrown [s\src\hotspot\share\interpreter\linkResolver.cpp, line 773]
Event: 16.226 Thread 0x0000022c3aff18a0 Exception <a 'java/lang/NoSuchMethodError'{0x000000008f1b7400}: 'java.lang.Object java.lang.invoke.DirectMethodHandle$Holder.newInvokeSpecial(java.lang.Object, java.lang.Object, java.lang.Object, java.lang.Object, java.lang.Object, int, java.lang.Object)'> (0x000000008f1b7400) 
thrown [s\src\hotspot\share\interpreter\linkResolver.cpp, line 773]
Event: 16.229 Thread 0x0000022c3aff18a0 Exception <a 'java/lang/NoSuchMethodError'{0x000000008f1e95e0}: 'java.lang.Object java.lang.invoke.Invokers$Holder.linkToTargetMethod(java.lang.Object, java.lang.Object, java.lang.Object, java.lang.Object, java.lang.Object, java.lang.Object, java.lang.Object, java.lang.Object, java.lang.Object, java.lang.Object, java.lang.Object, java.lang.Object)'> (0x000000008f1e95e0) 
thrown [s\src\hotspot\share\interpreter\linkResolver.cpp, line 773]
Event: 16.268 Thread 0x0000022c3aff18a0 Exception <a 'java/lang/IncompatibleClassChangeError'{0x000000008ef72788}: Found class java.lang.Object, but interface was expected> (0x000000008ef72788) 
thrown [s\src\hotspot\share\interpreter\linkResolver.cpp, line 840]
Event: 16.279 Thread 0x0000022c3aff18a0 Exception <a 'java/lang/NoSuchMethodError'{0x000000008efe5e40}: 'java.lang.Object java.lang.invoke.DirectMethodHandle$Holder.newInvokeSpecial(java.lang.Object, java.lang.Object, java.lang.Object, java.lang.Object, java.lang.Object, java.lang.Object, java.lang.Object, int)'> (0x000000008efe5e40) 
thrown [s\src\hotspot\share\interpreter\linkResolver.cpp, line 773]
Event: 16.280 Thread 0x0000022c3aff18a0 Exception <a 'java/lang/NoSuchMethodError'{0x000000008efeaf70}: 'java.lang.Object java.lang.invoke.DirectMethodHandle$Holder.invokeSpecial(java.lang.Object, java.lang.Object, java.lang.Object, java.lang.Object, java.lang.Object, java.lang.Object, java.lang.Object, java.lang.Object, int)'> (0x000000008efeaf70) 
thrown [s\src\hotspot\share\interpreter\linkResolver.cpp, line 773]
Event: 16.280 Thread 0x0000022c3aff18a0 Exception <a 'java/lang/NoSuchMethodError'{0x000000008efefa68}: 'java.lang.Object java.lang.invoke.Invokers$Holder.linkToTargetMethod(java.lang.Object, java.lang.Object, java.lang.Object, java.lang.Object, java.lang.Object, java.lang.Object, int, java.lang.Object)'> (0x000000008efefa68) 
thrown [s\src\hotspot\share\interpreter\linkResolver.cpp, line 773]
Event: 16.308 Thread 0x0000022c3aff18a0 Exception <a 'java/lang/NoSuchMethodError'{0x000000008eed8ef8}: 'java.lang.Object java.lang.invoke.DirectMethodHandle$Holder.newInvokeSpecial(java.lang.Object, java.lang.Object, int, java.lang.Object, int, java.lang.Object, java.lang.Object)'> (0x000000008eed8ef8) 
thrown [s\src\hotspot\share\interpreter\linkResolver.cpp, line 773]
Event: 17.004 Thread 0x0000022c3aff18a0 Exception <a 'java/lang/NoSuchMethodError'{0x000000008e8f5878}: 'java.lang.Object java.lang.invoke.DirectMethodHandle$Holder.invokeSpecial(java.lang.Object, java.lang.Object, int, java.lang.Object, int)'> (0x000000008e8f5878) 
thrown [s\src\hotspot\share\interpreter\linkResolver.cpp, line 773]
Event: 17.261 Thread 0x0000022c3aff18a0 Exception <a 'java/lang/IncompatibleClassChangeError'{0x0000000090da1160}: Found class java.lang.Object, but interface was expected> (0x0000000090da1160) 
thrown [s\src\hotspot\share\interpreter\linkResolver.cpp, line 840]
Event: 17.323 Thread 0x0000022c3aff18a0 Exception <a 'java/lang/IncompatibleClassChangeError'{0x00000000903aa848}: Found class java.lang.Object, but interface was expected> (0x00000000903aa848) 
thrown [s\src\hotspot\share\interpreter\linkResolver.cpp, line 840]
Event: 17.438 Thread 0x0000022c3aff18a0 Exception <a 'java/lang/IncompatibleClassChangeError'{0x000000008fe0a5d0}: Found class java.lang.Object, but interface was expected> (0x000000008fe0a5d0) 
thrown [s\src\hotspot\share\interpreter\linkResolver.cpp, line 840]
Event: 17.556 Thread 0x0000022c3aff18a0 Exception <a 'java/lang/IncompatibleClassChangeError'{0x000000008f938340}: Found class java.lang.Object, but interface was expected> (0x000000008f938340) 
thrown [s\src\hotspot\share\interpreter\linkResolver.cpp, line 840]
Event: 17.729 Thread 0x0000022c3aff18a0 Exception <a 'java/lang/NoSuchMethodError'{0x000000008f0fa638}: 'long java.lang.invoke.DirectMethodHandle$Holder.invokeVirtual(java.lang.Object, java.lang.Object)'> (0x000000008f0fa638) 
thrown [s\src\hotspot\share\interpreter\linkResolver.cpp, line 773]
Event: 17.760 Thread 0x0000022c3aff18a0 Exception <a 'java/lang/NoSuchMethodError'{0x000000008ee6ae78}: 'void java.lang.invoke.DirectMethodHandle$Holder.invokeVirtual(java.lang.Object, java.lang.Object, long)'> (0x000000008ee6ae78) 
thrown [s\src\hotspot\share\interpreter\linkResolver.cpp, line 773]
Event: 17.863 Thread 0x0000022c3aff18a0 Exception <a 'java/lang/NoSuchMethodError'{0x0000000090e40990}: 'int java.lang.invoke.DirectMethodHandle$Holder.invokeStaticInit(java.lang.Object, int, java.lang.Object, java.lang.Object, java.lang.Object, java.lang.Object)'> (0x0000000090e40990) 
thrown [s\src\hotspot\share\interpreter\linkResolver.cpp, line 773]

ZGC Phase Switch (0 events):
No events

VM Operations (20 events):
Event: 17.739 Executing VM operation: HandshakeAllThreads (Deoptimize) done
Event: 17.783 Executing VM operation: G1CollectForAllocation (G1 Evacuation Pause)
Event: 17.791 Executing VM operation: G1CollectForAllocation (G1 Evacuation Pause) done
Event: 18.197 Executing VM operation: HandshakeAllThreads (Deoptimize)
Event: 18.198 Executing VM operation: HandshakeAllThreads (Deoptimize) done
Event: 18.332 Executing VM operation: G1CollectForAllocation (G1 Evacuation Pause)
Event: 18.340 Executing VM operation: G1CollectForAllocation (G1 Evacuation Pause) done
Event: 18.384 Executing VM operation: HandshakeAllThreads (Deoptimize)
Event: 18.384 Executing VM operation: HandshakeAllThreads (Deoptimize) done
Event: 18.704 Executing VM operation: G1CollectForAllocation (G1 Evacuation Pause)
Event: 18.709 Executing VM operation: G1CollectForAllocation (G1 Evacuation Pause) done
Event: 18.737 Executing VM operation: G1PauseRemark
Event: 18.742 Executing VM operation: G1PauseRemark done
Event: 18.751 Executing VM operation: G1PauseCleanup
Event: 18.751 Executing VM operation: G1PauseCleanup done
Event: 18.758 Executing VM operation: HandshakeAllThreads (Deoptimize)
Event: 18.758 Executing VM operation: HandshakeAllThreads (Deoptimize) done
Event: 18.928 Executing VM operation: G1CollectForAllocation (G1 Evacuation Pause)
Event: 18.933 Executing VM operation: G1CollectForAllocation (G1 Evacuation Pause) done
Event: 18.998 Executing VM operation: G1CollectForAllocation (G1 Evacuation Pause)

Memory protections (0 events):
No events

Nmethod flushes (20 events):
Event: 15.825 Thread 0x0000022c46d9b5b0 flushing  nmethod 0x0000022c3f0bdc90
Event: 15.825 Thread 0x0000022c46d9b5b0 flushing  nmethod 0x0000022c3f137410
Event: 15.825 Thread 0x0000022c46d9b5b0 flushing  nmethod 0x0000022c3f142690
Event: 15.825 Thread 0x0000022c46d9b5b0 flushing  nmethod 0x0000022c3f189790
Event: 15.825 Thread 0x0000022c46d9b5b0 flushing  nmethod 0x0000022c3f1d8a90
Event: 15.825 Thread 0x0000022c46d9b5b0 flushing  nmethod 0x0000022c3f23b110
Event: 18.741 Thread 0x0000022c46d9b5b0 flushing  nmethod 0x0000022c3ee8ff10
Event: 18.741 Thread 0x0000022c46d9b5b0 flushing  nmethod 0x0000022c3f3e2510
Event: 18.741 Thread 0x0000022c46d9b5b0 flushing  nmethod 0x0000022c3f4d0b90
Event: 18.741 Thread 0x0000022c46d9b5b0 flushing  nmethod 0x0000022c3f4d1410
Event: 18.741 Thread 0x0000022c46d9b5b0 flushing  nmethod 0x0000022c3ee8dd90
Event: 18.741 Thread 0x0000022c46d9b5b0 flushing  nmethod 0x0000022c3f35c990
Event: 18.741 Thread 0x0000022c46d9b5b0 flushing  nmethod 0x0000022c3f35cf10
Event: 18.741 Thread 0x0000022c46d9b5b0 flushing  nmethod 0x0000022c3f298810
Event: 18.741 Thread 0x0000022c46d9b5b0 flushing  nmethod 0x0000022c3f484490
Event: 18.741 Thread 0x0000022c46d9b5b0 flushing  nmethod 0x0000022c3eb7a390
Event: 18.741 Thread 0x0000022c46d9b5b0 flushing  nmethod 0x0000022c3ee87890
Event: 18.741 Thread 0x0000022c46d9b5b0 flushing  nmethod 0x0000022c3f300390
Event: 18.741 Thread 0x0000022c46d9b5b0 flushing  nmethod 0x0000022c3f300710
Event: 18.741 Thread 0x0000022c46d9b5b0 flushing  nmethod 0x0000022c3f47ce90

Events (20 events):
Event: 7.837 Thread 0x0000022c46dbef80 Thread added: 0x0000022c8c55d9a0
Event: 7.852 Thread 0x0000022c46dbef80 Thread added: 0x0000022c8c565b90
Event: 7.852 Thread 0x0000022c46dbef80 Thread added: 0x0000022c8c56b250
Event: 8.104 Thread 0x0000022c3aff18a0 Thread added: 0x0000022c8c622ac0
Event: 8.131 Thread 0x0000022c3aff18a0 Thread added: 0x0000022c8c691740
Event: 8.152 Thread 0x0000022c8c691740 Thread added: 0x0000022c8c6a0de0
Event: 8.181 Thread 0x0000022c3aff18a0 Thread added: 0x0000022c8c6bfcb0
Event: 8.188 Thread 0x0000022c8c6a0de0 Thread added: 0x0000022c8c6c2360
Event: 8.195 Thread 0x0000022c8c622ac0 Thread added: 0x0000022c8c6cade0
Event: 8.222 Thread 0x0000022c8c6cade0 Thread added: 0x0000022c8c707490
Event: 9.214 Thread 0x0000022c3aff18a0 Thread added: 0x0000022c8d0600e0
Event: 10.028 Thread 0x0000022c8d0600e0 Thread exited: 0x0000022c8d0600e0
Event: 10.267 Thread 0x0000022c3aff18a0 Thread added: 0x0000022c8d7525b0
Event: 10.294 Thread 0x0000022c8d7525b0 Thread exited: 0x0000022c8d7525b0
Event: 12.502 Thread 0x0000022c3aff18a0 Thread added: 0x0000022c8d900c30
Event: 14.305 Thread 0x0000022c3aff18a0 Thread added: 0x0000022c8d9012c0
Event: 14.408 Thread 0x0000022c8d9012c0 Thread added: 0x0000022c8d8ff1f0
Event: 17.744 Thread 0x0000022c3aff18a0 Thread added: 0x0000022c8d9005a0
Event: 17.745 Thread 0x0000022c8d9005a0 Thread added: 0x0000022c8d901950
Event: 17.749 Thread 0x0000022c3aff18a0 Thread added: 0x0000022c8d901fe0


Dynamic libraries:
0x00007ff6f61e0000 - 0x00007ff6f61ee000 	E:\sts-4.32.0.RELEASE\plugins\org.eclipse.justj.openjdk.hotspot.jre.full.win32.x86_64_21.0.8.v20250724-1412\jre\bin\javaw.exe
0x00007ffe7fd90000 - 0x00007ffe7ffa7000 	C:\WINDOWS\SYSTEM32\ntdll.dll
0x00007ffe784f0000 - 0x00007ffe78510000 	C:\Program Files\Avast Software\Avast\aswhook.dll
0x00007ffe7eb70000 - 0x00007ffe7ec34000 	C:\WINDOWS\System32\KERNEL32.DLL
0x00007ffe7d380000 - 0x00007ffe7d752000 	C:\WINDOWS\System32\KERNELBASE.dll
0x00007ffe7d900000 - 0x00007ffe7da11000 	C:\WINDOWS\System32\ucrtbase.dll
0x00007ffe1a650000 - 0x00007ffe1a668000 	E:\sts-4.32.0.RELEASE\plugins\org.eclipse.justj.openjdk.hotspot.jre.full.win32.x86_64_21.0.8.v20250724-1412\jre\bin\jli.dll
0x00007ffe7dda0000 - 0x00007ffe7df51000 	C:\WINDOWS\System32\USER32.dll
0x00007ffe7ce80000 - 0x00007ffe7cea6000 	C:\WINDOWS\System32\win32u.dll
0x00007ffe7da20000 - 0x00007ffe7da49000 	C:\WINDOWS\System32\GDI32.dll
0x00007ffe7ceb0000 - 0x00007ffe7cfd3000 	C:\WINDOWS\System32\gdi32full.dll
0x00007ffe7d860000 - 0x00007ffe7d8fa000 	C:\WINDOWS\System32\msvcp_win.dll
0x00007ffe6e260000 - 0x00007ffe6e27e000 	E:\sts-4.32.0.RELEASE\plugins\org.eclipse.justj.openjdk.hotspot.jre.full.win32.x86_64_21.0.8.v20250724-1412\jre\bin\VCRUNTIME140.dll
0x00007ffe5f6e0000 - 0x00007ffe5f97b000 	C:\WINDOWS\WinSxS\amd64_microsoft.windows.common-controls_6595b64144ccf1df_6.0.22621.5415_none_270d77d17387d7da\COMCTL32.dll
0x00007ffe7ef40000 - 0x00007ffe7efe7000 	C:\WINDOWS\System32\msvcrt.dll
0x00007ffe7dbe0000 - 0x00007ffe7dc11000 	C:\WINDOWS\System32\IMM32.DLL
0x00007ffe76340000 - 0x00007ffe7634c000 	E:\sts-4.32.0.RELEASE\plugins\org.eclipse.justj.openjdk.hotspot.jre.full.win32.x86_64_21.0.8.v20250724-1412\jre\bin\vcruntime140_1.dll
0x00007ffe52990000 - 0x00007ffe52a1d000 	E:\sts-4.32.0.RELEASE\plugins\org.eclipse.justj.openjdk.hotspot.jre.full.win32.x86_64_21.0.8.v20250724-1412\jre\bin\msvcp140.dll
0x00007ffddd520000 - 0x00007ffdde2b7000 	E:\sts-4.32.0.RELEASE\plugins\org.eclipse.justj.openjdk.hotspot.jre.full.win32.x86_64_21.0.8.v20250724-1412\jre\bin\server\jvm.dll
0x00007ffe7f470000 - 0x00007ffe7f521000 	C:\WINDOWS\System32\ADVAPI32.dll
0x00007ffe7fb80000 - 0x00007ffe7fc28000 	C:\WINDOWS\System32\sechost.dll
0x00007ffe7d150000 - 0x00007ffe7d178000 	C:\WINDOWS\System32\bcrypt.dll
0x00007ffe7fc30000 - 0x00007ffe7fd44000 	C:\WINDOWS\System32\RPCRT4.dll
0x00007ffe7f550000 - 0x00007ffe7f5c1000 	C:\WINDOWS\System32\WS2_32.dll
0x00007ffe7bcc0000 - 0x00007ffe7bd0d000 	C:\WINDOWS\SYSTEM32\POWRPROF.dll
0x00007ffe788b0000 - 0x00007ffe788e4000 	C:\WINDOWS\SYSTEM32\WINMM.dll
0x00007ffe76300000 - 0x00007ffe7630a000 	C:\WINDOWS\SYSTEM32\VERSION.dll
0x00007ffe7bca0000 - 0x00007ffe7bcb3000 	C:\WINDOWS\SYSTEM32\UMPDC.dll
0x00007ffe7bf60000 - 0x00007ffe7bf78000 	C:\WINDOWS\SYSTEM32\kernel.appcore.dll
0x00007ffe57f20000 - 0x00007ffe57f2a000 	E:\sts-4.32.0.RELEASE\plugins\org.eclipse.justj.openjdk.hotspot.jre.full.win32.x86_64_21.0.8.v20250724-1412\jre\bin\jimage.dll
0x00007ffe7a990000 - 0x00007ffe7abc3000 	C:\WINDOWS\SYSTEM32\DBGHELP.DLL
0x00007ffe7f640000 - 0x00007ffe7f9d3000 	C:\WINDOWS\System32\combase.dll
0x00007ffe7db00000 - 0x00007ffe7dbd7000 	C:\WINDOWS\System32\OLEAUT32.dll
0x00007ffe71ba0000 - 0x00007ffe71bd2000 	C:\WINDOWS\SYSTEM32\dbgcore.DLL
0x00007ffe7d7e0000 - 0x00007ffe7d85b000 	C:\WINDOWS\System32\bcryptPrimitives.dll
0x00007ffe1a630000 - 0x00007ffe1a64f000 	E:\sts-4.32.0.RELEASE\plugins\org.eclipse.justj.openjdk.hotspot.jre.full.win32.x86_64_21.0.8.v20250724-1412\jre\bin\java.dll
0x00007ffe7e230000 - 0x00007ffe7ead2000 	C:\WINDOWS\System32\SHELL32.dll
0x00007ffe7d180000 - 0x00007ffe7d2bf000 	C:\WINDOWS\System32\wintypes.dll
0x00007ffe7ad70000 - 0x00007ffe7b68e000 	C:\WINDOWS\SYSTEM32\windows.storage.dll
0x00007ffe7ee10000 - 0x00007ffe7ef1b000 	C:\WINDOWS\System32\SHCORE.dll
0x00007ffe7f5d0000 - 0x00007ffe7f639000 	C:\WINDOWS\System32\shlwapi.dll
0x00007ffe7cdb0000 - 0x00007ffe7cddb000 	C:\WINDOWS\SYSTEM32\profapi.dll
0x00007ffe1a610000 - 0x00007ffe1a628000 	E:\sts-4.32.0.RELEASE\plugins\org.eclipse.justj.openjdk.hotspot.jre.full.win32.x86_64_21.0.8.v20250724-1412\jre\bin\zip.dll
0x00007ffe45c40000 - 0x00007ffe45c50000 	E:\sts-4.32.0.RELEASE\plugins\org.eclipse.justj.openjdk.hotspot.jre.full.win32.x86_64_21.0.8.v20250724-1412\jre\bin\net.dll
0x00007ffe79580000 - 0x00007ffe796ac000 	C:\WINDOWS\SYSTEM32\WINHTTP.dll
0x00007ffe7c3d0000 - 0x00007ffe7c439000 	C:\WINDOWS\system32\mswsock.dll
0x00007ffe1a5f0000 - 0x00007ffe1a606000 	E:\sts-4.32.0.RELEASE\plugins\org.eclipse.justj.openjdk.hotspot.jre.full.win32.x86_64_21.0.8.v20250724-1412\jre\bin\nio.dll
0x00007ffe6ec80000 - 0x00007ffe6ec8a000 	E:\sts-4.32.0.RELEASE\plugins\org.eclipse.justj.openjdk.hotspot.jre.full.win32.x86_64_21.0.8.v20250724-1412\jre\bin\management.dll
0x00007ffe6e710000 - 0x00007ffe6e71b000 	E:\sts-4.32.0.RELEASE\plugins\org.eclipse.justj.openjdk.hotspot.jre.full.win32.x86_64_21.0.8.v20250724-1412\jre\bin\management_ext.dll
0x00007ffe7f530000 - 0x00007ffe7f538000 	C:\WINDOWS\System32\PSAPI.DLL
0x00007ffe5b750000 - 0x00007ffe5b767000 	C:\WINDOWS\system32\napinsp.dll
0x00007ffe5ae70000 - 0x00007ffe5ae8b000 	C:\WINDOWS\system32\pnrpnsp.dll
0x00007ffe7b9d0000 - 0x00007ffe7bac8000 	C:\WINDOWS\SYSTEM32\DNSAPI.dll
0x00007ffe7b9a0000 - 0x00007ffe7b9cd000 	C:\WINDOWS\SYSTEM32\IPHLPAPI.DLL
0x00007ffe7eb60000 - 0x00007ffe7eb69000 	C:\WINDOWS\System32\NSI.dll
0x00007ffe59b50000 - 0x00007ffe59b61000 	C:\WINDOWS\System32\winrnr.dll
0x00007ffe59b30000 - 0x00007ffe59b4f000 	C:\WINDOWS\system32\wshbth.dll
0x00007ffe59b00000 - 0x00007ffe59b21000 	C:\WINDOWS\system32\nlansp_c.dll
0x00007ffe78c40000 - 0x00007ffe78c4a000 	C:\Windows\System32\rasadhlp.dll
0x00007ffe782c0000 - 0x00007ffe78344000 	C:\WINDOWS\System32\fwpuclnt.dll
0x00007ffe7c720000 - 0x00007ffe7c73b000 	C:\WINDOWS\SYSTEM32\CRYPTSP.dll
0x00007ffe7bec0000 - 0x00007ffe7bef7000 	C:\WINDOWS\system32\rsaenh.dll
0x00007ffe7c470000 - 0x00007ffe7c498000 	C:\WINDOWS\SYSTEM32\USERENV.dll
0x00007ffe7c700000 - 0x00007ffe7c70c000 	C:\WINDOWS\SYSTEM32\CRYPTBASE.dll
0x00007ffe76fa0000 - 0x00007ffe76fa9000 	E:\sts-4.32.0.RELEASE\plugins\org.eclipse.justj.openjdk.hotspot.jre.full.win32.x86_64_21.0.8.v20250724-1412\jre\bin\extnet.dll
0x00007ffe78ab0000 - 0x00007ffe78abe000 	E:\sts-4.32.0.RELEASE\plugins\org.eclipse.justj.openjdk.hotspot.jre.full.win32.x86_64_21.0.8.v20250724-1412\jre\bin\sunmscapi.dll
0x00007ffe7cfe0000 - 0x00007ffe7d147000 	C:\WINDOWS\System32\CRYPT32.dll
0x00007ffe7c830000 - 0x00007ffe7c85d000 	C:\WINDOWS\SYSTEM32\ncrypt.dll
0x00007ffe7c7f0000 - 0x00007ffe7c827000 	C:\WINDOWS\SYSTEM32\NTASN1.dll

JVMTI agents: none

dbghelp: loaded successfully - version: 4.0.5 - missing functions: none
symbol engine: initialized successfully - sym options: 0x614 - pdb path: .;E:\sts-4.32.0.RELEASE\plugins\org.eclipse.justj.openjdk.hotspot.jre.full.win32.x86_64_21.0.8.v20250724-1412\jre\bin;C:\WINDOWS\SYSTEM32;C:\Program Files\Avast Software\Avast;C:\WINDOWS\WinSxS\amd64_microsoft.windows.common-controls_6595b64144ccf1df_6.0.22621.5415_none_270d77d17387d7da;E:\sts-4.32.0.RELEASE\plugins\org.eclipse.justj.openjdk.hotspot.jre.full.win32.x86_64_21.0.8.v20250724-1412\jre\bin\server

VM Arguments:
jvm_args: -Dcom.sun.management.jmxremote -Dcom.sun.management.jmxremote.port=57393 -Dcom.sun.management.jmxremote.authenticate=false -Dcom.sun.management.jmxremote.ssl=false -Djava.rmi.server.hostname=localhost -Dspring.jmx.enabled=true -Dmanagement.endpoints.jmx.exposure.include=* -Dspring.application.admin.enabled=true -Dspring.output.ansi.enabled=always -XX:TieredStopAtLevel=1 -Dspring.boot.project.name=GestaoRotas -Dfile.encoding=UTF-8 -Dstdout.encoding=UTF-8 -Dstderr.encoding=UTF-8 -XX:+ShowCodeDetailsInExceptionMessages 
java_command: com.GestaoRotas.GestaoRotas.GestaoRotasApplication
java_class_path (initial): C:\Users\user\Downloads\GestaoRotas\GestaoRotas\target\classes;C:\Users\user\.m2\repository\org\springframework\boot\spring-boot-starter-data-jpa\3.5.8\spring-boot-starter-data-jpa-3.5.8.jar;C:\Users\user\.m2\repository\org\springframework\boot\spring-boot-starter\3.5.8\spring-boot-starter-3.5.8.jar;C:\Users\user\.m2\repository\org\springframework\boot\spring-boot\3.5.8\spring-boot-3.5.8.jar;C:\Users\user\.m2\repository\org\springframework\boot\spring-boot-autoconfigure\3.5.8\spring-boot-autoconfigure-3.5.8.jar;C:\Users\user\.m2\repository\jakarta\annotation\jakarta.annotation-api\2.1.1\jakarta.annotation-api-2.1.1.jar;C:\Users\user\.m2\repository\org\yaml\snakeyaml\2.4\snakeyaml-2.4.jar;C:\Users\user\.m2\repository\org\springframework\boot\spring-boot-starter-jdbc\3.5.8\spring-boot-starter-jdbc-3.5.8.jar;C:\Users\user\.m2\repository\com\zaxxer\HikariCP\6.3.3\HikariCP-6.3.3.jar;C:\Users\user\.m2\repository\org\springframework\spring-jdbc\6.2.14\spring-jdbc-6.2.14.jar;C:\Users\user\.m2\repository\org\hibernate\orm\hibernate-core\6.6.36.Final\hibernate-core-6.6.36.Final.jar;C:\Users\user\.m2\repository\org\jboss\logging\jboss-logging\3.6.1.Final\jboss-logging-3.6.1.Final.jar;C:\Users\user\.m2\repository\org\hibernate\common\hibernate-commons-annotations\7.0.3.Final\hibernate-commons-annotations-7.0.3.Final.jar;C:\Users\user\.m2\repository\io\smallrye\jandex\3.2.0\jandex-3.2.0.jar;C:\Users\user\.m2\repository\com\fasterxml\classmate\1.7.1\classmate-1.7.1.jar;C:\Users\user\.m2\repository\net\bytebuddy\byte-buddy\1.17.8\byte-buddy-1.17.8.jar;C:\Users\user\.m2\repository\org\glassfish\jaxb\jaxb-runtime\4.0.6\jaxb-runtime-4.0.6.jar;C:\Users\user\.m2\repository\org\glassfish\jaxb\jaxb-core\4.0.6\jaxb-core-4.0.6.jar;C:\Users\user\.m2\repository\org\glassfish\jaxb\txw2\4.0.6\txw2-4.0.6.jar;C:\Users\user\.m2\repository\com\sun\istack\istack-commons-runtime\4.1.2\istack-commons-runtime-4.1.2.jar;C:\Users\user\.m2\repository\jakarta\inject\jakarta.inject-api\2.0.1\jakarta.inject-api-2.0.1.jar;C:\Users\user\.m2\repository\org\antlr\antlr4-runtime\4.13.0\antlr4-runtime-4.13.0.jar;C:\Users\user\.m2\repository\org\springframework\data\spring-data-jpa\3.5.6\spring-data-jpa-3.5.6.jar;C:\Users\user\.m2\repository\org\springframework\data\spring-data-commons\3.5.6\spring-data-commons-3.5.6.jar;C:\Users\user\.m2\repository\org\springframework\spring-orm\6.2.14\spring-orm-6.2.14.jar;C:\Users\user\.m2\repository\org\springframework\spring-context\6.2.14\spring-context-6.2.14.jar;C:\Users\user\.m2\repository\org\springframework\spring-tx\6.2.14\spring-tx-6.2.14.jar;C:\Users\user\.m2\repository\org\springframework\spring-beans\6.2.14\spring-beans-6.2.14.jar;C:\Users\user\.m2\repository\org\slf4j\slf4j-api\2.0.17\slf4j-api-2.0.17.jar;C:\Users\user\.m2\repository\org\springframework\spring-aspects\6.2.14\spring-aspects-6.2.14.jar;C:\Users\user\.m2\repository\org\aspectj\aspectjweaver\1.9.25\aspectjweaver-1.9.25.jar;C:\Users\user\.m2\repository\org\springframework\boot\spring-boot-starter-mail\3.5.8\spring-boot-starter-mail-3.5.8.jar;C:\Users\user\.m2\repository\org\springframework\spring-context-support\6.2.14\spring-context-support-6.2.14.jar;C:\Users\user\.m2\repository\org\eclipse\angus\jakarta.mail\2.0.5\jakarta.mail-2.0.5.jar;C:\Users\user\.m2\repository\jakarta\activation\jakarta.activation-api\2.1.4\jakarta.activation-api-2.1.4.jar;C:\Users\user\.m2\repository\org\eclipse\angus\angus-activation\2.0.3\angus-activation-2.0.3.jar;C:\Users\user\.m2\repository\org\springframework\boot\spring-boot-starter-web\3.5.8\spring-boot-starter-web-3.5.8.jar;C:\Users\user\.m2\repository\org\springframework\boot\spring-boot-starter-json\3.5.8\spring-boot-starter-json-3.5.8.jar;C:\Users\user\.m2\repository\com\fasterxml\jackson\datatype\jackson-datatype-jdk8\2.19.4\jackson-datatype-jdk8-2.19.4.jar;C:\Users\user\.m2\repository\com\fasterxml\jackson\module\jackson-module-parameter-names\2.19.4\jackson-module-parameter-names-2.19.4.jar;C:\Users\user\.m2\repository\org\springframework\boot\spring-boot-starter-tomcat\3.5.8\spring-boot-starter-tomcat-3.5.8.jar;C:\Users\user\.m2\repository\org\apache\tomcat\embed\tomcat-embed-core\10.1.49\tomcat-embed-core-10.1.49.jar;C:\Users\user\.m2\repository\org\apache\tomcat\embed\tomcat-embed-websocket\10.1.49\tomcat-embed-websocket-10.1.49.jar;C:\Users\user\.m2\repository\org\springframework\spring-web\6.2.14\spring-web-6.2.14.jar;C:\Users\user\.m2\repository\io\micrometer\micrometer-observation\1.15.6\micrometer-observation-1.15.6.jar;C:\Users\user\.m2\repository\io\micrometer\micrometer-commons\1.15.6\micrometer-commons-1.15.6.jar;C:\Users\user\.m2\repository\org\springframework\spring-webmvc\6.2.14\spring-webmvc-6.2.14.jar;C:\Users\user\.m2\repository\org\springframework\spring-expression\6.2.14\spring-expression-6.2.14.jar;C:\Users\user\.m2\repository\com\mysql\mysql-connector-j\8.3.0\mysql-connector-j-8.3.0.jar;C:\Users\user\.m2\repository\com\h2database\h2\2.3.232\h2-2.3.232.jar;C:\Users\user\.m2\repository\org\projectlombok\lombok\1.18.42\lombok-1.18.42.jar;C:\Users\user\.m2\repository\com\fasterxml\jackson\datatype\jackson-datatype-hibernate6\2.19.4\jackson-datatype-hibernate6-2.19.4.jar;C:\Users\user\.m2\repository\jakarta\transaction\jakarta.transaction-api\2.0.1\jakarta.transaction-api-2.0.1.jar;C:\Users\user\.m2\repository\com\fasterxml\jackson\core\jackson-core\2.19.4\jackson-core-2.19.4.jar;C:\Users\user\.m2\repository\com\fasterxml\jackson\core\jackson-databind\2.19.4\jackson-databind-2.19.4.jar;C:\Users\user\.m2\repository\jakarta\xml\bind\jakarta.xml.bind-api\4.0.4\jakarta.xml.bind-api-4.0.4.jar;C:\Users\user\.m2\repository\org\springframework\spring-core\6.2.14\spring-core-6.2.14.jar;C:\Users\user\.m2\repository\org\springframework\spring-jcl\6.2.14\spring-jcl-6.2.14.jar;C:\Users\user\.m2\repository\org\springframework\boot\spring-boot-starter-security\3.5.8\spring-boot-starter-security-3.5.8.jar;C:\Users\user\.m2\repository\org\springframework\spring-aop\6.2.14\spring-aop-6.2.14.jar;C:\Users\user\.m2\repository\org\springframework\security\spring-security-config\6.5.7\spring-security-config-6.5.7.jar;C:\Users\user\.m2\repository\org\springframework\security\spring-security-core\6.5.7\spring-security-core-6.5.7.jar;C:\Users\user\.m2\repository\org\springframework\security\spring-security-crypto\6.5.7\spring-security-crypto-6.5.7.jar;C:\Users\user\.m2\repository\org\springframework\security\spring-security-web\6.5.7\spring-security-web-6.5.7.jar;C:\Users\user\.m2\repository\io\jsonwebtoken\jjwt-api\0.11.5\jjwt-api-0.11.5.jar;C:\Users\user\.m2\repository\io\jsonwebtoken\jjwt-impl\0.11.5\jjwt-impl-0.11.5.jar;C:\Users\user\.m2\repository\io\jsonwebtoken\jjwt-jackson\0.11.5\jjwt-jackson-0.11.5.jar;C:\Users\user\.m2\repository\org\springframework\boot\spring-boot-starter-validation\3.5.8\spring-boot-starter-validation-3.5.8.jar;C:\Users\user\.m2\repository\org\apache\tomcat\embed\tomcat-embed-el\10.1.49\tomcat-embed-el-10.1.49.jar;C:\Users\user\.m2\repository\org\hibernate\validator\hibernate-validator\8.0.3.Final\hibernate-validator-8.0.3.Final.jar;C:\Users\user\.m2\repository\jakarta\validation\jakarta.validation-api\3.0.2\jakarta.validation-api-3.0.2.jar;C:\Users\user\.m2\repository\org\springframework\boot\spring-boot-starter-logging\3.5.8\spring-boot-starter-logging-3.5.8.jar;C:\Users\user\.m2\repository\ch\qos\logback\logback-classic\1.5.21\logback-classic-1.5.21.jar;C:\Users\user\.m2\repository\ch\qos\logback\logback-core\1.5.21\logback-core-1.5.21.jar;C:\Users\user\.m2\repository\org\apache\logging\log4j\log4j-to-slf4j\2.24.3\log4j-to-slf4j-2.24.3.jar;C:\Users\user\.m2\repository\org\apache\logging\log4j\log4j-api\2.24.3\log4j-api-2.24.3.jar;C:\Users\user\.m2\repository\org\slf4j\jul-to-slf4j\2.0.17\jul-to-slf4j-2.0.17.jar;C:\Users\user\.m2\repository\com\fasterxml\jackson\datatype\jackson-datatype-jsr310\2.19.4\jackson-datatype-jsr310-2.19.4.jar;C:\Users\user\.m2\repository\com\fasterxml\jackson\core\jackson-annotations\2.19.4\jackson-annotations-2.19.4.jar;C:\Users\user\.m2\repository\jakarta\persistence\jakarta.persistence-api\3.1.0\jakarta.persistence-api-3.1.0.jar
Launcher Type: SUN_STANDARD

[Global flags]
     intx CICompilerCount                          = 4                                         {product} {ergonomic}
     uint ConcGCThreads                            = 3                                         {product} {ergonomic}
     uint G1ConcRefinementThreads                  = 10                                        {product} {ergonomic}
   size_t G1HeapRegionSize                         = 1048576                                   {product} {ergonomic}
    uintx GCDrainStackTargetSize                   = 64                                        {product} {ergonomic}
   size_t InitialHeapSize                          = 121634816                                 {product} {ergonomic}
     bool ManagementServer                         = true                                      {product} {command line}
   size_t MarkStackSize                            = 4194304                                   {product} {ergonomic}
   size_t MaxHeapSize                              = 1939865600                                {product} {ergonomic}
   size_t MaxNewSize                               = 1163919360                                {product} {ergonomic}
   size_t MinHeapDeltaBytes                        = 1048576                                   {product} {ergonomic}
   size_t MinHeapSize                              = 8388608                                   {product} {ergonomic}
    uintx NonNMethodCodeHeapSize                   = 4096                                   {pd product} {ergonomic}
    uintx NonProfiledCodeHeapSize                  = 0                                      {pd product} {ergonomic}
     bool ProfileInterpreter                       = false                                  {pd product} {command line}
    uintx ProfiledCodeHeapSize                     = 0                                      {pd product} {ergonomic}
     bool ShowCodeDetailsInExceptionMessages       = true                                   {manageable} {command line}
   size_t SoftMaxHeapSize                          = 1939865600                             {manageable} {ergonomic}
     intx TieredStopAtLevel                        = 1                                         {product} {command line}
     bool UseCompressedOops                        = true                           {product lp64_product} {ergonomic}
     bool UseG1GC                                  = true                                      {product} {ergonomic}
     bool UseLargePagesIndividualAllocation        = false                                  {pd product} {ergonomic}

Logging:
Log output configuration:
 #0: stdout all=warning uptime,level,tags foldmultilines=false
 #1: stderr all=off uptime,level,tags foldmultilines=false

Environment Variables:
PATH=E:/sts-4.32.0.RELEASE//plugins/org.eclipse.justj.openjdk.hotspot.jre.full.win32.x86_64_21.0.8.v20250724-1412/jre/bin/server;E:/sts-4.32.0.RELEASE//plugins/org.eclipse.justj.openjdk.hotspot.jre.full.win32.x86_64_21.0.8.v20250724-1412/jre/bin;C:\Program Files\Common Files\Oracle\Java\javapath;C:\Program Files (x86)\Common Files\Oracle\Java\java8path;C:\Program Files (x86)\Common Files\Oracle\Java\javapath;C:\WINDOWS\system32;C:\WINDOWS;C:\WINDOWS\System32\Wbem;C:\WINDOWS\System32\WindowsPowerShell\v1.0\;C:\WINDOWS\System32\OpenSSH\;C:\Program Files\dotnet\;C:\Program Files\Git\cmd;C:\Program Files\nodejs\dowload\;C:\xampp;C:\Users\user\scoop\shims;C:\Users\user\AppData\Local\Programs\Python\Python313\Scripts\;C:\Users\user\AppData\Local\Programs\Python\Python313\;C:\Users\user\AppData\Local\Microsoft\WindowsApps;C:\Users\user\.dotnet\tools;;C:\Program Files\JetBrains\IntelliJ IDEA Community Edition 2025.1.2\bin;;C:\Users\user\AppData\Roaming\npm;E:\MenuDados\IntelliJ IDEA Community Edition 2025.1.2\bin;;C:\Users\user\AppData\Local\Programs\Microsoft VS Code\bin;E:\sts-4.32.0.RELEASE;
USERNAME=user
OS=Windows_NT
PROCESSOR_IDENTIFIER=AMD64 Family 23 Model 96 Stepping 1, AuthenticAMD
TMP=C:\Users\user\AppData\Local\Temp
TEMP=C:\Users\user\AppData\Local\Temp




Periodic native trim disabled

---------------  S Y S T E M  ---------------

OS:
 Windows 11 , 64 bit Build 22621 (10.0.22621.5415)
OS uptime: 6 days 1:56 hours
Hyper-V role detected

CPU: total 12 (initial active 12) (12 cores per cpu, 2 threads per core) family 23 model 96 stepping 1 microcode 0x0, cx8, cmov, fxsr, ht, mmx, 3dnowpref, sse, sse2, sse3, ssse3, sse4a, sse4.1, sse4.2, popcnt, lzcnt, tsc, tscinvbit, avx, avx2, aes, clmul, bmi1, bmi2, adx, sha, fma, vzeroupper, clflush, clflushopt, hv, rdtscp, rdpid, f16c
Processor Information for the first 12 processors :
  Max Mhz: 2100, Current Mhz: 2100, Mhz Limit: 2100

Memory: 4k page, system-wide physical 7399M (283M free)
TotalPageFile size 18987M (AvailPageFile size 9M)
current process WorkingSet (physical memory assigned to process): 244M, peak: 244M
current process commit charge ("private bytes"): 289M, peak: 295M

vm_info: OpenJDK 64-Bit Server VM (21.0.8+9-LTS) for windows-amd64 JRE (21.0.8+9-LTS), built on 2025-07-15T00:00:00Z by "admin" with MS VC++ 17.7 (VS2022)

END.
