#
# There is insufficient memory for the Java Runtime Environment to continue.
# Native memory allocation (malloc) failed to allocate 1083616 bytes. Error detail: Chunk::new
# Possible reasons:
#   The system is out of physical RAM or swap space
#   This process is running with CompressedOops enabled, and the Java Heap may be blocking the growth of the native heap
# Possible solutions:
#   Reduce memory load on the system
#   Increase physical memory or swap space
#   Check if swap backing store is full
#   Decrease Java heap size (-Xmx/-Xms)
#   Decrease number of Java threads
#   Decrease Java thread stack sizes (-Xss)
#   Set larger code cache with -XX:ReservedCodeCacheSize=
#   JVM is running with Unscaled Compressed Oops mode in which the Java heap is
#     placed in the first 4GB address space. The Java Heap base address is the
#     maximum limit for the native heap growth. Please use -XX:HeapBaseMinAddress
#     to set the Java Heap base and to place the Java Heap above 4GB virtual address.
# This output file may be truncated or incomplete.
#
#  Out of Memory Error (arena.cpp:168), pid=25748, tid=4360
#
# JRE version: OpenJDK Runtime Environment Temurin-21.0.8+9 (21.0.8+9) (build 21.0.8+9-LTS)
# Java VM: OpenJDK 64-Bit Server VM Temurin-21.0.8+9 (21.0.8+9-LTS, mixed mode, sharing, tiered, compressed oops, compressed class ptrs, g1 gc, windows-amd64)
# No core dump will be written. Minidumps are not enabled by default on client versions of Windows
#

---------------  S U M M A R Y ------------

Command Line: -ea -Dfile.encoding=UTF-8 -Dstdout.encoding=UTF-8 -Dstderr.encoding=UTF-8 -XX:+ShowCodeDetailsInExceptionMessages org.eclipse.jdt.internal.junit.runner.RemoteTestRunner -version 3 -port 65309 -testLoaderClass org.eclipse.jdt.internal.junit5.runner.JUnit5TestLoader -loaderpluginname org.eclipse.jdt.junit5.runtime -classNames com.GestaoRotas.GestaoRotas.Controllers.ControllerVeiculoTest

Host: AMD Ryzen 5 PRO 4650U with Radeon Graphics, 12 cores, 7G,  Windows 11 , 64 bit Build 22621 (10.0.22621.5415)
Time: Wed Dec 17 09:44:34 2025 GMT Standard Time elapsed time: 1.929353 seconds (0d 0h 0m 1s)

---------------  T H R E A D  ---------------

Current thread (0x00000141ca2141d0):  JavaThread "C2 CompilerThread1" daemon [_thread_in_native, id=4360, stack(0x000000327da00000,0x000000327db00000) (1024K)]


Current CompileTask:
C2:1929 1733       4       java.lang.invoke.MethodType::makeImpl (109 bytes)

Stack: [0x000000327da00000,0x000000327db00000]
Native frames: (J=compiled Java code, j=interpreted, Vv=VM code, C=native code)
V  [jvm.dll+0x6d2449]
V  [jvm.dll+0x8ae341]
V  [jvm.dll+0x8b08be]
V  [jvm.dll+0x8b0fa3]
V  [jvm.dll+0x280c96]
V  [jvm.dll+0xc581d]
V  [jvm.dll+0xc5d53]
V  [jvm.dll+0x2f539d]
V  [jvm.dll+0x5fa00a]
V  [jvm.dll+0x252092]
V  [jvm.dll+0x24ab3f]
V  [jvm.dll+0x2483a4]
V  [jvm.dll+0x1c89ee]
V  [jvm.dll+0x257d4d]
V  [jvm.dll+0x2562ea]
V  [jvm.dll+0x3f2d16]
V  [jvm.dll+0x857e6b]
V  [jvm.dll+0x6d0b0d]
C  [ucrtbase.dll+0x29333]
C  [KERNEL32.DLL+0x1259d]
C  [ntdll.dll+0x5af78]


---------------  P R O C E S S  ---------------

Threads class SMR info:
_java_thread_list=0x00000141ca6e6660, length=13, elements={
0x00000141b20777f0, 0x00000141c9f120e0, 0x00000141c9f14ee0, 0x00000141c9f171b0,
0x00000141c9f1fc10, 0x00000141c9f207e0, 0x00000141c9f20e70, 0x00000141c9f2ca30,
0x00000141c9f2ea00, 0x00000141c9f23c60, 0x00000141c9f22220, 0x00000141ca2141d0,
0x00000141c9f21500
}

Java Threads: ( => current thread )
  0x00000141b20777f0 JavaThread "main"                              [_thread_in_native, id=7880, stack(0x000000327c800000,0x000000327c900000) (1024K)]
  0x00000141c9f120e0 JavaThread "Reference Handler"          daemon [_thread_blocked, id=2824, stack(0x000000327d000000,0x000000327d100000) (1024K)]
  0x00000141c9f14ee0 JavaThread "Finalizer"                  daemon [_thread_blocked, id=2024, stack(0x000000327d100000,0x000000327d200000) (1024K)]
  0x00000141c9f171b0 JavaThread "Signal Dispatcher"          daemon [_thread_blocked, id=18384, stack(0x000000327d200000,0x000000327d300000) (1024K)]
  0x00000141c9f1fc10 JavaThread "Attach Listener"            daemon [_thread_blocked, id=11560, stack(0x000000327d300000,0x000000327d400000) (1024K)]
  0x00000141c9f207e0 JavaThread "Service Thread"             daemon [_thread_blocked, id=23500, stack(0x000000327d400000,0x000000327d500000) (1024K)]
  0x00000141c9f20e70 JavaThread "Monitor Deflation Thread"   daemon [_thread_blocked, id=7192, stack(0x000000327d500000,0x000000327d600000) (1024K)]
  0x00000141c9f2ca30 JavaThread "C2 CompilerThread0"         daemon [_thread_in_native, id=20284, stack(0x000000327d600000,0x000000327d700000) (1024K)]
  0x00000141c9f2ea00 JavaThread "C1 CompilerThread0"         daemon [_thread_blocked, id=14464, stack(0x000000327d700000,0x000000327d800000) (1024K)]
  0x00000141c9f23c60 JavaThread "Notification Thread"        daemon [_thread_blocked, id=20576, stack(0x000000327d800000,0x000000327d900000) (1024K)]
  0x00000141c9f22220 JavaThread "Common-Cleaner"             daemon [_thread_blocked, id=25356, stack(0x000000327d900000,0x000000327da00000) (1024K)]
=>0x00000141ca2141d0 JavaThread "C2 CompilerThread1"         daemon [_thread_in_native, id=4360, stack(0x000000327da00000,0x000000327db00000) (1024K)]
  0x00000141c9f21500 JavaThread "ReaderThread"                      [_thread_in_native, id=6208, stack(0x000000327db00000,0x000000327dc00000) (1024K)]
Total: 13

Other Threads:
  0x00000141c9efbeb0 VMThread "VM Thread"                           [id=26392, stack(0x000000327cf00000,0x000000327d000000) (1024K)]
  0x00000141c9eeba60 WatcherThread "VM Periodic Task Thread"        [id=14504, stack(0x000000327ce00000,0x000000327cf00000) (1024K)]
  0x00000141b20c72d0 WorkerThread "GC Thread#0"                     [id=18512, stack(0x000000327c900000,0x000000327ca00000) (1024K)]
  0x00000142104e5390 WorkerThread "GC Thread#1"                     [id=26092, stack(0x000000327dc00000,0x000000327dd00000) (1024K)]
  0x00000142104daa90 WorkerThread "GC Thread#2"                     [id=25452, stack(0x000000327dd00000,0x000000327de00000) (1024K)]
  0x00000142104dae30 WorkerThread "GC Thread#3"                     [id=16768, stack(0x000000327de00000,0x000000327df00000) (1024K)]
  0x000001421054cc60 WorkerThread "GC Thread#4"                     [id=11248, stack(0x000000327df00000,0x000000327e000000) (1024K)]
  0x000001421054d410 WorkerThread "GC Thread#5"                     [id=17856, stack(0x000000327e000000,0x000000327e100000) (1024K)]
  0x00000141b20f3e40 ConcurrentGCThread "G1 Main Marker"            [id=25760, stack(0x000000327ca00000,0x000000327cb00000) (1024K)]
  0x00000141b20f4940 WorkerThread "G1 Conc#0"                       [id=27496, stack(0x000000327cb00000,0x000000327cc00000) (1024K)]
  0x00000141c9dbdea0 ConcurrentGCThread "G1 Refine#0"               [id=24504, stack(0x000000327cc00000,0x000000327cd00000) (1024K)]
  0x00000141c9dbea10 ConcurrentGCThread "G1 Service"                [id=1424, stack(0x000000327cd00000,0x000000327ce00000) (1024K)]
Total: 12

Threads with active compile tasks:
C2 CompilerThread0  1965 1719       4       java.lang.invoke.MethodType::methodType (69 bytes)
C2 CompilerThread1  1965 1733       4       java.lang.invoke.MethodType::makeImpl (109 bytes)
Total: 2

VM state: not at safepoint (normal execution)

VM Mutex/Monitor currently owned by a thread: None

Heap address: 0x000000008c600000, size: 1850 MB, Compressed Oops mode: 32-bit

CDS archive(s) mapped at: [0x00000141cb000000-0x00000141cbc80000-0x00000141cbc80000), size 13107200, SharedBaseAddress: 0x00000141cb000000, ArchiveRelocationMode: 1.
Compressed class space mapped at: 0x00000141cc000000-0x000001420c000000, reserved size: 1073741824
Narrow klass base: 0x00000141cb000000, Narrow klass shift: 0, Narrow klass range: 0x100000000

GC Precious Log:
 CardTable entry size: 512
 Card Set container configuration: InlinePtr #cards 5 size 8 Array Of Cards #cards 12 size 40 Howl #buckets 4 coarsen threshold 1843 Howl Bitmap #cards 512 size 80 coarsen threshold 460 Card regions per heap region 1 cards per card region 2048
 CPUs: 12 total, 12 available
 Memory: 7399M
 Large Page Support: Disabled
 NUMA Support: Disabled
 Compressed Oops: Enabled (32-bit)
 Heap Region Size: 1M
 Heap Min Capacity: 8M
 Heap Initial Capacity: 116M
 Heap Max Capacity: 1850M
 Pre-touch: Disabled
 Parallel Workers: 10
 Concurrent Workers: 3
 Concurrent Refinement Workers: 10
 Periodic GC: Disabled

Heap:
 garbage-first heap   total 118784K, used 30720K [0x000000008c600000, 0x0000000100000000)
  region size 1024K, 26 young (26624K), 3 survivors (3072K)
 Metaspace       used 11909K, committed 12160K, reserved 1114112K
  class space    used 1552K, committed 1664K, reserved 1048576K

Heap Regions: E=young(eden), S=young(survivor), O=old, HS=humongous(starts), HC=humongous(continues), CS=collection set, F=free, TAMS=top-at-mark-start, PB=parsable bottom
|   0|0x000000008c600000, 0x000000008c700000, 0x000000008c700000|100%|HS|  |TAMS 0x000000008c600000| PB 0x000000008c600000| Complete 
|   1|0x000000008c700000, 0x000000008c800000, 0x000000008c800000|100%|HS|  |TAMS 0x000000008c700000| PB 0x000000008c700000| Complete 
|   2|0x000000008c800000, 0x000000008c900000, 0x000000008c900000|100%| O|  |TAMS 0x000000008c800000| PB 0x000000008c800000| Untracked 
|   3|0x000000008c900000, 0x000000008ca00000, 0x000000008ca00000|100%| O|  |TAMS 0x000000008c900000| PB 0x000000008c900000| Untracked 
|   4|0x000000008ca00000, 0x000000008cb00000, 0x000000008cb00000|100%| O|  |TAMS 0x000000008ca00000| PB 0x000000008ca00000| Untracked 
|   5|0x000000008cb00000, 0x000000008cb00000, 0x000000008cc00000|  0%| F|  |TAMS 0x000000008cb00000| PB 0x000000008cb00000| Untracked 
|   6|0x000000008cc00000, 0x000000008cc00000, 0x000000008cd00000|  0%| F|  |TAMS 0x000000008cc00000| PB 0x000000008cc00000| Untracked 
|   7|0x000000008cd00000, 0x000000008cd00000, 0x000000008ce00000|  0%| F|  |TAMS 0x000000008cd00000| PB 0x000000008cd00000| Untracked 
|   8|0x000000008ce00000, 0x000000008ce00000, 0x000000008cf00000|  0%| F|  |TAMS 0x000000008ce00000| PB 0x000000008ce00000| Untracked 
|   9|0x000000008cf00000, 0x000000008cf00000, 0x000000008d000000|  0%| F|  |TAMS 0x000000008cf00000| PB 0x000000008cf00000| Untracked 
|  10|0x000000008d000000, 0x000000008d000000, 0x000000008d100000|  0%| F|  |TAMS 0x000000008d000000| PB 0x000000008d000000| Untracked 
|  11|0x000000008d100000, 0x000000008d100000, 0x000000008d200000|  0%| F|  |TAMS 0x000000008d100000| PB 0x000000008d100000| Untracked 
|  12|0x000000008d200000, 0x000000008d200000, 0x000000008d300000|  0%| F|  |TAMS 0x000000008d200000| PB 0x000000008d200000| Untracked 
|  13|0x000000008d300000, 0x000000008d300000, 0x000000008d400000|  0%| F|  |TAMS 0x000000008d300000| PB 0x000000008d300000| Untracked 
|  14|0x000000008d400000, 0x000000008d400000, 0x000000008d500000|  0%| F|  |TAMS 0x000000008d400000| PB 0x000000008d400000| Untracked 
|  15|0x000000008d500000, 0x000000008d500000, 0x000000008d600000|  0%| F|  |TAMS 0x000000008d500000| PB 0x000000008d500000| Untracked 
|  16|0x000000008d600000, 0x000000008d600000, 0x000000008d700000|  0%| F|  |TAMS 0x000000008d600000| PB 0x000000008d600000| Untracked 
|  17|0x000000008d700000, 0x000000008d700000, 0x000000008d800000|  0%| F|  |TAMS 0x000000008d700000| PB 0x000000008d700000| Untracked 
|  18|0x000000008d800000, 0x000000008d800000, 0x000000008d900000|  0%| F|  |TAMS 0x000000008d800000| PB 0x000000008d800000| Untracked 
|  19|0x000000008d900000, 0x000000008d900000, 0x000000008da00000|  0%| F|  |TAMS 0x000000008d900000| PB 0x000000008d900000| Untracked 
|  20|0x000000008da00000, 0x000000008da00000, 0x000000008db00000|  0%| F|  |TAMS 0x000000008da00000| PB 0x000000008da00000| Untracked 
|  21|0x000000008db00000, 0x000000008db00000, 0x000000008dc00000|  0%| F|  |TAMS 0x000000008db00000| PB 0x000000008db00000| Untracked 
|  22|0x000000008dc00000, 0x000000008dc00000, 0x000000008dd00000|  0%| F|  |TAMS 0x000000008dc00000| PB 0x000000008dc00000| Untracked 
|  23|0x000000008dd00000, 0x000000008dd00000, 0x000000008de00000|  0%| F|  |TAMS 0x000000008dd00000| PB 0x000000008dd00000| Untracked 
|  24|0x000000008de00000, 0x000000008de00000, 0x000000008df00000|  0%| F|  |TAMS 0x000000008de00000| PB 0x000000008de00000| Untracked 
|  25|0x000000008df00000, 0x000000008df00000, 0x000000008e000000|  0%| F|  |TAMS 0x000000008df00000| PB 0x000000008df00000| Untracked 
|  26|0x000000008e000000, 0x000000008e000000, 0x000000008e100000|  0%| F|  |TAMS 0x000000008e000000| PB 0x000000008e000000| Untracked 
|  27|0x000000008e100000, 0x000000008e100000, 0x000000008e200000|  0%| F|  |TAMS 0x000000008e100000| PB 0x000000008e100000| Untracked 
|  28|0x000000008e200000, 0x000000008e200000, 0x000000008e300000|  0%| F|  |TAMS 0x000000008e200000| PB 0x000000008e200000| Untracked 
|  29|0x000000008e300000, 0x000000008e300000, 0x000000008e400000|  0%| F|  |TAMS 0x000000008e300000| PB 0x000000008e300000| Untracked 
|  30|0x000000008e400000, 0x000000008e400000, 0x000000008e500000|  0%| F|  |TAMS 0x000000008e400000| PB 0x000000008e400000| Untracked 
|  31|0x000000008e500000, 0x000000008e500000, 0x000000008e600000|  0%| F|  |TAMS 0x000000008e500000| PB 0x000000008e500000| Untracked 
|  32|0x000000008e600000, 0x000000008e600000, 0x000000008e700000|  0%| F|  |TAMS 0x000000008e600000| PB 0x000000008e600000| Untracked 
|  33|0x000000008e700000, 0x000000008e700000, 0x000000008e800000|  0%| F|  |TAMS 0x000000008e700000| PB 0x000000008e700000| Untracked 
|  34|0x000000008e800000, 0x000000008e800000, 0x000000008e900000|  0%| F|  |TAMS 0x000000008e800000| PB 0x000000008e800000| Untracked 
|  35|0x000000008e900000, 0x000000008e900000, 0x000000008ea00000|  0%| F|  |TAMS 0x000000008e900000| PB 0x000000008e900000| Untracked 
|  36|0x000000008ea00000, 0x000000008ea00000, 0x000000008eb00000|  0%| F|  |TAMS 0x000000008ea00000| PB 0x000000008ea00000| Untracked 
|  37|0x000000008eb00000, 0x000000008eb00000, 0x000000008ec00000|  0%| F|  |TAMS 0x000000008eb00000| PB 0x000000008eb00000| Untracked 
|  38|0x000000008ec00000, 0x000000008ec00000, 0x000000008ed00000|  0%| F|  |TAMS 0x000000008ec00000| PB 0x000000008ec00000| Untracked 
|  39|0x000000008ed00000, 0x000000008ed00000, 0x000000008ee00000|  0%| F|  |TAMS 0x000000008ed00000| PB 0x000000008ed00000| Untracked 
|  40|0x000000008ee00000, 0x000000008ee00000, 0x000000008ef00000|  0%| F|  |TAMS 0x000000008ee00000| PB 0x000000008ee00000| Untracked 
|  41|0x000000008ef00000, 0x000000008ef00000, 0x000000008f000000|  0%| F|  |TAMS 0x000000008ef00000| PB 0x000000008ef00000| Untracked 
|  42|0x000000008f000000, 0x000000008f000000, 0x000000008f100000|  0%| F|  |TAMS 0x000000008f000000| PB 0x000000008f000000| Untracked 
|  43|0x000000008f100000, 0x000000008f100000, 0x000000008f200000|  0%| F|  |TAMS 0x000000008f100000| PB 0x000000008f100000| Untracked 
|  44|0x000000008f200000, 0x000000008f200000, 0x000000008f300000|  0%| F|  |TAMS 0x000000008f200000| PB 0x000000008f200000| Untracked 
|  45|0x000000008f300000, 0x000000008f300000, 0x000000008f400000|  0%| F|  |TAMS 0x000000008f300000| PB 0x000000008f300000| Untracked 
|  46|0x000000008f400000, 0x000000008f400000, 0x000000008f500000|  0%| F|  |TAMS 0x000000008f400000| PB 0x000000008f400000| Untracked 
|  47|0x000000008f500000, 0x000000008f500000, 0x000000008f600000|  0%| F|  |TAMS 0x000000008f500000| PB 0x000000008f500000| Untracked 
|  48|0x000000008f600000, 0x000000008f600000, 0x000000008f700000|  0%| F|  |TAMS 0x000000008f600000| PB 0x000000008f600000| Untracked 
|  49|0x000000008f700000, 0x000000008f700000, 0x000000008f800000|  0%| F|  |TAMS 0x000000008f700000| PB 0x000000008f700000| Untracked 
|  50|0x000000008f800000, 0x000000008f800000, 0x000000008f900000|  0%| F|  |TAMS 0x000000008f800000| PB 0x000000008f800000| Untracked 
|  51|0x000000008f900000, 0x000000008f900000, 0x000000008fa00000|  0%| F|  |TAMS 0x000000008f900000| PB 0x000000008f900000| Untracked 
|  52|0x000000008fa00000, 0x000000008fa00000, 0x000000008fb00000|  0%| F|  |TAMS 0x000000008fa00000| PB 0x000000008fa00000| Untracked 
|  53|0x000000008fb00000, 0x000000008fb00000, 0x000000008fc00000|  0%| F|  |TAMS 0x000000008fb00000| PB 0x000000008fb00000| Untracked 
|  54|0x000000008fc00000, 0x000000008fc00000, 0x000000008fd00000|  0%| F|  |TAMS 0x000000008fc00000| PB 0x000000008fc00000| Untracked 
|  55|0x000000008fd00000, 0x000000008fd00000, 0x000000008fe00000|  0%| F|  |TAMS 0x000000008fd00000| PB 0x000000008fd00000| Untracked 
|  56|0x000000008fe00000, 0x000000008fe00000, 0x000000008ff00000|  0%| F|  |TAMS 0x000000008fe00000| PB 0x000000008fe00000| Untracked 
|  57|0x000000008ff00000, 0x000000008ff00000, 0x0000000090000000|  0%| F|  |TAMS 0x000000008ff00000| PB 0x000000008ff00000| Untracked 
|  58|0x0000000090000000, 0x0000000090000000, 0x0000000090100000|  0%| F|  |TAMS 0x0000000090000000| PB 0x0000000090000000| Untracked 
|  59|0x0000000090100000, 0x0000000090100000, 0x0000000090200000|  0%| F|  |TAMS 0x0000000090100000| PB 0x0000000090100000| Untracked 
|  60|0x0000000090200000, 0x0000000090200000, 0x0000000090300000|  0%| F|  |TAMS 0x0000000090200000| PB 0x0000000090200000| Untracked 
|  61|0x0000000090300000, 0x0000000090300000, 0x0000000090400000|  0%| F|  |TAMS 0x0000000090300000| PB 0x0000000090300000| Untracked 
|  62|0x0000000090400000, 0x0000000090400000, 0x0000000090500000|  0%| F|  |TAMS 0x0000000090400000| PB 0x0000000090400000| Untracked 
|  63|0x0000000090500000, 0x0000000090500000, 0x0000000090600000|  0%| F|  |TAMS 0x0000000090500000| PB 0x0000000090500000| Untracked 
|  64|0x0000000090600000, 0x0000000090600000, 0x0000000090700000|  0%| F|  |TAMS 0x0000000090600000| PB 0x0000000090600000| Untracked 
|  65|0x0000000090700000, 0x0000000090700000, 0x0000000090800000|  0%| F|  |TAMS 0x0000000090700000| PB 0x0000000090700000| Untracked 
|  66|0x0000000090800000, 0x0000000090800000, 0x0000000090900000|  0%| F|  |TAMS 0x0000000090800000| PB 0x0000000090800000| Untracked 
|  67|0x0000000090900000, 0x0000000090900000, 0x0000000090a00000|  0%| F|  |TAMS 0x0000000090900000| PB 0x0000000090900000| Untracked 
|  68|0x0000000090a00000, 0x0000000090a00000, 0x0000000090b00000|  0%| F|  |TAMS 0x0000000090a00000| PB 0x0000000090a00000| Untracked 
|  69|0x0000000090b00000, 0x0000000090b00000, 0x0000000090c00000|  0%| F|  |TAMS 0x0000000090b00000| PB 0x0000000090b00000| Untracked 
|  70|0x0000000090c00000, 0x0000000090c00000, 0x0000000090d00000|  0%| F|  |TAMS 0x0000000090c00000| PB 0x0000000090c00000| Untracked 
|  71|0x0000000090d00000, 0x0000000090d00000, 0x0000000090e00000|  0%| F|  |TAMS 0x0000000090d00000| PB 0x0000000090d00000| Untracked 
|  72|0x0000000090e00000, 0x0000000090e00000, 0x0000000090f00000|  0%| F|  |TAMS 0x0000000090e00000| PB 0x0000000090e00000| Untracked 
|  73|0x0000000090f00000, 0x0000000090f00000, 0x0000000091000000|  0%| F|  |TAMS 0x0000000090f00000| PB 0x0000000090f00000| Untracked 
|  74|0x0000000091000000, 0x0000000091000000, 0x0000000091100000|  0%| F|  |TAMS 0x0000000091000000| PB 0x0000000091000000| Untracked 
|  75|0x0000000091100000, 0x0000000091100000, 0x0000000091200000|  0%| F|  |TAMS 0x0000000091100000| PB 0x0000000091100000| Untracked 
|  76|0x0000000091200000, 0x0000000091200000, 0x0000000091300000|  0%| F|  |TAMS 0x0000000091200000| PB 0x0000000091200000| Untracked 
|  77|0x0000000091300000, 0x0000000091300000, 0x0000000091400000|  0%| F|  |TAMS 0x0000000091300000| PB 0x0000000091300000| Untracked 
|  78|0x0000000091400000, 0x0000000091400000, 0x0000000091500000|  0%| F|  |TAMS 0x0000000091400000| PB 0x0000000091400000| Untracked 
|  79|0x0000000091500000, 0x0000000091500000, 0x0000000091600000|  0%| F|  |TAMS 0x0000000091500000| PB 0x0000000091500000| Untracked 
|  80|0x0000000091600000, 0x0000000091600000, 0x0000000091700000|  0%| F|  |TAMS 0x0000000091600000| PB 0x0000000091600000| Untracked 
|  81|0x0000000091700000, 0x0000000091700000, 0x0000000091800000|  0%| F|  |TAMS 0x0000000091700000| PB 0x0000000091700000| Untracked 
|  82|0x0000000091800000, 0x0000000091800000, 0x0000000091900000|  0%| F|  |TAMS 0x0000000091800000| PB 0x0000000091800000| Untracked 
|  83|0x0000000091900000, 0x0000000091900000, 0x0000000091a00000|  0%| F|  |TAMS 0x0000000091900000| PB 0x0000000091900000| Untracked 
|  84|0x0000000091a00000, 0x0000000091a00000, 0x0000000091b00000|  0%| F|  |TAMS 0x0000000091a00000| PB 0x0000000091a00000| Untracked 
|  85|0x0000000091b00000, 0x0000000091b00000, 0x0000000091c00000|  0%| F|  |TAMS 0x0000000091b00000| PB 0x0000000091b00000| Untracked 
|  86|0x0000000091c00000, 0x0000000091c00000, 0x0000000091d00000|  0%| F|  |TAMS 0x0000000091c00000| PB 0x0000000091c00000| Untracked 
|  87|0x0000000091d00000, 0x0000000091d00000, 0x0000000091e00000|  0%| F|  |TAMS 0x0000000091d00000| PB 0x0000000091d00000| Untracked 
|  88|0x0000000091e00000, 0x0000000091e00000, 0x0000000091f00000|  0%| F|  |TAMS 0x0000000091e00000| PB 0x0000000091e00000| Untracked 
|  89|0x0000000091f00000, 0x0000000091f67270, 0x0000000092000000| 40%| E|  |TAMS 0x0000000091f00000| PB 0x0000000091f00000| Complete 
|  90|0x0000000092000000, 0x0000000092100000, 0x0000000092100000|100%| S|CS|TAMS 0x0000000092000000| PB 0x0000000092000000| Complete 
|  91|0x0000000092100000, 0x0000000092200000, 0x0000000092200000|100%| S|CS|TAMS 0x0000000092100000| PB 0x0000000092100000| Complete 
|  92|0x0000000092200000, 0x0000000092300000, 0x0000000092300000|100%| S|CS|TAMS 0x0000000092200000| PB 0x0000000092200000| Complete 
|  93|0x0000000092300000, 0x0000000092400000, 0x0000000092400000|100%| E|CS|TAMS 0x0000000092300000| PB 0x0000000092300000| Complete 
|  94|0x0000000092400000, 0x0000000092500000, 0x0000000092500000|100%| E|CS|TAMS 0x0000000092400000| PB 0x0000000092400000| Complete 
|  95|0x0000000092500000, 0x0000000092600000, 0x0000000092600000|100%| E|CS|TAMS 0x0000000092500000| PB 0x0000000092500000| Complete 
|  96|0x0000000092600000, 0x0000000092700000, 0x0000000092700000|100%| E|CS|TAMS 0x0000000092600000| PB 0x0000000092600000| Complete 
|  97|0x0000000092700000, 0x0000000092800000, 0x0000000092800000|100%| E|CS|TAMS 0x0000000092700000| PB 0x0000000092700000| Complete 
|  98|0x0000000092800000, 0x0000000092900000, 0x0000000092900000|100%| E|CS|TAMS 0x0000000092800000| PB 0x0000000092800000| Complete 
|  99|0x0000000092900000, 0x0000000092a00000, 0x0000000092a00000|100%| E|CS|TAMS 0x0000000092900000| PB 0x0000000092900000| Complete 
| 100|0x0000000092a00000, 0x0000000092b00000, 0x0000000092b00000|100%| E|CS|TAMS 0x0000000092a00000| PB 0x0000000092a00000| Complete 
| 101|0x0000000092b00000, 0x0000000092c00000, 0x0000000092c00000|100%| E|CS|TAMS 0x0000000092b00000| PB 0x0000000092b00000| Complete 
| 102|0x0000000092c00000, 0x0000000092d00000, 0x0000000092d00000|100%| E|CS|TAMS 0x0000000092c00000| PB 0x0000000092c00000| Complete 
| 103|0x0000000092d00000, 0x0000000092e00000, 0x0000000092e00000|100%| E|CS|TAMS 0x0000000092d00000| PB 0x0000000092d00000| Complete 
| 104|0x0000000092e00000, 0x0000000092f00000, 0x0000000092f00000|100%| E|CS|TAMS 0x0000000092e00000| PB 0x0000000092e00000| Complete 
| 105|0x0000000092f00000, 0x0000000093000000, 0x0000000093000000|100%| E|CS|TAMS 0x0000000092f00000| PB 0x0000000092f00000| Complete 
| 106|0x0000000093000000, 0x0000000093100000, 0x0000000093100000|100%| E|CS|TAMS 0x0000000093000000| PB 0x0000000093000000| Complete 
| 107|0x0000000093100000, 0x0000000093200000, 0x0000000093200000|100%| E|CS|TAMS 0x0000000093100000| PB 0x0000000093100000| Complete 
| 108|0x0000000093200000, 0x0000000093300000, 0x0000000093300000|100%| E|CS|TAMS 0x0000000093200000| PB 0x0000000093200000| Complete 
| 109|0x0000000093300000, 0x0000000093400000, 0x0000000093400000|100%| E|CS|TAMS 0x0000000093300000| PB 0x0000000093300000| Complete 
| 110|0x0000000093400000, 0x0000000093500000, 0x0000000093500000|100%| E|CS|TAMS 0x0000000093400000| PB 0x0000000093400000| Complete 
| 111|0x0000000093500000, 0x0000000093600000, 0x0000000093600000|100%| E|CS|TAMS 0x0000000093500000| PB 0x0000000093500000| Complete 
| 112|0x0000000093600000, 0x0000000093700000, 0x0000000093700000|100%| E|CS|TAMS 0x0000000093600000| PB 0x0000000093600000| Complete 
| 113|0x0000000093700000, 0x0000000093800000, 0x0000000093800000|100%| E|CS|TAMS 0x0000000093700000| PB 0x0000000093700000| Complete 
| 114|0x0000000093800000, 0x0000000093900000, 0x0000000093900000|100%| E|CS|TAMS 0x0000000093800000| PB 0x0000000093800000| Complete 
| 115|0x0000000093900000, 0x0000000093a00000, 0x0000000093a00000|100%| E|CS|TAMS 0x0000000093900000| PB 0x0000000093900000| Complete 

Card table byte_map: [0x00000141c5300000,0x00000141c56a0000] _byte_map_base: 0x00000141c4e9d000

Marking Bits: (CMBitMap*) 0x00000141b20c79d0
 Bits: [0x00000141c56a0000, 0x00000141c7388000)

Polling page: 0x00000141afec0000

Metaspace:

Usage:
  Non-class:     10.15 MB used.
      Class:      1.52 MB used.
       Both:     11.67 MB used.

Virtual space:
  Non-class space:       64.00 MB reserved,      10.25 MB ( 16%) committed,  1 nodes.
      Class space:        1.00 GB reserved,       1.62 MB ( <1%) committed,  1 nodes.
             Both:        1.06 GB reserved,      11.88 MB (  1%) committed. 

Chunk freelists:
   Non-Class:  5.44 MB
       Class:  14.27 MB
        Both:  19.70 MB

MaxMetaspaceSize: unlimited
CompressedClassSpaceSize: 1.00 GB
Initial GC threshold: 21.00 MB
Current GC threshold: 21.00 MB
CDS: on
 - commit_granule_bytes: 65536.
 - commit_granule_words: 8192.
 - virtual_space_node_default_size: 8388608.
 - enlarge_chunks_in_place: 1.
 - use_allocation_guard: 0.


Internal statistics:

num_allocs_failed_limit: 0.
num_arena_births: 212.
num_arena_deaths: 0.
num_vsnodes_births: 2.
num_vsnodes_deaths: 0.
num_space_committed: 190.
num_space_uncommitted: 0.
num_chunks_returned_to_freelist: 0.
num_chunks_taken_from_freelist: 650.
num_chunk_merges: 0.
num_chunk_splits: 388.
num_chunks_enlarged: 261.
num_inconsistent_stats: 0.

CodeHeap 'non-profiled nmethods': size=120000Kb used=712Kb max_used=712Kb free=119287Kb
 bounds [0x00000141bd4d0000, 0x00000141bd740000, 0x00000141c4a00000]
CodeHeap 'profiled nmethods': size=120000Kb used=3353Kb max_used=3353Kb free=116646Kb
 bounds [0x00000141b5a00000, 0x00000141b5d50000, 0x00000141bcf30000]
CodeHeap 'non-nmethods': size=5760Kb used=1384Kb max_used=1406Kb free=4376Kb
 bounds [0x00000141bcf30000, 0x00000141bd1a0000, 0x00000141bd4d0000]
CodeCache: size=245760Kb, used=5449Kb, max_used=5471Kb, free=240309Kb
 total_blobs=2268, nmethods=1785, adapters=388, full_count=0
Compilation: enabled, stopped_count=0, restarted_count=0

Compilation events (20 events):
Event: 1.848 Thread 0x00000141c9f2ea00 1759       3       java.lang.invoke.LambdaProxyClassArchive::loadedByBuiltinLoader (22 bytes)
Event: 1.849 Thread 0x00000141c9f2ea00 nmethod 1759 0x00000141b5d39f10 code [0x00000141b5d3a0e0, 0x00000141b5d3a4c8]
Event: 1.849 Thread 0x00000141c9f2ea00 1760       3       jdk.internal.misc.CDS::isSharingEnabled (4 bytes)
Event: 1.849 Thread 0x00000141c9f2ea00 nmethod 1760 0x00000141b5d3a610 code [0x00000141b5d3a7a0, 0x00000141b5d3a890]
Event: 1.849 Thread 0x00000141c9f2ea00 1761       3       java.lang.invoke.MethodHandles$Lookup::getDirectConstructor (10 bytes)
Event: 1.849 Thread 0x00000141c9f2ea00 nmethod 1761 0x00000141b5d3a910 code [0x00000141b5d3aac0, 0x00000141b5d3ac00]
Event: 1.865 Thread 0x00000141c9f2ea00 1764       3       org.springframework.core.annotation.AnnotationsScanner::hasPlainJavaAnnotationsOnly (26 bytes)
Event: 1.865 Thread 0x00000141c9f2ea00 nmethod 1764 0x00000141b5d3ac90 code [0x00000141b5d3ae60, 0x00000141b5d3b180]
Event: 1.865 Thread 0x00000141c9f2ea00 1765       1       org.springframework.core.annotation.MergedAnnotations$Search::lambda$static$1 (2 bytes)
Event: 1.866 Thread 0x00000141c9f2ea00 nmethod 1765 0x00000141bd581490 code [0x00000141bd581620, 0x00000141bd5816c8]
Event: 1.874 Thread 0x00000141c9f2ea00 1766       3       java.util.concurrent.atomic.AtomicInteger::incrementAndGet (14 bytes)
Event: 1.874 Thread 0x00000141c9f2ea00 nmethod 1766 0x00000141b5d3b310 code [0x00000141b5d3b4a0, 0x00000141b5d3b5c0]
Event: 1.886 Thread 0x00000141c9f2ea00 1767       3       java.lang.StackStreamFactory$FrameBuffer::isEmpty (32 bytes)
Event: 1.886 Thread 0x00000141c9f2ea00 nmethod 1767 0x00000141b5d3b690 code [0x00000141b5d3b840, 0x00000141b5d3ba00]
Event: 1.886 Thread 0x00000141c9f2ea00 1768       3       java.lang.StackWalker::hasOption (11 bytes)
Event: 1.887 Thread 0x00000141c9f2ea00 nmethod 1768 0x00000141b5d3ba90 code [0x00000141b5d3bc40, 0x00000141b5d3be18]
Event: 1.887 Thread 0x00000141c9f2ea00 1769       3       java.util.HashSet::iterator (13 bytes)
Event: 1.887 Thread 0x00000141c9f2ea00 nmethod 1769 0x00000141b5d3bf10 code [0x00000141b5d3c0e0, 0x00000141b5d3c378]
Event: 1.926 Thread 0x00000141c9f2ea00 1771       3       org.springframework.util.ConcurrentReferenceHashMap$Entry::<init> (15 bytes)
Event: 1.926 Thread 0x00000141c9f2ea00 nmethod 1771 0x00000141b5d3c490 code [0x00000141b5d3c640, 0x00000141b5d3c868]

GC Heap History (2 events):
Event: 1.013 GC heap before
{Heap before GC invocations=0 (full 0):
 garbage-first heap   total 118784K, used 24576K [0x000000008c600000, 0x0000000100000000)
  region size 1024K, 23 young (23552K), 0 survivors (0K)
 Metaspace       used 5456K, committed 5632K, reserved 1114112K
  class space    used 684K, committed 768K, reserved 1048576K
}
Event: 1.021 GC heap after
{Heap after GC invocations=1 (full 0):
 garbage-first heap   total 118784K, used 8192K [0x000000008c600000, 0x0000000100000000)
  region size 1024K, 3 young (3072K), 3 survivors (3072K)
 Metaspace       used 5456K, committed 5632K, reserved 1114112K
  class space    used 684K, committed 768K, reserved 1048576K
}

Dll operation events (7 events):
Event: 0.013 Loaded shared library E:\sts-4.32.0.RELEASE\plugins\org.eclipse.justj.openjdk.hotspot.jre.full.win32.x86_64_21.0.8.v20250724-1412\jre\bin\java.dll
Event: 0.062 Loaded shared library E:\sts-4.32.0.RELEASE\plugins\org.eclipse.justj.openjdk.hotspot.jre.full.win32.x86_64_21.0.8.v20250724-1412\jre\bin\zip.dll
Event: 0.169 Loaded shared library E:\sts-4.32.0.RELEASE\plugins\org.eclipse.justj.openjdk.hotspot.jre.full.win32.x86_64_21.0.8.v20250724-1412\jre\bin\net.dll
Event: 0.171 Loaded shared library E:\sts-4.32.0.RELEASE\plugins\org.eclipse.justj.openjdk.hotspot.jre.full.win32.x86_64_21.0.8.v20250724-1412\jre\bin\nio.dll
Event: 0.175 Loaded shared library E:\sts-4.32.0.RELEASE\plugins\org.eclipse.justj.openjdk.hotspot.jre.full.win32.x86_64_21.0.8.v20250724-1412\jre\bin\zip.dll
Event: 0.352 Loaded shared library E:\sts-4.32.0.RELEASE\plugins\org.eclipse.justj.openjdk.hotspot.jre.full.win32.x86_64_21.0.8.v20250724-1412\jre\bin\jimage.dll
Event: 0.392 Loaded shared library E:\sts-4.32.0.RELEASE\plugins\org.eclipse.justj.openjdk.hotspot.jre.full.win32.x86_64_21.0.8.v20250724-1412\jre\bin\extnet.dll

Deoptimization events (20 events):
Event: 1.438 Thread 0x00000141b20777f0 DEOPT PACKING pc=0x00000141bd4e3eec sp=0x000000327c8fc620
Event: 1.438 Thread 0x00000141b20777f0 DEOPT UNPACKING pc=0x00000141bcf846a2 sp=0x000000327c8fc5a8 mode 2
Event: 1.616 Thread 0x00000141b20777f0 Uncommon trap: trap_request=0xffffff45 fr.pc=0x00000141bd525aa0 relative=0x00000000000000e0
Event: 1.616 Thread 0x00000141b20777f0 Uncommon trap: reason=unstable_if action=reinterpret pc=0x00000141bd525aa0 method=sun.reflect.generics.parser.SignatureParser.current()C @ 39 c2
Event: 1.616 Thread 0x00000141b20777f0 DEOPT PACKING pc=0x00000141bd525aa0 sp=0x000000327c8fb500
Event: 1.616 Thread 0x00000141b20777f0 DEOPT UNPACKING pc=0x00000141bcf846a2 sp=0x000000327c8fb498 mode 2
Event: 1.719 Thread 0x00000141b20777f0 Uncommon trap: trap_request=0xffffff45 fr.pc=0x00000141bd57d5ec relative=0x00000000000000cc
Event: 1.719 Thread 0x00000141b20777f0 Uncommon trap: reason=unstable_if action=reinterpret pc=0x00000141bd57d5ec method=java.lang.ref.SoftReference.get()Ljava/lang/Object; @ 6 c2
Event: 1.719 Thread 0x00000141b20777f0 DEOPT PACKING pc=0x00000141bd57d5ec sp=0x000000327c8fc860
Event: 1.719 Thread 0x00000141b20777f0 DEOPT UNPACKING pc=0x00000141bcf846a2 sp=0x000000327c8fc818 mode 2
Event: 1.730 Thread 0x00000141b20777f0 DEOPT PACKING pc=0x00000141b5c25b5a sp=0x000000327c8fb830
Event: 1.730 Thread 0x00000141b20777f0 DEOPT UNPACKING pc=0x00000141bcf84e42 sp=0x000000327c8facc0 mode 0
Event: 1.730 Thread 0x00000141b20777f0 DEOPT PACKING pc=0x00000141b5c25b5a sp=0x000000327c8fb830
Event: 1.730 Thread 0x00000141b20777f0 DEOPT UNPACKING pc=0x00000141bcf84e42 sp=0x000000327c8facc0 mode 0
Event: 1.730 Thread 0x00000141b20777f0 DEOPT PACKING pc=0x00000141b5c25b5a sp=0x000000327c8fb830
Event: 1.730 Thread 0x00000141b20777f0 DEOPT UNPACKING pc=0x00000141bcf84e42 sp=0x000000327c8facc0 mode 0
Event: 1.827 Thread 0x00000141b20777f0 Uncommon trap: trap_request=0xffffff45 fr.pc=0x00000141bd57d290 relative=0x0000000000000070
Event: 1.827 Thread 0x00000141b20777f0 Uncommon trap: reason=unstable_if action=reinterpret pc=0x00000141bd57d290 method=java.lang.ref.ReferenceQueue.poll()Ljava/lang/ref/Reference; @ 4 c2
Event: 1.827 Thread 0x00000141b20777f0 DEOPT PACKING pc=0x00000141bd57d290 sp=0x000000327c8fc170
Event: 1.827 Thread 0x00000141b20777f0 DEOPT UNPACKING pc=0x00000141bcf846a2 sp=0x000000327c8fc100 mode 2

Classes loaded (20 events):
Event: 1.884 Loading class java/lang/StackWalker$ExtendedOption
Event: 1.884 Loading class java/lang/StackWalker$ExtendedOption done
Event: 1.884 Loading class java/lang/StackStreamFactory$StackFrameTraverser
Event: 1.884 Loading class java/lang/StackStreamFactory$StackFrameTraverser done
Event: 1.884 Loading class java/lang/StackStreamFactory$WalkerState
Event: 1.884 Loading class java/lang/StackStreamFactory$WalkerState done
Event: 1.884 Loading class java/lang/StackStreamFactory$StackFrameTraverser$StackFrameBuffer
Event: 1.885 Loading class java/lang/StackStreamFactory$FrameBuffer
Event: 1.885 Loading class java/lang/StackStreamFactory$FrameBuffer done
Event: 1.885 Loading class java/lang/StackStreamFactory$StackFrameTraverser$StackFrameBuffer done
Event: 1.893 Loading class java/nio/file/InvalidPathException
Event: 1.893 Loading class java/nio/file/InvalidPathException done
Event: 1.901 Loading class java/util/Collections$SynchronizedRandomAccessList
Event: 1.901 Loading class java/util/Collections$SynchronizedList
Event: 1.902 Loading class java/util/Collections$SynchronizedList done
Event: 1.902 Loading class java/util/Collections$SynchronizedRandomAccessList done
Event: 1.908 Loading class java/util/concurrent/RejectedExecutionException
Event: 1.908 Loading class java/util/concurrent/RejectedExecutionException done
Event: 1.927 Loading class java/lang/reflect/InaccessibleObjectException
Event: 1.927 Loading class java/lang/reflect/InaccessibleObjectException done

Classes unloaded (0 events):
No events

Classes redefined (0 events):
No events

Internal exceptions (20 events):
Event: 0.908 Thread 0x00000141b20777f0 Exception <a 'java/lang/NoSuchMethodError'{0x0000000092513be0}: 'int java.lang.invoke.DirectMethodHandle$Holder.invokeStaticInit(java.lang.Object, java.lang.Object)'> (0x0000000092513be0) 
thrown [s\src\hotspot\share\interpreter\linkResolver.cpp, line 773]
Event: 1.079 Thread 0x00000141b20777f0 Exception <a 'java/lang/NoSuchMethodError'{0x0000000093719200}: 'java.lang.Object java.lang.invoke.DirectMethodHandle$Holder.invokeSpecial(java.lang.Object, java.lang.Object, java.lang.Object, long, java.lang.Object)'> (0x0000000093719200) 
thrown [s\src\hotspot\share\interpreter\linkResolver.cpp, line 773]
Event: 1.079 Thread 0x00000141b20777f0 Exception <a 'java/lang/NoSuchMethodError'{0x000000009371ce20}: 'java.lang.Object java.lang.invoke.Invokers$Holder.linkToTargetMethod(java.lang.Object, long, java.lang.Object, java.lang.Object)'> (0x000000009371ce20) 
thrown [s\src\hotspot\share\interpreter\linkResolver.cpp, line 773]
Event: 1.210 Thread 0x00000141b20777f0 Exception <a 'java/lang/NoSuchMethodError'{0x00000000934defe8}: 'int java.lang.invoke.DirectMethodHandle$Holder.invokeStaticInit(java.lang.Object, java.lang.Object, java.lang.Object)'> (0x00000000934defe8) 
thrown [s\src\hotspot\share\interpreter\linkResolver.cpp, line 773]
Event: 1.244 Thread 0x00000141b20777f0 Exception <a 'java/lang/NoSuchMethodError'{0x00000000933d9d90}: 'int java.lang.invoke.DirectMethodHandle$Holder.invokeInterface(java.lang.Object, java.lang.Object)'> (0x00000000933d9d90) 
thrown [s\src\hotspot\share\interpreter\linkResolver.cpp, line 773]
Event: 1.279 Thread 0x00000141b20777f0 Exception <a 'java/lang/NoSuchMethodError'{0x00000000932acf90}: 'void java.lang.invoke.DirectMethodHandle$Holder.invokeStaticInit(java.lang.Object, java.lang.Object)'> (0x00000000932acf90) 
thrown [s\src\hotspot\share\interpreter\linkResolver.cpp, line 773]
Event: 1.290 Thread 0x00000141b20777f0 Exception <a 'java/lang/NoSuchMethodError'{0x00000000932d4228}: 'java.lang.Object java.lang.invoke.DirectMethodHandle$Holder.invokeStatic(java.lang.Object, int, java.lang.Object)'> (0x00000000932d4228) 
thrown [s\src\hotspot\share\interpreter\linkResolver.cpp, line 773]
Event: 1.320 Thread 0x00000141b20777f0 Exception <a 'java/lang/NoSuchMethodError'{0x0000000093168cb8}: 'int java.lang.invoke.DirectMethodHandle$Holder.invokeVirtual(java.lang.Object, java.lang.Object, java.lang.Object)'> (0x0000000093168cb8) 
thrown [s\src\hotspot\share\interpreter\linkResolver.cpp, line 773]
Event: 1.386 Thread 0x00000141b20777f0 Exception <a 'java/lang/IncompatibleClassChangeError'{0x0000000092f2bd00}: Found class java.lang.Object, but interface was expected> (0x0000000092f2bd00) 
thrown [s\src\hotspot\share\interpreter\linkResolver.cpp, line 840]
Event: 1.432 Thread 0x00000141b20777f0 Exception <a 'java/lang/NoSuchMethodError'{0x0000000092e4dd08}: 'int java.lang.invoke.DirectMethodHandle$Holder.invokeSpecial(java.lang.Object, java.lang.Object, java.lang.Object, java.lang.Object)'> (0x0000000092e4dd08) 
thrown [s\src\hotspot\share\interpreter\linkResolver.cpp, line 773]
Event: 1.439 Thread 0x00000141b20777f0 Exception <a 'java/lang/NoSuchMethodError'{0x0000000092e6b630}: 'int java.lang.invoke.DirectMethodHandle$Holder.invokeSpecial(java.lang.Object, java.lang.Object, java.lang.Object, java.lang.Object, java.lang.Object)'> (0x0000000092e6b630) 
thrown [s\src\hotspot\share\interpreter\linkResolver.cpp, line 773]
Event: 1.443 Thread 0x00000141b20777f0 Exception <a 'java/lang/NoSuchMethodError'{0x0000000092e73ed8}: 'void java.lang.invoke.DirectMethodHandle$Holder.invokeVirtual(java.lang.Object, java.lang.Object)'> (0x0000000092e73ed8) 
thrown [s\src\hotspot\share\interpreter\linkResolver.cpp, line 773]
Event: 1.587 Thread 0x00000141b20777f0 Exception <a 'java/lang/NoSuchMethodError'{0x0000000092b30728}: 'void java.lang.invoke.DirectMethodHandle$Holder.invokeVirtual(java.lang.Object, java.lang.Object, java.lang.Object, java.lang.Object)'> (0x0000000092b30728) 
thrown [s\src\hotspot\share\interpreter\linkResolver.cpp, line 773]
Event: 1.723 Thread 0x00000141b20777f0 Exception <a 'java/lang/NoSuchMethodError'{0x00000000928f4980}: 'java.lang.Object java.lang.invoke.DirectMethodHandle$Holder.newInvokeSpecial(java.lang.Object, java.lang.Object, java.lang.Object, java.lang.Object, java.lang.Object, java.lang.Object, java.lang.Object)'> (0x00000000928f4980) 
thrown [s\src\hotspot\share\interpreter\linkResolver.cpp, line 773]
Event: 1.806 Thread 0x00000141b20777f0 Exception <a 'java/lang/NoSuchMethodError'{0x000000009267c028}: 'java.lang.Object java.lang.invoke.DirectMethodHandle$Holder.invokeInterface(java.lang.Object, java.lang.Object, java.lang.Object, java.lang.Object)'> (0x000000009267c028) 
thrown [s\src\hotspot\share\interpreter\linkResolver.cpp, line 773]
Event: 1.812 Thread 0x00000141b20777f0 Exception <a 'java/lang/NoSuchMethodError'{0x0000000092697060}: 'java.lang.Object java.lang.invoke.DirectMethodHandle$Holder.newInvokeSpecial(java.lang.Object, java.lang.Object, java.lang.Object, java.lang.Object, int)'> (0x0000000092697060) 
thrown [s\src\hotspot\share\interpreter\linkResolver.cpp, line 773]
Event: 1.812 Thread 0x00000141b20777f0 Exception <a 'java/lang/NoSuchMethodError'{0x000000009269b698}: 'java.lang.Object java.lang.invoke.DirectMethodHandle$Holder.invokeSpecial(java.lang.Object, java.lang.Object, java.lang.Object, java.lang.Object, java.lang.Object, int)'> (0x000000009269b698) 
thrown [s\src\hotspot\share\interpreter\linkResolver.cpp, line 773]
Event: 1.812 Thread 0x00000141b20777f0 Exception <a 'java/lang/NoSuchMethodError'{0x000000009269f438}: 'java.lang.Object java.lang.invoke.Invokers$Holder.linkToTargetMethod(java.lang.Object, java.lang.Object, java.lang.Object, int, java.lang.Object)'> (0x000000009269f438) 
thrown [s\src\hotspot\share\interpreter\linkResolver.cpp, line 773]
Event: 1.823 Thread 0x00000141b20777f0 Exception <a 'java/lang/NoSuchMethodError'{0x00000000926d3ac8}: 'java.lang.Object java.lang.invoke.DirectMethodHandle$Holder.invokeInterface(java.lang.Object, java.lang.Object, java.lang.Object, java.lang.Object, java.lang.Object)'> (0x00000000926d3ac8) 
thrown [s\src\hotspot\share\interpreter\linkResolver.cpp, line 773]
Event: 1.824 Thread 0x00000141b20777f0 Exception <a 'java/lang/IncompatibleClassChangeError'{0x00000000926d7610}: Found class java.lang.Object, but interface was expected> (0x00000000926d7610) 
thrown [s\src\hotspot\share\interpreter\linkResolver.cpp, line 840]

ZGC Phase Switch (0 events):
No events

VM Operations (20 events):
Event: 0.628 Executing VM operation: HandshakeAllThreads (Deoptimize)
Event: 0.628 Executing VM operation: HandshakeAllThreads (Deoptimize) done
Event: 0.799 Executing VM operation: HandshakeAllThreads (Deoptimize)
Event: 0.799 Executing VM operation: HandshakeAllThreads (Deoptimize) done
Event: 0.817 Executing VM operation: HandshakeAllThreads (Deoptimize)
Event: 0.817 Executing VM operation: HandshakeAllThreads (Deoptimize) done
Event: 1.013 Executing VM operation: G1CollectForAllocation (G1 Evacuation Pause)
Event: 1.021 Executing VM operation: G1CollectForAllocation (G1 Evacuation Pause) done
Event: 1.033 Executing VM operation: HandshakeAllThreads (Deoptimize)
Event: 1.033 Executing VM operation: HandshakeAllThreads (Deoptimize) done
Event: 1.105 Executing VM operation: HandshakeAllThreads (Deoptimize)
Event: 1.106 Executing VM operation: HandshakeAllThreads (Deoptimize) done
Event: 1.246 Executing VM operation: HandshakeAllThreads (Deoptimize)
Event: 1.246 Executing VM operation: HandshakeAllThreads (Deoptimize) done
Event: 1.402 Executing VM operation: HandshakeAllThreads (Deoptimize)
Event: 1.402 Executing VM operation: HandshakeAllThreads (Deoptimize) done
Event: 1.581 Executing VM operation: HandshakeAllThreads (Deoptimize)
Event: 1.581 Executing VM operation: HandshakeAllThreads (Deoptimize) done
Event: 1.831 Executing VM operation: HandshakeAllThreads (Deoptimize)
Event: 1.831 Executing VM operation: HandshakeAllThreads (Deoptimize) done

Memory protections (0 events):
No events

Nmethod flushes (0 events):
No events

Events (13 events):
Event: 0.040 Thread 0x00000141b20777f0 Thread added: 0x00000141b20777f0
Event: 0.064 Thread 0x00000141b20777f0 Thread added: 0x00000141c9f120e0
Event: 0.064 Thread 0x00000141b20777f0 Thread added: 0x00000141c9f14ee0
Event: 0.065 Thread 0x00000141b20777f0 Thread added: 0x00000141c9f171b0
Event: 0.065 Thread 0x00000141b20777f0 Thread added: 0x00000141c9f1fc10
Event: 0.065 Thread 0x00000141b20777f0 Thread added: 0x00000141c9f207e0
Event: 0.066 Thread 0x00000141b20777f0 Thread added: 0x00000141c9f20e70
Event: 0.066 Thread 0x00000141b20777f0 Thread added: 0x00000141c9f2ca30
Event: 0.066 Thread 0x00000141b20777f0 Thread added: 0x00000141c9f2ea00
Event: 0.159 Thread 0x00000141b20777f0 Thread added: 0x00000141c9f23c60
Event: 0.165 Thread 0x00000141b20777f0 Thread added: 0x00000141c9f22220
Event: 0.200 Thread 0x00000141c9f2ca30 Thread added: 0x00000141ca2141d0
Event: 0.404 Thread 0x00000141b20777f0 Thread added: 0x00000141c9f21500


Dynamic libraries:
0x00007ff64e530000 - 0x00007ff64e53e000 	E:\sts-4.32.0.RELEASE\plugins\org.eclipse.justj.openjdk.hotspot.jre.full.win32.x86_64_21.0.8.v20250724-1412\jre\bin\javaw.exe
0x00007ff890ed0000 - 0x00007ff8910e7000 	C:\WINDOWS\SYSTEM32\ntdll.dll
0x00007ff84a0e0000 - 0x00007ff84a100000 	C:\Program Files\Avast Software\Avast\aswhook.dll
0x00007ff88f9c0000 - 0x00007ff88fa84000 	C:\WINDOWS\System32\KERNEL32.DLL
0x00007ff88e1b0000 - 0x00007ff88e582000 	C:\WINDOWS\System32\KERNELBASE.dll
0x00007ff88e630000 - 0x00007ff88e741000 	C:\WINDOWS\System32\ucrtbase.dll
0x00007ff861c60000 - 0x00007ff861c78000 	E:\sts-4.32.0.RELEASE\plugins\org.eclipse.justj.openjdk.hotspot.jre.full.win32.x86_64_21.0.8.v20250724-1412\jre\bin\jli.dll
0x00007ff88f800000 - 0x00007ff88f9b1000 	C:\WINDOWS\System32\USER32.dll
0x00007ff88eb30000 - 0x00007ff88eb56000 	C:\WINDOWS\System32\win32u.dll
0x00007ff88f3f0000 - 0x00007ff88f419000 	C:\WINDOWS\System32\GDI32.dll
0x00007ff88e750000 - 0x00007ff88e873000 	C:\WINDOWS\System32\gdi32full.dll
0x00007ff88e590000 - 0x00007ff88e62a000 	C:\WINDOWS\System32\msvcp_win.dll
0x00007ff866fb0000 - 0x00007ff866fce000 	E:\sts-4.32.0.RELEASE\plugins\org.eclipse.justj.openjdk.hotspot.jre.full.win32.x86_64_21.0.8.v20250724-1412\jre\bin\VCRUNTIME140.dll
0x00007ff8701f0000 - 0x00007ff87048b000 	C:\WINDOWS\WinSxS\amd64_microsoft.windows.common-controls_6595b64144ccf1df_6.0.22621.5415_none_270d77d17387d7da\COMCTL32.dll
0x00007ff8908c0000 - 0x00007ff890967000 	C:\WINDOWS\System32\msvcrt.dll
0x00007ff88f420000 - 0x00007ff88f451000 	C:\WINDOWS\System32\IMM32.DLL
0x00007ff86c5c0000 - 0x00007ff86c5cc000 	E:\sts-4.32.0.RELEASE\plugins\org.eclipse.justj.openjdk.hotspot.jre.full.win32.x86_64_21.0.8.v20250724-1412\jre\bin\vcruntime140_1.dll
0x00007ff8501b0000 - 0x00007ff85023d000 	E:\sts-4.32.0.RELEASE\plugins\org.eclipse.justj.openjdk.hotspot.jre.full.win32.x86_64_21.0.8.v20250724-1412\jre\bin\msvcp140.dll
0x00007ff8350b0000 - 0x00007ff835e47000 	E:\sts-4.32.0.RELEASE\plugins\org.eclipse.justj.openjdk.hotspot.jre.full.win32.x86_64_21.0.8.v20250724-1412\jre\bin\server\jvm.dll
0x00007ff88ff00000 - 0x00007ff88ffb1000 	C:\WINDOWS\System32\ADVAPI32.dll
0x00007ff88ec70000 - 0x00007ff88ed18000 	C:\WINDOWS\System32\sechost.dll
0x00007ff88e100000 - 0x00007ff88e128000 	C:\WINDOWS\System32\bcrypt.dll
0x00007ff88f460000 - 0x00007ff88f574000 	C:\WINDOWS\System32\RPCRT4.dll
0x00007ff88f780000 - 0x00007ff88f7f1000 	C:\WINDOWS\System32\WS2_32.dll
0x00007ff88ce00000 - 0x00007ff88ce4d000 	C:\WINDOWS\SYSTEM32\POWRPROF.dll
0x00007ff889670000 - 0x00007ff8896a4000 	C:\WINDOWS\SYSTEM32\WINMM.dll
0x00007ff88ae60000 - 0x00007ff88ae6a000 	C:\WINDOWS\SYSTEM32\VERSION.dll
0x00007ff88cde0000 - 0x00007ff88cdf3000 	C:\WINDOWS\SYSTEM32\UMPDC.dll
0x00007ff88d0a0000 - 0x00007ff88d0b8000 	C:\WINDOWS\SYSTEM32\kernel.appcore.dll
0x00007ff888f20000 - 0x00007ff888f2a000 	E:\sts-4.32.0.RELEASE\plugins\org.eclipse.justj.openjdk.hotspot.jre.full.win32.x86_64_21.0.8.v20250724-1412\jre\bin\jimage.dll
0x00007ff88bad0000 - 0x00007ff88bd03000 	C:\WINDOWS\SYSTEM32\DBGHELP.DLL
0x00007ff88ed20000 - 0x00007ff88f0b3000 	C:\WINDOWS\System32\combase.dll
0x00007ff88f0c0000 - 0x00007ff88f197000 	C:\WINDOWS\System32\OLEAUT32.dll
0x00007ff883890000 - 0x00007ff8838c2000 	C:\WINDOWS\SYSTEM32\dbgcore.DLL
0x00007ff88e130000 - 0x00007ff88e1ab000 	C:\WINDOWS\System32\bcryptPrimitives.dll
0x00007ff861920000 - 0x00007ff86193f000 	E:\sts-4.32.0.RELEASE\plugins\org.eclipse.justj.openjdk.hotspot.jre.full.win32.x86_64_21.0.8.v20250724-1412\jre\bin\java.dll
0x00007ff88ffc0000 - 0x00007ff890862000 	C:\WINDOWS\System32\SHELL32.dll
0x00007ff88e9f0000 - 0x00007ff88eb2f000 	C:\WINDOWS\System32\wintypes.dll
0x00007ff88beb0000 - 0x00007ff88c7ce000 	C:\WINDOWS\SYSTEM32\windows.storage.dll
0x00007ff88eb60000 - 0x00007ff88ec6b000 	C:\WINDOWS\System32\SHCORE.dll
0x00007ff88fbb0000 - 0x00007ff88fc19000 	C:\WINDOWS\System32\shlwapi.dll
0x00007ff88def0000 - 0x00007ff88df1b000 	C:\WINDOWS\SYSTEM32\profapi.dll
0x00007ff861900000 - 0x00007ff861918000 	E:\sts-4.32.0.RELEASE\plugins\org.eclipse.justj.openjdk.hotspot.jre.full.win32.x86_64_21.0.8.v20250724-1412\jre\bin\zip.dll
0x00007ff864730000 - 0x00007ff864740000 	E:\sts-4.32.0.RELEASE\plugins\org.eclipse.justj.openjdk.hotspot.jre.full.win32.x86_64_21.0.8.v20250724-1412\jre\bin\net.dll
0x00007ff88a250000 - 0x00007ff88a37c000 	C:\WINDOWS\SYSTEM32\WINHTTP.dll
0x00007ff88d510000 - 0x00007ff88d579000 	C:\WINDOWS\system32\mswsock.dll
0x00007ff860ef0000 - 0x00007ff860f06000 	E:\sts-4.32.0.RELEASE\plugins\org.eclipse.justj.openjdk.hotspot.jre.full.win32.x86_64_21.0.8.v20250724-1412\jre\bin\nio.dll
0x00007ff88caa0000 - 0x00007ff88cacd000 	C:\WINDOWS\SYSTEM32\IPHLPAPI.DLL
0x00007ff88f1b0000 - 0x00007ff88f1b9000 	C:\WINDOWS\System32\NSI.dll
0x00007ff86e650000 - 0x00007ff86e659000 	E:\sts-4.32.0.RELEASE\plugins\org.eclipse.justj.openjdk.hotspot.jre.full.win32.x86_64_21.0.8.v20250724-1412\jre\bin\extnet.dll

JVMTI agents: none

dbghelp: loaded successfully - version: 4.0.5 - missing functions: none
symbol engine: initialized successfully - sym options: 0x614 - pdb path: .;E:\sts-4.32.0.RELEASE\plugins\org.eclipse.justj.openjdk.hotspot.jre.full.win32.x86_64_21.0.8.v20250724-1412\jre\bin;C:\WINDOWS\SYSTEM32;C:\Program Files\Avast Software\Avast;C:\WINDOWS\WinSxS\amd64_microsoft.windows.common-controls_6595b64144ccf1df_6.0.22621.5415_none_270d77d17387d7da;E:\sts-4.32.0.RELEASE\plugins\org.eclipse.justj.openjdk.hotspot.jre.full.win32.x86_64_21.0.8.v20250724-1412\jre\bin\server

VM Arguments:
jvm_args: -ea -Dfile.encoding=UTF-8 -Dstdout.encoding=UTF-8 -Dstderr.encoding=UTF-8 -XX:+ShowCodeDetailsInExceptionMessages 
java_command: org.eclipse.jdt.internal.junit.runner.RemoteTestRunner -version 3 -port 65309 -testLoaderClass org.eclipse.jdt.internal.junit5.runner.JUnit5TestLoader -loaderpluginname org.eclipse.jdt.junit5.runtime -classNames com.GestaoRotas.GestaoRotas.Controllers.ControllerVeiculoTest
java_class_path (initial): C:\Users\user\Downloads\GestaoRotas\GestaoRotas\target\test-classes;C:\Users\user\Downloads\GestaoRotas\GestaoRotas\target\classes;C:\Users\user\.m2\repository\org\springframework\boot\spring-boot-starter-data-jpa\3.5.8\spring-boot-starter-data-jpa-3.5.8.jar;C:\Users\user\.m2\repository\org\springframework\boot\spring-boot-starter\3.5.8\spring-boot-starter-3.5.8.jar;C:\Users\user\.m2\repository\org\springframework\boot\spring-boot\3.5.8\spring-boot-3.5.8.jar;C:\Users\user\.m2\repository\org\springframework\boot\spring-boot-autoconfigure\3.5.8\spring-boot-autoconfigure-3.5.8.jar;C:\Users\user\.m2\repository\jakarta\annotation\jakarta.annotation-api\2.1.1\jakarta.annotation-api-2.1.1.jar;C:\Users\user\.m2\repository\org\yaml\snakeyaml\2.4\snakeyaml-2.4.jar;C:\Users\user\.m2\repository\org\springframework\boot\spring-boot-starter-jdbc\3.5.8\spring-boot-starter-jdbc-3.5.8.jar;C:\Users\user\.m2\repository\com\zaxxer\HikariCP\6.3.3\HikariCP-6.3.3.jar;C:\Users\user\.m2\repository\org\springframework\spring-jdbc\6.2.14\spring-jdbc-6.2.14.jar;C:\Users\user\.m2\repository\org\hibernate\orm\hibernate-core\6.6.36.Final\hibernate-core-6.6.36.Final.jar;C:\Users\user\.m2\repository\jakarta\persistence\jakarta.persistence-api\3.1.0\jakarta.persistence-api-3.1.0.jar;C:\Users\user\.m2\repository\jakarta\transaction\jakarta.transaction-api\2.0.1\jakarta.transaction-api-2.0.1.jar;C:\Users\user\.m2\repository\org\jboss\logging\jboss-logging\3.6.1.Final\jboss-logging-3.6.1.Final.jar;C:\Users\user\.m2\repository\org\hibernate\common\hibernate-commons-annotations\7.0.3.Final\hibernate-commons-annotations-7.0.3.Final.jar;C:\Users\user\.m2\repository\io\smallrye\jandex\3.2.0\jandex-3.2.0.jar;C:\Users\user\.m2\repository\com\fasterxml\classmate\1.7.1\classmate-1.7.1.jar;C:\Users\user\.m2\repository\net\bytebuddy\byte-buddy\1.17.8\byte-buddy-1.17.8.jar;C:\Users\user\.m2\repository\org\glassfish\jaxb\jaxb-runtime\4.0.6\jaxb-runtime-4.0.6.jar;C:\Users\user\.m2\repository\org\glassfish\jaxb\jaxb-core\4.0.6\jaxb-core-4.0.6.jar;C:\Users\user\.m2\repository\org\eclipse\angus\angus-activation\2.0.3\angus-activation-2.0.3.jar;C:\Users\user\.m2\repository\org\glassfish\jaxb\txw2\4.0.6\txw2-4.0.6.jar;C:\Users\user\.m2\repository\com\sun\istack\istack-commons-runtime\4.1.2\istack-commons-runtime-4.1.2.jar;C:\Users\user\.m2\repository\jakarta\inject\jakarta.inject-api\2.0.1\jakarta.inject-api-2.0.1.jar;C:\Users\user\.m2\repository\org\antlr\antlr4-runtime\4.13.0\antlr4-runtime-4.13.0.jar;C:\Users\user\.m2\repository\org\springframework\data\spring-data-jpa\3.5.6\spring-data-jpa-3.5.6.jar;C:\Users\user\.m2\repository\org\springframework\data\spring-data-commons\3.5.6\spring-data-commons-3.5.6.jar;C:\Users\user\.m2\repository\org\springframework\spring-orm\6.2.14\spring-orm-6.2.14.jar;C:\Users\user\.m2\repository\org\springframework\spring-context\6.2.14\spring-context-6.2.14.jar;C:\Users\user\.m2\repository\org\springframework\spring-tx\6.2.14\spring-tx-6.2.14.jar;C:\Users\user\.m2\repository\org\springframework\spring-beans\6.2.14\spring-beans-6.2.14.jar;C:\Users\user\.m2\repository\org\slf4j\slf4j-api\2.0.17\slf4j-api-2.0.17.jar;C:\Users\user\.m2\repository\org\springframework\spring-aspects\6.2.14\spring-aspects-6.2.14.jar;C:\Users\user\.m2\repository\org\aspectj\aspectjweaver\1.9.25\aspectjweaver-1.9.25.jar;C:\Users\user\.m2\repository\org\springframework\boot\spring-boot-starter-web\3.5.8\spring-boot-starter-web-3.5.8.jar;C:\Users\user\.m2\repository\org\springframework\boot\spring-boot-starter-json\3.5.8\spring-boot-starter-json-3.5.8.jar;C:\Users\user\.m2\repository\com\fasterxml\jackson\datatype\jackson-datatype-jdk8\2.19.4\jackson-datatype-jdk8-2.19.4.jar;C:\Users\user\.m2\repository\com\fasterxml\jackson\datatype\jackson-datatype-jsr310\2.19.4\jackson-datatype-jsr310-2.19.4.jar;C:\Users\user\.m2\repository\com\fasterxml\jackson\module\jackson-module-parameter-names\2.19.4\jackson-module-parameter-names-2.19.4.jar;C:\Users\user\.m2\repository\org\springframework\boot\spring-boot-starter-tomcat\3.5.8\spring-boot-starter-tomcat-3.5.8.jar;C:\Users\user\.m2\repository\org\apache\tomcat\embed\tomcat-embed-core\10.1.49\tomcat-embed-core-10.1.49.jar;C:\Users\user\.m2\repository\org\apache\tomcat\embed\tomcat-embed-websocket\10.1.49\tomcat-embed-websocket-10.1.49.jar;C:\Users\user\.m2\repository\org\springframework\spring-web\6.2.14\spring-web-6.2.14.jar;C:\Users\user\.m2\repository\io\micrometer\micrometer-observation\1.15.6\micrometer-observation-1.15.6.jar;C:\Users\user\.m2\repository\io\micrometer\micrometer-commons\1.15.6\micrometer-commons-1.15.6.jar;C:\Users\user\.m2\repository\org\springframework\spring-webmvc\6.2.14\spring-webmvc-6.2.14.jar;C:\Users\user\.m2\repository\org\springframework\spring-expression\6.2.14\spring-expression-6.2.14.jar;C:\Users\user\.m2\repository\com\mysql\mysql-connector-j\8.3.0\mysql-connector-j-8.3.0.jar;C:\Users\user\.m2\repository\com\h2database\h2\2.3.232\h2-2.3.232.jar;C:\Users\user\.m2\repository\org\projectlombok\lombok\1.18.42\lombok-1.18.42.jar;C:\Users\user\.m2\repository\org\springframework\boot\spring-boot-starter-test\3.5.8\spring-boot-starter-test-3.5.8.jar;C:\Users\user\.m2\repository\org\springframework\boot\spring-boot-test\3.5.8\spring-boot-test-3.5.8.jar;C:\Users\user\.m2\repository\org\springframework\boot\spring-boot-test-autoconfigure\3.5.8\spring-boot-test-autoconfigure-3.5.8.jar;C:\Users\user\.m2\repository\com\jayway\jsonpath\json-path\2.9.0\json-path-2.9.0.jar;C:\Users\user\.m2\repository\jakarta\xml\bind\jakarta.xml.bind-api\4.0.4\jakarta.xml.bind-api-4.0.4.jar;C:\Users\user\.m2\repository\jakarta\activation\jakarta.activation-api\2.1.4\jakarta.activation-api-2.1.4.jar;C:\Users\user\.m2\repository\net\minidev\json-smart\2.5.2\json-smart-2.5.2.jar;C:\Users\user\.m2\repository\net\minidev\accessors-smart\2.5.2\accessors-smart-2.5.2.jar;C:\Users\user\.m2\repository\org\ow2\asm\asm\9.7.1\asm-9.7.1.jar;C:\Users\user\.m2\repository\org\assertj\assertj-core\3.27.6\assertj-core-3.27.6.jar;C:\Users\user\.m2\repository\org\awaitility\awaitility\4.2.2\awaitility-4.2.2.jar;C:\Users\user\.m2\repository\org\hamcrest\hamcrest\3.0\hamcrest-3.0.jar;C:\Users\user\.m2\repository\org\junit\jupiter\junit-jupiter\5.12.2\junit-jupiter-5.12.2.jar;C:\Users\user\.m2\repository\org\junit\jupiter\junit-jupiter-api\5.12.2\junit-jupiter-api-5.12.2.jar;C:\Users\user\.m2\repository\org\opentest4j\opentest4j\1.3.0\opentest4j-1.3.0.jar;C:\Users\user\.m2\repository\org\junit\platform\junit-platform-commons\1.12.2\junit-platform-commons-1.12.2.jar;C:\Users\user\.m2\repository\org\apiguardian\apiguardian-api\1.1.2\apiguardian-api-1.1.2.jar;C:\Users\user\.m2\repository\org\junit\jupiter\junit-jupiter-params\5.12.2\junit-jupiter-params-5.12.2.jar;C:\Users\user\.m2\repository\org\junit\jupiter\junit-jupiter-engine\5.12.2\junit-jupiter-engine-5.12.2.jar;C:\Users\user\.m2\repository\org\junit\platform\junit-platform-engine\1.12.2\junit-platform-engine-1.12.2.jar;C:\Users\user\.m2\repository\org\mockito\mockito-core\5.17.0\mockito-core-5.17.0.jar;C:\Users\user\.m2\repository\net\bytebuddy\byte-buddy-agent\1.17.8\byte-buddy-agent-1.17.8.jar;C:\Users\user\.m2\repository\org\objenesis\objenesis\3.3\objenesis-3.3.jar;C:\Users\user\.m2\repository\org\mockito\mockito-junit-jupiter\5.17.0\mockito-junit-jupiter-5.17.0.jar;C:\Users\user\.m2\repository\org\skyscreamer\jsonassert\1.5.3\jsonassert-1.5.3.jar;C:\Users\user\.m2\repository\com\vaadin\external\google\android-json\0.0.20131108.vaadin1\android-json-0.0.20131108.vaadin1.jar;C:\Users\user\.m2\repository\org\springframework\spring-core\6.2.14\spring-core-6.2.14.jar;C:\Users\user\.m2\repository\org\springframework\spring-jcl\6.2.14\spring-jcl-6.2.14.jar;C:\Users\user\.m2\repository\org\springframework\spring-test\6.2.14\spring-test-6.2.14.jar;C:\Users\user\.m2\repository\org\xmlunit\xmlunit-core\2.10.4\xmlunit-core-2.10.4.jar;C:\Users\user\.m2\repository\org\springframework\boot\spring-boot-starter-security\3.5.8\spring-boot-starter-security-3.5.8.jar;C:\Users\user\.m2\repository\org\springframework\spring-aop\6.2.14\spring-aop-6.2.14.jar;C:\Users\user\.m2\repository\org\springframework\security\spring-security-config\6.5.7\spring-security-config-6.5.7.jar;C:\Users\user\.m2\repository\org\springframework\security\spring-security-core\6.5.7\spring-security-core-6.5.7.jar;C:\Users\user\.m2\repository\org\springframework\security\spring-security-crypto\6.5.7\spring-security-crypto-6.5.7.jar;C:\Users\user\.m2\repository\org\springframework\security\spring-security-web\6.5.7\spring-security-web-6.5.7.jar;C:\Users\user\.m2\repository\io\jsonwebtoken\jjwt-api\0.11.5\jjwt-api-0.11.5.jar;C:\Users\user\.m2\repository\io\jsonwebtoken\jjwt-impl\0.11.5\jjwt-impl-0.11.5.jar;C:\Users\user\.m2\repository\io\jsonwebtoken\jjwt-jackson\0.11.5\jjwt-jackson-0.11.5.jar;C:\Users\user\.m2\repository\com\fasterxml\jackson\core\jackson-databind\2.19.4\jackson-databind-2.19.4.jar;C:\Users\user\.m2\repository\com\fasterxml\jackson\core\jackson-annotations\2.19.4\jackson-annotations-2.19.4.jar;C:\Users\user\.m2\repository\com\fasterxml\jackson\core\jackson-core\2.19.4\jackson-core-2.19.4.jar;C:\Users\user\.m2\repository\org\springframework\boot\spring-boot-starter-validation\3.5.8\spring-boot-starter-validation-3.5.8.jar;C:\Users\user\.m2\repository\org\apache\tomcat\embed\tomcat-embed-el\10.1.49\tomcat-embed-el-10.1.49.jar;C:\Users\user\.m2\repository\org\hibernate\validator\hibernate-validator\8.0.3.Final\hibernate-validator-8.0.3.Final.jar;C:\Users\user\.m2\repository\jakarta\validation\jakarta.validation-api\3.0.2\jakarta.validation-api-3.0.2.jar;C:\Users\user\.m2\repository\org\springframework\boot\spring-boot-starter-logging\3.5.8\spring-boot-starter-logging-3.5.8.jar;C:\Users\user\.m2\repository\ch\qos\logback\logback-classic\1.5.21\logback-classic-1.5.21.jar;C:\Users\user\.m2\repository\ch\qos\logback\logback-core\1.5.21\logback-core-1.5.21.jar;C:\Users\user\.m2\repository\org\apache\logging\log4j\log4j-to-slf4j\2.24.3\log4j-to-slf4j-2.24.3.jar;C:\Users\user\.m2\repository\org\apache\logging\log4j\log4j-api\2.24.3\log4j-api-2.24.3.jar;C:\Users\user\.m2\repository\org\slf4j\jul-to-slf4j\2.0.17\jul-to-slf4j-2.0.17.jar;C:\Users\user\.m2\repository\org\junit\platform\junit-platform-launcher\1.12.2\junit-platform-launcher-1.12.2.jar;E:\sts-4.32.0.RELEASE\configuration\org.eclipse.osgi\271\0\.cp;E:\sts-4.32.0.RELEASE\configuration\org.eclipse.osgi\269\0\.cp
Launcher Type: SUN_STANDARD

[Global flags]
     intx CICompilerCount                          = 4                                         {product} {ergonomic}
     uint ConcGCThreads                            = 3                                         {product} {ergonomic}
     uint G1ConcRefinementThreads                  = 10                                        {product} {ergonomic}
   size_t G1HeapRegionSize                         = 1048576                                   {product} {ergonomic}
    uintx GCDrainStackTargetSize                   = 64                                        {product} {ergonomic}
   size_t InitialHeapSize                          = 121634816                                 {product} {ergonomic}
   size_t MarkStackSize                            = 4194304                                   {product} {ergonomic}
   size_t MaxHeapSize                              = 1939865600                                {product} {ergonomic}
   size_t MaxNewSize                               = 1163919360                                {product} {ergonomic}
   size_t MinHeapDeltaBytes                        = 1048576                                   {product} {ergonomic}
   size_t MinHeapSize                              = 8388608                                   {product} {ergonomic}
    uintx NonNMethodCodeHeapSize                   = 5839372                                {pd product} {ergonomic}
    uintx NonProfiledCodeHeapSize                  = 122909434                              {pd product} {ergonomic}
    uintx ProfiledCodeHeapSize                     = 122909434                              {pd product} {ergonomic}
    uintx ReservedCodeCacheSize                    = 251658240                              {pd product} {ergonomic}
     bool SegmentedCodeCache                       = true                                      {product} {ergonomic}
     bool ShowCodeDetailsInExceptionMessages       = true                                   {manageable} {command line}
   size_t SoftMaxHeapSize                          = 1939865600                             {manageable} {ergonomic}
     bool UseCompressedOops                        = true                           {product lp64_product} {ergonomic}
     bool UseG1GC                                  = true                                      {product} {ergonomic}
     bool UseLargePagesIndividualAllocation        = false                                  {pd product} {ergonomic}

Logging:
Log output configuration:
 #0: stdout all=warning uptime,level,tags foldmultilines=false
 #1: stderr all=off uptime,level,tags foldmultilines=false

Environment Variables:
PATH=E:/sts-4.32.0.RELEASE//plugins/org.eclipse.justj.openjdk.hotspot.jre.full.win32.x86_64_21.0.8.v20250724-1412/jre/bin/server;E:/sts-4.32.0.RELEASE//plugins/org.eclipse.justj.openjdk.hotspot.jre.full.win32.x86_64_21.0.8.v20250724-1412/jre/bin;C:\Program Files\Common Files\Oracle\Java\javapath;C:\Program Files (x86)\Common Files\Oracle\Java\java8path;C:\Program Files (x86)\Common Files\Oracle\Java\javapath;C:\WINDOWS\system32;C:\WINDOWS;C:\WINDOWS\System32\Wbem;C:\WINDOWS\System32\WindowsPowerShell\v1.0\;C:\WINDOWS\System32\OpenSSH\;C:\Program Files\dotnet\;C:\Program Files\Git\cmd;C:\Program Files\nodejs\dowload\;C:\xampp;C:\Users\user\scoop\shims;C:\Users\user\AppData\Local\Programs\Python\Python313\Scripts\;C:\Users\user\AppData\Local\Programs\Python\Python313\;C:\Users\user\AppData\Local\Microsoft\WindowsApps;C:\Users\user\.dotnet\tools;;C:\Program Files\JetBrains\IntelliJ IDEA Community Edition 2025.1.2\bin;;C:\Users\user\AppData\Roaming\npm;E:\MenuDados\IntelliJ IDEA Community Edition 2025.1.2\bin;;C:\Users\user\AppData\Local\Programs\Microsoft VS Code\bin;E:\sts-4.32.0.RELEASE;
USERNAME=user
OS=Windows_NT
PROCESSOR_IDENTIFIER=AMD64 Family 23 Model 96 Stepping 1, AuthenticAMD
TMP=C:\Users\user\AppData\Local\Temp
TEMP=C:\Users\user\AppData\Local\Temp




Periodic native trim disabled

---------------  S Y S T E M  ---------------

OS:
 Windows 11 , 64 bit Build 22621 (10.0.22621.5415)
OS uptime: 0 days 20:26 hours
Hyper-V role detected

CPU: total 12 (initial active 12) (12 cores per cpu, 2 threads per core) family 23 model 96 stepping 1 microcode 0x0, cx8, cmov, fxsr, ht, mmx, 3dnowpref, sse, sse2, sse3, ssse3, sse4a, sse4.1, sse4.2, popcnt, lzcnt, tsc, tscinvbit, avx, avx2, aes, clmul, bmi1, bmi2, adx, sha, fma, vzeroupper, clflush, clflushopt, hv, rdtscp, rdpid, f16c
Processor Information for processor 0
  Max Mhz: 2100, Current Mhz: 2100, Mhz Limit: 2100
Processor Information for processor 1
  Max Mhz: 2100, Current Mhz: 2100, Mhz Limit: 2100
Processor Information for processor 2
  Max Mhz: 2100, Current Mhz: 2100, Mhz Limit: 2100
Processor Information for processor 3
  Max Mhz: 2100, Current Mhz: 2100, Mhz Limit: 2100
Processor Information for processor 4
  Max Mhz: 2100, Current Mhz: 2100, Mhz Limit: 2100
Processor Information for processor 5
  Max Mhz: 2100, Current Mhz: 2100, Mhz Limit: 2100
Processor Information for processor 6
  Max Mhz: 2100, Current Mhz: 1400, Mhz Limit: 2100
Processor Information for processor 7
  Max Mhz: 2100, Current Mhz: 1400, Mhz Limit: 2100
Processor Information for processor 8
  Max Mhz: 2100, Current Mhz: 2100, Mhz Limit: 2100
Processor Information for processor 9
  Max Mhz: 2100, Current Mhz: 2100, Mhz Limit: 2100
Processor Information for processor 10
  Max Mhz: 2100, Current Mhz: 1400, Mhz Limit: 2100
Processor Information for processor 11
  Max Mhz: 2100, Current Mhz: 1400, Mhz Limit: 2100

Memory: 4k page, system-wide physical 7399M (423M free)
TotalPageFile size 18987M (AvailPageFile size 5M)
current process WorkingSet (physical memory assigned to process): 118M, peak: 118M
current process commit charge ("private bytes"): 249M, peak: 251M

vm_info: OpenJDK 64-Bit Server VM (21.0.8+9-LTS) for windows-amd64 JRE (21.0.8+9-LTS), built on 2025-07-15T00:00:00Z by "admin" with MS VC++ 17.7 (VS2022)

END.
